running
  'C:\PROGRA~1\R\R-45~1.1\bin\x64\Rterm.exe --no-echo --no-restore --no-save --no-restore --file=workflow/scripts/testing_model_diagnostics_goodnessOfFit.R --args --input G:/ali/talents/results/Akbaritabar_Haunschild_Bornmann_replication_data.csv --gender third --region2use continent --output G:/ali/talents/results/diagn_obj_third_continent_full_ctrls.RData'

-- Attaching core tidyverse packages ------------------------ tidyverse 2.0.0 --
v dplyr     1.1.4     v readr     2.1.5
v forcats   1.0.0     v stringr   1.5.2
v ggplot2   4.0.0     v tibble    3.3.0
v lubridate 1.9.4     v tidyr     1.3.1
v purrr     1.1.0     
-- Conflicts ------------------------------------------ tidyverse_conflicts() --
x dplyr::filter() masks stats::filter()
x dplyr::lag()    masks stats::lag()
i Use the conflicted package (<http://conflicted.r-lib.org/>) to force all conflicts to become errors

Please cite as: 

 Hlavac, Marek (2022). stargazer: Well-Formatted Regression and Summary Statistics Tables.
 R package version 5.2.3. https://CRAN.R-project.org/package=stargazer 

Version:  1.39.4
Date:     2024-07-23
Author:   Philip Leifeld (University of Manchester)

Consider submitting praise using the praise or praise_interactive functions.
Please cite the JSS article in your publications -- see citation("texreg").

Attaching package: 'texreg'

The following object is masked from 'package:tidyr':

    extract

Loading required package: zoo

Attaching package: 'zoo'

The following objects are masked from 'package:base':

    as.Date, as.Date.numeric

Warning message:
In options(scipen = 99999) : invalid 'scipen' 99999, used 9999
[1] "Running the script now at time: "
[1] "2025-10-31 15:50:01 CET"
[1] "R working directory: "
[1] "G:/ali/talents"
[1] "##################################################"
[1] "Received these arguments from command line: "
[[1]]
[1] FALSE

$help
[1] FALSE

$opts
[1] NA

$input
[1] "G:/ali/talents/results/Akbaritabar_Haunschild_Bornmann_replication_data.csv"

$gender
[1] "third"

$region2use
[1] "continent"

$output
[1] "G:/ali/talents/results/diagn_obj_third_continent_full_ctrls.RData"

[1] "Current R session Info: "
R version 4.5.1 (2025-06-13 ucrt)
Platform: x86_64-w64-mingw32/x64
Running under: Windows Server 2019 x64 (build 17763)

Matrix products: default
  LAPACK version 3.12.1

locale:
[1] LC_COLLATE=German_Germany.1252  LC_CTYPE=German_Germany.1252   
[3] LC_MONETARY=German_Germany.1252 LC_NUMERIC=C                   
[5] LC_TIME=German_Germany.1252    

time zone: Europe/Berlin
tzcode source: internal

attached base packages:
[1] stats     graphics  grDevices utils     datasets  methods   base     

other attached packages:
 [1] argparser_0.7.2   DescTools_0.99.60 lmtest_0.9-40     zoo_1.8-14       
 [5] ggeffects_2.3.1   GGally_2.4.0      nnet_7.3-20       texreg_1.39.4    
 [9] stargazer_5.2.3   lubridate_1.9.4   forcats_1.0.0     stringr_1.5.2    
[13] dplyr_1.1.4       purrr_1.1.0       readr_2.1.5       tidyr_1.3.1      
[17] tibble_3.3.0      ggplot2_4.0.0     tidyverse_2.0.0  

loaded via a namespace (and not attached):
 [1] generics_0.1.4     class_7.3-23       stringi_1.8.7      lattice_0.22-7    
 [5] hms_1.1.3          magrittr_2.0.4     grid_4.5.1         timechange_0.3.0  
 [9] RColorBrewer_1.1-3 mvtnorm_1.3-3      cellranger_1.1.0   Matrix_1.7-3      
[13] e1071_1.7-16       httr_1.4.7         scales_1.4.0       cli_3.6.5         
[17] expm_1.0-0         rlang_1.1.6        withr_3.0.2        rootSolve_1.8.2.4 
[21] tools_4.5.1        tzdb_0.5.0         lmom_3.2           gld_2.6.7         
[25] Exact_3.3          boot_1.3-31        ggstats_0.10.0     vctrs_0.6.5       
[29] R6_2.6.1           proxy_0.4-27       lifecycle_1.0.4    fs_1.6.6          
[33] MASS_7.3-65        insight_1.4.2      pkgconfig_2.0.3    pillar_1.11.0     
[37] gtable_0.3.6       Rcpp_1.1.0         glue_1.8.0         data.table_1.17.8 
[41] haven_2.5.5        tidyselect_1.2.1   rstudioapi_0.17.1  farver_2.1.2      
[45] compiler_4.5.1     S7_0.2.0           readxl_1.4.5      
Rows: 28406 Columns: 14
-- Column specification --------------------------------------------------------
Delimiter: ","
chr (12): ctrl_obs_cat, ctrl_obs_2cat, first_gender, second_gender, third_ge...
dbl  (2): fake_author_ID, acadmic_age

i Use `spec()` to retrieve the full column specification for this data.
i Specify the column types or set `show_col_types = FALSE` to quiet this message.
# weights:  8 (3 variable)
initial  value 39379.077622 
final  value 35858.206753 
converged
# weights:  224 (165 variable)
initial  value 39379.077622 
iter  10 value 35117.515286
iter  20 value 34868.401338
iter  30 value 34475.838886
iter  40 value 34297.104227
iter  50 value 34200.850963
iter  60 value 34176.487905
iter  70 value 34166.943256
iter  80 value 34163.282842
iter  90 value 34162.095723
iter 100 value 34160.335110
iter 110 value 34159.265361
iter 120 value 34158.598366
iter 130 value 34157.933730
iter 140 value 34157.448171
iter 150 value 34157.196037
iter 160 value 34157.153037
final  value 34157.149427 
converged
[1] "##################################################"
[1] "Model diagnostics and goodness of fit results for the multinomial probit regression model with controls:"
[1] "##################################################"
[1] "Z-scores for the model coefficients:"
              (Intercept) ctrl_obs_2catTalents genderMale genderUnknown
Both           -16.334857            10.842968   8.065046     7.9057910
Internal        -2.764541           -59.499883  -1.835854   -25.9388293
International   -1.066995            -3.819588  -2.215043    -0.2329724
              region2useAmericas region2useAsia region2useBRA region2useCHN
Both                    9.788533     10.8946200     8.8989324     10.175088
Internal               -1.421813     -0.7638091    -0.8587361     -1.448751
International          -2.233873     -3.0122855    -3.5613414     -4.541517
              region2useEurope region2useOceania region2useUSA region2useZAF
Both                 10.249720         10.779714     11.098104     6.3908926
Internal             -1.270479         -1.079649      0.544017    -0.9193097
International        -3.111505         -2.517943     -3.224856    -1.3778262
              acadmic_age ctrl_obs_2catTalents:genderMale
Both             16.04435                       -6.625026
Internal         16.70545                       50.105414
International    11.40322                        5.173634
              ctrl_obs_2catTalents:genderUnknown
Both                                   -5.422142
Internal                               64.436291
International                         -63.356170
              ctrl_obs_2catTalents:region2useAmericas
Both                                        -9.280074
Internal                                    43.627815
International                                3.517827
              ctrl_obs_2catTalents:region2useAsia
Both                                   -11.342503
Internal                                54.285153
International                            2.828655
              ctrl_obs_2catTalents:region2useBRA
Both                                   -6.924231
Internal                               35.862317
International                           3.209477
              ctrl_obs_2catTalents:region2useCHN
Both                                  -10.841739
Internal                               53.583694
International                           3.547448
              ctrl_obs_2catTalents:region2useEurope
Both                                     -10.637922
Internal                                  56.454454
International                              4.114413
              ctrl_obs_2catTalents:region2useOceania
Both                                       -9.561374
Internal                                   46.529790
International                               3.587793
              ctrl_obs_2catTalents:region2useUSA
Both                                  -10.453691
Internal                               57.679252
International                           3.163681
              ctrl_obs_2catTalents:region2useZAF genderMale:region2useAmericas
Both                                   -5.275403                     -6.727480
Internal                              -38.655207                      1.897971
International                           1.719457                      2.710960
              genderUnknown:region2useAmericas genderMale:region2useAsia
Both                                -6.4063237                 -8.207712
Internal                            20.4893641                  2.021486
International                        0.5394366                  2.302766
              genderUnknown:region2useAsia genderMale:region2useBRA
Both                            -8.0942587                -6.933876
Internal                        24.8058145                 2.078804
International                    0.1616682                 2.578098
              genderUnknown:region2useBRA genderMale:region2useCHN
Both                -17634079262.63500977                -7.677773
Internal                      20.86135515                 2.135386
International                 -0.01376784                 2.945761
              genderUnknown:region2useCHN genderMale:region2useEurope
Both                           -8.0899744                   -7.888552
Internal                       25.2876761                    1.656369
International                   0.1898537                    2.299659
              genderUnknown:region2useEurope genderMale:region2useOceania
Both                              -7.4085495                    -6.786915
Internal                          24.8446927                     2.125644
International                      0.5470553                     3.134240
              genderUnknown:region2useOceania genderMale:region2useUSA
Both                               -6.5003482                -8.044099
Internal                           19.4104368                 1.688861
International                       0.7193823                 1.933946
              genderUnknown:region2useUSA genderMale:region2useZAF
Both                         -7.529762057               -4.0361777
Internal                     24.739738963                0.8624784
International                 0.003159054                0.9439168
              genderUnknown:region2useZAF
Both                            -31.02878
Internal           -236785767090183.90625
International                   -29.14977
              ctrl_obs_2catTalents:genderMale:region2useAmericas
Both                                                    6.288422
Internal                                              -37.064643
International                                          -4.055278
              ctrl_obs_2catTalents:genderUnknown:region2useAmericas
Both                                                       5.067107
Internal                                                 -40.919863
International                                             26.168814
              ctrl_obs_2catTalents:genderMale:region2useAsia
Both                                                7.483042
Internal                                          -46.296515
International                                      -4.243648
              ctrl_obs_2catTalents:genderUnknown:region2useAsia
Both                                                   5.759948
Internal                                             -59.834474
International                                         44.450286
              ctrl_obs_2catTalents:genderMale:region2useBRA
Both                                               4.518692
Internal                                         -31.802263
International                                     -4.006357
              ctrl_obs_2catTalents:genderUnknown:region2useBRA
Both                                     -32113792884240.72656
Internal                                             -29.41655
International                                         12.57047
              ctrl_obs_2catTalents:genderMale:region2useCHN
Both                                               6.694831
Internal                                         -46.216675
International                                     -4.908576
              ctrl_obs_2catTalents:genderUnknown:region2useCHN
Both                                                  5.991923
Internal                                            -59.970963
International                                        42.530523
              ctrl_obs_2catTalents:genderMale:region2useEurope
Both                                                  7.016661
Internal                                            -47.562904
International                                        -4.691324
              ctrl_obs_2catTalents:genderUnknown:region2useEurope
Both                                                     5.256532
Internal                                               -59.338886
International                                           49.271704
              ctrl_obs_2catTalents:genderMale:region2useOceania
Both                                                   5.804848
Internal                                             -39.274536
International                                         -4.682902
              ctrl_obs_2catTalents:genderUnknown:region2useOceania
Both                                                      5.145533
Internal                                                -39.246673
International                                            20.884537
              ctrl_obs_2catTalents:genderMale:region2useUSA
Both                                               6.846102
Internal                                         -48.109015
International                                     -4.372582
              ctrl_obs_2catTalents:genderUnknown:region2useUSA
Both                                                  5.291227
Internal                                            -61.020024
International                                        43.838083
              ctrl_obs_2catTalents:genderMale:region2useZAF
Both                                               3.602212
Internal                                          37.943450
International                                     -1.171796
              ctrl_obs_2catTalents:genderUnknown:region2useZAF
Both                                                  31.51811
Internal                                -156011702628651.56250
International                                         48.33149
[1] "##################################################"
[1] "P-values for the model coefficients:"
              (Intercept) ctrl_obs_2catTalents               genderMale
Both          0.000000000         0.0000000000 0.0000000000000006661338
Internal      0.005700291         0.0000000000 0.0663792568263534832340
International 0.285973891         0.0001336748 0.0267571195682527740445
                        genderUnknown region2useAmericas region2useAsia
Both          0.000000000000002664535          0.0000000    0.000000000
Internal      0.000000000000000000000          0.1550805    0.444980995
International 0.815782862159698307636          0.0254914    0.002592886
              region2useBRA  region2useCHN region2useEurope region2useOceania
Both           0.0000000000 0.000000000000      0.000000000        0.00000000
Internal       0.3904861026 0.147407163736      0.203913884        0.28029858
International  0.0003689649 0.000005585087      0.001861361        0.01180423
              region2useUSA      region2useZAF acadmic_age
Both            0.000000000 0.0000000001649201           0
Internal        0.586429765 0.3579336276277612           0
International   0.001260362 0.1682569638809581           0
              ctrl_obs_2catTalents:genderMale
Both                      0.00000000003471889
Internal                  0.00000000000000000
International             0.00000022958441637
              ctrl_obs_2catTalents:genderUnknown
Both                            0.00000005888922
Internal                        0.00000000000000
International                   0.00000000000000
              ctrl_obs_2catTalents:region2useAmericas
Both                                     0.0000000000
Internal                                 0.0000000000
International                            0.0004350965
              ctrl_obs_2catTalents:region2useAsia
Both                                  0.000000000
Internal                              0.000000000
International                         0.004674409
              ctrl_obs_2catTalents:region2useBRA
Both                        0.000000000004383605
Internal                    0.000000000000000000
International               0.001329764777923792
              ctrl_obs_2catTalents:region2useCHN
Both                                0.0000000000
Internal                            0.0000000000
International                       0.0003889827
              ctrl_obs_2catTalents:region2useEurope
Both                                   0.0000000000
Internal                               0.0000000000
International                          0.0000388166
              ctrl_obs_2catTalents:region2useOceania
Both                                    0.0000000000
Internal                                0.0000000000
International                           0.0003334888
              ctrl_obs_2catTalents:region2useUSA
Both                                 0.000000000
Internal                             0.000000000
International                        0.001557872
              ctrl_obs_2catTalents:region2useZAF genderMale:region2useAmericas
Both                             0.0000001324648           0.00000000001726264
Internal                         0.0000000000000           0.05769992181065198
International                    0.0855312807544           0.00670887925919583
              genderUnknown:region2useAmericas genderMale:region2useAsia
Both                        0.0000000001490703  0.0000000000000002220446
Internal                    0.0000000000000000  0.0432294491916129786091
International               0.5895856497426000  0.0212920184238596377213
              genderUnknown:region2useAsia genderMale:region2useBRA
Both              0.0000000000000006661338     0.000000000004094725
Internal          0.0000000000000000000000     0.037635400166198485
International     0.8715671811381149325371     0.009934584848823258
              genderUnknown:region2useBRA genderMale:region2useCHN
Both                            0.0000000   0.00000000000001620926
Internal                        0.0000000   0.03272947549474958251
International                   0.9890152   0.00322161695763645284
              genderUnknown:region2useCHN genderMale:region2useEurope
Both             0.0000000000000006661338     0.000000000000003108624
Internal         0.0000000000000000000000     0.097647027963232879699
International    0.8494237716294985585108     0.021467561424389769442
              genderUnknown:region2useEurope genderMale:region2useOceania
Both                   0.0000000000001276756          0.00000000001145573
Internal               0.0000000000000000000          0.03353293446645278
International          0.5843407692972499845          0.00172299954475408
              genderUnknown:region2useOceania genderMale:region2useUSA
Both                      0.00000000008013434 0.0000000000000008881784
Internal                  0.00000000000000000 0.0912460281865943301227
International             0.47190538506447655 0.0531197397550891015072
              genderUnknown:region2useUSA genderMale:region2useZAF
Both               0.00000000000005084821            0.00005432908
Internal           0.00000000000000000000            0.38842429130
International      0.99747944344874484024            0.34521215556
              genderUnknown:region2useZAF
Both                                    0
Internal                                0
International                           0
              ctrl_obs_2catTalents:genderMale:region2useAmericas
Both                                          0.0000000003207095
Internal                                      0.0000000000000000
International                                 0.0000500746841408
              ctrl_obs_2catTalents:genderUnknown:region2useAmericas
Both                                                0.0000004039069
Internal                                            0.0000000000000
International                                       0.0000000000000
              ctrl_obs_2catTalents:genderMale:region2useAsia
Both                                  0.00000000000007260859
Internal                              0.00000000000000000000
International                         0.00002199149300929903
              ctrl_obs_2catTalents:genderUnknown:region2useAsia
Both                                           0.00000000841399
Internal                                       0.00000000000000
International                                  0.00000000000000
              ctrl_obs_2catTalents:genderMale:region2useBRA
Both                                         0.000006222295
Internal                                     0.000000000000
International                                0.000061662384
              ctrl_obs_2catTalents:genderUnknown:region2useBRA
Both                                                         0
Internal                                                     0
International                                                0
              ctrl_obs_2catTalents:genderMale:region2useCHN
Both                                    0.00000000002159206
Internal                                0.00000000000000000
International                           0.00000091739911778
              ctrl_obs_2catTalents:genderUnknown:region2useCHN
Both                                         0.000000002073736
Internal                                     0.000000000000000
International                                0.000000000000000
              ctrl_obs_2catTalents:genderMale:region2useEurope
Both                                      0.000000000002272404
Internal                                  0.000000000000000000
International                             0.000002714426492467
              ctrl_obs_2catTalents:genderUnknown:region2useEurope
Both                                              0.0000001467971
Internal                                          0.0000000000000
International                                     0.0000000000000
              ctrl_obs_2catTalents:genderMale:region2useOceania
Both                                          0.000000006442448
Internal                                      0.000000000000000
International                                 0.000002828424153
              ctrl_obs_2catTalents:genderUnknown:region2useOceania
Both                                               0.0000002667617
Internal                                           0.0000000000000
International                                      0.0000000000000
              ctrl_obs_2catTalents:genderMale:region2useUSA
Both                                   0.000000000007588818
Internal                               0.000000000000000000
International                          0.000012278550050038
              ctrl_obs_2catTalents:genderUnknown:region2useUSA
Both                                           0.0000001214988
Internal                                       0.0000000000000
International                                  0.0000000000000
              ctrl_obs_2catTalents:genderMale:region2useZAF
Both                                            0.000315521
Internal                                        0.000000000
International                                   0.241278839
              ctrl_obs_2catTalents:genderUnknown:region2useZAF
Both                                                         0
Internal                                                     0
International                                                0
[1] "##################################################"
[1] "ANOVA test comparing the null model and the full model with controls:"
Likelihood ratio tests of Multinomial Models

Response: mobility_status2
                                              Model Resid. df Resid. Dev   Test
1                                                 1     85215   71716.41       
2 ctrl_obs_2cat * gender * region2use + acadmic_age     85053   68314.30 1 vs 2
     Df LR stat. Pr(Chi)
1                       
2   162 3402.115       0
[1] "##################################################"
[1] "Percentage of deviance explained by the full model with controls:"
[1] 4.743844
[1] "##################################################"
[1] "Likelihood ratio test comparing the null model and the full model with controls:"
Likelihood ratio test

Model 1: mobility_status2 ~ 1
Model 2: mobility_status2 ~ ctrl_obs_2cat * gender * region2use + acadmic_age
  #Df LogLik  Df  Chisq            Pr(>Chisq)    
1   3 -35858                                     
2 165 -34157 162 3402.1 < 0.00000000000000022 ***
---
Signif. codes:  0 '***' 0.001 '**' 0.01 '*' 0.05 '.' 0.1 ' ' 1
[1] "##################################################"
[1] "Fitted values (predicted probabilities) for the full model with controls:"
   Non mobile       Both  Internal International
1   0.6059370 0.05247809 0.2342671     0.1073178
2   0.5720907 0.04886494 0.2189367     0.1601076
3   0.3977349 0.11102981 0.2934154     0.1978199
4   0.3846566 0.12776034 0.1662378     0.3213453
5   0.4375179 0.09728701 0.2208426     0.2443525
6   0.3146702 0.10921112 0.4604341     0.1156846
7   0.3622055 0.11034434 0.3047484     0.2227017
8   0.4031069 0.07879890 0.4036081     0.1144861
9   0.3146702 0.10921112 0.4604341     0.1156846
10  0.3146702 0.10921112 0.4604341     0.1156846
11  0.5562316 0.05478835 0.1346724     0.2543077
12  0.4430859 0.09282784 0.2703903     0.1936960
13  0.3562793 0.13554037 0.1468094     0.3613710
14  0.3971615 0.11339391 0.1353768     0.3540677
15  0.3146702 0.10921112 0.4604341     0.1156846
16  0.6772919 0.06012352 0.1533514     0.1092332
17  0.5275544 0.07173847 0.1596564     0.2410507
18  0.3837918 0.10128913 0.2936899     0.2212292
19  0.4056744 0.09275066 0.2823436     0.2192313
20  0.4205383 0.12538643 0.2466886     0.2073867
21  0.4499848 0.07721144 0.2590670     0.2137367
22  0.4944380 0.06367075 0.2354724     0.2064189
23  0.4472138 0.09753517 0.1527038     0.3025472
24  0.3342127 0.10299823 0.4560594     0.1067297
25  0.4722372 0.07019661 0.2472757     0.2102905
26  0.4722372 0.07019661 0.2472757     0.2102905
27  0.3544748 0.09166723 0.4200322     0.1338258
28  0.5701258 0.05818351 0.1427262     0.2289645
29  0.5855988 0.08019790 0.1667919     0.1674114
30  0.4485358 0.09685823 0.1458393     0.3087667
[1] "##################################################"
[1] "Predicted values for the full model with controls:"
 [1] Non mobile    Non mobile    Non mobile    Non mobile    Non mobile   
 [6] Internal      Non mobile    Internal      Internal      Internal     
[11] Non mobile    Non mobile    International Non mobile    Internal     
[16] Non mobile    Non mobile    Non mobile    Non mobile    Non mobile   
[21] Non mobile    Non mobile    Non mobile    Internal      Non mobile   
[26] Non mobile    Internal      Non mobile    Non mobile    Non mobile   
Levels: Non mobile Both Internal International
[1] "##################################################"
[1] "Chi-squared test for goodness of fit for the full model with controls:"

	Pearson's Chi-squared test

data:  talents$mobility_status2 and predict(mprobit1)
X-squared = 2212.1, df = 9, p-value < 0.00000000000000022

Warning message:
In chisq.test(talents$mobility_status2, predict(mprobit1)) :
  Chi-squared approximation may be incorrect
[1] "##################################################"
[1] "Pseudo R-squared values for the full model with controls:"
  CoxSnell Nagelkerke   McFadden 
0.11287330 0.12269943 0.04743844 
[1] "##################################################"
[1] "Likelihood ratio tests for each variable in the full model with controls:"
# weights:  224 (165 variable)
initial  value 39379.077622 
iter  10 value 34954.760964
iter  20 value 34728.914202
iter  30 value 34431.012472
iter  40 value 34262.023120
iter  50 value 34187.871297
iter  60 value 34172.668535
iter  70 value 34165.290728
iter  80 value 34163.277592
iter  90 value 34161.641854
iter 100 value 34160.318734
iter 110 value 34159.110637
iter 120 value 34158.466336
iter 130 value 34157.809699
iter 140 value 34157.380540
iter 150 value 34157.189198
final  value 34157.152694 
converged
Likelihood ratio test

Model 1: mobility_status2 ~ ctrl_obs_2cat * gender * region2use + acadmic_age
Model 2: mobility_status2 ~ gender + region2use + acadmic_age + ctrl_obs_2cat:gender + 
    ctrl_obs_2cat:region2use + gender:region2use + ctrl_obs_2cat:gender:region2use
  #Df LogLik Df  Chisq            Pr(>Chisq)    
1 165 -34157                                    
2 165 -34157  0 0.0065 < 0.00000000000000022 ***
---
Signif. codes:  0 '***' 0.001 '**' 0.01 '*' 0.05 '.' 0.1 ' ' 1
# weights:  224 (165 variable)
initial  value 39379.077622 
iter  10 value 34954.760964
iter  20 value 34728.914202
iter  30 value 34431.012472
iter  40 value 34262.023120
iter  50 value 34187.871297
iter  60 value 34172.668535
iter  70 value 34165.290728
iter  80 value 34163.277592
iter  90 value 34161.641854
iter 100 value 34160.318734
iter 110 value 34159.110637
iter 120 value 34158.466336
iter 130 value 34157.809699
iter 140 value 34157.380540
iter 150 value 34157.189198
final  value 34157.152694 
converged
[1] "##################################################"
# weights:  224 (165 variable)
initial  value 39379.077622 
iter  10 value 35053.425618
iter  20 value 34830.410409
iter  30 value 34509.512619
iter  40 value 34274.733472
iter  50 value 34191.848661
iter  60 value 34171.212926
iter  70 value 34166.000010
iter  80 value 34163.255442
iter  90 value 34161.925254
iter 100 value 34160.369441
iter 110 value 34159.143369
iter 120 value 34158.524631
iter 130 value 34157.924531
iter 140 value 34157.411085
iter 150 value 34157.181363
iter 160 value 34157.151653
final  value 34157.150123 
converged
Likelihood ratio test

Model 1: mobility_status2 ~ ctrl_obs_2cat * gender * region2use + acadmic_age
Model 2: mobility_status2 ~ ctrl_obs_2cat + region2use + acadmic_age + 
    ctrl_obs_2cat:gender + ctrl_obs_2cat:region2use + gender:region2use + 
    ctrl_obs_2cat:gender:region2use
  #Df LogLik Df  Chisq            Pr(>Chisq)    
1 165 -34157                                    
2 165 -34157  0 0.0014 < 0.00000000000000022 ***
---
Signif. codes:  0 '***' 0.001 '**' 0.01 '*' 0.05 '.' 0.1 ' ' 1
# weights:  224 (165 variable)
initial  value 39379.077622 
iter  10 value 35053.425618
iter  20 value 34830.410409
iter  30 value 34509.512619
iter  40 value 34274.733472
iter  50 value 34191.848661
iter  60 value 34171.212926
iter  70 value 34166.000010
iter  80 value 34163.255442
iter  90 value 34161.925254
iter 100 value 34160.369441
iter 110 value 34159.143369
iter 120 value 34158.524631
iter 130 value 34157.924531
iter 140 value 34157.411085
iter 150 value 34157.181363
iter 160 value 34157.151653
final  value 34157.150123 
converged
[1] "##################################################"
# weights:  224 (165 variable)
initial  value 39379.077622 
iter  10 value 34940.161393
iter  20 value 34656.426777
iter  30 value 34426.308202
iter  40 value 34272.030955
iter  50 value 34191.929442
iter  60 value 34173.160243
iter  70 value 34166.750481
iter  80 value 34162.950781
iter  90 value 34161.798808
iter 100 value 34160.069270
iter 110 value 34159.065890
iter 120 value 34158.439097
iter 130 value 34157.864528
iter 140 value 34157.511772
iter 150 value 34157.190317
iter 160 value 34157.155756
final  value 34157.149148 
converged
Likelihood ratio test

Model 1: mobility_status2 ~ ctrl_obs_2cat * gender * region2use + acadmic_age
Model 2: mobility_status2 ~ ctrl_obs_2cat + gender + acadmic_age + ctrl_obs_2cat:gender + 
    ctrl_obs_2cat:region2use + gender:region2use + ctrl_obs_2cat:gender:region2use
  #Df LogLik Df  Chisq            Pr(>Chisq)    
1 165 -34157                                    
2 165 -34157  0 0.0006 < 0.00000000000000022 ***
---
Signif. codes:  0 '***' 0.001 '**' 0.01 '*' 0.05 '.' 0.1 ' ' 1
# weights:  224 (165 variable)
initial  value 39379.077622 
iter  10 value 34940.161393
iter  20 value 34656.426777
iter  30 value 34426.308202
iter  40 value 34272.030955
iter  50 value 34191.929442
iter  60 value 34173.160243
iter  70 value 34166.750481
iter  80 value 34162.950781
iter  90 value 34161.798808
iter 100 value 34160.069270
iter 110 value 34159.065890
iter 120 value 34158.439097
iter 130 value 34157.864528
iter 140 value 34157.511772
iter 150 value 34157.190317
iter 160 value 34157.155756
final  value 34157.149148 
converged
[1] "##################################################"
# weights:  224 (165 variable)
initial  value 39379.077622 
iter  10 value 34923.881926
iter  20 value 34703.194823
iter  30 value 34429.726986
iter  40 value 34257.458160
iter  50 value 34186.809311
iter  60 value 34170.488193
iter  70 value 34163.205136
iter  80 value 34161.579273
iter  90 value 34160.059360
iter 100 value 34158.851288
iter 110 value 34158.321009
iter 120 value 34157.824480
iter 130 value 34157.501360
iter 140 value 34157.246235
iter 150 value 34157.163178
final  value 34157.150315 
converged
Likelihood ratio test

Model 1: mobility_status2 ~ ctrl_obs_2cat * gender * region2use + acadmic_age
Model 2: mobility_status2 ~ ctrl_obs_2cat + gender + region2use + acadmic_age + 
    ctrl_obs_2cat:region2use + gender:region2use + ctrl_obs_2cat:gender:region2use
  #Df LogLik Df  Chisq            Pr(>Chisq)    
1 165 -34157                                    
2 165 -34157  0 0.0018 < 0.00000000000000022 ***
---
Signif. codes:  0 '***' 0.001 '**' 0.01 '*' 0.05 '.' 0.1 ' ' 1
# weights:  224 (165 variable)
initial  value 39379.077622 
iter  10 value 34923.881926
iter  20 value 34703.194823
iter  30 value 34429.726986
iter  40 value 34257.458160
iter  50 value 34186.809311
iter  60 value 34170.488193
iter  70 value 34163.205136
iter  80 value 34161.579273
iter  90 value 34160.059360
iter 100 value 34158.851288
iter 110 value 34158.321009
iter 120 value 34157.824480
iter 130 value 34157.501360
iter 140 value 34157.246235
iter 150 value 34157.163178
final  value 34157.150315 
converged
[1] "##################################################"
# weights:  224 (165 variable)
initial  value 39379.077622 
iter  10 value 35033.977517
iter  20 value 34751.779808
iter  30 value 34400.543802
iter  40 value 34229.416982
iter  50 value 34185.278569
iter  60 value 34173.240059
iter  70 value 34165.081124
iter  80 value 34163.208779
iter  90 value 34160.906715
iter 100 value 34159.538909
iter 110 value 34158.837736
iter 120 value 34157.956719
iter 130 value 34157.672731
iter 140 value 34157.351636
iter 150 value 34157.204431
iter 160 value 34157.151690
iter 160 value 34157.151408
iter 160 value 34157.151408
final  value 34157.151408 
converged
Likelihood ratio test

Model 1: mobility_status2 ~ ctrl_obs_2cat * gender * region2use + acadmic_age
Model 2: mobility_status2 ~ ctrl_obs_2cat + gender + region2use + acadmic_age + 
    ctrl_obs_2cat:gender + gender:region2use + ctrl_obs_2cat:gender:region2use
  #Df LogLik Df Chisq            Pr(>Chisq)    
1 165 -34157                                   
2 165 -34157  0 0.004 < 0.00000000000000022 ***
---
Signif. codes:  0 '***' 0.001 '**' 0.01 '*' 0.05 '.' 0.1 ' ' 1
# weights:  224 (165 variable)
initial  value 39379.077622 
iter  10 value 35033.977517
iter  20 value 34751.779808
iter  30 value 34400.543802
iter  40 value 34229.416982
iter  50 value 34185.278569
iter  60 value 34173.240059
iter  70 value 34165.081124
iter  80 value 34163.208779
iter  90 value 34160.906715
iter 100 value 34159.538909
iter 110 value 34158.837736
iter 120 value 34157.956719
iter 130 value 34157.672731
iter 140 value 34157.351636
iter 150 value 34157.204431
iter 160 value 34157.151690
iter 160 value 34157.151408
iter 160 value 34157.151408
final  value 34157.151408 
converged
[1] "##################################################"
[1] "Model diagnostics and goodness of fit results saved in: "
[1] "G:/ali/talents/results/diagn_obj_third_continent_full_ctrls.RData"
