running
  'C:\PROGRA~1\R\R-45~1.1\bin\x64\Rterm.exe --no-echo --no-restore --no-save --no-restore --file=workflow/scripts/testing_model_diagnostics_goodnessOfFit.R --args --input G:/ali/talents/results/Akbaritabar_Haunschild_Bornmann_replication_data.csv --gender first --region2use continent --output G:/ali/talents/results/diagn_obj_first_continent_full_ctrls.RData'

-- Attaching core tidyverse packages ------------------------ tidyverse 2.0.0 --
v dplyr     1.1.4     v readr     2.1.5
v forcats   1.0.0     v stringr   1.5.2
v ggplot2   4.0.0     v tibble    3.3.0
v lubridate 1.9.4     v tidyr     1.3.1
v purrr     1.1.0     
-- Conflicts ------------------------------------------ tidyverse_conflicts() --
x dplyr::filter() masks stats::filter()
x dplyr::lag()    masks stats::lag()
i Use the conflicted package (<http://conflicted.r-lib.org/>) to force all conflicts to become errors

Please cite as: 

 Hlavac, Marek (2022). stargazer: Well-Formatted Regression and Summary Statistics Tables.
 R package version 5.2.3. https://CRAN.R-project.org/package=stargazer 

Version:  1.39.4
Date:     2024-07-23
Author:   Philip Leifeld (University of Manchester)

Consider submitting praise using the praise or praise_interactive functions.
Please cite the JSS article in your publications -- see citation("texreg").

Attaching package: 'texreg'

The following object is masked from 'package:tidyr':

    extract

Loading required package: zoo

Attaching package: 'zoo'

The following objects are masked from 'package:base':

    as.Date, as.Date.numeric

Warning message:
In options(scipen = 99999) : invalid 'scipen' 99999, used 9999
[1] "Running the script now at time: "
[1] "2025-10-31 15:50:00 CET"
[1] "R working directory: "
[1] "G:/ali/talents"
[1] "##################################################"
[1] "Received these arguments from command line: "
[[1]]
[1] FALSE

$help
[1] FALSE

$opts
[1] NA

$input
[1] "G:/ali/talents/results/Akbaritabar_Haunschild_Bornmann_replication_data.csv"

$gender
[1] "first"

$region2use
[1] "continent"

$output
[1] "G:/ali/talents/results/diagn_obj_first_continent_full_ctrls.RData"

[1] "Current R session Info: "
R version 4.5.1 (2025-06-13 ucrt)
Platform: x86_64-w64-mingw32/x64
Running under: Windows Server 2019 x64 (build 17763)

Matrix products: default
  LAPACK version 3.12.1

locale:
[1] LC_COLLATE=German_Germany.1252  LC_CTYPE=German_Germany.1252   
[3] LC_MONETARY=German_Germany.1252 LC_NUMERIC=C                   
[5] LC_TIME=German_Germany.1252    

time zone: Europe/Berlin
tzcode source: internal

attached base packages:
[1] stats     graphics  grDevices utils     datasets  methods   base     

other attached packages:
 [1] argparser_0.7.2   DescTools_0.99.60 lmtest_0.9-40     zoo_1.8-14       
 [5] ggeffects_2.3.1   GGally_2.4.0      nnet_7.3-20       texreg_1.39.4    
 [9] stargazer_5.2.3   lubridate_1.9.4   forcats_1.0.0     stringr_1.5.2    
[13] dplyr_1.1.4       purrr_1.1.0       readr_2.1.5       tidyr_1.3.1      
[17] tibble_3.3.0      ggplot2_4.0.0     tidyverse_2.0.0  

loaded via a namespace (and not attached):
 [1] generics_0.1.4     class_7.3-23       stringi_1.8.7      lattice_0.22-7    
 [5] hms_1.1.3          magrittr_2.0.4     grid_4.5.1         timechange_0.3.0  
 [9] RColorBrewer_1.1-3 mvtnorm_1.3-3      cellranger_1.1.0   Matrix_1.7-3      
[13] e1071_1.7-16       httr_1.4.7         scales_1.4.0       cli_3.6.5         
[17] expm_1.0-0         rlang_1.1.6        withr_3.0.2        rootSolve_1.8.2.4 
[21] tools_4.5.1        tzdb_0.5.0         lmom_3.2           gld_2.6.7         
[25] Exact_3.3          boot_1.3-31        ggstats_0.10.0     vctrs_0.6.5       
[29] R6_2.6.1           proxy_0.4-27       lifecycle_1.0.4    fs_1.6.6          
[33] MASS_7.3-65        insight_1.4.2      pkgconfig_2.0.3    pillar_1.11.0     
[37] gtable_0.3.6       Rcpp_1.1.0         glue_1.8.0         data.table_1.17.8 
[41] haven_2.5.5        tidyselect_1.2.1   rstudioapi_0.17.1  farver_2.1.2      
[45] compiler_4.5.1     S7_0.2.0           readxl_1.4.5      
Rows: 28406 Columns: 14
-- Column specification --------------------------------------------------------
Delimiter: ","
chr (12): ctrl_obs_cat, ctrl_obs_2cat, first_gender, second_gender, third_ge...
dbl  (2): fake_author_ID, acadmic_age

i Use `spec()` to retrieve the full column specification for this data.
i Specify the column types or set `show_col_types = FALSE` to quiet this message.
# weights:  8 (3 variable)
initial  value 39379.077622 
final  value 35858.206753 
converged
# weights:  224 (165 variable)
initial  value 39379.077622 
iter  10 value 34723.852327
iter  20 value 34410.911679
iter  30 value 33985.079228
iter  40 value 33743.445314
iter  50 value 33637.578389
iter  60 value 33603.341739
iter  70 value 33588.042445
iter  80 value 33584.288428
iter  90 value 33583.542974
iter 100 value 33582.532489
iter 110 value 33581.892040
iter 120 value 33581.492843
iter 130 value 33581.269871
iter 140 value 33581.186799
iter 150 value 33581.109388
final  value 33581.106107 
converged
[1] "##################################################"
[1] "Model diagnostics and goodness of fit results for the multinomial probit regression model with controls:"
Warning messages:
1: In sqrt(diag(vc)) : NaNs produced
2: In sqrt(diag(vc)) : NaNs produced
[1] "##################################################"
[1] "Z-scores for the model coefficients:"
              (Intercept) ctrl_obs_2catTalents  genderMale genderUnknown
Both            -4.215746          -22.4414808 -1.04817508     -39.96974
Internal        -3.948384           -1.6934385 -1.61810624     -11.36813
International   -2.580775           -0.3647729  0.08309428     -65.89449
              region2useAmericas region2useAsia region2useBRA region2useCHN
Both                  0.02165496     0.23238854    -0.4028173     0.3288511
Internal             -1.34738795    -0.06574246    -0.3972136    -0.9598445
International        -0.33815220    -0.64503674    -1.7980344    -0.7962316
              region2useEurope region2useOceania region2useUSA region2useZAF
Both                -0.4091262         0.4312628     0.3159513    0.03149684
Internal            -0.8895791        -0.5072160     1.2855461   -0.82554102
International       -0.8479217        -0.6685840    -1.2176358   -0.57134442
              acadmic_age ctrl_obs_2catTalents:genderMale
Both             16.28524                       27.392365
Internal         16.83549                        2.175126
International    11.72876                        1.021465
              ctrl_obs_2catTalents:genderUnknown
Both                                   -9.290816
Internal                               11.875513
International                         -11.607133
              ctrl_obs_2catTalents:region2useAmericas
Both                                        17.188377
Internal                                     1.565642
International                                0.602092
              ctrl_obs_2catTalents:region2useAsia
Both                                   19.7699886
Internal                                1.5941840
International                           0.3466677
              ctrl_obs_2catTalents:region2useBRA
Both                                 -34.3814374
Internal                               1.2716522
International                          0.7832623
              ctrl_obs_2catTalents:region2useCHN
Both                                  19.0172270
Internal                               1.1695109
International                          0.2737799
              ctrl_obs_2catTalents:region2useEurope
Both                                     21.3793450
Internal                                  1.1875225
International                             0.6050602
              ctrl_obs_2catTalents:region2useOceania
Both                                      18.1033483
Internal                                   1.6562570
International                              0.6535478
              ctrl_obs_2catTalents:region2useUSA
Both                                  21.5187221
Internal                               1.7282596
International                          0.1837048
              ctrl_obs_2catTalents:region2useZAF genderMale:region2useAmericas
Both                                   7.1107686                     1.3324683
Internal                             -29.3689214                     1.9930746
International                         -0.2345109                     0.6158724
              genderUnknown:region2useAmericas genderMale:region2useAsia
Both                                  8.981311                 0.9858570
Internal                             10.069934                 1.8310963
International                        22.687326                 0.1267548
              genderUnknown:region2useAsia genderMale:region2useBRA
Both                              20.74420                0.8705761
Internal                          10.34735                1.9802524
International                     46.70486                0.8733734
              genderUnknown:region2useBRA genderMale:region2useCHN
Both                   -43328445133.59791                0.7792871
Internal                         10.27514                1.6958765
International                   -19.72023               -0.4625436
              genderUnknown:region2useCHN genderMale:region2useEurope
Both                             18.81963                  1.15848640
Internal                         11.33290                  1.41490973
International                    38.97264                 -0.04175354
              genderUnknown:region2useEurope genderMale:region2useOceania
Both                                11.51446                    1.4804752
Internal                            10.62176                    1.7015449
International                       37.98480                    0.9884642
              genderUnknown:region2useOceania genderMale:region2useUSA
Both                      -14486550359.745094               0.97930875
Internal                             8.719208               1.42228621
International                       15.539394              -0.05570628
              genderUnknown:region2useUSA genderMale:region2useZAF
Both                             21.65996                1.4397288
Internal                         10.71776                0.9355342
International                    39.40128                0.2672609
              genderUnknown:region2useZAF
Both                            -70799993
Internal                    -469856647581
International               -848550985712
              ctrl_obs_2catTalents:genderMale:region2useAmericas
Both                                                 -19.2161196
Internal                                              -1.8178880
International                                         -0.9072493
              ctrl_obs_2catTalents:genderUnknown:region2useAmericas
Both                                                       3.529107
Internal                                                  -8.504551
International                                              2.971937
              ctrl_obs_2catTalents:genderMale:region2useAsia
Both                                              -23.578375
Internal                                           -2.070737
International                                      -1.076923
              ctrl_obs_2catTalents:genderUnknown:region2useAsia
Both                                                   5.992357
Internal                                             -11.362978
International                                          6.793311
              ctrl_obs_2catTalents:genderMale:region2useBRA
Both                                              29.631104
Internal                                          -2.337288
International                                     -1.257757
              ctrl_obs_2catTalents:genderUnknown:region2useBRA
Both                                                       NaN
Internal                                             -8.023477
International                                        49.035437
              ctrl_obs_2catTalents:genderMale:region2useCHN
Both                                            -22.6470514
Internal                                         -1.9707056
International                                    -0.9019896
              ctrl_obs_2catTalents:genderUnknown:region2useCHN
Both                                                  6.753279
Internal                                            -11.359851
International                                         7.174166
              ctrl_obs_2catTalents:genderMale:region2useEurope
Both                                               -24.8300755
Internal                                            -1.6258507
International                                       -0.6885214
              ctrl_obs_2catTalents:genderUnknown:region2useEurope
Both                                                     3.447052
Internal                                               -10.825710
International                                            3.638157
              ctrl_obs_2catTalents:genderMale:region2useOceania
Both                                                 -20.577487
Internal                                              -2.014403
International                                         -1.210232
              ctrl_obs_2catTalents:genderUnknown:region2useOceania
Both                                                           NaN
Internal                                                -7.8595920
International                                            0.5340489
              ctrl_obs_2catTalents:genderMale:region2useUSA
Both                                            -24.7871988
Internal                                         -1.7327220
International                                    -0.6589318
              ctrl_obs_2catTalents:genderUnknown:region2useUSA
Both                                                  4.002409
Internal                                            -11.419059
International                                         4.362927
              ctrl_obs_2catTalents:genderMale:region2useZAF
Both                                             -7.9349722
Internal                                         28.3559196
International                                     0.4839744
              ctrl_obs_2catTalents:genderUnknown:region2useZAF
Both                                                         0
Internal                                                   NaN
International                                              NaN
[1] "##################################################"
[1] "P-values for the model coefficients:"
                (Intercept) ctrl_obs_2catTalents genderMale genderUnknown
Both          0.00002489540           0.00000000  0.2945579             0
Internal      0.00007868057           0.09037203  0.1056397             0
International 0.00985786740           0.71528092  0.9337766             0
              region2useAmericas region2useAsia region2useBRA region2useCHN
Both                   0.9827232      0.8162363    0.68708263     0.7422683
Internal               0.1778553      0.9475829    0.69120996     0.3371335
International          0.7352485      0.5189034    0.07217156     0.4258974
              region2useEurope region2useOceania region2useUSA region2useZAF
Both                 0.6824471         0.6662773     0.7520395     0.9748733
Internal             0.3736919         0.6120033     0.1986015     0.4090645
International        0.3964816         0.5037609     0.2233624     0.5677662
              acadmic_age ctrl_obs_2catTalents:genderMale
Both                    0                      0.00000000
Internal                0                      0.02962066
International           0                      0.30703425
              ctrl_obs_2catTalents:genderUnknown
Both                                           0
Internal                                       0
International                                  0
              ctrl_obs_2catTalents:region2useAmericas
Both                                        0.0000000
Internal                                    0.1174324
International                               0.5471129
              ctrl_obs_2catTalents:region2useAsia
Both                                    0.0000000
Internal                                0.1108948
International                           0.7288410
              ctrl_obs_2catTalents:region2useBRA
Both                                   0.0000000
Internal                               0.2034967
International                          0.4334731
              ctrl_obs_2catTalents:region2useCHN
Both                                   0.0000000
Internal                               0.2421978
International                          0.7842538
              ctrl_obs_2catTalents:region2useEurope
Both                                      0.0000000
Internal                                  0.2350216
International                             0.5451390
              ctrl_obs_2catTalents:region2useOceania
Both                                      0.00000000
Internal                                  0.09766978
International                             0.51340319
              ctrl_obs_2catTalents:region2useUSA
Both                                  0.00000000
Internal                              0.08394169
International                         0.85424507
              ctrl_obs_2catTalents:region2useZAF genderMale:region2useAmericas
Both                        0.000000000001153966                    0.18270636
Internal                    0.000000000000000000                    0.04625328
International               0.814588353528480358                    0.53797873
              genderUnknown:region2useAmericas genderMale:region2useAsia
Both                                         0                0.32420327
Internal                                     0                0.06708617
International                                0                0.89913447
              genderUnknown:region2useAsia genderMale:region2useBRA
Both                                     0               0.38398568
Internal                                 0               0.04767518
International                            0               0.38245959
              genderUnknown:region2useBRA genderMale:region2useCHN
Both                                    0               0.43581061
Internal                                0               0.08990927
International                           0               0.64369152
              genderUnknown:region2useCHN genderMale:region2useEurope
Both                                    0                   0.2466656
Internal                                0                   0.1570950
International                           0                   0.9666952
              genderUnknown:region2useEurope genderMale:region2useOceania
Both                                       0                   0.13874648
Internal                                   0                   0.08884071
International                              0                   0.32292536
              genderUnknown:region2useOceania genderMale:region2useUSA
Both                                        0                0.3274274
Internal                                    0                0.1549432
International                               0                0.9555758
              genderUnknown:region2useUSA genderMale:region2useZAF
Both                                    0                0.1499441
Internal                                0                0.3495131
International                           0                0.7892683
              genderUnknown:region2useZAF
Both                                    0
Internal                                0
International                           0
              ctrl_obs_2catTalents:genderMale:region2useAmericas
Both                                                  0.00000000
Internal                                              0.06908125
International                                         0.36427497
              ctrl_obs_2catTalents:genderUnknown:region2useAmericas
Both                                                   0.0004169647
Internal                                               0.0000000000
International                                          0.0029592721
              ctrl_obs_2catTalents:genderMale:region2useAsia
Both                                              0.00000000
Internal                                          0.03838343
International                                     0.28151455
              ctrl_obs_2catTalents:genderUnknown:region2useAsia
Both                                        0.00000000206821005
Internal                                    0.00000000000000000
International                               0.00000000001095901
              ctrl_obs_2catTalents:genderMale:region2useBRA
Both                                             0.00000000
Internal                                         0.01942423
International                                    0.20847975
              ctrl_obs_2catTalents:genderUnknown:region2useBRA
Both                                                       NaN
Internal                               0.000000000000001110223
International                          0.000000000000000000000
              ctrl_obs_2catTalents:genderMale:region2useCHN
Both                                             0.00000000
Internal                                         0.04875756
International                                    0.36706241
              ctrl_obs_2catTalents:genderUnknown:region2useCHN
Both                                     0.0000000000144539936
Internal                                 0.0000000000000000000
International                            0.0000000000007274181
              ctrl_obs_2catTalents:genderMale:region2useEurope
Both                                                 0.0000000
Internal                                             0.1039814
International                                        0.4911245
              ctrl_obs_2catTalents:genderUnknown:region2useEurope
Both                                                 0.0005667403
Internal                                             0.0000000000
International                                        0.0002745962
              ctrl_obs_2catTalents:genderMale:region2useOceania
Both                                                 0.00000000
Internal                                             0.04396722
International                                        0.22619004
              ctrl_obs_2catTalents:genderUnknown:region2useOceania
Both                                                           NaN
Internal                                   0.000000000000003774758
International                              0.593307724030965877304
              ctrl_obs_2catTalents:genderMale:region2useUSA
Both                                             0.00000000
Internal                                         0.08314509
International                                    0.50993959
              ctrl_obs_2catTalents:genderUnknown:region2useUSA
Both                                             0.00006270073
Internal                                         0.00000000000
International                                    0.00001283338
              ctrl_obs_2catTalents:genderMale:region2useZAF
Both                                0.000000000000001998401
Internal                            0.000000000000000000000
International                       0.628404021623778508143
              ctrl_obs_2catTalents:genderUnknown:region2useZAF
Both                                                         1
Internal                                                   NaN
International                                              NaN
[1] "##################################################"
[1] "ANOVA test comparing the null model and the full model with controls:"
Likelihood ratio tests of Multinomial Models

Response: mobility_status2
                                              Model Resid. df Resid. Dev   Test
1                                                 1     85215   71716.41       
2 ctrl_obs_2cat * gender * region2use + acadmic_age     85056   67162.21 1 vs 2
     Df LR stat. Pr(Chi)
1                       
2   159 4554.201       0
[1] "##################################################"
[1] "Percentage of deviance explained by the full model with controls:"
[1] 6.350291
[1] "##################################################"
[1] "Likelihood ratio test comparing the null model and the full model with controls:"
Likelihood ratio test

Model 1: mobility_status2 ~ 1
Model 2: mobility_status2 ~ ctrl_obs_2cat * gender * region2use + acadmic_age
  #Df LogLik  Df  Chisq            Pr(>Chisq)    
1   3 -35858                                     
2 162 -33581 159 4554.2 < 0.00000000000000022 ***
---
Signif. codes:  0 '***' 0.001 '**' 0.01 '*' 0.05 '.' 0.1 ' ' 1
[1] "##################################################"
[1] "Fitted values (predicted probabilities) for the full model with controls:"
   Non mobile       Both  Internal International
1   0.5797816 0.03800549 0.2622727     0.1199402
2   0.4466315 0.08373833 0.2399889     0.2296413
3   0.3629583 0.12381092 0.2877883     0.2254424
4   0.3625750 0.13594302 0.1585917     0.3428903
5   0.4263391 0.09736861 0.2175190     0.2587733
6   0.2943185 0.12240149 0.4520860     0.1311940
7   0.3181366 0.13080186 0.3057968     0.2452647
8   0.3816964 0.08828937 0.3998814     0.1301329
9   0.2943185 0.12240149 0.4520860     0.1311940
10  0.2943185 0.12240149 0.4520860     0.1311940
11  0.6043025 0.04914141 0.1265543     0.2200018
12  0.4077600 0.10373311 0.2670090     0.2214979
13  0.3407853 0.13354968 0.1494301     0.3762350
14  0.3816914 0.11155398 0.1382211     0.3685334
15  0.2943185 0.12240149 0.4520860     0.1311940
16  0.5880762 0.07430812 0.1587944     0.1788212
17  0.5183353 0.07578493 0.1591563     0.2467234
18  0.3390352 0.12037889 0.2961533     0.2444326
19  0.3604019 0.11050907 0.2860956     0.2429934
20  0.3858226 0.12583744 0.2599279     0.2284121
21  0.4042184 0.09243522 0.2649994     0.2383470
22  0.4489054 0.07655734 0.2430460     0.2314912
23  0.4314363 0.09293955 0.1568914     0.3187328
24  0.3280425 0.10747529 0.4512825     0.1131997
25  0.4264973 0.08422539 0.2540959     0.2351814
26  0.4264973 0.08422539 0.2540959     0.2351814
27  0.3300161 0.10102340 0.4376211     0.1313394
28  0.5621448 0.06129582 0.1425496     0.2340097
29  0.5324320 0.11586448 0.1510118     0.2006917
30  0.4267649 0.10305370 0.1400969     0.3300845
[1] "##################################################"
[1] "Predicted values for the full model with controls:"
 [1] Non mobile    Non mobile    Non mobile    Non mobile    Non mobile   
 [6] Internal      Non mobile    Internal      Internal      Internal     
[11] Non mobile    Non mobile    International Non mobile    Internal     
[16] Non mobile    Non mobile    Non mobile    Non mobile    Non mobile   
[21] Non mobile    Non mobile    Non mobile    Internal      Non mobile   
[26] Non mobile    Internal      Non mobile    Non mobile    Non mobile   
Levels: Non mobile Both Internal International
[1] "##################################################"
[1] "Chi-squared test for goodness of fit for the full model with controls:"

	Pearson's Chi-squared test

data:  talents$mobility_status2 and predict(mprobit1)
X-squared = 2314.2, df = 9, p-value < 0.00000000000000022

Warning message:
In chisq.test(talents$mobility_status2, predict(mprobit1)) :
  Chi-squared approximation may be incorrect
[1] "##################################################"
[1] "Pseudo R-squared values for the full model with controls:"
  CoxSnell Nagelkerke   McFadden 
0.14813339 0.16102907 0.06350291 
[1] "##################################################"
[1] "Likelihood ratio tests for each variable in the full model with controls:"
# weights:  224 (165 variable)
initial  value 39379.077622 
iter  10 value 34663.986549
iter  20 value 34358.326719
iter  30 value 33956.667501
iter  40 value 33699.260935
iter  50 value 33615.057457
iter  60 value 33593.524884
iter  70 value 33585.838177
iter  80 value 33584.089738
iter  90 value 33583.262517
iter 100 value 33582.519104
iter 110 value 33581.922982
iter 120 value 33581.486013
iter 130 value 33581.275411
iter 140 value 33581.183160
iter 150 value 33581.108147
final  value 33581.106693 
converged
Likelihood ratio test

Model 1: mobility_status2 ~ ctrl_obs_2cat * gender * region2use + acadmic_age
Model 2: mobility_status2 ~ gender + region2use + acadmic_age + ctrl_obs_2cat:gender + 
    ctrl_obs_2cat:region2use + gender:region2use + ctrl_obs_2cat:gender:region2use
  #Df LogLik Df  Chisq            Pr(>Chisq)    
1 162 -33581                                    
2 162 -33581  0 0.0012 < 0.00000000000000022 ***
---
Signif. codes:  0 '***' 0.001 '**' 0.01 '*' 0.05 '.' 0.1 ' ' 1
# weights:  224 (165 variable)
initial  value 39379.077622 
iter  10 value 34663.986549
iter  20 value 34358.326719
iter  30 value 33956.667501
iter  40 value 33699.260935
iter  50 value 33615.057457
iter  60 value 33593.524884
iter  70 value 33585.838177
iter  80 value 33584.089738
iter  90 value 33583.262517
iter 100 value 33582.519104
iter 110 value 33581.922982
iter 120 value 33581.486013
iter 130 value 33581.275411
iter 140 value 33581.183160
iter 150 value 33581.108147
final  value 33581.106693 
converged
[1] "##################################################"
# weights:  224 (165 variable)
initial  value 39379.077622 
iter  10 value 34583.361202
iter  20 value 34351.336990
iter  30 value 33927.173569
iter  40 value 33699.140895
iter  50 value 33616.809568
iter  60 value 33595.100233
iter  70 value 33586.385418
iter  80 value 33584.247316
iter  90 value 33583.389845
iter 100 value 33582.610078
iter 110 value 33581.964840
iter 120 value 33581.483607
iter 130 value 33581.277863
iter 140 value 33581.186081
iter 150 value 33581.115717
final  value 33581.106219 
converged
Likelihood ratio test

Model 1: mobility_status2 ~ ctrl_obs_2cat * gender * region2use + acadmic_age
Model 2: mobility_status2 ~ ctrl_obs_2cat + region2use + acadmic_age + 
    ctrl_obs_2cat:gender + ctrl_obs_2cat:region2use + gender:region2use + 
    ctrl_obs_2cat:gender:region2use
  #Df LogLik Df  Chisq            Pr(>Chisq)    
1 162 -33581                                    
2 162 -33581  0 0.0002 < 0.00000000000000022 ***
---
Signif. codes:  0 '***' 0.001 '**' 0.01 '*' 0.05 '.' 0.1 ' ' 1
# weights:  224 (165 variable)
initial  value 39379.077622 
iter  10 value 34583.361202
iter  20 value 34351.336990
iter  30 value 33927.173569
iter  40 value 33699.140895
iter  50 value 33616.809568
iter  60 value 33595.100233
iter  70 value 33586.385418
iter  80 value 33584.247316
iter  90 value 33583.389845
iter 100 value 33582.610078
iter 110 value 33581.964840
iter 120 value 33581.483607
iter 130 value 33581.277863
iter 140 value 33581.186081
iter 150 value 33581.115717
final  value 33581.106219 
converged
[1] "##################################################"
# weights:  224 (165 variable)
initial  value 39379.077622 
iter  10 value 34778.477083
iter  20 value 34443.260871
iter  30 value 33954.498205
iter  40 value 33765.231588
iter  50 value 33628.656912
iter  60 value 33596.406903
iter  70 value 33586.091217
iter  80 value 33584.312744
iter  90 value 33583.428810
iter 100 value 33582.466506
iter 110 value 33581.815683
iter 120 value 33581.418293
iter 130 value 33581.258590
iter 130 value 33581.258543
iter 130 value 33581.258540
final  value 33581.258540 
converged
Likelihood ratio test

Model 1: mobility_status2 ~ ctrl_obs_2cat * gender * region2use + acadmic_age
Model 2: mobility_status2 ~ ctrl_obs_2cat + gender + acadmic_age + ctrl_obs_2cat:gender + 
    ctrl_obs_2cat:region2use + gender:region2use + ctrl_obs_2cat:gender:region2use
  #Df LogLik Df  Chisq            Pr(>Chisq)    
1 162 -33581                                    
2 162 -33581  0 0.3049 < 0.00000000000000022 ***
---
Signif. codes:  0 '***' 0.001 '**' 0.01 '*' 0.05 '.' 0.1 ' ' 1
# weights:  224 (165 variable)
initial  value 39379.077622 
iter  10 value 34778.477083
iter  20 value 34443.260871
iter  30 value 33954.498205
iter  40 value 33765.231588
iter  50 value 33628.656912
iter  60 value 33596.406903
iter  70 value 33586.091217
iter  80 value 33584.312744
iter  90 value 33583.428810
iter 100 value 33582.466506
iter 110 value 33581.815683
iter 120 value 33581.418293
iter 130 value 33581.258590
iter 130 value 33581.258543
iter 130 value 33581.258540
final  value 33581.258540 
converged
[1] "##################################################"
# weights:  224 (165 variable)
initial  value 39379.077622 
iter  10 value 34483.862656
iter  20 value 34216.612856
iter  30 value 33890.143588
iter  40 value 33692.474599
iter  50 value 33616.735796
iter  60 value 33596.212827
iter  70 value 33585.016906
iter  80 value 33583.436078
iter  90 value 33582.665617
iter 100 value 33581.856928
iter 110 value 33581.486283
iter 120 value 33581.286530
iter 130 value 33581.187649
iter 140 value 33581.135320
final  value 33581.106797 
converged
Likelihood ratio test

Model 1: mobility_status2 ~ ctrl_obs_2cat * gender * region2use + acadmic_age
Model 2: mobility_status2 ~ ctrl_obs_2cat + gender + region2use + acadmic_age + 
    ctrl_obs_2cat:region2use + gender:region2use + ctrl_obs_2cat:gender:region2use
  #Df LogLik Df  Chisq            Pr(>Chisq)    
1 162 -33581                                    
2 162 -33581  0 0.0014 < 0.00000000000000022 ***
---
Signif. codes:  0 '***' 0.001 '**' 0.01 '*' 0.05 '.' 0.1 ' ' 1
# weights:  224 (165 variable)
initial  value 39379.077622 
iter  10 value 34483.862656
iter  20 value 34216.612856
iter  30 value 33890.143588
iter  40 value 33692.474599
iter  50 value 33616.735796
iter  60 value 33596.212827
iter  70 value 33585.016906
iter  80 value 33583.436078
iter  90 value 33582.665617
iter 100 value 33581.856928
iter 110 value 33581.486283
iter 120 value 33581.286530
iter 130 value 33581.187649
iter 140 value 33581.135320
final  value 33581.106797 
converged
[1] "##################################################"
# weights:  224 (165 variable)
initial  value 39379.077622 
iter  10 value 34629.318394
iter  20 value 34327.634946
iter  30 value 33949.402829
iter  40 value 33697.791345
iter  50 value 33618.688942
iter  60 value 33594.734864
iter  70 value 33585.074073
iter  80 value 33583.647412
iter  90 value 33582.653690
iter 100 value 33582.221866
iter 110 value 33581.835581
iter 120 value 33581.359823
iter 130 value 33581.243220
iter 140 value 33581.164270
iter 150 value 33581.108711
final  value 33581.106497 
converged
Likelihood ratio test

Model 1: mobility_status2 ~ ctrl_obs_2cat * gender * region2use + acadmic_age
Model 2: mobility_status2 ~ ctrl_obs_2cat + gender + region2use + acadmic_age + 
    ctrl_obs_2cat:gender + gender:region2use + ctrl_obs_2cat:gender:region2use
  #Df LogLik Df  Chisq            Pr(>Chisq)    
1 162 -33581                                    
2 162 -33581  0 0.0008 < 0.00000000000000022 ***
---
Signif. codes:  0 '***' 0.001 '**' 0.01 '*' 0.05 '.' 0.1 ' ' 1
# weights:  224 (165 variable)
initial  value 39379.077622 
iter  10 value 34629.318394
iter  20 value 34327.634946
iter  30 value 33949.402829
iter  40 value 33697.791345
iter  50 value 33618.688942
iter  60 value 33594.734864
iter  70 value 33585.074073
iter  80 value 33583.647412
iter  90 value 33582.653690
iter 100 value 33582.221866
iter 110 value 33581.835581
iter 120 value 33581.359823
iter 130 value 33581.243220
iter 140 value 33581.164270
iter 150 value 33581.108711
final  value 33581.106497 
converged
[1] "##################################################"
[1] "Model diagnostics and goodness of fit results saved in: "
[1] "G:/ali/talents/results/diagn_obj_first_continent_full_ctrls.RData"
