running
  'C:\PROGRA~1\R\R-45~1.1\bin\x64\Rterm.exe --no-echo --no-restore --no-save --no-restore --file=workflow/scripts/read_data_run_statistical_model_full_gender_regions_w_controls_model_object.R --args --input G:/ali/talents/results/Akbaritabar_Haunschild_Bornmann_replication_data.csv --gender second --region2use WBregion --output G:/ali/talents/results/md_prd4_second_WBregion_f_ctrls.csv G:/ali/talents/results/mdl_obj_second_WBregion_full_ctrls.RData'

-- Attaching core tidyverse packages ------------------------ tidyverse 2.0.0 --
v dplyr     1.1.4     v readr     2.1.5
v forcats   1.0.0     v stringr   1.5.2
v ggplot2   4.0.0     v tibble    3.3.0
v lubridate 1.9.4     v tidyr     1.3.1
v purrr     1.1.0     
-- Conflicts ------------------------------------------ tidyverse_conflicts() --
x dplyr::filter() masks stats::filter()
x dplyr::lag()    masks stats::lag()
i Use the conflicted package (<http://conflicted.r-lib.org/>) to force all conflicts to become errors

Please cite as: 

 Hlavac, Marek (2022). stargazer: Well-Formatted Regression and Summary Statistics Tables.
 R package version 5.2.3. https://CRAN.R-project.org/package=stargazer 

Version:  1.39.4
Date:     2024-07-23
Author:   Philip Leifeld (University of Manchester)

Consider submitting praise using the praise or praise_interactive functions.
Please cite the JSS article in your publications -- see citation("texreg").

Attaching package: 'texreg'

The following object is masked from 'package:tidyr':

    extract

[1] "Running the script now at time: "
[1] "2025-10-31 15:49:59 CET"
[1] "R working directory: "
[1] "G:/ali/talents"
[1] "##################################################"
[1] "Received these arguments from command line: "
[[1]]
[1] FALSE

$help
[1] FALSE

$opts
[1] NA

$input
[1] "G:/ali/talents/results/Akbaritabar_Haunschild_Bornmann_replication_data.csv"

$gender
[1] "second"

$region2use
[1] "WBregion"

$output
[1] "G:/ali/talents/results/md_prd4_second_WBregion_f_ctrls.csv"     
[2] "G:/ali/talents/results/mdl_obj_second_WBregion_full_ctrls.RData"

[1] "Current R session Info: "
R version 4.5.1 (2025-06-13 ucrt)
Platform: x86_64-w64-mingw32/x64
Running under: Windows Server 2019 x64 (build 17763)

Matrix products: default
  LAPACK version 3.12.1

locale:
[1] LC_COLLATE=German_Germany.1252  LC_CTYPE=German_Germany.1252   
[3] LC_MONETARY=German_Germany.1252 LC_NUMERIC=C                   
[5] LC_TIME=German_Germany.1252    

time zone: Europe/Berlin
tzcode source: internal

attached base packages:
[1] stats     graphics  grDevices utils     datasets  methods   base     

other attached packages:
 [1] argparser_0.7.2 ggeffects_2.3.1 GGally_2.4.0    nnet_7.3-20    
 [5] texreg_1.39.4   stargazer_5.2.3 lubridate_1.9.4 forcats_1.0.0  
 [9] stringr_1.5.2   dplyr_1.1.4     purrr_1.1.0     readr_2.1.5    
[13] tidyr_1.3.1     tibble_3.3.0    ggplot2_4.0.0   tidyverse_2.0.0

loaded via a namespace (and not attached):
 [1] gtable_0.3.6       compiler_4.5.1     tidyselect_1.2.1   ggstats_0.10.0    
 [5] scales_1.4.0       R6_2.6.1           generics_0.1.4     insight_1.4.2     
 [9] pillar_1.11.0      RColorBrewer_1.1-3 tzdb_0.5.0         rlang_1.1.6       
[13] stringi_1.8.7      S7_0.2.0           timechange_0.3.0   cli_3.6.5         
[17] withr_3.0.2        magrittr_2.0.4     grid_4.5.1         hms_1.1.3         
[21] lifecycle_1.0.4    vctrs_0.6.5        glue_1.8.0         farver_2.1.2      
[25] httr_1.4.7         tools_4.5.1        pkgconfig_2.0.3   
Rows: 28406 Columns: 14
-- Column specification --------------------------------------------------------
Delimiter: ","
chr (12): ctrl_obs_cat, ctrl_obs_2cat, first_gender, second_gender, third_ge...
dbl  (2): fake_author_ID, acadmic_age

i Use `spec()` to retrieve the full column specification for this data.
i Specify the column types or set `show_col_types = FALSE` to quiet this message.
# weights:  8 (3 variable)
initial  value 39379.077622 
final  value 35858.206753 
converged
# weights:  16 (9 variable)
initial  value 39379.077622 
iter  10 value 35758.609347
final  value 35570.220554 
converged
# weights:  32 (21 variable)
initial  value 39379.077622 
iter  10 value 35941.165746
iter  20 value 35590.185732
final  value 35538.598561 
converged
# weights:  96 (69 variable)
initial  value 39379.077622 
iter  10 value 34673.699326
iter  20 value 34530.112219
iter  30 value 34280.979832
iter  40 value 34254.497650
iter  50 value 34248.427716
iter  60 value 34247.783015
iter  70 value 34246.546749
iter  80 value 34246.223737
final  value 34246.198971 
converged
# weights:  272 (201 variable)
initial  value 39379.077622 
iter  10 value 35140.178861
iter  20 value 34914.982849
iter  30 value 34424.038694
iter  40 value 34248.739004
iter  50 value 34197.852273
iter  60 value 34183.249389
iter  70 value 34177.403711
iter  80 value 34175.471278
iter  90 value 34172.470925
iter 100 value 34170.846302
iter 110 value 34169.626846
iter 120 value 34168.715568
iter 130 value 34168.440497
iter 140 value 34168.196860
iter 150 value 34168.044459
iter 160 value 34167.888073
final  value 34167.883590 
converged
[1] "ggpredict started"
# A tibble: 6 x 5
  x      predicted response.level group  facet                    
  <fct>      <dbl> <chr>          <fct>  <fct>                    
1 Others     0.158 Non mobile     Female Sub-Saharan Africa       
2 Others     0.557 Non mobile     Female BRA                      
3 Others     0.588 Non mobile     Female CHN                      
4 Others     0.463 Non mobile     Female East Asia & Pacific      
5 Others     0.507 Non mobile     Female Europe & Central Asia    
6 Others     0.330 Non mobile     Female Latin America & Caribbean
[1] "ggpredict done, probability table exported in: "
[1] "G:/ali/talents/results/md_prd4_second_WBregion_f_ctrls.csv"
[1] "Stat model objects saved in: "
[1] "G:/ali/talents/results/mdl_obj_second_WBregion_full_ctrls.RData"
