running
  'C:\PROGRA~1\R\R-45~1.1\bin\x64\Rterm.exe --no-echo --no-restore --no-save --no-restore --file=workflow/scripts/read_data_run_statistical_model_full_gender_regions_w_controls_model_object.R --args --input G:/ali/talents/results/Akbaritabar_Haunschild_Bornmann_replication_data.csv --gender third --region2use UNsubregion --output G:/ali/talents/results/md_prd4_third_UNsubregion_f_ctrls.csv G:/ali/talents/results/mdl_obj_third_UNsubregion_full_ctrls.RData'

-- Attaching core tidyverse packages ------------------------ tidyverse 2.0.0 --
v dplyr     1.1.4     v readr     2.1.5
v forcats   1.0.0     v stringr   1.5.2
v ggplot2   4.0.0     v tibble    3.3.0
v lubridate 1.9.4     v tidyr     1.3.1
v purrr     1.1.0     
-- Conflicts ------------------------------------------ tidyverse_conflicts() --
x dplyr::filter() masks stats::filter()
x dplyr::lag()    masks stats::lag()
i Use the conflicted package (<http://conflicted.r-lib.org/>) to force all conflicts to become errors

Please cite as: 

 Hlavac, Marek (2022). stargazer: Well-Formatted Regression and Summary Statistics Tables.
 R package version 5.2.3. https://CRAN.R-project.org/package=stargazer 

Version:  1.39.4
Date:     2024-07-23
Author:   Philip Leifeld (University of Manchester)

Consider submitting praise using the praise or praise_interactive functions.
Please cite the JSS article in your publications -- see citation("texreg").

Attaching package: 'texreg'

The following object is masked from 'package:tidyr':

    extract

[1] "Running the script now at time: "
[1] "2025-10-31 15:49:59 CET"
[1] "R working directory: "
[1] "G:/ali/talents"
[1] "##################################################"
[1] "Received these arguments from command line: "
[[1]]
[1] FALSE

$help
[1] FALSE

$opts
[1] NA

$input
[1] "G:/ali/talents/results/Akbaritabar_Haunschild_Bornmann_replication_data.csv"

$gender
[1] "third"

$region2use
[1] "UNsubregion"

$output
[1] "G:/ali/talents/results/md_prd4_third_UNsubregion_f_ctrls.csv"     
[2] "G:/ali/talents/results/mdl_obj_third_UNsubregion_full_ctrls.RData"

[1] "Current R session Info: "
R version 4.5.1 (2025-06-13 ucrt)
Platform: x86_64-w64-mingw32/x64
Running under: Windows Server 2019 x64 (build 17763)

Matrix products: default
  LAPACK version 3.12.1

locale:
[1] LC_COLLATE=German_Germany.1252  LC_CTYPE=German_Germany.1252   
[3] LC_MONETARY=German_Germany.1252 LC_NUMERIC=C                   
[5] LC_TIME=German_Germany.1252    

time zone: Europe/Berlin
tzcode source: internal

attached base packages:
[1] stats     graphics  grDevices utils     datasets  methods   base     

other attached packages:
 [1] argparser_0.7.2 ggeffects_2.3.1 GGally_2.4.0    nnet_7.3-20    
 [5] texreg_1.39.4   stargazer_5.2.3 lubridate_1.9.4 forcats_1.0.0  
 [9] stringr_1.5.2   dplyr_1.1.4     purrr_1.1.0     readr_2.1.5    
[13] tidyr_1.3.1     tibble_3.3.0    ggplot2_4.0.0   tidyverse_2.0.0

loaded via a namespace (and not attached):
 [1] gtable_0.3.6       compiler_4.5.1     tidyselect_1.2.1   ggstats_0.10.0    
 [5] scales_1.4.0       R6_2.6.1           generics_0.1.4     insight_1.4.2     
 [9] pillar_1.11.0      RColorBrewer_1.1-3 tzdb_0.5.0         rlang_1.1.6       
[13] stringi_1.8.7      S7_0.2.0           timechange_0.3.0   cli_3.6.5         
[17] withr_3.0.2        magrittr_2.0.4     grid_4.5.1         hms_1.1.3         
[21] lifecycle_1.0.4    vctrs_0.6.5        glue_1.8.0         farver_2.1.2      
[25] httr_1.4.7         tools_4.5.1        pkgconfig_2.0.3   
Rows: 28406 Columns: 14
-- Column specification --------------------------------------------------------
Delimiter: ","
chr (12): ctrl_obs_cat, ctrl_obs_2cat, first_gender, second_gender, third_ge...
dbl  (2): fake_author_ID, acadmic_age

i Use `spec()` to retrieve the full column specification for this data.
i Specify the column types or set `show_col_types = FALSE` to quiet this message.
# weights:  8 (3 variable)
initial  value 39379.077622 
final  value 35858.206753 
converged
# weights:  16 (9 variable)
initial  value 39379.077622 
iter  10 value 35758.609347
final  value 35570.220554 
converged
# weights:  32 (21 variable)
initial  value 39379.077622 
iter  10 value 35907.495670
iter  20 value 35587.820478
final  value 35527.736857 
converged
# weights:  160 (117 variable)
initial  value 39379.077622 
iter  10 value 34605.127045
iter  20 value 34345.528136
iter  30 value 33957.224018
iter  40 value 33901.119376
iter  50 value 33878.342657
iter  60 value 33869.360206
iter  70 value 33868.195295
iter  80 value 33867.216180
iter  90 value 33866.268797
iter 100 value 33865.439507
iter 110 value 33865.136601
iter 120 value 33864.964002
final  value 33864.955398 
converged
# weights:  464 (345 variable)
initial  value 39379.077622 
iter  10 value 34568.477396
iter  20 value 34292.235629
iter  30 value 34086.904731
iter  40 value 33872.355105
iter  50 value 33787.868631
iter  60 value 33753.643008
iter  70 value 33747.708602
iter  80 value 33744.650685
iter  90 value 33742.007097
iter 100 value 33739.508174
iter 110 value 33736.488113
iter 120 value 33734.384807
iter 130 value 33733.335624
iter 140 value 33732.815236
iter 150 value 33732.289808
iter 160 value 33731.514270
iter 170 value 33730.678411
iter 180 value 33730.304040
iter 190 value 33729.991771
iter 200 value 33729.831077
iter 210 value 33729.758266
iter 220 value 33729.722124
iter 230 value 33729.700623
iter 240 value 33729.660325
final  value 33729.651138 
converged
[1] "ggpredict started"
# A tibble: 6 x 5
  x       predicted response.level group  facet                    
  <fct>       <dbl> <chr>          <fct>  <fct>                    
1 Others 0.159      Non mobile     Female Sub-Saharan Africa       
2 Others 0.447      Non mobile     Female Australia and New Zealand
3 Others 0.545      Non mobile     Female BRA                      
4 Others 0.00000111 Non mobile     Female Central Asia             
5 Others 0.595      Non mobile     Female CHN                      
6 Others 0.463      Non mobile     Female Eastern Asia             
[1] "ggpredict done, probability table exported in: "
[1] "G:/ali/talents/results/md_prd4_third_UNsubregion_f_ctrls.csv"
[1] "Stat model objects saved in: "
[1] "G:/ali/talents/results/mdl_obj_third_UNsubregion_full_ctrls.RData"
