running
  'C:\PROGRA~1\R\R-45~1.1\bin\x64\Rterm.exe --no-echo --no-restore --no-save --no-restore --file=workflow/scripts/read_data_run_statistical_model_full_gender_regions_w_controls_model_object.R --args --input G:/ali/talents/results/Akbaritabar_Haunschild_Bornmann_replication_data.csv --gender first --region2use continent --output G:/ali/talents/results/md_prd4_first_continent_f_ctrls.csv G:/ali/talents/results/mdl_obj_first_continent_full_ctrls.RData'

-- Attaching core tidyverse packages ------------------------ tidyverse 2.0.0 --
v dplyr     1.1.4     v readr     2.1.5
v forcats   1.0.0     v stringr   1.5.2
v ggplot2   4.0.0     v tibble    3.3.0
v lubridate 1.9.4     v tidyr     1.3.1
v purrr     1.1.0     
-- Conflicts ------------------------------------------ tidyverse_conflicts() --
x dplyr::filter() masks stats::filter()
x dplyr::lag()    masks stats::lag()
i Use the conflicted package (<http://conflicted.r-lib.org/>) to force all conflicts to become errors

Please cite as: 

 Hlavac, Marek (2022). stargazer: Well-Formatted Regression and Summary Statistics Tables.
 R package version 5.2.3. https://CRAN.R-project.org/package=stargazer 

Version:  1.39.4
Date:     2024-07-23
Author:   Philip Leifeld (University of Manchester)

Consider submitting praise using the praise or praise_interactive functions.
Please cite the JSS article in your publications -- see citation("texreg").

Attaching package: 'texreg'

The following object is masked from 'package:tidyr':

    extract

[1] "Running the script now at time: "
[1] "2025-10-31 15:49:59 CET"
[1] "R working directory: "
[1] "G:/ali/talents"
[1] "##################################################"
[1] "Received these arguments from command line: "
[[1]]
[1] FALSE

$help
[1] FALSE

$opts
[1] NA

$input
[1] "G:/ali/talents/results/Akbaritabar_Haunschild_Bornmann_replication_data.csv"

$gender
[1] "first"

$region2use
[1] "continent"

$output
[1] "G:/ali/talents/results/md_prd4_first_continent_f_ctrls.csv"     
[2] "G:/ali/talents/results/mdl_obj_first_continent_full_ctrls.RData"

[1] "Current R session Info: "
R version 4.5.1 (2025-06-13 ucrt)
Platform: x86_64-w64-mingw32/x64
Running under: Windows Server 2019 x64 (build 17763)

Matrix products: default
  LAPACK version 3.12.1

locale:
[1] LC_COLLATE=German_Germany.1252  LC_CTYPE=German_Germany.1252   
[3] LC_MONETARY=German_Germany.1252 LC_NUMERIC=C                   
[5] LC_TIME=German_Germany.1252    

time zone: Europe/Berlin
tzcode source: internal

attached base packages:
[1] stats     graphics  grDevices utils     datasets  methods   base     

other attached packages:
 [1] argparser_0.7.2 ggeffects_2.3.1 GGally_2.4.0    nnet_7.3-20    
 [5] texreg_1.39.4   stargazer_5.2.3 lubridate_1.9.4 forcats_1.0.0  
 [9] stringr_1.5.2   dplyr_1.1.4     purrr_1.1.0     readr_2.1.5    
[13] tidyr_1.3.1     tibble_3.3.0    ggplot2_4.0.0   tidyverse_2.0.0

loaded via a namespace (and not attached):
 [1] gtable_0.3.6       compiler_4.5.1     tidyselect_1.2.1   ggstats_0.10.0    
 [5] scales_1.4.0       R6_2.6.1           generics_0.1.4     insight_1.4.2     
 [9] pillar_1.11.0      RColorBrewer_1.1-3 tzdb_0.5.0         rlang_1.1.6       
[13] stringi_1.8.7      S7_0.2.0           timechange_0.3.0   cli_3.6.5         
[17] withr_3.0.2        magrittr_2.0.4     grid_4.5.1         hms_1.1.3         
[21] lifecycle_1.0.4    vctrs_0.6.5        glue_1.8.0         farver_2.1.2      
[25] httr_1.4.7         tools_4.5.1        pkgconfig_2.0.3   
Rows: 28406 Columns: 14
-- Column specification --------------------------------------------------------
Delimiter: ","
chr (12): ctrl_obs_cat, ctrl_obs_2cat, first_gender, second_gender, third_ge...
dbl  (2): fake_author_ID, acadmic_age

i Use `spec()` to retrieve the full column specification for this data.
i Specify the column types or set `show_col_types = FALSE` to quiet this message.
# weights:  8 (3 variable)
initial  value 39379.077622 
final  value 35858.206753 
converged
# weights:  16 (9 variable)
initial  value 39379.077622 
iter  10 value 35758.609347
final  value 35570.220554 
converged
# weights:  32 (21 variable)
initial  value 39379.077622 
iter  10 value 35708.655092
iter  20 value 35105.920603
final  value 34876.420463 
converged
# weights:  80 (57 variable)
initial  value 39379.077622 
iter  10 value 34700.128967
iter  20 value 34538.259653
iter  30 value 34319.512210
iter  40 value 34261.950406
iter  50 value 34255.807584
final  value 34254.841828 
converged
# weights:  224 (165 variable)
initial  value 39379.077622 
iter  10 value 34723.852327
iter  20 value 34410.911679
iter  30 value 33985.079228
iter  40 value 33743.445314
iter  50 value 33637.578389
iter  60 value 33603.341739
iter  70 value 33588.042445
iter  80 value 33584.288428
iter  90 value 33583.542974
iter 100 value 33582.532489
iter 110 value 33581.892040
iter 120 value 33581.492843
iter 130 value 33581.269871
iter 140 value 33581.186799
iter 150 value 33581.109388
final  value 33581.106107 
converged
[1] "ggpredict started"
# A tibble: 6 x 5
  x      predicted response.level group  facet   
  <fct>      <dbl> <chr>          <fct>  <fct>   
1 Others     0.381 Non mobile     Female Africa  
2 Others     0.468 Non mobile     Female Americas
3 Others     0.415 Non mobile     Female Asia    
4 Others     0.541 Non mobile     Female BRA     
5 Others     0.465 Non mobile     Female CHN     
6 Others     0.499 Non mobile     Female Europe  
[1] "ggpredict done, probability table exported in: "
[1] "G:/ali/talents/results/md_prd4_first_continent_f_ctrls.csv"
[1] "Stat model objects saved in: "
[1] "G:/ali/talents/results/mdl_obj_first_continent_full_ctrls.RData"
