running
  'C:\PROGRA~1\R\R-45~1.1\bin\x64\Rterm.exe --no-echo --no-restore --no-save --no-restore --file=workflow/scripts/read_data_run_statistical_model_gender.R --args --input G:/ali/talents/results/Akbaritabar_Haunschild_Bornmann_replication_data.csv --gender first --output G:/ali/talents/results/tables/sum_tbl_first_gender.csv G:/ali/talents/results/md_prd1_first_gender.csv G:/ali/talents/results/tables/TABLE_3_first_gender.html'

-- Attaching core tidyverse packages ------------------------ tidyverse 2.0.0 --
v dplyr     1.1.4     v readr     2.1.5
v forcats   1.0.0     v stringr   1.5.2
v ggplot2   4.0.0     v tibble    3.3.0
v lubridate 1.9.4     v tidyr     1.3.1
v purrr     1.1.0     
-- Conflicts ------------------------------------------ tidyverse_conflicts() --
x dplyr::filter() masks stats::filter()
x dplyr::lag()    masks stats::lag()
i Use the conflicted package (<http://conflicted.r-lib.org/>) to force all conflicts to become errors

Please cite as: 

 Hlavac, Marek (2022). stargazer: Well-Formatted Regression and Summary Statistics Tables.
 R package version 5.2.3. https://CRAN.R-project.org/package=stargazer 

Version:  1.39.4
Date:     2024-07-23
Author:   Philip Leifeld (University of Manchester)

Consider submitting praise using the praise or praise_interactive functions.
Please cite the JSS article in your publications -- see citation("texreg").

Attaching package: 'texreg'

The following object is masked from 'package:tidyr':

    extract

[1] "R working directory: "
[1] "G:/ali/talents"
[1] "##################################################"
[1] "Received these arguments from command line: "
[[1]]
[1] FALSE

$help
[1] FALSE

$opts
[1] NA

$input
[1] "G:/ali/talents/results/Akbaritabar_Haunschild_Bornmann_replication_data.csv"

$gender
[1] "first"

$output
[1] "G:/ali/talents/results/tables/sum_tbl_first_gender.csv" 
[2] "G:/ali/talents/results/md_prd1_first_gender.csv"        
[3] "G:/ali/talents/results/tables/TABLE_3_first_gender.html"

[1] "Current R session Info: "
R version 4.5.1 (2025-06-13 ucrt)
Platform: x86_64-w64-mingw32/x64
Running under: Windows Server 2019 x64 (build 17763)

Matrix products: default
  LAPACK version 3.12.1

locale:
[1] LC_COLLATE=German_Germany.1252  LC_CTYPE=German_Germany.1252   
[3] LC_MONETARY=German_Germany.1252 LC_NUMERIC=C                   
[5] LC_TIME=German_Germany.1252    

time zone: Europe/Berlin
tzcode source: internal

attached base packages:
[1] stats     graphics  grDevices utils     datasets  methods   base     

other attached packages:
 [1] argparser_0.7.2 ggeffects_2.3.1 GGally_2.4.0    nnet_7.3-20    
 [5] texreg_1.39.4   stargazer_5.2.3 lubridate_1.9.4 forcats_1.0.0  
 [9] stringr_1.5.2   dplyr_1.1.4     purrr_1.1.0     readr_2.1.5    
[13] tidyr_1.3.1     tibble_3.3.0    ggplot2_4.0.0   tidyverse_2.0.0

loaded via a namespace (and not attached):
 [1] gtable_0.3.6       compiler_4.5.1     tidyselect_1.2.1   ggstats_0.10.0    
 [5] scales_1.4.0       R6_2.6.1           generics_0.1.4     insight_1.4.2     
 [9] pillar_1.11.0      RColorBrewer_1.1-3 tzdb_0.5.0         rlang_1.1.6       
[13] stringi_1.8.7      S7_0.2.0           timechange_0.3.0   cli_3.6.5         
[17] withr_3.0.2        magrittr_2.0.4     grid_4.5.1         hms_1.1.3         
[21] lifecycle_1.0.4    vctrs_0.6.5        glue_1.8.0         farver_2.1.2      
[25] httr_1.4.7         tools_4.5.1        pkgconfig_2.0.3   
Rows: 28406 Columns: 14
-- Column specification --------------------------------------------------------
Delimiter: ","
chr (12): ctrl_obs_cat, ctrl_obs_2cat, first_gender, second_gender, third_ge...
dbl  (2): fake_author_ID, acadmic_age

i Use `spec()` to retrieve the full column specification for this data.
i Specify the column types or set `show_col_types = FALSE` to quiet this message.
`summarise()` has grouped output by 'ctrl_obs_2cat'. You can override using the
`.groups` argument.
# A tibble: 6 x 4
# Groups:   Group [2]
  Group   Gender  `Count of unique authors` `In percent`
  <fct>   <fct>                       <int>        <dbl>
1 Others  Female                       3282         23.1
2 Others  Male                         9277         65.2
3 Others  Unknown                      1664         11.7
4 Talents Female                       2803         19.8
5 Talents Male                         9592         67.6
6 Talents Unknown                      1788         12.6
[1] "Summary table exported"
# weights:  28 (18 variable)
initial  value 39379.077622 
iter  10 value 36260.962966
iter  20 value 35552.005632
final  value 35143.977023 
converged
# A tibble: 6 x 4
  x      predicted response.level group 
  <fct>      <dbl> <chr>          <fct> 
1 Others    0.446  Non mobile     Female
2 Others    0.0951 Both           Female
3 Others    0.248  Internal       Female
4 Others    0.211  International  Female
5 Others    0.435  Non mobile     Male  
6 Others    0.0972 Both           Male  

<table style="text-align:center"><tr><td colspan="4" style="border-bottom: 1px solid black"></td></tr><tr><td style="text-align:left"></td><td colspan="3"><em>Dependent variable:</em></td></tr>
<tr><td></td><td colspan="3" style="border-bottom: 1px solid black"></td></tr>
<tr><td style="text-align:left"></td><td>Both</td><td>Internal</td><td>International</td></tr>
<tr><td style="text-align:left"></td><td>(1)</td><td>(2)</td><td>(3)</td></tr>
<tr><td colspan="4" style="border-bottom: 1px solid black"></td></tr><tr><td style="text-align:left">ctrl_obs_2catTalents</td><td>-0.048</td><td>0.014</td><td>0.095</td></tr>
<tr><td style="text-align:left"></td><td>(0.093)</td><td>(0.065)</td><td>(0.067)</td></tr>
<tr><td style="text-align:left"></td><td></td><td></td><td></td></tr>
<tr><td style="text-align:left">genderMale</td><td>0.046</td><td>0.007</td><td>0.080</td></tr>
<tr><td style="text-align:left"></td><td>(0.072)</td><td>(0.051)</td><td>(0.053)</td></tr>
<tr><td style="text-align:left"></td><td></td><td></td><td></td></tr>
<tr><td style="text-align:left">genderUnknown</td><td>-1.827<sup>***</sup></td><td>-0.257<sup>***</sup></td><td>-1.362<sup>***</sup></td></tr>
<tr><td style="text-align:left"></td><td>(0.181)</td><td>(0.071)</td><td>(0.105)</td></tr>
<tr><td style="text-align:left"></td><td></td><td></td><td></td></tr>
<tr><td style="text-align:left">ctrl_obs_2catTalents:genderMale</td><td>0.469<sup>***</sup></td><td>0.185<sup>**</sup></td><td>0.164<sup>**</sup></td></tr>
<tr><td style="text-align:left"></td><td>(0.106)</td><td>(0.075)</td><td>(0.077)</td></tr>
<tr><td style="text-align:left"></td><td></td><td></td><td></td></tr>
<tr><td style="text-align:left">ctrl_obs_2catTalents:genderUnknown</td><td>-0.065</td><td>-0.010</td><td>-0.818<sup>***</sup></td></tr>
<tr><td style="text-align:left"></td><td>(0.257)</td><td>(0.101)</td><td>(0.169)</td></tr>
<tr><td style="text-align:left"></td><td></td><td></td><td></td></tr>
<tr><td style="text-align:left">Constant</td><td>-1.545<sup>***</sup></td><td>-0.585<sup>***</sup></td><td>-0.749<sup>***</sup></td></tr>
<tr><td style="text-align:left"></td><td>(0.062)</td><td>(0.044)</td><td>(0.046)</td></tr>
<tr><td style="text-align:left"></td><td></td><td></td><td></td></tr>
<tr><td colspan="4" style="border-bottom: 1px solid black"></td></tr><tr><td style="text-align:left">Akaike Inf. Crit.</td><td>70,323.950</td><td>70,323.950</td><td>70,323.950</td></tr>
<tr><td colspan="4" style="border-bottom: 1px solid black"></td></tr><tr><td style="text-align:left"><em>Note:</em></td><td colspan="3" style="text-align:right"><sup>*</sup>p<0.1; <sup>**</sup>p<0.05; <sup>***</sup>p<0.01</td></tr>
</table>
[1] "Stat model results: \n"

================================================================
                                                   Model 1      
----------------------------------------------------------------
Both: (Intercept)                                      -1.55 ***
                                                       (0.06)   
Both: ctrl_obs_2catTalents                             -0.05    
                                                       (0.09)   
Both: genderMale                                        0.05    
                                                       (0.07)   
Both: genderUnknown                                    -1.83 ***
                                                       (0.18)   
Both: ctrl_obs_2catTalents:genderMale                   0.47 ***
                                                       (0.11)   
Both: ctrl_obs_2catTalents:genderUnknown               -0.06    
                                                       (0.26)   
Internal: (Intercept)                                  -0.59 ***
                                                       (0.04)   
Internal: ctrl_obs_2catTalents                          0.01    
                                                       (0.06)   
Internal: genderMale                                    0.01    
                                                       (0.05)   
Internal: genderUnknown                                -0.26 ***
                                                       (0.07)   
Internal: ctrl_obs_2catTalents:genderMale               0.18 *  
                                                       (0.07)   
Internal: ctrl_obs_2catTalents:genderUnknown           -0.01    
                                                       (0.10)   
International: (Intercept)                             -0.75 ***
                                                       (0.05)   
International: ctrl_obs_2catTalents                     0.09    
                                                       (0.07)   
International: genderMale                               0.08    
                                                       (0.05)   
International: genderUnknown                           -1.36 ***
                                                       (0.10)   
International: ctrl_obs_2catTalents:genderMale          0.16 *  
                                                       (0.08)   
International: ctrl_obs_2catTalents:genderUnknown      -0.82 ***
                                                       (0.17)   
----------------------------------------------------------------
AIC                                                 70323.95    
BIC                                                 70472.53    
Log Likelihood                                     -35143.98    
Deviance                                            70287.95    
Num. obs.                                           28406       
K                                                       4       
================================================================
*** p < 0.001; ** p < 0.01; * p < 0.05
