running
  'C:\PROGRA~1\R\R-45~1.1\bin\x64\Rterm.exe --no-echo --no-restore --no-save --no-restore --file=workflow/scripts/read_data_run_statistical_model_regions.R --args --input G:/ali/talents/results/Akbaritabar_Haunschild_Bornmann_replication_data.csv --region2use WBregion --output G:/ali/talents/results/md_prd2_WBregion_region.csv G:/ali/talents/results/tables/TABLE_4_WBregion_region.html'

-- Attaching core tidyverse packages ------------------------ tidyverse 2.0.0 --
v dplyr     1.1.4     v readr     2.1.5
v forcats   1.0.0     v stringr   1.5.2
v ggplot2   4.0.0     v tibble    3.3.0
v lubridate 1.9.4     v tidyr     1.3.1
v purrr     1.1.0     
-- Conflicts ------------------------------------------ tidyverse_conflicts() --
x dplyr::filter() masks stats::filter()
x dplyr::lag()    masks stats::lag()
i Use the conflicted package (<http://conflicted.r-lib.org/>) to force all conflicts to become errors

Please cite as: 

 Hlavac, Marek (2022). stargazer: Well-Formatted Regression and Summary Statistics Tables.
 R package version 5.2.3. https://CRAN.R-project.org/package=stargazer 

Version:  1.39.4
Date:     2024-07-23
Author:   Philip Leifeld (University of Manchester)

Consider submitting praise using the praise or praise_interactive functions.
Please cite the JSS article in your publications -- see citation("texreg").

Attaching package: 'texreg'

The following object is masked from 'package:tidyr':

    extract

[1] "R working directory: "
[1] "G:/ali/talents"
[1] "##################################################"
[1] "Received these arguments from command line: "
[[1]]
[1] FALSE

$help
[1] FALSE

$opts
[1] NA

$input
[1] "G:/ali/talents/results/Akbaritabar_Haunschild_Bornmann_replication_data.csv"

$region2use
[1] "WBregion"

$output
[1] "G:/ali/talents/results/md_prd2_WBregion_region.csv"        
[2] "G:/ali/talents/results/tables/TABLE_4_WBregion_region.html"

[1] "Current R session Info: "
R version 4.5.1 (2025-06-13 ucrt)
Platform: x86_64-w64-mingw32/x64
Running under: Windows Server 2019 x64 (build 17763)

Matrix products: default
  LAPACK version 3.12.1

locale:
[1] LC_COLLATE=German_Germany.1252  LC_CTYPE=German_Germany.1252   
[3] LC_MONETARY=German_Germany.1252 LC_NUMERIC=C                   
[5] LC_TIME=German_Germany.1252    

time zone: Europe/Berlin
tzcode source: internal

attached base packages:
[1] stats     graphics  grDevices utils     datasets  methods   base     

other attached packages:
 [1] argparser_0.7.2 ggeffects_2.3.1 GGally_2.4.0    nnet_7.3-20    
 [5] texreg_1.39.4   stargazer_5.2.3 lubridate_1.9.4 forcats_1.0.0  
 [9] stringr_1.5.2   dplyr_1.1.4     purrr_1.1.0     readr_2.1.5    
[13] tidyr_1.3.1     tibble_3.3.0    ggplot2_4.0.0   tidyverse_2.0.0

loaded via a namespace (and not attached):
 [1] gtable_0.3.6       compiler_4.5.1     tidyselect_1.2.1   ggstats_0.10.0    
 [5] scales_1.4.0       R6_2.6.1           generics_0.1.4     insight_1.4.2     
 [9] pillar_1.11.0      RColorBrewer_1.1-3 tzdb_0.5.0         rlang_1.1.6       
[13] stringi_1.8.7      S7_0.2.0           timechange_0.3.0   cli_3.6.5         
[17] withr_3.0.2        magrittr_2.0.4     grid_4.5.1         hms_1.1.3         
[21] lifecycle_1.0.4    vctrs_0.6.5        glue_1.8.0         farver_2.1.2      
[25] httr_1.4.7         tools_4.5.1        pkgconfig_2.0.3   
Rows: 28406 Columns: 14
-- Column specification --------------------------------------------------------
Delimiter: ","
chr (12): ctrl_obs_cat, ctrl_obs_2cat, first_gender, second_gender, third_ge...
dbl  (2): fake_author_ID, acadmic_age

i Use `spec()` to retrieve the full column specification for this data.
i Specify the column types or set `show_col_types = FALSE` to quiet this message.
# weights:  96 (69 variable)
initial  value 39379.077622 
iter  10 value 34673.699326
iter  20 value 34530.112219
iter  30 value 34280.979832
iter  40 value 34254.497650
iter  50 value 34248.427716
iter  60 value 34247.783015
iter  70 value 34246.546749
iter  80 value 34246.223737
final  value 34246.198971 
converged
# A tibble: 6 x 4
  x      predicted response.level group             
  <fct>      <dbl> <chr>          <fct>             
1 Others 0.622     Non mobile     Sub-Saharan Africa
2 Others 0.0000192 Both           Sub-Saharan Africa
3 Others 0.125     Internal       Sub-Saharan Africa
4 Others 0.253     International  Sub-Saharan Africa
5 Others 0.471     Non mobile     BRA               
6 Others 0.0549    Both           BRA               

<table style="text-align:center"><tr><td colspan="4" style="border-bottom: 1px solid black"></td></tr><tr><td style="text-align:left"></td><td colspan="3"><em>Dependent variable:</em></td></tr>
<tr><td></td><td colspan="3" style="border-bottom: 1px solid black"></td></tr>
<tr><td style="text-align:left"></td><td>Both</td><td>Internal</td><td>International</td></tr>
<tr><td style="text-align:left"></td><td>(1)</td><td>(2)</td><td>(3)</td></tr>
<tr><td colspan="4" style="border-bottom: 1px solid black"></td></tr><tr><td style="text-align:left">ctrl_obs_2catTalents</td><td>9.061<sup>***</sup></td><td>0.299</td><td>0.802</td></tr>
<tr><td style="text-align:left"></td><td>(0.336)</td><td>(1.016)</td><td>(0.739)</td></tr>
<tr><td style="text-align:left"></td><td></td><td></td><td></td></tr>
<tr><td style="text-align:left">region2useBRA</td><td>8.239<sup>***</sup></td><td>1.196</td><td>-0.167</td></tr>
<tr><td style="text-align:left"></td><td>(0.429)</td><td>(0.794)</td><td>(0.625)</td></tr>
<tr><td style="text-align:left"></td><td></td><td></td><td></td></tr>
<tr><td style="text-align:left">region2useCHN</td><td>8.503<sup>***</sup></td><td>0.685</td><td>-0.389</td></tr>
<tr><td style="text-align:left"></td><td>(0.344)</td><td>(0.782)</td><td>(0.599)</td></tr>
<tr><td style="text-align:left"></td><td></td><td></td><td></td></tr>
<tr><td style="text-align:left">region2useEast Asia</td><td>Pacific</td><td>8.841<sup>***</sup></td><td>1.155</td></tr>
<tr><td style="text-align:left"></td><td>(0.342)</td><td>(0.781)</td><td>(0.598)</td></tr>
<tr><td style="text-align:left"></td><td></td><td></td><td></td></tr>
<tr><td style="text-align:left">region2useEurope</td><td>Central Asia</td><td>8.493<sup>***</sup></td><td>0.536</td></tr>
<tr><td style="text-align:left"></td><td>(0.339)</td><td>(0.781)</td><td>(0.596)</td></tr>
<tr><td style="text-align:left"></td><td></td><td></td><td></td></tr>
<tr><td style="text-align:left">region2useLatin America</td><td>Caribbean</td><td>8.880<sup>***</sup></td><td>0.856</td></tr>
<tr><td style="text-align:left"></td><td>(0.420)</td><td>(0.808)</td><td>(0.619)</td></tr>
<tr><td style="text-align:left"></td><td></td><td></td><td></td></tr>
<tr><td style="text-align:left">region2useMiddle East</td><td>North Africa</td><td>8.962<sup>***</sup></td><td>0.287</td></tr>
<tr><td style="text-align:left"></td><td>(0.383)</td><td>(0.804)</td><td>(0.609)</td></tr>
<tr><td style="text-align:left"></td><td></td><td></td><td></td></tr>
<tr><td style="text-align:left">region2useNorth America</td><td>9.180<sup>***</sup></td><td>0.432</td><td>0.626</td></tr>
<tr><td style="text-align:left"></td><td>(0.365)</td><td>(0.795)</td><td>(0.607)</td></tr>
<tr><td style="text-align:left"></td><td></td><td></td><td></td></tr>
<tr><td style="text-align:left">region2useSouth Asia</td><td>9.208<sup>***</sup></td><td>0.668</td><td>0.540</td></tr>
<tr><td style="text-align:left"></td><td>(0.375)</td><td>(0.797)</td><td>(0.611)</td></tr>
<tr><td style="text-align:left"></td><td></td><td></td><td></td></tr>
<tr><td style="text-align:left">region2useUSA</td><td>9.054<sup>***</sup></td><td>1.759<sup>**</sup></td><td>-0.076</td></tr>
<tr><td style="text-align:left"></td><td>(0.341)</td><td>(0.781)</td><td>(0.598)</td></tr>
<tr><td style="text-align:left"></td><td></td><td></td><td></td></tr>
<tr><td style="text-align:left">region2useZAF</td><td>9.596<sup>***</sup></td><td>0.151</td><td>0.146</td></tr>
<tr><td style="text-align:left"></td><td>(0.564)</td><td>(1.011)</td><td>(0.775)</td></tr>
<tr><td style="text-align:left"></td><td></td><td></td><td></td></tr>
<tr><td style="text-align:left">acadmic_age</td><td>0.143<sup>***</sup></td><td>0.093<sup>***</sup></td><td>0.066<sup>***</sup></td></tr>
<tr><td style="text-align:left"></td><td>(0.009)</td><td>(0.006)</td><td>(0.006)</td></tr>
<tr><td style="text-align:left"></td><td></td><td></td><td></td></tr>
<tr><td style="text-align:left">ctrl_obs_2catTalents:region2useBRA</td><td>-9.453<sup>***</sup></td><td>-0.971</td><td>-0.689</td></tr>
<tr><td style="text-align:left"></td><td>(0.590)</td><td>(1.054)</td><td>(0.795)</td></tr>
<tr><td style="text-align:left"></td><td></td><td></td><td></td></tr>
<tr><td style="text-align:left">ctrl_obs_2catTalents:region2useCHN</td><td>-9.105<sup>***</sup></td><td>-0.604</td><td>-0.815</td></tr>
<tr><td style="text-align:left"></td><td>(0.353)</td><td>(1.020)</td><td>(0.744)</td></tr>
<tr><td style="text-align:left"></td><td></td><td></td><td></td></tr>
<tr><td style="text-align:left">ctrl_obs_2catTalents:region2useEast Asia</td><td>Pacific</td><td>-9.017<sup>***</sup></td><td>-0.345</td></tr>
<tr><td style="text-align:left"></td><td>(0.349)</td><td>(1.019)</td><td>(0.743)</td></tr>
<tr><td style="text-align:left"></td><td></td><td></td><td></td></tr>
<tr><td style="text-align:left">ctrl_obs_2catTalents:region2useEurope</td><td>Central Asia</td><td>-8.695<sup>***</sup></td><td>-0.336</td></tr>
<tr><td style="text-align:left"></td><td>(0.342)</td><td>(1.018)</td><td>(0.740)</td></tr>
<tr><td style="text-align:left"></td><td></td><td></td><td></td></tr>
<tr><td style="text-align:left">ctrl_obs_2catTalents:region2useLatin America</td><td>Caribbean</td><td>-8.057<sup>***</sup></td><td>-0.383</td></tr>
<tr><td style="text-align:left"></td><td>(0.541)</td><td>(1.114)</td><td>(0.819)</td></tr>
<tr><td style="text-align:left"></td><td></td><td></td><td></td></tr>
<tr><td style="text-align:left">ctrl_obs_2catTalents:region2useMiddle East</td><td>North Africa</td><td>-8.750<sup>***</sup></td><td>-0.160</td></tr>
<tr><td style="text-align:left"></td><td>(0.420)</td><td>(1.051)</td><td>(0.762)</td></tr>
<tr><td style="text-align:left"></td><td></td><td></td><td></td></tr>
<tr><td style="text-align:left">ctrl_obs_2catTalents:region2useNorth America</td><td>-8.846<sup>***</sup></td><td>-0.066</td><td>-0.455</td></tr>
<tr><td style="text-align:left"></td><td>(0.393)</td><td>(1.040)</td><td>(0.757)</td></tr>
<tr><td style="text-align:left"></td><td></td><td></td><td></td></tr>
<tr><td style="text-align:left">ctrl_obs_2catTalents:region2useSouth Asia</td><td>-9.295<sup>***</sup></td><td>-0.337</td><td>-0.846</td></tr>
<tr><td style="text-align:left"></td><td>(0.460)</td><td>(1.056)</td><td>(0.775)</td></tr>
<tr><td style="text-align:left"></td><td></td><td></td><td></td></tr>
<tr><td style="text-align:left">ctrl_obs_2catTalents:region2useUSA</td><td>-8.735<sup>***</sup></td><td>-0.055</td><td>-0.809</td></tr>
<tr><td style="text-align:left"></td><td>(0.345)</td><td>(1.018)</td><td>(0.743)</td></tr>
<tr><td style="text-align:left"></td><td></td><td></td><td></td></tr>
<tr><td style="text-align:left">ctrl_obs_2catTalents:region2useZAF</td><td>-9.038<sup>***</sup></td><td>-0.686</td><td>0.111</td></tr>
<tr><td style="text-align:left"></td><td>(0.685)</td><td>(1.355)</td><td>(0.944)</td></tr>
<tr><td style="text-align:left"></td><td></td><td></td><td></td></tr>
<tr><td style="text-align:left">Constant</td><td>-13.060<sup>***</sup></td><td>-3.352<sup>***</sup></td><td>-2.130<sup>***</sup></td></tr>
<tr><td style="text-align:left"></td><td>(0.373)</td><td>(0.787)</td><td>(0.605)</td></tr>
<tr><td style="text-align:left"></td><td></td><td></td><td></td></tr>
<tr><td colspan="4" style="border-bottom: 1px solid black"></td></tr><tr><td style="text-align:left">Akaike Inf. Crit.</td><td>68,630.400</td><td>68,630.400</td><td>68,630.400</td></tr>
<tr><td colspan="4" style="border-bottom: 1px solid black"></td></tr><tr><td style="text-align:left"><em>Note:</em></td><td colspan="3" style="text-align:right"><sup>*</sup>p<0.1; <sup>**</sup>p<0.05; <sup>***</sup>p<0.01</td></tr>
</table>
[1] "Stat model results: \n"

=======================================================================================
                                                                          Model 1      
---------------------------------------------------------------------------------------
Both: (Intercept)                                                            -13.06 ***
                                                                              (0.37)   
Both: ctrl_obs_2catTalents                                                     9.06 ***
                                                                              (0.34)   
Both: region2useBRA                                                            8.24 ***
                                                                              (0.43)   
Both: region2useCHN                                                            8.50 ***
                                                                              (0.34)   
Both: region2useEast Asia & Pacific                                            8.84 ***
                                                                              (0.34)   
Both: region2useEurope & Central Asia                                          8.49 ***
                                                                              (0.34)   
Both: region2useLatin America & Caribbean                                      8.88 ***
                                                                              (0.42)   
Both: region2useMiddle East & North Africa                                     8.96 ***
                                                                              (0.38)   
Both: region2useNorth America                                                  9.18 ***
                                                                              (0.36)   
Both: region2useSouth Asia                                                     9.21 ***
                                                                              (0.37)   
Both: region2useUSA                                                            9.05 ***
                                                                              (0.34)   
Both: region2useZAF                                                            9.60 ***
                                                                              (0.56)   
Both: acadmic_age                                                              0.14 ***
                                                                              (0.01)   
Both: ctrl_obs_2catTalents:region2useBRA                                      -9.45 ***
                                                                              (0.59)   
Both: ctrl_obs_2catTalents:region2useCHN                                      -9.11 ***
                                                                              (0.35)   
Both: ctrl_obs_2catTalents:region2useEast Asia & Pacific                      -9.02 ***
                                                                              (0.35)   
Both: ctrl_obs_2catTalents:region2useEurope & Central Asia                    -8.69 ***
                                                                              (0.34)   
Both: ctrl_obs_2catTalents:region2useLatin America & Caribbean                -8.06 ***
                                                                              (0.54)   
Both: ctrl_obs_2catTalents:region2useMiddle East & North Africa               -8.75 ***
                                                                              (0.42)   
Both: ctrl_obs_2catTalents:region2useNorth America                            -8.85 ***
                                                                              (0.39)   
Both: ctrl_obs_2catTalents:region2useSouth Asia                               -9.29 ***
                                                                              (0.46)   
Both: ctrl_obs_2catTalents:region2useUSA                                      -8.73 ***
                                                                              (0.34)   
Both: ctrl_obs_2catTalents:region2useZAF                                      -9.04 ***
                                                                              (0.68)   
Internal: (Intercept)                                                         -3.35 ***
                                                                              (0.79)   
Internal: ctrl_obs_2catTalents                                                 0.30    
                                                                              (1.02)   
Internal: region2useBRA                                                        1.20    
                                                                              (0.79)   
Internal: region2useCHN                                                        0.69    
                                                                              (0.78)   
Internal: region2useEast Asia & Pacific                                        1.16    
                                                                              (0.78)   
Internal: region2useEurope & Central Asia                                      0.54    
                                                                              (0.78)   
Internal: region2useLatin America & Caribbean                                  0.86    
                                                                              (0.81)   
Internal: region2useMiddle East & North Africa                                 0.29    
                                                                              (0.80)   
Internal: region2useNorth America                                              0.43    
                                                                              (0.80)   
Internal: region2useSouth Asia                                                 0.67    
                                                                              (0.80)   
Internal: region2useUSA                                                        1.76 *  
                                                                              (0.78)   
Internal: region2useZAF                                                        0.15    
                                                                              (1.01)   
Internal: acadmic_age                                                          0.09 ***
                                                                              (0.01)   
Internal: ctrl_obs_2catTalents:region2useBRA                                  -0.97    
                                                                              (1.05)   
Internal: ctrl_obs_2catTalents:region2useCHN                                  -0.60    
                                                                              (1.02)   
Internal: ctrl_obs_2catTalents:region2useEast Asia & Pacific                  -0.35    
                                                                              (1.02)   
Internal: ctrl_obs_2catTalents:region2useEurope & Central Asia                -0.34    
                                                                              (1.02)   
Internal: ctrl_obs_2catTalents:region2useLatin America & Caribbean            -0.38    
                                                                              (1.11)   
Internal: ctrl_obs_2catTalents:region2useMiddle East & North Africa           -0.16    
                                                                              (1.05)   
Internal: ctrl_obs_2catTalents:region2useNorth America                        -0.07    
                                                                              (1.04)   
Internal: ctrl_obs_2catTalents:region2useSouth Asia                           -0.34    
                                                                              (1.06)   
Internal: ctrl_obs_2catTalents:region2useUSA                                  -0.06    
                                                                              (1.02)   
Internal: ctrl_obs_2catTalents:region2useZAF                                  -0.69    
                                                                              (1.35)   
International: (Intercept)                                                    -2.13 ***
                                                                              (0.60)   
International: ctrl_obs_2catTalents                                            0.80    
                                                                              (0.74)   
International: region2useBRA                                                  -0.17    
                                                                              (0.63)   
International: region2useCHN                                                  -0.39    
                                                                              (0.60)   
International: region2useEast Asia & Pacific                                   0.12    
                                                                              (0.60)   
International: region2useEurope & Central Asia                                 0.17    
                                                                              (0.60)   
International: region2useLatin America & Caribbean                             0.98    
                                                                              (0.62)   
International: region2useMiddle East & North Africa                            0.85    
                                                                              (0.61)   
International: region2useNorth America                                         0.63    
                                                                              (0.61)   
International: region2useSouth Asia                                            0.54    
                                                                              (0.61)   
International: region2useUSA                                                  -0.08    
                                                                              (0.60)   
International: region2useZAF                                                   0.15    
                                                                              (0.77)   
International: acadmic_age                                                     0.07 ***
                                                                              (0.01)   
International: ctrl_obs_2catTalents:region2useBRA                             -0.69    
                                                                              (0.80)   
International: ctrl_obs_2catTalents:region2useCHN                             -0.81    
                                                                              (0.74)   
International: ctrl_obs_2catTalents:region2useEast Asia & Pacific             -0.87    
                                                                              (0.74)   
International: ctrl_obs_2catTalents:region2useEurope & Central Asia           -0.45    
                                                                              (0.74)   
International: ctrl_obs_2catTalents:region2useLatin America & Caribbean       -0.81    
                                                                              (0.82)   
International: ctrl_obs_2catTalents:region2useMiddle East & North Africa      -0.93    
                                                                              (0.76)   
International: ctrl_obs_2catTalents:region2useNorth America                   -0.45    
                                                                              (0.76)   
International: ctrl_obs_2catTalents:region2useSouth Asia                      -0.85    
                                                                              (0.78)   
International: ctrl_obs_2catTalents:region2useUSA                             -0.81    
                                                                              (0.74)   
International: ctrl_obs_2catTalents:region2useZAF                              0.11    
                                                                              (0.94)   
---------------------------------------------------------------------------------------
AIC                                                                        68630.40    
BIC                                                                        69199.95    
Log Likelihood                                                            -34246.20    
Deviance                                                                   68492.40    
Num. obs.                                                                  28406       
K                                                                              4       
=======================================================================================
*** p < 0.001; ** p < 0.01; * p < 0.05
