running
  'C:\PROGRA~1\R\R-45~1.1\bin\x64\Rterm.exe --no-echo --no-restore --no-save --no-restore --file=workflow/scripts/read_data_run_statistical_model_full_gender_regions.R --args --input G:/ali/talents/results/Akbaritabar_Haunschild_Bornmann_replication_data.csv --gender first --region2use WBregion --output G:/ali/talents/results/md_prd3_first_WBregion_full.csv G:/ali/talents/results/tables/TABLE_5_first_WBregion_full.html'

-- Attaching core tidyverse packages ------------------------ tidyverse 2.0.0 --
v dplyr     1.1.4     v readr     2.1.5
v forcats   1.0.0     v stringr   1.5.2
v ggplot2   4.0.0     v tibble    3.3.0
v lubridate 1.9.4     v tidyr     1.3.1
v purrr     1.1.0     
-- Conflicts ------------------------------------------ tidyverse_conflicts() --
x dplyr::filter() masks stats::filter()
x dplyr::lag()    masks stats::lag()
i Use the conflicted package (<http://conflicted.r-lib.org/>) to force all conflicts to become errors

Please cite as: 

 Hlavac, Marek (2022). stargazer: Well-Formatted Regression and Summary Statistics Tables.
 R package version 5.2.3. https://CRAN.R-project.org/package=stargazer 

Version:  1.39.4
Date:     2024-07-23
Author:   Philip Leifeld (University of Manchester)

Consider submitting praise using the praise or praise_interactive functions.
Please cite the JSS article in your publications -- see citation("texreg").

Attaching package: 'texreg'

The following object is masked from 'package:tidyr':

    extract

[1] "R working directory: "
[1] "G:/ali/talents"
[1] "##################################################"
[1] "Received these arguments from command line: "
[[1]]
[1] FALSE

$help
[1] FALSE

$opts
[1] NA

$input
[1] "G:/ali/talents/results/Akbaritabar_Haunschild_Bornmann_replication_data.csv"

$gender
[1] "first"

$region2use
[1] "WBregion"

$output
[1] "G:/ali/talents/results/md_prd3_first_WBregion_full.csv"        
[2] "G:/ali/talents/results/tables/TABLE_5_first_WBregion_full.html"

[1] "Current R session Info: "
R version 4.5.1 (2025-06-13 ucrt)
Platform: x86_64-w64-mingw32/x64
Running under: Windows Server 2019 x64 (build 17763)

Matrix products: default
  LAPACK version 3.12.1

locale:
[1] LC_COLLATE=German_Germany.1252  LC_CTYPE=German_Germany.1252   
[3] LC_MONETARY=German_Germany.1252 LC_NUMERIC=C                   
[5] LC_TIME=German_Germany.1252    

time zone: Europe/Berlin
tzcode source: internal

attached base packages:
[1] stats     graphics  grDevices utils     datasets  methods   base     

other attached packages:
 [1] argparser_0.7.2 ggeffects_2.3.1 GGally_2.4.0    nnet_7.3-20    
 [5] texreg_1.39.4   stargazer_5.2.3 lubridate_1.9.4 forcats_1.0.0  
 [9] stringr_1.5.2   dplyr_1.1.4     purrr_1.1.0     readr_2.1.5    
[13] tidyr_1.3.1     tibble_3.3.0    ggplot2_4.0.0   tidyverse_2.0.0

loaded via a namespace (and not attached):
 [1] gtable_0.3.6       compiler_4.5.1     tidyselect_1.2.1   ggstats_0.10.0    
 [5] scales_1.4.0       R6_2.6.1           generics_0.1.4     insight_1.4.2     
 [9] pillar_1.11.0      RColorBrewer_1.1-3 tzdb_0.5.0         rlang_1.1.6       
[13] stringi_1.8.7      S7_0.2.0           timechange_0.3.0   cli_3.6.5         
[17] withr_3.0.2        magrittr_2.0.4     grid_4.5.1         hms_1.1.3         
[21] lifecycle_1.0.4    vctrs_0.6.5        glue_1.8.0         farver_2.1.2      
[25] httr_1.4.7         tools_4.5.1        pkgconfig_2.0.3   
Rows: 28406 Columns: 14
-- Column specification --------------------------------------------------------
Delimiter: ","
chr (12): ctrl_obs_cat, ctrl_obs_2cat, first_gender, second_gender, third_ge...
dbl  (2): fake_author_ID, acadmic_age

i Use `spec()` to retrieve the full column specification for this data.
i Specify the column types or set `show_col_types = FALSE` to quiet this message.
# weights:  272 (201 variable)
initial  value 39379.077622 
iter  10 value 34663.040509
iter  20 value 34370.525385
iter  30 value 33941.473336
iter  40 value 33674.124233
iter  50 value 33577.058270
iter  60 value 33555.985697
iter  70 value 33546.565334
iter  80 value 33542.716040
iter  90 value 33541.191629
iter 100 value 33539.128020
iter 110 value 33537.705279
iter 120 value 33536.865054
iter 130 value 33536.275716
iter 140 value 33536.114128
iter 150 value 33536.071347
final  value 33536.058317 
converged
# A tibble: 6 x 5
  x      predicted response.level group  facet                    
  <fct>      <dbl> <chr>          <fct>  <fct>                    
1 Others     0.184 Non mobile     Female Sub-Saharan Africa       
2 Others     0.541 Non mobile     Female BRA                      
3 Others     0.465 Non mobile     Female CHN                      
4 Others     0.402 Non mobile     Female East Asia & Pacific      
5 Others     0.499 Non mobile     Female Europe & Central Asia    
6 Others     0.351 Non mobile     Female Latin America & Caribbean

<table style="text-align:center"><tr><td colspan="4" style="border-bottom: 1px solid black"></td></tr><tr><td style="text-align:left"></td><td colspan="3"><em>Dependent variable:</em></td></tr>
<tr><td></td><td colspan="3" style="border-bottom: 1px solid black"></td></tr>
<tr><td style="text-align:left"></td><td>Both</td><td>Internal</td><td>International</td></tr>
<tr><td style="text-align:left"></td><td>(1)</td><td>(2)</td><td>(3)</td></tr>
<tr><td colspan="4" style="border-bottom: 1px solid black"></td></tr><tr><td style="text-align:left">ctrl_obs_2catTalents</td><td>1.156<sup>***</sup></td><td>-1.809<sup>**</sup></td><td>-2.457<sup>***</sup></td></tr>
<tr><td style="text-align:left"></td><td>(0.309)</td><td>(0.845)</td><td>(0.653)</td></tr>
<tr><td style="text-align:left"></td><td></td><td></td><td></td></tr>
<tr><td style="text-align:left">genderMale</td><td>-1.131<sup>***</sup></td><td>-2.706<sup>***</sup></td><td>-2.615<sup>***</sup></td></tr>
<tr><td style="text-align:left"></td><td>(0.251)</td><td>(0.805)</td><td>(0.759)</td></tr>
<tr><td style="text-align:left"></td><td></td><td></td><td></td></tr>
<tr><td style="text-align:left">genderUnknown</td><td>-4.545<sup>***</sup></td><td>-2.904<sup>***</sup></td><td>-4.171<sup>***</sup></td></tr>
<tr><td style="text-align:left"></td><td>(0.267)</td><td>(0.173)</td><td>(0.206)</td></tr>
<tr><td style="text-align:left"></td><td></td><td></td><td></td></tr>
<tr><td style="text-align:left">region2useBRA</td><td>5.670<sup>***</sup></td><td>-1.158</td><td>-2.528<sup>***</sup></td></tr>
<tr><td style="text-align:left"></td><td>(0.496)</td><td>(0.805)</td><td>(0.766)</td></tr>
<tr><td style="text-align:left"></td><td></td><td></td><td></td></tr>
<tr><td style="text-align:left">region2useCHN</td><td>6.448<sup>***</sup></td><td>-1.468<sup>*</sup></td><td>-1.759<sup>**</sup></td></tr>
<tr><td style="text-align:left"></td><td>(0.284)</td><td>(0.770)</td><td>(0.685)</td></tr>
<tr><td style="text-align:left"></td><td></td><td></td><td></td></tr>
<tr><td style="text-align:left">region2useEast Asia</td><td>Pacific</td><td>6.511<sup>***</sup></td><td>-0.849</td></tr>
<tr><td style="text-align:left"></td><td>(0.280)</td><td>(0.765)</td><td>(0.684)</td></tr>
<tr><td style="text-align:left"></td><td></td><td></td><td></td></tr>
<tr><td style="text-align:left">region2useEurope</td><td>Central Asia</td><td>5.701<sup>***</sup></td><td>-1.429<sup>*</sup></td></tr>
<tr><td style="text-align:left"></td><td>(0.257)</td><td>(0.758)</td><td>(0.674)</td></tr>
<tr><td style="text-align:left"></td><td></td><td></td><td></td></tr>
<tr><td style="text-align:left">region2useLatin America</td><td>Caribbean</td><td>5.797<sup>***</sup></td><td>-1.558<sup>*</sup></td></tr>
<tr><td style="text-align:left"></td><td>(0.734)</td><td>(0.925)</td><td>(0.756)</td></tr>
<tr><td style="text-align:left"></td><td></td><td></td><td></td></tr>
<tr><td style="text-align:left">region2useMiddle East</td><td>North Africa</td><td>6.504<sup>***</sup></td><td>-2.410<sup>**</sup></td></tr>
<tr><td style="text-align:left"></td><td>(0.463)</td><td>(0.950)</td><td>(0.751)</td></tr>
<tr><td style="text-align:left"></td><td></td><td></td><td></td></tr>
<tr><td style="text-align:left">region2useNorth America</td><td>6.192<sup>***</sup></td><td>-1.785<sup>**</sup></td><td>-1.775<sup>**</sup></td></tr>
<tr><td style="text-align:left"></td><td>(0.362)</td><td>(0.803)</td><td>(0.706)</td></tr>
<tr><td style="text-align:left"></td><td></td><td></td><td></td></tr>
<tr><td style="text-align:left">region2useSouth Asia</td><td>5.576<sup>***</sup></td><td>-0.939</td><td>-1.635<sup>**</sup></td></tr>
<tr><td style="text-align:left"></td><td>(0.606)</td><td>(0.819)</td><td>(0.746)</td></tr>
<tr><td style="text-align:left"></td><td></td><td></td><td></td></tr>
<tr><td style="text-align:left">region2useUSA</td><td>6.434<sup>***</sup></td><td>-0.171</td><td>-1.997<sup>***</sup></td></tr>
<tr><td style="text-align:left"></td><td>(0.266)</td><td>(0.759)</td><td>(0.680)</td></tr>
<tr><td style="text-align:left"></td><td></td><td></td><td></td></tr>
<tr><td style="text-align:left">region2useZAF</td><td>6.195<sup>***</sup></td><td>-1.918</td><td>-1.865<sup>*</sup></td></tr>
<tr><td style="text-align:left"></td><td>(1.024)</td><td>(1.314)</td><td>(1.038)</td></tr>
<tr><td style="text-align:left"></td><td></td><td></td><td></td></tr>
<tr><td style="text-align:left">acadmic_age</td><td>0.147<sup>***</sup></td><td>0.094<sup>***</sup></td><td>0.069<sup>***</sup></td></tr>
<tr><td style="text-align:left"></td><td>(0.009)</td><td>(0.006)</td><td>(0.006)</td></tr>
<tr><td style="text-align:left"></td><td></td><td></td><td></td></tr>
<tr><td style="text-align:left">ctrl_obs_2catTalents:genderMale</td><td>7.092<sup>***</sup></td><td>3.156<sup>***</sup></td><td>4.595<sup>***</sup></td></tr>
<tr><td style="text-align:left"></td><td>(0.322)</td><td>(0.779)</td><td>(0.617)</td></tr>
<tr><td style="text-align:left"></td><td></td><td></td><td></td></tr>
<tr><td style="text-align:left">ctrl_obs_2catTalents:genderUnknown</td><td>0.187</td><td>-2.386<sup>***</sup></td><td>-0.756<sup>**</sup></td></tr>
<tr><td style="text-align:left"></td><td>(0.338)</td><td>(0.296)</td><td>(0.321)</td></tr>
<tr><td style="text-align:left"></td><td></td><td></td><td></td></tr>
<tr><td style="text-align:left">ctrl_obs_2catTalents:region2useBRA</td><td>-12.531<sup>***</sup></td><td>1.715<sup>*</sup></td><td>2.950<sup>***</sup></td></tr>
<tr><td style="text-align:left"></td><td>(0.328)</td><td>(0.986)</td><td>(0.869)</td></tr>
<tr><td style="text-align:left"></td><td></td><td></td><td></td></tr>
<tr><td style="text-align:left">ctrl_obs_2catTalents:region2useCHN</td><td>-1.801<sup>***</sup></td><td>1.483<sup>*</sup></td><td>2.390<sup>***</sup></td></tr>
<tr><td style="text-align:left"></td><td>(0.390)</td><td>(0.873)</td><td>(0.678)</td></tr>
<tr><td style="text-align:left"></td><td></td><td></td><td></td></tr>
<tr><td style="text-align:left">ctrl_obs_2catTalents:region2useEast Asia</td><td>Pacific</td><td>-1.406<sup>***</sup></td><td>1.716<sup>**</sup></td></tr>
<tr><td style="text-align:left"></td><td>(0.378)</td><td>(0.863)</td><td>(0.677)</td></tr>
<tr><td style="text-align:left"></td><td></td><td></td><td></td></tr>
<tr><td style="text-align:left">ctrl_obs_2catTalents:region2useEurope</td><td>Central Asia</td><td>-1.215<sup>***</sup></td><td>1.515<sup>*</sup></td></tr>
<tr><td style="text-align:left"></td><td>(0.342)</td><td>(0.853)</td><td>(0.659)</td></tr>
<tr><td style="text-align:left"></td><td></td><td></td><td></td></tr>
<tr><td style="text-align:left">ctrl_obs_2catTalents:region2useLatin America</td><td>Caribbean</td><td>-0.415</td><td>1.818</td></tr>
<tr><td style="text-align:left"></td><td>(1.278)</td><td>(1.478)</td><td>(1.130)</td></tr>
<tr><td style="text-align:left"></td><td></td><td></td><td></td></tr>
<tr><td style="text-align:left">ctrl_obs_2catTalents:region2useMiddle East</td><td>North Africa</td><td>-1.037</td><td>2.244<sup>*</sup></td></tr>
<tr><td style="text-align:left"></td><td>(0.683)</td><td>(1.177)</td><td>(0.810)</td></tr>
<tr><td style="text-align:left"></td><td></td><td></td><td></td></tr>
<tr><td style="text-align:left">ctrl_obs_2catTalents:region2useNorth America</td><td>-1.452<sup>***</sup></td><td>1.893<sup>**</sup></td><td>2.967<sup>***</sup></td></tr>
<tr><td style="text-align:left"></td><td>(0.524)</td><td>(0.931)</td><td>(0.715)</td></tr>
<tr><td style="text-align:left"></td><td></td><td></td><td></td></tr>
<tr><td style="text-align:left">ctrl_obs_2catTalents:region2useSouth Asia</td><td>-1.268</td><td>1.237</td><td>2.341<sup>***</sup></td></tr>
<tr><td style="text-align:left"></td><td>(0.920)</td><td>(1.004)</td><td>(0.819)</td></tr>
<tr><td style="text-align:left"></td><td></td><td></td><td></td></tr>
<tr><td style="text-align:left">ctrl_obs_2catTalents:region2useUSA</td><td>-1.089<sup>***</sup></td><td>1.846<sup>**</sup></td><td>2.311<sup>***</sup></td></tr>
<tr><td style="text-align:left"></td><td>(0.347)</td><td>(0.852)</td><td>(0.671)</td></tr>
<tr><td style="text-align:left"></td><td></td><td></td><td></td></tr>
<tr><td style="text-align:left">ctrl_obs_2catTalents:region2useZAF</td><td>-1.912</td><td>-9.165<sup>***</sup></td><td>1.847</td></tr>
<tr><td style="text-align:left"></td><td>(1.411)</td><td>(0.806)</td><td>(1.243)</td></tr>
<tr><td style="text-align:left"></td><td></td><td></td><td></td></tr>
<tr><td style="text-align:left">genderMale:region2useBRA</td><td>1.040<sup>*</sup></td><td>3.109<sup>***</sup></td><td>3.326<sup>***</sup></td></tr>
<tr><td style="text-align:left"></td><td>(0.606)</td><td>(0.870)</td><td>(0.869)</td></tr>
<tr><td style="text-align:left"></td><td></td><td></td><td></td></tr>
<tr><td style="text-align:left">genderUnknown:region2useBRA</td><td>-7.241<sup>***</sup></td><td>3.538<sup>***</sup></td><td>-4.676<sup>***</sup></td></tr>
<tr><td style="text-align:left"></td><td>(0.00001)</td><td>(0.504)</td><td>(0.524)</td></tr>
<tr><td style="text-align:left"></td><td></td><td></td><td></td></tr>
<tr><td style="text-align:left">genderMale:region2useCHN</td><td>0.820<sup>***</sup></td><td>2.794<sup>***</sup></td><td>2.375<sup>***</sup></td></tr>
<tr><td style="text-align:left"></td><td>(0.309)</td><td>(0.822)</td><td>(0.775)</td></tr>
<tr><td style="text-align:left"></td><td></td><td></td><td></td></tr>
<tr><td style="text-align:left">genderUnknown:region2useCHN</td><td>2.038<sup>***</sup></td><td>3.087<sup>***</sup></td><td>2.124<sup>***</sup></td></tr>
<tr><td style="text-align:left"></td><td>(0.398)</td><td>(0.238)</td><td>(0.293)</td></tr>
<tr><td style="text-align:left"></td><td></td><td></td><td></td></tr>
<tr><td style="text-align:left">genderMale:region2useEast Asia</td><td>Pacific</td><td>0.972<sup>***</sup></td><td>2.856<sup>***</sup></td></tr>
<tr><td style="text-align:left"></td><td>(0.301)</td><td>(0.816)</td><td>(0.772)</td></tr>
<tr><td style="text-align:left"></td><td></td><td></td><td></td></tr>
<tr><td style="text-align:left">genderUnknown:region2useEast Asia</td><td>Pacific</td><td>2.329<sup>***</sup></td><td>2.297<sup>***</sup></td></tr>
<tr><td style="text-align:left"></td><td>(0.397)</td><td>(0.230)</td><td>(0.269)</td></tr>
<tr><td style="text-align:left"></td><td></td><td></td><td></td></tr>
<tr><td style="text-align:left">genderMale:region2useEurope</td><td>Central Asia</td><td>1.276<sup>***</sup></td><td>2.613<sup>***</sup></td></tr>
<tr><td style="text-align:left"></td><td>(0.274)</td><td>(0.809)</td><td>(0.763)</td></tr>
<tr><td style="text-align:left"></td><td></td><td></td><td></td></tr>
<tr><td style="text-align:left">genderUnknown:region2useEurope</td><td>Central Asia</td><td>2.339<sup>***</sup></td><td>2.709<sup>***</sup></td></tr>
<tr><td style="text-align:left"></td><td>(0.663)</td><td>(0.248)</td><td>(0.314)</td></tr>
<tr><td style="text-align:left"></td><td></td><td></td><td></td></tr>
<tr><td style="text-align:left">genderMale:region2useLatin America</td><td>Caribbean</td><td>1.610<sup>**</sup></td><td>3.075<sup>***</sup></td></tr>
<tr><td style="text-align:left"></td><td>(0.787)</td><td>(0.986)</td><td>(0.853)</td></tr>
<tr><td style="text-align:left"></td><td></td><td></td><td></td></tr>
<tr><td style="text-align:left">genderUnknown:region2useLatin America</td><td>Caribbean</td><td>-2.736<sup>***</sup></td><td>4.027<sup>***</sup></td></tr>
<tr><td style="text-align:left"></td><td>(0.754)</td><td>(0.835)</td><td>(1.043)</td></tr>
<tr><td style="text-align:left"></td><td></td><td></td><td></td></tr>
<tr><td style="text-align:left">genderMale:region2useMiddle East</td><td>North Africa</td><td>0.878<sup>*</sup></td><td>3.492<sup>***</sup></td></tr>
<tr><td style="text-align:left"></td><td>(0.515)</td><td>(1.001)</td><td>(0.840)</td></tr>
<tr><td style="text-align:left"></td><td></td><td></td><td></td></tr>
<tr><td style="text-align:left">genderUnknown:region2useMiddle East</td><td>North Africa</td><td>-4.911<sup>***</sup></td><td>3.412<sup>***</sup></td></tr>
<tr><td style="text-align:left"></td><td>(0.531)</td><td>(0.905)</td><td>(0.0002)</td></tr>
<tr><td style="text-align:left"></td><td></td><td></td><td></td></tr>
<tr><td style="text-align:left">genderMale:region2useNorth America</td><td>1.586<sup>***</sup></td><td>3.008<sup>***</sup></td><td>3.311<sup>***</sup></td></tr>
<tr><td style="text-align:left"></td><td>(0.408)</td><td>(0.868)</td><td>(0.800)</td></tr>
<tr><td style="text-align:left"></td><td></td><td></td><td></td></tr>
<tr><td style="text-align:left">genderUnknown:region2useNorth America</td><td>3.374<sup>***</sup></td><td>2.761<sup>***</sup></td><td>3.395<sup>***</sup></td></tr>
<tr><td style="text-align:left"></td><td>(0.948)</td><td>(0.655)</td><td>(0.628)</td></tr>
<tr><td style="text-align:left"></td><td></td><td></td><td></td></tr>
<tr><td style="text-align:left">genderMale:region2useSouth Asia</td><td>2.686<sup>***</sup></td><td>2.416<sup>***</sup></td><td>3.349<sup>***</sup></td></tr>
<tr><td style="text-align:left"></td><td>(0.641)</td><td>(0.890)</td><td>(0.840)</td></tr>
<tr><td style="text-align:left"></td><td></td><td></td><td></td></tr>
<tr><td style="text-align:left">genderUnknown:region2useSouth Asia</td><td>3.465<sup>***</sup></td><td>1.778<sup>***</sup></td><td>2.717<sup>***</sup></td></tr>
<tr><td style="text-align:left"></td><td>(0.862)</td><td>(0.480)</td><td>(0.523)</td></tr>
<tr><td style="text-align:left"></td><td></td><td></td><td></td></tr>
<tr><td style="text-align:left">genderMale:region2useUSA</td><td>1.057<sup>***</sup></td><td>2.587<sup>***</sup></td><td>2.630<sup>***</sup></td></tr>
<tr><td style="text-align:left"></td><td>(0.286)</td><td>(0.810)</td><td>(0.770)</td></tr>
<tr><td style="text-align:left"></td><td></td><td></td><td></td></tr>
<tr><td style="text-align:left">genderUnknown:region2useUSA</td><td>3.408<sup>***</sup></td><td>2.597<sup>***</sup></td><td>3.386<sup>***</sup></td></tr>
<tr><td style="text-align:left"></td><td>(0.412)</td><td>(0.229)</td><td>(0.323)</td></tr>
<tr><td style="text-align:left"></td><td></td><td></td><td></td></tr>
<tr><td style="text-align:left">genderMale:region2useZAF</td><td>2.328<sup>**</sup></td><td>3.056<sup>**</sup></td><td>2.978<sup>**</sup></td></tr>
<tr><td style="text-align:left"></td><td>(1.165)</td><td>(1.555)</td><td>(1.251)</td></tr>
<tr><td style="text-align:left"></td><td></td><td></td><td></td></tr>
<tr><td style="text-align:left">genderUnknown:region2useZAF</td><td>-3.553<sup>***</sup></td><td>-6.319<sup>***</sup></td><td>-4.930<sup>***</sup></td></tr>
<tr><td style="text-align:left"></td><td>(0.001)</td><td>(0.0002)</td><td>(0.0003)</td></tr>
<tr><td style="text-align:left"></td><td></td><td></td><td></td></tr>
<tr><td style="text-align:left">ctrl_obs_2catTalents:genderMale:region2useBRA</td><td>4.276<sup>***</sup></td><td>-3.736<sup>***</sup></td><td>-5.105<sup>***</sup></td></tr>
<tr><td style="text-align:left"></td><td>(0.328)</td><td>(0.981)</td><td>(0.899)</td></tr>
<tr><td style="text-align:left"></td><td></td><td></td><td></td></tr>
<tr><td style="text-align:left">ctrl_obs_2catTalents:genderUnknown:region2useBRA</td><td>-0.639<sup>***</sup></td><td>0.104</td><td>8.134<sup>***</sup></td></tr>
<tr><td style="text-align:left"></td><td>(0.000)</td><td>(1.163)</td><td>(0.523)</td></tr>
<tr><td style="text-align:left"></td><td></td><td></td><td></td></tr>
<tr><td style="text-align:left">ctrl_obs_2catTalents:genderMale:region2useCHN</td><td>-6.344<sup>***</sup></td><td>-3.067<sup>***</sup></td><td>-4.515<sup>***</sup></td></tr>
<tr><td style="text-align:left"></td><td>(0.421)</td><td>(0.815)</td><td>(0.651)</td></tr>
<tr><td style="text-align:left"></td><td></td><td></td><td></td></tr>
<tr><td style="text-align:left">ctrl_obs_2catTalents:genderUnknown:region2useCHN</td><td>0.413</td><td>2.339<sup>***</sup></td><td>0.467</td></tr>
<tr><td style="text-align:left"></td><td>(0.541)</td><td>(0.381)</td><td>(0.449)</td></tr>
<tr><td style="text-align:left"></td><td></td><td></td><td></td></tr>
<tr><td style="text-align:left">ctrl_obs_2catTalents:genderMale:region2useEast Asia</td><td>Pacific</td><td>-6.671<sup>***</sup></td><td>-3.060<sup>***</sup></td></tr>
<tr><td style="text-align:left"></td><td>(0.404)</td><td>(0.801)</td><td>(0.648)</td></tr>
<tr><td style="text-align:left"></td><td></td><td></td><td></td></tr>
<tr><td style="text-align:left">ctrl_obs_2catTalents:genderUnknown:region2useEast Asia</td><td>Pacific</td><td>-0.029</td><td>2.403<sup>***</sup></td></tr>
<tr><td style="text-align:left"></td><td>(0.541)</td><td>(0.369)</td><td>(0.424)</td></tr>
<tr><td style="text-align:left"></td><td></td><td></td><td></td></tr>
<tr><td style="text-align:left">ctrl_obs_2catTalents:genderMale:region2useEurope</td><td>Central Asia</td><td>-6.517<sup>***</sup></td><td>-2.799<sup>***</sup></td></tr>
<tr><td style="text-align:left"></td><td>(0.363)</td><td>(0.789)</td><td>(0.625)</td></tr>
<tr><td style="text-align:left"></td><td></td><td></td><td></td></tr>
<tr><td style="text-align:left">ctrl_obs_2catTalents:genderUnknown:region2useEurope</td><td>Central Asia</td><td>-0.272</td><td>2.616<sup>***</sup></td></tr>
<tr><td style="text-align:left"></td><td>(0.846)</td><td>(0.379)</td><td>(0.525)</td></tr>
<tr><td style="text-align:left"></td><td></td><td></td><td></td></tr>
<tr><td style="text-align:left">ctrl_obs_2catTalents:genderMale:region2useLatin America</td><td>Caribbean</td><td>-6.817<sup>***</sup></td><td>-3.186<sup>**</sup></td></tr>
<tr><td style="text-align:left"></td><td>(1.361)</td><td>(1.500)</td><td>(1.163)</td></tr>
<tr><td style="text-align:left"></td><td></td><td></td><td></td></tr>
<tr><td style="text-align:left">ctrl_obs_2catTalents:genderUnknown:region2useLatin America</td><td>Caribbean</td><td>7.191<sup>***</sup></td><td>1.494</td></tr>
<tr><td style="text-align:left"></td><td>(0.753)</td><td>(1.739)</td><td>(1.713)</td></tr>
<tr><td style="text-align:left"></td><td></td><td></td><td></td></tr>
<tr><td style="text-align:left">ctrl_obs_2catTalents:genderMale:region2useMiddle East</td><td>North Africa</td><td>-6.814<sup>***</sup></td><td>-3.579<sup>***</sup></td></tr>
<tr><td style="text-align:left"></td><td>(0.743)</td><td>(1.148)</td><td>(0.800)</td></tr>
<tr><td style="text-align:left"></td><td></td><td></td><td></td></tr>
<tr><td style="text-align:left">ctrl_obs_2catTalents:genderUnknown:region2useMiddle East</td><td>North Africa</td><td>7.605<sup>***</sup></td><td>2.523<sup>**</sup></td></tr>
<tr><td style="text-align:left"></td><td>(0.530)</td><td>(1.177)</td><td>(0.00004)</td></tr>
<tr><td style="text-align:left"></td><td></td><td></td><td></td></tr>
<tr><td style="text-align:left">ctrl_obs_2catTalents:genderMale:region2useNorth America</td><td>-6.464<sup>***</sup></td><td>-3.001<sup>***</sup></td><td>-4.794<sup>***</sup></td></tr>
<tr><td style="text-align:left"></td><td>(0.582)</td><td>(0.904)</td><td>(0.706)</td></tr>
<tr><td style="text-align:left"></td><td></td><td></td><td></td></tr>
<tr><td style="text-align:left">ctrl_obs_2catTalents:genderUnknown:region2useNorth America</td><td>0.405</td><td>3.052<sup>***</sup></td><td>-0.648</td></tr>
<tr><td style="text-align:left"></td><td>(1.328)</td><td>(0.892)</td><td>(1.154)</td></tr>
<tr><td style="text-align:left"></td><td></td><td></td><td></td></tr>
<tr><td style="text-align:left">ctrl_obs_2catTalents:genderMale:region2useSouth Asia</td><td>-7.285<sup>***</sup></td><td>-2.630<sup>***</sup></td><td>-4.675<sup>***</sup></td></tr>
<tr><td style="text-align:left"></td><td>(0.989)</td><td>(1.012)</td><td>(0.835)</td></tr>
<tr><td style="text-align:left"></td><td></td><td></td><td></td></tr>
<tr><td style="text-align:left">ctrl_obs_2catTalents:genderUnknown:region2useSouth Asia</td><td>-10.450<sup>***</sup></td><td>3.428<sup>***</sup></td><td>1.497<sup>*</sup></td></tr>
<tr><td style="text-align:left"></td><td>(0.0001)</td><td>(0.821)</td><td>(0.836)</td></tr>
<tr><td style="text-align:left"></td><td></td><td></td><td></td></tr>
<tr><td style="text-align:left">ctrl_obs_2catTalents:genderMale:region2useUSA</td><td>-6.632<sup>***</sup></td><td>-2.831<sup>***</sup></td><td>-4.286<sup>***</sup></td></tr>
<tr><td style="text-align:left"></td><td>(0.370)</td><td>(0.788)</td><td>(0.641)</td></tr>
<tr><td style="text-align:left"></td><td></td><td></td><td></td></tr>
<tr><td style="text-align:left">ctrl_obs_2catTalents:genderUnknown:region2useUSA</td><td>-0.979<sup>*</sup></td><td>2.447<sup>***</sup></td><td>-0.394</td></tr>
<tr><td style="text-align:left"></td><td>(0.549)</td><td>(0.352)</td><td>(0.515)</td></tr>
<tr><td style="text-align:left"></td><td></td><td></td><td></td></tr>
<tr><td style="text-align:left">ctrl_obs_2catTalents:genderMale:region2useZAF</td><td>-6.384<sup>***</sup></td><td>7.685<sup>***</sup></td><td>-2.914<sup>**</sup></td></tr>
<tr><td style="text-align:left"></td><td>(1.578)</td><td>(0.806)</td><td>(1.397)</td></tr>
<tr><td style="text-align:left"></td><td></td><td></td><td></td></tr>
<tr><td style="text-align:left">ctrl_obs_2catTalents:genderUnknown:region2useZAF</td><td>0.000</td><td>0.000</td><td>0.000</td></tr>
<tr><td style="text-align:left"></td><td>(0.000)</td><td>(0.000)</td><td>(0.000)</td></tr>
<tr><td style="text-align:left"></td><td></td><td></td><td></td></tr>
<tr><td style="text-align:left">Constant</td><td>-10.420<sup>***</sup></td><td>-1.338<sup>*</sup></td><td>-0.231</td></tr>
<tr><td style="text-align:left"></td><td>(0.288)</td><td>(0.762)</td><td>(0.679)</td></tr>
<tr><td style="text-align:left"></td><td></td><td></td><td></td></tr>
<tr><td colspan="4" style="border-bottom: 1px solid black"></td></tr><tr><td style="text-align:left">Akaike Inf. Crit.</td><td>67,462.120</td><td>67,462.120</td><td>67,462.120</td></tr>
<tr><td colspan="4" style="border-bottom: 1px solid black"></td></tr><tr><td style="text-align:left"><em>Note:</em></td><td colspan="3" style="text-align:right"><sup>*</sup>p<0.1; <sup>**</sup>p<0.05; <sup>***</sup>p<0.01</td></tr>
</table>
[1] "Stat model results: \n"

=====================================================================================================
                                                                                        Model 1      
-----------------------------------------------------------------------------------------------------
Both: (Intercept)                                                                          -10.42 ***
                                                                                            (0.29)   
Both: ctrl_obs_2catTalents                                                                   1.16 ***
                                                                                            (0.31)   
Both: genderMale                                                                            -1.13 ***
                                                                                            (0.25)   
Both: genderUnknown                                                                         -4.54 ***
                                                                                            (0.27)   
Both: region2useBRA                                                                          5.67 ***
                                                                                            (0.50)   
Both: region2useCHN                                                                          6.45 ***
                                                                                            (0.28)   
Both: region2useEast Asia & Pacific                                                          6.51 ***
                                                                                            (0.28)   
Both: region2useEurope & Central Asia                                                        5.70 ***
                                                                                            (0.26)   
Both: region2useLatin America & Caribbean                                                    5.80 ***
                                                                                            (0.73)   
Both: region2useMiddle East & North Africa                                                   6.50 ***
                                                                                            (0.46)   
Both: region2useNorth America                                                                6.19 ***
                                                                                            (0.36)   
Both: region2useSouth Asia                                                                   5.58 ***
                                                                                            (0.61)   
Both: region2useUSA                                                                          6.43 ***
                                                                                            (0.27)   
Both: region2useZAF                                                                          6.19 ***
                                                                                            (1.02)   
Both: acadmic_age                                                                            0.15 ***
                                                                                            (0.01)   
Both: ctrl_obs_2catTalents:genderMale                                                        7.09 ***
                                                                                            (0.32)   
Both: ctrl_obs_2catTalents:genderUnknown                                                     0.19    
                                                                                            (0.34)   
Both: ctrl_obs_2catTalents:region2useBRA                                                   -12.53 ***
                                                                                            (0.33)   
Both: ctrl_obs_2catTalents:region2useCHN                                                    -1.80 ***
                                                                                            (0.39)   
Both: ctrl_obs_2catTalents:region2useEast Asia & Pacific                                    -1.41 ***
                                                                                            (0.38)   
Both: ctrl_obs_2catTalents:region2useEurope & Central Asia                                  -1.21 ***
                                                                                            (0.34)   
Both: ctrl_obs_2catTalents:region2useLatin America & Caribbean                              -0.42    
                                                                                            (1.28)   
Both: ctrl_obs_2catTalents:region2useMiddle East & North Africa                             -1.04    
                                                                                            (0.68)   
Both: ctrl_obs_2catTalents:region2useNorth America                                          -1.45 ** 
                                                                                            (0.52)   
Both: ctrl_obs_2catTalents:region2useSouth Asia                                             -1.27    
                                                                                            (0.92)   
Both: ctrl_obs_2catTalents:region2useUSA                                                    -1.09 ** 
                                                                                            (0.35)   
Both: ctrl_obs_2catTalents:region2useZAF                                                    -1.91    
                                                                                            (1.41)   
Both: genderMale:region2useBRA                                                               1.04    
                                                                                            (0.61)   
Both: genderUnknown:region2useBRA                                                           -7.24 ***
                                                                                            (0.00)   
Both: genderMale:region2useCHN                                                               0.82 ** 
                                                                                            (0.31)   
Both: genderUnknown:region2useCHN                                                            2.04 ***
                                                                                            (0.40)   
Both: genderMale:region2useEast Asia & Pacific                                               0.97 ** 
                                                                                            (0.30)   
Both: genderUnknown:region2useEast Asia & Pacific                                            2.33 ***
                                                                                            (0.40)   
Both: genderMale:region2useEurope & Central Asia                                             1.28 ***
                                                                                            (0.27)   
Both: genderUnknown:region2useEurope & Central Asia                                          2.34 ***
                                                                                            (0.66)   
Both: genderMale:region2useLatin America & Caribbean                                         1.61 *  
                                                                                            (0.79)   
Both: genderUnknown:region2useLatin America & Caribbean                                     -2.74 ***
                                                                                            (0.75)   
Both: genderMale:region2useMiddle East & North Africa                                        0.88    
                                                                                            (0.51)   
Both: genderUnknown:region2useMiddle East & North Africa                                    -4.91 ***
                                                                                            (0.53)   
Both: genderMale:region2useNorth America                                                     1.59 ***
                                                                                            (0.41)   
Both: genderUnknown:region2useNorth America                                                  3.37 ***
                                                                                            (0.95)   
Both: genderMale:region2useSouth Asia                                                        2.69 ***
                                                                                            (0.64)   
Both: genderUnknown:region2useSouth Asia                                                     3.47 ***
                                                                                            (0.86)   
Both: genderMale:region2useUSA                                                               1.06 ***
                                                                                            (0.29)   
Both: genderUnknown:region2useUSA                                                            3.41 ***
                                                                                            (0.41)   
Both: genderMale:region2useZAF                                                               2.33 *  
                                                                                            (1.17)   
Both: genderUnknown:region2useZAF                                                           -3.55 ***
                                                                                            (0.00)   
Both: ctrl_obs_2catTalents:genderMale:region2useBRA                                          4.28 ***
                                                                                            (0.33)   
Both: ctrl_obs_2catTalents:genderUnknown:region2useBRA                                      -0.64 ***
                                                                                            (0.00)   
Both: ctrl_obs_2catTalents:genderMale:region2useCHN                                         -6.34 ***
                                                                                            (0.42)   
Both: ctrl_obs_2catTalents:genderUnknown:region2useCHN                                       0.41    
                                                                                            (0.54)   
Both: ctrl_obs_2catTalents:genderMale:region2useEast Asia & Pacific                         -6.67 ***
                                                                                            (0.40)   
Both: ctrl_obs_2catTalents:genderUnknown:region2useEast Asia & Pacific                      -0.03    
                                                                                            (0.54)   
Both: ctrl_obs_2catTalents:genderMale:region2useEurope & Central Asia                       -6.52 ***
                                                                                            (0.36)   
Both: ctrl_obs_2catTalents:genderUnknown:region2useEurope & Central Asia                    -0.27    
                                                                                            (0.85)   
Both: ctrl_obs_2catTalents:genderMale:region2useLatin America & Caribbean                   -6.82 ***
                                                                                            (1.36)   
Both: ctrl_obs_2catTalents:genderUnknown:region2useLatin America & Caribbean                 7.19 ***
                                                                                            (0.75)   
Both: ctrl_obs_2catTalents:genderMale:region2useMiddle East & North Africa                  -6.81 ***
                                                                                            (0.74)   
Both: ctrl_obs_2catTalents:genderUnknown:region2useMiddle East & North Africa                7.60 ***
                                                                                            (0.53)   
Both: ctrl_obs_2catTalents:genderMale:region2useNorth America                               -6.46 ***
                                                                                            (0.58)   
Both: ctrl_obs_2catTalents:genderUnknown:region2useNorth America                             0.41    
                                                                                            (1.33)   
Both: ctrl_obs_2catTalents:genderMale:region2useSouth Asia                                  -7.28 ***
                                                                                            (0.99)   
Both: ctrl_obs_2catTalents:genderUnknown:region2useSouth Asia                              -10.45 ***
                                                                                            (0.00)   
Both: ctrl_obs_2catTalents:genderMale:region2useUSA                                         -6.63 ***
                                                                                            (0.37)   
Both: ctrl_obs_2catTalents:genderUnknown:region2useUSA                                      -0.98    
                                                                                            (0.55)   
Both: ctrl_obs_2catTalents:genderMale:region2useZAF                                         -6.38 ***
                                                                                            (1.58)   
Both: ctrl_obs_2catTalents:genderUnknown:region2useZAF                                       0.00    
                                                                                            (0.00)   
Internal: (Intercept)                                                                       -1.34    
                                                                                            (0.76)   
Internal: ctrl_obs_2catTalents                                                              -1.81 *  
                                                                                            (0.85)   
Internal: genderMale                                                                        -2.71 ***
                                                                                            (0.81)   
Internal: genderUnknown                                                                     -2.90 ***
                                                                                            (0.17)   
Internal: region2useBRA                                                                     -1.16    
                                                                                            (0.80)   
Internal: region2useCHN                                                                     -1.47    
                                                                                            (0.77)   
Internal: region2useEast Asia & Pacific                                                     -0.85    
                                                                                            (0.76)   
Internal: region2useEurope & Central Asia                                                   -1.43    
                                                                                            (0.76)   
Internal: region2useLatin America & Caribbean                                               -1.56    
                                                                                            (0.92)   
Internal: region2useMiddle East & North Africa                                              -2.41 *  
                                                                                            (0.95)   
Internal: region2useNorth America                                                           -1.78 *  
                                                                                            (0.80)   
Internal: region2useSouth Asia                                                              -0.94    
                                                                                            (0.82)   
Internal: region2useUSA                                                                     -0.17    
                                                                                            (0.76)   
Internal: region2useZAF                                                                     -1.92    
                                                                                            (1.31)   
Internal: acadmic_age                                                                        0.09 ***
                                                                                            (0.01)   
Internal: ctrl_obs_2catTalents:genderMale                                                    3.16 ***
                                                                                            (0.78)   
Internal: ctrl_obs_2catTalents:genderUnknown                                                -2.39 ***
                                                                                            (0.30)   
Internal: ctrl_obs_2catTalents:region2useBRA                                                 1.72    
                                                                                            (0.99)   
Internal: ctrl_obs_2catTalents:region2useCHN                                                 1.48    
                                                                                            (0.87)   
Internal: ctrl_obs_2catTalents:region2useEast Asia & Pacific                                 1.72 *  
                                                                                            (0.86)   
Internal: ctrl_obs_2catTalents:region2useEurope & Central Asia                               1.52    
                                                                                            (0.85)   
Internal: ctrl_obs_2catTalents:region2useLatin America & Caribbean                           1.82    
                                                                                            (1.48)   
Internal: ctrl_obs_2catTalents:region2useMiddle East & North Africa                          2.24    
                                                                                            (1.18)   
Internal: ctrl_obs_2catTalents:region2useNorth America                                       1.89 *  
                                                                                            (0.93)   
Internal: ctrl_obs_2catTalents:region2useSouth Asia                                          1.24    
                                                                                            (1.00)   
Internal: ctrl_obs_2catTalents:region2useUSA                                                 1.85 *  
                                                                                            (0.85)   
Internal: ctrl_obs_2catTalents:region2useZAF                                                -9.17 ***
                                                                                            (0.81)   
Internal: genderMale:region2useBRA                                                           3.11 ***
                                                                                            (0.87)   
Internal: genderUnknown:region2useBRA                                                        3.54 ***
                                                                                            (0.50)   
Internal: genderMale:region2useCHN                                                           2.79 ***
                                                                                            (0.82)   
Internal: genderUnknown:region2useCHN                                                        3.09 ***
                                                                                            (0.24)   
Internal: genderMale:region2useEast Asia & Pacific                                           2.86 ***
                                                                                            (0.82)   
Internal: genderUnknown:region2useEast Asia & Pacific                                        2.30 ***
                                                                                            (0.23)   
Internal: genderMale:region2useEurope & Central Asia                                         2.61 ** 
                                                                                            (0.81)   
Internal: genderUnknown:region2useEurope & Central Asia                                      2.71 ***
                                                                                            (0.25)   
Internal: genderMale:region2useLatin America & Caribbean                                     3.07 ** 
                                                                                            (0.99)   
Internal: genderUnknown:region2useLatin America & Caribbean                                  4.03 ***
                                                                                            (0.83)   
Internal: genderMale:region2useMiddle East & North Africa                                    3.49 ***
                                                                                            (1.00)   
Internal: genderUnknown:region2useMiddle East & North Africa                                 3.41 ***
                                                                                            (0.90)   
Internal: genderMale:region2useNorth America                                                 3.01 ***
                                                                                            (0.87)   
Internal: genderUnknown:region2useNorth America                                              2.76 ***
                                                                                            (0.65)   
Internal: genderMale:region2useSouth Asia                                                    2.42 ** 
                                                                                            (0.89)   
Internal: genderUnknown:region2useSouth Asia                                                 1.78 ***
                                                                                            (0.48)   
Internal: genderMale:region2useUSA                                                           2.59 ** 
                                                                                            (0.81)   
Internal: genderUnknown:region2useUSA                                                        2.60 ***
                                                                                            (0.23)   
Internal: genderMale:region2useZAF                                                           3.06 *  
                                                                                            (1.55)   
Internal: genderUnknown:region2useZAF                                                       -6.32 ***
                                                                                            (0.00)   
Internal: ctrl_obs_2catTalents:genderMale:region2useBRA                                     -3.74 ***
                                                                                            (0.98)   
Internal: ctrl_obs_2catTalents:genderUnknown:region2useBRA                                   0.10    
                                                                                            (1.16)   
Internal: ctrl_obs_2catTalents:genderMale:region2useCHN                                     -3.07 ***
                                                                                            (0.82)   
Internal: ctrl_obs_2catTalents:genderUnknown:region2useCHN                                   2.34 ***
                                                                                            (0.38)   
Internal: ctrl_obs_2catTalents:genderMale:region2useEast Asia & Pacific                     -3.06 ***
                                                                                            (0.80)   
Internal: ctrl_obs_2catTalents:genderUnknown:region2useEast Asia & Pacific                   2.40 ***
                                                                                            (0.37)   
Internal: ctrl_obs_2catTalents:genderMale:region2useEurope & Central Asia                   -2.80 ***
                                                                                            (0.79)   
Internal: ctrl_obs_2catTalents:genderUnknown:region2useEurope & Central Asia                 2.62 ***
                                                                                            (0.38)   
Internal: ctrl_obs_2catTalents:genderMale:region2useLatin America & Caribbean               -3.19 *  
                                                                                            (1.50)   
Internal: ctrl_obs_2catTalents:genderUnknown:region2useLatin America & Caribbean             1.49    
                                                                                            (1.74)   
Internal: ctrl_obs_2catTalents:genderMale:region2useMiddle East & North Africa              -3.58 ** 
                                                                                            (1.15)   
Internal: ctrl_obs_2catTalents:genderUnknown:region2useMiddle East & North Africa            2.52 *  
                                                                                            (1.18)   
Internal: ctrl_obs_2catTalents:genderMale:region2useNorth America                           -3.00 ***
                                                                                            (0.90)   
Internal: ctrl_obs_2catTalents:genderUnknown:region2useNorth America                         3.05 ***
                                                                                            (0.89)   
Internal: ctrl_obs_2catTalents:genderMale:region2useSouth Asia                              -2.63 ** 
                                                                                            (1.01)   
Internal: ctrl_obs_2catTalents:genderUnknown:region2useSouth Asia                            3.43 ***
                                                                                            (0.82)   
Internal: ctrl_obs_2catTalents:genderMale:region2useUSA                                     -2.83 ***
                                                                                            (0.79)   
Internal: ctrl_obs_2catTalents:genderUnknown:region2useUSA                                   2.45 ***
                                                                                            (0.35)   
Internal: ctrl_obs_2catTalents:genderMale:region2useZAF                                      7.69 ***
                                                                                            (0.81)   
Internal: ctrl_obs_2catTalents:genderUnknown:region2useZAF                                   0.00    
                                                                                            (0.00)   
International: (Intercept)                                                                  -0.23    
                                                                                            (0.68)   
International: ctrl_obs_2catTalents                                                         -2.46 ***
                                                                                            (0.65)   
International: genderMale                                                                   -2.62 ***
                                                                                            (0.76)   
International: genderUnknown                                                                -4.17 ***
                                                                                            (0.21)   
International: region2useBRA                                                                -2.53 ***
                                                                                            (0.77)   
International: region2useCHN                                                                -1.76 *  
                                                                                            (0.68)   
International: region2useEast Asia & Pacific                                                -1.73 *  
                                                                                            (0.68)   
International: region2useEurope & Central Asia                                              -1.77 ** 
                                                                                            (0.67)   
International: region2useLatin America & Caribbean                                          -0.74    
                                                                                            (0.76)   
International: region2useMiddle East & North Africa                                         -1.65 *  
                                                                                            (0.75)   
International: region2useNorth America                                                      -1.78 *  
                                                                                            (0.71)   
International: region2useSouth Asia                                                         -1.64 *  
                                                                                            (0.75)   
International: region2useUSA                                                                -2.00 ** 
                                                                                            (0.68)   
International: region2useZAF                                                                -1.87    
                                                                                            (1.04)   
International: acadmic_age                                                                   0.07 ***
                                                                                            (0.01)   
International: ctrl_obs_2catTalents:genderMale                                               4.60 ***
                                                                                            (0.62)   
International: ctrl_obs_2catTalents:genderUnknown                                           -0.76 *  
                                                                                            (0.32)   
International: ctrl_obs_2catTalents:region2useBRA                                            2.95 ***
                                                                                            (0.87)   
International: ctrl_obs_2catTalents:region2useCHN                                            2.39 ***
                                                                                            (0.68)   
International: ctrl_obs_2catTalents:region2useEast Asia & Pacific                            2.58 ***
                                                                                            (0.68)   
International: ctrl_obs_2catTalents:region2useEurope & Central Asia                          2.63 ***
                                                                                            (0.66)   
International: ctrl_obs_2catTalents:region2useLatin America & Caribbean                      1.73    
                                                                                            (1.13)   
International: ctrl_obs_2catTalents:region2useMiddle East & North Africa                     3.03 ***
                                                                                            (0.81)   
International: ctrl_obs_2catTalents:region2useNorth America                                  2.97 ***
                                                                                            (0.71)   
International: ctrl_obs_2catTalents:region2useSouth Asia                                     2.34 ** 
                                                                                            (0.82)   
International: ctrl_obs_2catTalents:region2useUSA                                            2.31 ***
                                                                                            (0.67)   
International: ctrl_obs_2catTalents:region2useZAF                                            1.85    
                                                                                            (1.24)   
International: genderMale:region2useBRA                                                      3.33 ***
                                                                                            (0.87)   
International: genderUnknown:region2useBRA                                                  -4.68 ***
                                                                                            (0.52)   
International: genderMale:region2useCHN                                                      2.38 ** 
                                                                                            (0.77)   
International: genderUnknown:region2useCHN                                                   2.12 ***
                                                                                            (0.29)   
International: genderMale:region2useEast Asia & Pacific                                      2.72 ***
                                                                                            (0.77)   
International: genderUnknown:region2useEast Asia & Pacific                                   3.16 ***
                                                                                            (0.27)   
International: genderMale:region2useEurope & Central Asia                                    2.63 ***
                                                                                            (0.76)   
International: genderUnknown:region2useEurope & Central Asia                                 2.82 ***
                                                                                            (0.31)   
International: genderMale:region2useLatin America & Caribbean                                2.38 ** 
                                                                                            (0.85)   
International: genderUnknown:region2useLatin America & Caribbean                             2.46 *  
                                                                                            (1.04)   
International: genderMale:region2useMiddle East & North Africa                               3.33 ***
                                                                                            (0.84)   
International: genderUnknown:region2useMiddle East & North Africa                           -5.73 ***
                                                                                            (0.00)   
International: genderMale:region2useNorth America                                            3.31 ***
                                                                                            (0.80)   
International: genderUnknown:region2useNorth America                                         3.40 ***
                                                                                            (0.63)   
International: genderMale:region2useSouth Asia                                               3.35 ***
                                                                                            (0.84)   
International: genderUnknown:region2useSouth Asia                                            2.72 ***
                                                                                            (0.52)   
International: genderMale:region2useUSA                                                      2.63 ***
                                                                                            (0.77)   
International: genderUnknown:region2useUSA                                                   3.39 ***
                                                                                            (0.32)   
International: genderMale:region2useZAF                                                      2.98 *  
                                                                                            (1.25)   
International: genderUnknown:region2useZAF                                                  -4.93 ***
                                                                                            (0.00)   
International: ctrl_obs_2catTalents:genderMale:region2useBRA                                -5.11 ***
                                                                                            (0.90)   
International: ctrl_obs_2catTalents:genderUnknown:region2useBRA                              8.13 ***
                                                                                            (0.52)   
International: ctrl_obs_2catTalents:genderMale:region2useCHN                                -4.52 ***
                                                                                            (0.65)   
International: ctrl_obs_2catTalents:genderUnknown:region2useCHN                              0.47    
                                                                                            (0.45)   
International: ctrl_obs_2catTalents:genderMale:region2useEast Asia & Pacific                -4.72 ***
                                                                                            (0.65)   
International: ctrl_obs_2catTalents:genderUnknown:region2useEast Asia & Pacific             -0.12    
                                                                                            (0.42)   
International: ctrl_obs_2catTalents:genderMale:region2useEurope & Central Asia              -4.29 ***
                                                                                            (0.63)   
International: ctrl_obs_2catTalents:genderUnknown:region2useEurope & Central Asia           -0.78    
                                                                                            (0.53)   
International: ctrl_obs_2catTalents:genderMale:region2useLatin America & Caribbean          -3.72 ** 
                                                                                            (1.16)   
International: ctrl_obs_2catTalents:genderUnknown:region2useLatin America & Caribbean        2.03    
                                                                                            (1.71)   
International: ctrl_obs_2catTalents:genderMale:region2useMiddle East & North Africa         -5.35 ***
                                                                                            (0.80)   
International: ctrl_obs_2catTalents:genderUnknown:region2useMiddle East & North Africa      -2.04 ***
                                                                                            (0.00)   
International: ctrl_obs_2catTalents:genderMale:region2useNorth America                      -4.79 ***
                                                                                            (0.71)   
International: ctrl_obs_2catTalents:genderUnknown:region2useNorth America                   -0.65    
                                                                                            (1.15)   
International: ctrl_obs_2catTalents:genderMale:region2useSouth Asia                         -4.68 ***
                                                                                            (0.84)   
International: ctrl_obs_2catTalents:genderUnknown:region2useSouth Asia                       1.50    
                                                                                            (0.84)   
International: ctrl_obs_2catTalents:genderMale:region2useUSA                                -4.29 ***
                                                                                            (0.64)   
International: ctrl_obs_2catTalents:genderUnknown:region2useUSA                             -0.39    
                                                                                            (0.51)   
International: ctrl_obs_2catTalents:genderMale:region2useZAF                                -2.91 *  
                                                                                            (1.40)   
International: ctrl_obs_2catTalents:genderUnknown:region2useZAF                              0.00    
                                                                                            (0.00)   
-----------------------------------------------------------------------------------------------------
AIC                                                                                      67462.12    
BIC                                                                                      69071.72    
Log Likelihood                                                                          -33536.06    
Deviance                                                                                 67072.12    
Num. obs.                                                                                28406       
K                                                                                            4       
=====================================================================================================
*** p < 0.001; ** p < 0.01; * p < 0.05
