running
  'C:\PROGRA~1\R\R-45~1.1\bin\x64\Rterm.exe --no-echo --no-restore --no-save --no-restore --file=workflow/scripts/read_data_run_statistical_model_full_gender_regions.R --args --input G:/ali/talents/results/Akbaritabar_Haunschild_Bornmann_replication_data.csv --gender second --region2use WBregion --output G:/ali/talents/results/md_prd3_second_WBregion_full.csv G:/ali/talents/results/tables/TABLE_5_second_WBregion_full.html'

-- Attaching core tidyverse packages ------------------------ tidyverse 2.0.0 --
v dplyr     1.1.4     v readr     2.1.5
v forcats   1.0.0     v stringr   1.5.2
v ggplot2   4.0.0     v tibble    3.3.0
v lubridate 1.9.4     v tidyr     1.3.1
v purrr     1.1.0     
-- Conflicts ------------------------------------------ tidyverse_conflicts() --
x dplyr::filter() masks stats::filter()
x dplyr::lag()    masks stats::lag()
i Use the conflicted package (<http://conflicted.r-lib.org/>) to force all conflicts to become errors

Please cite as: 

 Hlavac, Marek (2022). stargazer: Well-Formatted Regression and Summary Statistics Tables.
 R package version 5.2.3. https://CRAN.R-project.org/package=stargazer 

Version:  1.39.4
Date:     2024-07-23
Author:   Philip Leifeld (University of Manchester)

Consider submitting praise using the praise or praise_interactive functions.
Please cite the JSS article in your publications -- see citation("texreg").

Attaching package: 'texreg'

The following object is masked from 'package:tidyr':

    extract

[1] "R working directory: "
[1] "G:/ali/talents"
[1] "##################################################"
[1] "Received these arguments from command line: "
[[1]]
[1] FALSE

$help
[1] FALSE

$opts
[1] NA

$input
[1] "G:/ali/talents/results/Akbaritabar_Haunschild_Bornmann_replication_data.csv"

$gender
[1] "second"

$region2use
[1] "WBregion"

$output
[1] "G:/ali/talents/results/md_prd3_second_WBregion_full.csv"        
[2] "G:/ali/talents/results/tables/TABLE_5_second_WBregion_full.html"

[1] "Current R session Info: "
R version 4.5.1 (2025-06-13 ucrt)
Platform: x86_64-w64-mingw32/x64
Running under: Windows Server 2019 x64 (build 17763)

Matrix products: default
  LAPACK version 3.12.1

locale:
[1] LC_COLLATE=German_Germany.1252  LC_CTYPE=German_Germany.1252   
[3] LC_MONETARY=German_Germany.1252 LC_NUMERIC=C                   
[5] LC_TIME=German_Germany.1252    

time zone: Europe/Berlin
tzcode source: internal

attached base packages:
[1] stats     graphics  grDevices utils     datasets  methods   base     

other attached packages:
 [1] argparser_0.7.2 ggeffects_2.3.1 GGally_2.4.0    nnet_7.3-20    
 [5] texreg_1.39.4   stargazer_5.2.3 lubridate_1.9.4 forcats_1.0.0  
 [9] stringr_1.5.2   dplyr_1.1.4     purrr_1.1.0     readr_2.1.5    
[13] tidyr_1.3.1     tibble_3.3.0    ggplot2_4.0.0   tidyverse_2.0.0

loaded via a namespace (and not attached):
 [1] gtable_0.3.6       compiler_4.5.1     tidyselect_1.2.1   ggstats_0.10.0    
 [5] scales_1.4.0       R6_2.6.1           generics_0.1.4     insight_1.4.2     
 [9] pillar_1.11.0      RColorBrewer_1.1-3 tzdb_0.5.0         rlang_1.1.6       
[13] stringi_1.8.7      S7_0.2.0           timechange_0.3.0   cli_3.6.5         
[17] withr_3.0.2        magrittr_2.0.4     grid_4.5.1         hms_1.1.3         
[21] lifecycle_1.0.4    vctrs_0.6.5        glue_1.8.0         farver_2.1.2      
[25] httr_1.4.7         tools_4.5.1        pkgconfig_2.0.3   
Rows: 28406 Columns: 14
-- Column specification --------------------------------------------------------
Delimiter: ","
chr (12): ctrl_obs_cat, ctrl_obs_2cat, first_gender, second_gender, third_ge...
dbl  (2): fake_author_ID, acadmic_age

i Use `spec()` to retrieve the full column specification for this data.
i Specify the column types or set `show_col_types = FALSE` to quiet this message.
# weights:  272 (201 variable)
initial  value 39379.077622 
iter  10 value 35140.178861
iter  20 value 34914.982849
iter  30 value 34424.038694
iter  40 value 34248.739004
iter  50 value 34197.852273
iter  60 value 34183.249389
iter  70 value 34177.403711
iter  80 value 34175.471278
iter  90 value 34172.470925
iter 100 value 34170.846302
iter 110 value 34169.626846
iter 120 value 34168.715568
iter 130 value 34168.440497
iter 140 value 34168.196860
iter 150 value 34168.044459
iter 160 value 34167.888073
final  value 34167.883590 
converged
# A tibble: 6 x 5
  x      predicted response.level group  facet                    
  <fct>      <dbl> <chr>          <fct>  <fct>                    
1 Others     0.158 Non mobile     Female Sub-Saharan Africa       
2 Others     0.557 Non mobile     Female BRA                      
3 Others     0.588 Non mobile     Female CHN                      
4 Others     0.463 Non mobile     Female East Asia & Pacific      
5 Others     0.507 Non mobile     Female Europe & Central Asia    
6 Others     0.330 Non mobile     Female Latin America & Caribbean

<table style="text-align:center"><tr><td colspan="4" style="border-bottom: 1px solid black"></td></tr><tr><td style="text-align:left"></td><td colspan="3"><em>Dependent variable:</em></td></tr>
<tr><td></td><td colspan="3" style="border-bottom: 1px solid black"></td></tr>
<tr><td style="text-align:left"></td><td>Both</td><td>Internal</td><td>International</td></tr>
<tr><td style="text-align:left"></td><td>(1)</td><td>(2)</td><td>(3)</td></tr>
<tr><td colspan="4" style="border-bottom: 1px solid black"></td></tr><tr><td style="text-align:left">ctrl_obs_2catTalents</td><td>7.894<sup>***</sup></td><td>-11.229<sup>***</sup></td><td>-2.730<sup>***</sup></td></tr>
<tr><td style="text-align:left"></td><td>(0.584)</td><td>(0.612)</td><td>(0.782)</td></tr>
<tr><td style="text-align:left"></td><td></td><td></td><td></td></tr>
<tr><td style="text-align:left">genderMale</td><td>-4.840<sup>***</sup></td><td>-2.495<sup>***</sup></td><td>-3.506<sup>***</sup></td></tr>
<tr><td style="text-align:left"></td><td>(0.709)</td><td>(0.411)</td><td>(0.832)</td></tr>
<tr><td style="text-align:left"></td><td></td><td></td><td></td></tr>
<tr><td style="text-align:left">genderUnknown</td><td>-4.817<sup>***</sup></td><td>-9.844<sup>***</sup></td><td>-11.275<sup>***</sup></td></tr>
<tr><td style="text-align:left"></td><td>(0.331)</td><td>(0.271)</td><td>(0.284)</td></tr>
<tr><td style="text-align:left"></td><td></td><td></td><td></td></tr>
<tr><td style="text-align:left">region2useBRA</td><td>7.232<sup>***</sup></td><td>-1.096</td><td>-3.005<sup>***</sup></td></tr>
<tr><td style="text-align:left"></td><td>(0.727)</td><td>(0.687)</td><td>(0.779)</td></tr>
<tr><td style="text-align:left"></td><td></td><td></td><td></td></tr>
<tr><td style="text-align:left">region2useCHN</td><td>7.205<sup>***</sup></td><td>-1.419<sup>**</sup></td><td>-2.826<sup>***</sup></td></tr>
<tr><td style="text-align:left"></td><td>(0.603)</td><td>(0.638)</td><td>(0.683)</td></tr>
<tr><td style="text-align:left"></td><td></td><td></td><td></td></tr>
<tr><td style="text-align:left">region2useEast Asia</td><td>Pacific</td><td>7.810<sup>***</sup></td><td>-1.037</td></tr>
<tr><td style="text-align:left"></td><td>(0.599)</td><td>(0.639)</td><td>(0.682)</td></tr>
<tr><td style="text-align:left"></td><td></td><td></td><td></td></tr>
<tr><td style="text-align:left">region2useEurope</td><td>Central Asia</td><td>7.346<sup>***</sup></td><td>-1.341<sup>**</sup></td></tr>
<tr><td style="text-align:left"></td><td>(0.591)</td><td>(0.633)</td><td>(0.675)</td></tr>
<tr><td style="text-align:left"></td><td></td><td></td><td></td></tr>
<tr><td style="text-align:left">region2useLatin America</td><td>Caribbean</td><td>7.394<sup>***</sup></td><td>-1.088</td></tr>
<tr><td style="text-align:left"></td><td>(0.901)</td><td>(0.778)</td><td>(0.752)</td></tr>
<tr><td style="text-align:left"></td><td></td><td></td><td></td></tr>
<tr><td style="text-align:left">region2useMiddle East</td><td>North Africa</td><td>7.800<sup>***</sup></td><td>-1.767<sup>**</sup></td></tr>
<tr><td style="text-align:left"></td><td>(0.738)</td><td>(0.781)</td><td>(0.744)</td></tr>
<tr><td style="text-align:left"></td><td></td><td></td><td></td></tr>
<tr><td style="text-align:left">region2useNorth America</td><td>7.542<sup>***</sup></td><td>-1.574<sup>**</sup></td><td>-2.063<sup>***</sup></td></tr>
<tr><td style="text-align:left"></td><td>(0.655)</td><td>(0.680)</td><td>(0.706)</td></tr>
<tr><td style="text-align:left"></td><td></td><td></td><td></td></tr>
<tr><td style="text-align:left">region2useSouth Asia</td><td>7.936<sup>***</sup></td><td>-1.235<sup>*</sup></td><td>-1.911<sup>**</sup></td></tr>
<tr><td style="text-align:left"></td><td>(0.718)</td><td>(0.728)</td><td>(0.747)</td></tr>
<tr><td style="text-align:left"></td><td></td><td></td><td></td></tr>
<tr><td style="text-align:left">region2useUSA</td><td>7.965<sup>***</sup></td><td>-0.114</td><td>-2.295<sup>***</sup></td></tr>
<tr><td style="text-align:left"></td><td>(0.595)</td><td>(0.634)</td><td>(0.680)</td></tr>
<tr><td style="text-align:left"></td><td></td><td></td><td></td></tr>
<tr><td style="text-align:left">region2useZAF</td><td>7.885<sup>***</sup></td><td>-1.664</td><td>-2.003<sup>*</sup></td></tr>
<tr><td style="text-align:left"></td><td>(1.183)</td><td>(1.217)</td><td>(1.064)</td></tr>
<tr><td style="text-align:left"></td><td></td><td></td><td></td></tr>
<tr><td style="text-align:left">acadmic_age</td><td>0.143<sup>***</sup></td><td>0.094<sup>***</sup></td><td>0.066<sup>***</sup></td></tr>
<tr><td style="text-align:left"></td><td>(0.009)</td><td>(0.006)</td><td>(0.006)</td></tr>
<tr><td style="text-align:left"></td><td></td><td></td><td></td></tr>
<tr><td style="text-align:left">ctrl_obs_2catTalents:genderMale</td><td>4.899<sup>***</sup></td><td>12.519<sup>***</sup></td><td>5.103<sup>***</sup></td></tr>
<tr><td style="text-align:left"></td><td>(0.710)</td><td>(0.615)</td><td>(0.531)</td></tr>
<tr><td style="text-align:left"></td><td></td><td></td><td></td></tr>
<tr><td style="text-align:left">ctrl_obs_2catTalents:genderUnknown</td><td>-7.068<sup>***</sup></td><td>-3.883<sup>***</sup></td><td>-3.584<sup>***</sup></td></tr>
<tr><td style="text-align:left"></td><td>(0.376)</td><td>(0.384)</td><td>(0.319)</td></tr>
<tr><td style="text-align:left"></td><td></td><td></td><td></td></tr>
<tr><td style="text-align:left">ctrl_obs_2catTalents:region2useBRA</td><td>-8.772<sup>***</sup></td><td>10.731<sup>***</sup></td><td>3.453<sup>***</sup></td></tr>
<tr><td style="text-align:left"></td><td>(1.221)</td><td>(0.809)</td><td>(0.967)</td></tr>
<tr><td style="text-align:left"></td><td></td><td></td><td></td></tr>
<tr><td style="text-align:left">ctrl_obs_2catTalents:region2useCHN</td><td>-7.869<sup>***</sup></td><td>10.997<sup>***</sup></td><td>2.668<sup>***</sup></td></tr>
<tr><td style="text-align:left"></td><td>(0.624)</td><td>(0.631)</td><td>(0.802)</td></tr>
<tr><td style="text-align:left"></td><td></td><td></td><td></td></tr>
<tr><td style="text-align:left">ctrl_obs_2catTalents:region2useEast Asia</td><td>Pacific</td><td>-8.444<sup>***</sup></td><td>11.137<sup>***</sup></td></tr>
<tr><td style="text-align:left"></td><td>(0.624)</td><td>(0.630)</td><td>(0.800)</td></tr>
<tr><td style="text-align:left"></td><td></td><td></td><td></td></tr>
<tr><td style="text-align:left">ctrl_obs_2catTalents:region2useEurope</td><td>Central Asia</td><td>-7.983<sup>***</sup></td><td>10.926<sup>***</sup></td></tr>
<tr><td style="text-align:left"></td><td>(0.604)</td><td>(0.622)</td><td>(0.788)</td></tr>
<tr><td style="text-align:left"></td><td></td><td></td><td></td></tr>
<tr><td style="text-align:left">ctrl_obs_2catTalents:region2useLatin America</td><td>Caribbean</td><td>-6.436<sup>***</sup></td><td>10.902<sup>***</sup></td></tr>
<tr><td style="text-align:left"></td><td>(1.257)</td><td>(1.282)</td><td>(1.209)</td></tr>
<tr><td style="text-align:left"></td><td></td><td></td><td></td></tr>
<tr><td style="text-align:left">ctrl_obs_2catTalents:region2useMiddle East</td><td>North Africa</td><td>-7.968<sup>***</sup></td><td>11.428<sup>***</sup></td></tr>
<tr><td style="text-align:left"></td><td>(0.957)</td><td>(0.915)</td><td>(0.928)</td></tr>
<tr><td style="text-align:left"></td><td></td><td></td><td></td></tr>
<tr><td style="text-align:left">ctrl_obs_2catTalents:region2useNorth America</td><td>-7.960<sup>***</sup></td><td>11.096<sup>***</sup></td><td>3.053<sup>***</sup></td></tr>
<tr><td style="text-align:left"></td><td>(0.742)</td><td>(0.718)</td><td>(0.836)</td></tr>
<tr><td style="text-align:left"></td><td></td><td></td><td></td></tr>
<tr><td style="text-align:left">ctrl_obs_2catTalents:region2useSouth Asia</td><td>-8.672<sup>***</sup></td><td>10.710<sup>***</sup></td><td>3.086<sup>***</sup></td></tr>
<tr><td style="text-align:left"></td><td>(1.236)</td><td>(0.997)</td><td>(0.969)</td></tr>
<tr><td style="text-align:left"></td><td></td><td></td><td></td></tr>
<tr><td style="text-align:left">ctrl_obs_2catTalents:region2useUSA</td><td>-7.750<sup>***</sup></td><td>11.257<sup>***</sup></td><td>2.500<sup>***</sup></td></tr>
<tr><td style="text-align:left"></td><td>(0.606)</td><td>(0.620)</td><td>(0.797)</td></tr>
<tr><td style="text-align:left"></td><td></td><td></td><td></td></tr>
<tr><td style="text-align:left">ctrl_obs_2catTalents:region2useZAF</td><td>-8.577<sup>***</sup></td><td>-12.900<sup>***</sup></td><td>2.768<sup>**</sup></td></tr>
<tr><td style="text-align:left"></td><td>(1.562)</td><td>(0.771)</td><td>(1.262)</td></tr>
<tr><td style="text-align:left"></td><td></td><td></td><td></td></tr>
<tr><td style="text-align:left">genderMale:region2useBRA</td><td>4.668<sup>***</sup></td><td>2.938<sup>***</sup></td><td>4.295<sup>***</sup></td></tr>
<tr><td style="text-align:left"></td><td>(0.897)</td><td>(0.519)</td><td>(0.938)</td></tr>
<tr><td style="text-align:left"></td><td></td><td></td><td></td></tr>
<tr><td style="text-align:left">genderUnknown:region2useBRA</td><td>-9.654<sup>***</sup></td><td>11.186<sup>***</sup></td><td>-4.549<sup>***</sup></td></tr>
<tr><td style="text-align:left"></td><td>(0.00000)</td><td>(0.854)</td><td>(0.671)</td></tr>
<tr><td style="text-align:left"></td><td></td><td></td><td></td></tr>
<tr><td style="text-align:left">genderMale:region2useCHN</td><td>5.062<sup>***</sup></td><td>2.714<sup>***</sup></td><td>3.726<sup>***</sup></td></tr>
<tr><td style="text-align:left"></td><td>(0.730)</td><td>(0.428)</td><td>(0.843)</td></tr>
<tr><td style="text-align:left"></td><td></td><td></td><td></td></tr>
<tr><td style="text-align:left">genderUnknown:region2useCHN</td><td>4.787<sup>***</sup></td><td>10.116<sup>***</sup></td><td>11.581<sup>***</sup></td></tr>
<tr><td style="text-align:left"></td><td>(0.745)</td><td>(0.495)</td><td>(0.545)</td></tr>
<tr><td style="text-align:left"></td><td></td><td></td><td></td></tr>
<tr><td style="text-align:left">genderMale:region2useEast Asia</td><td>Pacific</td><td>4.704<sup>***</sup></td><td>2.793<sup>***</sup></td></tr>
<tr><td style="text-align:left"></td><td>(0.726)</td><td>(0.427)</td><td>(0.841)</td></tr>
<tr><td style="text-align:left"></td><td></td><td></td><td></td></tr>
<tr><td style="text-align:left">genderUnknown:region2useEast Asia</td><td>Pacific</td><td>4.748<sup>***</sup></td><td>10.503<sup>***</sup></td></tr>
<tr><td style="text-align:left"></td><td>(0.598)</td><td>(0.418)</td><td>(0.437)</td></tr>
<tr><td style="text-align:left"></td><td></td><td></td><td></td></tr>
<tr><td style="text-align:left">genderMale:region2useEurope</td><td>Central Asia</td><td>4.860<sup>***</sup></td><td>2.415<sup>***</sup></td></tr>
<tr><td style="text-align:left"></td><td>(0.717)</td><td>(0.418)</td><td>(0.835)</td></tr>
<tr><td style="text-align:left"></td><td></td><td></td><td></td></tr>
<tr><td style="text-align:left">genderUnknown:region2useEurope</td><td>Central Asia</td><td>4.570<sup>***</sup></td><td>9.190<sup>***</sup></td></tr>
<tr><td style="text-align:left"></td><td>(0.535)</td><td>(0.440)</td><td>(0.376)</td></tr>
<tr><td style="text-align:left"></td><td></td><td></td><td></td></tr>
<tr><td style="text-align:left">genderMale:region2useLatin America</td><td>Caribbean</td><td>5.233<sup>***</sup></td><td>2.517<sup>***</sup></td></tr>
<tr><td style="text-align:left"></td><td>(1.027)</td><td>(0.644)</td><td>(0.913)</td></tr>
<tr><td style="text-align:left"></td><td></td><td></td><td></td></tr>
<tr><td style="text-align:left">genderUnknown:region2useLatin America</td><td>Caribbean</td><td>5.460<sup>***</sup></td><td>9.427<sup>***</sup></td></tr>
<tr><td style="text-align:left"></td><td>(1.244)</td><td>(1.141)</td><td>(1.112)</td></tr>
<tr><td style="text-align:left"></td><td></td><td></td><td></td></tr>
<tr><td style="text-align:left">genderMale:region2useMiddle East</td><td>North Africa</td><td>4.877<sup>***</sup></td><td>2.636<sup>***</sup></td></tr>
<tr><td style="text-align:left"></td><td>(0.865)</td><td>(0.639)</td><td>(0.898)</td></tr>
<tr><td style="text-align:left"></td><td></td><td></td><td></td></tr>
<tr><td style="text-align:left">genderUnknown:region2useMiddle East</td><td>North Africa</td><td>-9.359<sup>***</sup></td><td>-10.483<sup>***</sup></td></tr>
<tr><td style="text-align:left"></td><td>(0.00000)</td><td>(0.000)</td><td>(1.346)</td></tr>
<tr><td style="text-align:left"></td><td></td><td></td><td></td></tr>
<tr><td style="text-align:left">genderMale:region2useNorth America</td><td>5.510<sup>***</sup></td><td>2.546<sup>***</sup></td><td>4.072<sup>***</sup></td></tr>
<tr><td style="text-align:left"></td><td>(0.787)</td><td>(0.514)</td><td>(0.868)</td></tr>
<tr><td style="text-align:left"></td><td></td><td></td><td></td></tr>
<tr><td style="text-align:left">genderUnknown:region2useNorth America</td><td>6.425<sup>***</sup></td><td>11.722<sup>***</sup></td><td>12.627<sup>***</sup></td></tr>
<tr><td style="text-align:left"></td><td>(1.306)</td><td>(1.143)</td><td>(1.144)</td></tr>
<tr><td style="text-align:left"></td><td></td><td></td><td></td></tr>
<tr><td style="text-align:left">genderMale:region2useSouth Asia</td><td>4.977<sup>***</sup></td><td>2.493<sup>***</sup></td><td>3.747<sup>***</sup></td></tr>
<tr><td style="text-align:left"></td><td>(0.845)</td><td>(0.570)</td><td>(0.902)</td></tr>
<tr><td style="text-align:left"></td><td></td><td></td><td></td></tr>
<tr><td style="text-align:left">genderUnknown:region2useSouth Asia</td><td>5.229<sup>***</sup></td><td>8.794<sup>***</sup></td><td>10.978<sup>***</sup></td></tr>
<tr><td style="text-align:left"></td><td>(0.801)</td><td>(1.044)</td><td>(0.739)</td></tr>
<tr><td style="text-align:left"></td><td></td><td></td><td></td></tr>
<tr><td style="text-align:left">genderMale:region2useUSA</td><td>4.790<sup>***</sup></td><td>2.408<sup>***</sup></td><td>3.429<sup>***</sup></td></tr>
<tr><td style="text-align:left"></td><td>(0.722)</td><td>(0.420)</td><td>(0.841)</td></tr>
<tr><td style="text-align:left"></td><td></td><td></td><td></td></tr>
<tr><td style="text-align:left">genderUnknown:region2useUSA</td><td>3.370<sup>***</sup></td><td>9.594<sup>***</sup></td><td>11.526<sup>***</sup></td></tr>
<tr><td style="text-align:left"></td><td>(0.960)</td><td>(0.423)</td><td>(0.484)</td></tr>
<tr><td style="text-align:left"></td><td></td><td></td><td></td></tr>
<tr><td style="text-align:left">genderMale:region2useZAF</td><td>5.694<sup>***</sup></td><td>2.426<sup>*</sup></td><td>3.443<sup>***</sup></td></tr>
<tr><td style="text-align:left"></td><td>(1.354)</td><td>(1.311)</td><td>(1.292)</td></tr>
<tr><td style="text-align:left"></td><td></td><td></td><td></td></tr>
<tr><td style="text-align:left">genderUnknown:region2useZAF</td><td>-8.309<sup>***</sup></td><td>-8.859<sup>***</sup></td><td>-12.373<sup>***</sup></td></tr>
<tr><td style="text-align:left"></td><td>(0.00000)</td><td>(0.000)</td><td>(0.000)</td></tr>
<tr><td style="text-align:left"></td><td></td><td></td><td></td></tr>
<tr><td style="text-align:left">ctrl_obs_2catTalents:genderMale:region2useBRA</td><td>-4.260<sup>***</sup></td><td>-12.767<sup>***</sup></td><td>-5.980<sup>***</sup></td></tr>
<tr><td style="text-align:left"></td><td>(1.403)</td><td>(0.866)</td><td>(0.829)</td></tr>
<tr><td style="text-align:left"></td><td></td><td></td><td></td></tr>
<tr><td style="text-align:left">ctrl_obs_2catTalents:genderUnknown:region2useBRA</td><td>-1.332<sup>***</sup></td><td>3.712<sup>**</sup></td><td>20.256<sup>***</sup></td></tr>
<tr><td style="text-align:left"></td><td>(0.000)</td><td>(1.537)</td><td>(0.671)</td></tr>
<tr><td style="text-align:left"></td><td></td><td></td><td></td></tr>
<tr><td style="text-align:left">ctrl_obs_2catTalents:genderMale:region2useCHN</td><td>-5.011<sup>***</sup></td><td>-12.618<sup>***</sup></td><td>-5.056<sup>***</sup></td></tr>
<tr><td style="text-align:left"></td><td>(0.754)</td><td>(0.640)</td><td>(0.566)</td></tr>
<tr><td style="text-align:left"></td><td></td><td></td><td></td></tr>
<tr><td style="text-align:left">ctrl_obs_2catTalents:genderUnknown:region2useCHN</td><td>7.841<sup>***</sup></td><td>3.878<sup>***</sup></td><td>4.208<sup>***</sup></td></tr>
<tr><td style="text-align:left"></td><td>(0.841)</td><td>(0.713)</td><td>(0.661)</td></tr>
<tr><td style="text-align:left"></td><td></td><td></td><td></td></tr>
<tr><td style="text-align:left">ctrl_obs_2catTalents:genderMale:region2useEast Asia</td><td>Pacific</td><td>-4.147<sup>***</sup></td><td>-12.421<sup>***</sup></td></tr>
<tr><td style="text-align:left"></td><td>(0.752)</td><td>(0.637)</td><td>(0.562)</td></tr>
<tr><td style="text-align:left"></td><td></td><td></td><td></td></tr>
<tr><td style="text-align:left">ctrl_obs_2catTalents:genderUnknown:region2useEast Asia</td><td>Pacific</td><td>7.518<sup>***</sup></td><td>2.822<sup>***</sup></td></tr>
<tr><td style="text-align:left"></td><td>(0.715)</td><td>(0.622)</td><td>(0.586)</td></tr>
<tr><td style="text-align:left"></td><td></td><td></td><td></td></tr>
<tr><td style="text-align:left">ctrl_obs_2catTalents:genderMale:region2useEurope</td><td>Central Asia</td><td>-4.339<sup>***</sup></td><td>-12.179<sup>***</sup></td></tr>
<tr><td style="text-align:left"></td><td>(0.731)</td><td>(0.628)</td><td>(0.542)</td></tr>
<tr><td style="text-align:left"></td><td></td><td></td><td></td></tr>
<tr><td style="text-align:left">ctrl_obs_2catTalents:genderUnknown:region2useEurope</td><td>Central Asia</td><td>7.179<sup>***</sup></td><td>4.552<sup>***</sup></td></tr>
<tr><td style="text-align:left"></td><td>(0.680)</td><td>(0.605)</td><td>(0.457)</td></tr>
<tr><td style="text-align:left"></td><td></td><td></td><td></td></tr>
<tr><td style="text-align:left">ctrl_obs_2catTalents:genderMale:region2useLatin America</td><td>Caribbean</td><td>-5.412<sup>***</sup></td><td>-12.256<sup>***</sup></td></tr>
<tr><td style="text-align:left"></td><td>(1.400)</td><td>(1.364)</td><td>(1.101)</td></tr>
<tr><td style="text-align:left"></td><td></td><td></td><td></td></tr>
<tr><td style="text-align:left">ctrl_obs_2catTalents:genderUnknown:region2useLatin America</td><td>Caribbean</td><td>0.000</td><td>0.000</td></tr>
<tr><td style="text-align:left"></td><td>(0.000)</td><td></td><td>(0.000)</td></tr>
<tr><td style="text-align:left"></td><td></td><td></td><td></td></tr>
<tr><td style="text-align:left">ctrl_obs_2catTalents:genderMale:region2useMiddle East</td><td>North Africa</td><td>-4.464<sup>***</sup></td><td>-12.580<sup>***</sup></td></tr>
<tr><td style="text-align:left"></td><td>(1.073)</td><td>(0.951)</td><td>(0.742)</td></tr>
<tr><td style="text-align:left"></td><td></td><td></td><td></td></tr>
<tr><td style="text-align:left">ctrl_obs_2catTalents:genderUnknown:region2useMiddle East</td><td>North Africa</td><td>-4.476<sup>***</sup></td><td>-5.202<sup>***</sup></td></tr>
<tr><td style="text-align:left"></td><td>(0.000)</td><td>(0.000)</td><td>(0.000)</td></tr>
<tr><td style="text-align:left"></td><td></td><td></td><td></td></tr>
<tr><td style="text-align:left">ctrl_obs_2catTalents:genderMale:region2useNorth America</td><td>-4.514<sup>***</sup></td><td>-11.944<sup>***</sup></td><td>-5.030<sup>***</sup></td></tr>
<tr><td style="text-align:left"></td><td>(0.877)</td><td>(0.760)</td><td>(0.630)</td></tr>
<tr><td style="text-align:left"></td><td></td><td></td><td></td></tr>
<tr><td style="text-align:left">ctrl_obs_2catTalents:genderUnknown:region2useNorth America</td><td>-19.883<sup>***</sup></td><td>-23.728<sup>***</sup></td><td>-22.483<sup>***</sup></td></tr>
<tr><td style="text-align:left"></td><td>(0.000)</td><td>(0.000)</td><td>(0.000)</td></tr>
<tr><td style="text-align:left"></td><td></td><td></td><td></td></tr>
<tr><td style="text-align:left">ctrl_obs_2catTalents:genderMale:region2useSouth Asia</td><td>-4.215<sup>***</sup></td><td>-12.044<sup>***</sup></td><td>-5.557<sup>***</sup></td></tr>
<tr><td style="text-align:left"></td><td>(1.343)</td><td>(1.040)</td><td>(0.806)</td></tr>
<tr><td style="text-align:left"></td><td></td><td></td><td></td></tr>
<tr><td style="text-align:left">ctrl_obs_2catTalents:genderUnknown:region2useSouth Asia</td><td>-12.442<sup>***</sup></td><td>5.662<sup>***</sup></td><td>2.700<sup>**</sup></td></tr>
<tr><td style="text-align:left"></td><td>(0.000)</td><td>(1.441)</td><td>(1.249)</td></tr>
<tr><td style="text-align:left"></td><td></td><td></td><td></td></tr>
<tr><td style="text-align:left">ctrl_obs_2catTalents:genderMale:region2useUSA</td><td>-4.670<sup>***</sup></td><td>-12.239<sup>***</sup></td><td>-4.804<sup>***</sup></td></tr>
<tr><td style="text-align:left"></td><td>(0.734)</td><td>(0.626)</td><td>(0.558)</td></tr>
<tr><td style="text-align:left"></td><td></td><td></td><td></td></tr>
<tr><td style="text-align:left">ctrl_obs_2catTalents:genderUnknown:region2useUSA</td><td>8.529<sup>***</sup></td><td>4.420<sup>***</sup></td><td>3.658<sup>***</sup></td></tr>
<tr><td style="text-align:left"></td><td>(1.003)</td><td>(0.592)</td><td>(0.669)</td></tr>
<tr><td style="text-align:left"></td><td></td><td></td><td></td></tr>
<tr><td style="text-align:left">ctrl_obs_2catTalents:genderMale:region2useZAF</td><td>-4.102<sup>**</sup></td><td>11.649<sup>***</sup></td><td>-4.012<sup>***</sup></td></tr>
<tr><td style="text-align:left"></td><td>(1.751)</td><td>(0.771)</td><td>(1.282)</td></tr>
<tr><td style="text-align:left"></td><td></td><td></td><td></td></tr>
<tr><td style="text-align:left">ctrl_obs_2catTalents:genderUnknown:region2useZAF</td><td>0.000</td><td>0.000</td><td>0.000</td></tr>
<tr><td style="text-align:left"></td><td>(0.000)</td><td>(0.000)</td><td>(0.000)</td></tr>
<tr><td style="text-align:left"></td><td></td><td></td><td></td></tr>
<tr><td style="text-align:left">Constant</td><td>-11.928<sup>***</sup></td><td>-1.418<sup>**</sup></td><td>0.125</td></tr>
<tr><td style="text-align:left"></td><td>(0.605)</td><td>(0.638)</td><td>(0.678)</td></tr>
<tr><td style="text-align:left"></td><td></td><td></td><td></td></tr>
<tr><td colspan="4" style="border-bottom: 1px solid black"></td></tr><tr><td style="text-align:left">Akaike Inf. Crit.</td><td>68,719.770</td><td>68,719.770</td><td>68,719.770</td></tr>
<tr><td colspan="4" style="border-bottom: 1px solid black"></td></tr><tr><td style="text-align:left"><em>Note:</em></td><td colspan="3" style="text-align:right"><sup>*</sup>p<0.1; <sup>**</sup>p<0.05; <sup>***</sup>p<0.01</td></tr>
</table>
[1] "Stat model results: \n"

=====================================================================================================
                                                                                        Model 1      
-----------------------------------------------------------------------------------------------------
Both: (Intercept)                                                                          -11.93 ***
                                                                                            (0.60)   
Both: ctrl_obs_2catTalents                                                                   7.89 ***
                                                                                            (0.58)   
Both: genderMale                                                                            -4.84 ***
                                                                                            (0.71)   
Both: genderUnknown                                                                         -4.82 ***
                                                                                            (0.33)   
Both: region2useBRA                                                                          7.23 ***
                                                                                            (0.73)   
Both: region2useCHN                                                                          7.20 ***
                                                                                            (0.60)   
Both: region2useEast Asia & Pacific                                                          7.81 ***
                                                                                            (0.60)   
Both: region2useEurope & Central Asia                                                        7.35 ***
                                                                                            (0.59)   
Both: region2useLatin America & Caribbean                                                    7.39 ***
                                                                                            (0.90)   
Both: region2useMiddle East & North Africa                                                   7.80 ***
                                                                                            (0.74)   
Both: region2useNorth America                                                                7.54 ***
                                                                                            (0.66)   
Both: region2useSouth Asia                                                                   7.94 ***
                                                                                            (0.72)   
Both: region2useUSA                                                                          7.97 ***
                                                                                            (0.59)   
Both: region2useZAF                                                                          7.89 ***
                                                                                            (1.18)   
Both: acadmic_age                                                                            0.14 ***
                                                                                            (0.01)   
Both: ctrl_obs_2catTalents:genderMale                                                        4.90 ***
                                                                                            (0.71)   
Both: ctrl_obs_2catTalents:genderUnknown                                                    -7.07 ***
                                                                                            (0.38)   
Both: ctrl_obs_2catTalents:region2useBRA                                                    -8.77 ***
                                                                                            (1.22)   
Both: ctrl_obs_2catTalents:region2useCHN                                                    -7.87 ***
                                                                                            (0.62)   
Both: ctrl_obs_2catTalents:region2useEast Asia & Pacific                                    -8.44 ***
                                                                                            (0.62)   
Both: ctrl_obs_2catTalents:region2useEurope & Central Asia                                  -7.98 ***
                                                                                            (0.60)   
Both: ctrl_obs_2catTalents:region2useLatin America & Caribbean                              -6.44 ***
                                                                                            (1.26)   
Both: ctrl_obs_2catTalents:region2useMiddle East & North Africa                             -7.97 ***
                                                                                            (0.96)   
Both: ctrl_obs_2catTalents:region2useNorth America                                          -7.96 ***
                                                                                            (0.74)   
Both: ctrl_obs_2catTalents:region2useSouth Asia                                             -8.67 ***
                                                                                            (1.24)   
Both: ctrl_obs_2catTalents:region2useUSA                                                    -7.75 ***
                                                                                            (0.61)   
Both: ctrl_obs_2catTalents:region2useZAF                                                    -8.58 ***
                                                                                            (1.56)   
Both: genderMale:region2useBRA                                                               4.67 ***
                                                                                            (0.90)   
Both: genderUnknown:region2useBRA                                                           -9.65 ***
                                                                                            (0.00)   
Both: genderMale:region2useCHN                                                               5.06 ***
                                                                                            (0.73)   
Both: genderUnknown:region2useCHN                                                            4.79 ***
                                                                                            (0.75)   
Both: genderMale:region2useEast Asia & Pacific                                               4.70 ***
                                                                                            (0.73)   
Both: genderUnknown:region2useEast Asia & Pacific                                            4.75 ***
                                                                                            (0.60)   
Both: genderMale:region2useEurope & Central Asia                                             4.86 ***
                                                                                            (0.72)   
Both: genderUnknown:region2useEurope & Central Asia                                          4.57 ***
                                                                                            (0.54)   
Both: genderMale:region2useLatin America & Caribbean                                         5.23 ***
                                                                                            (1.03)   
Both: genderUnknown:region2useLatin America & Caribbean                                      5.46 ***
                                                                                            (1.24)   
Both: genderMale:region2useMiddle East & North Africa                                        4.88 ***
                                                                                            (0.87)   
Both: genderUnknown:region2useMiddle East & North Africa                                    -9.36 ***
                                                                                            (0.00)   
Both: genderMale:region2useNorth America                                                     5.51 ***
                                                                                            (0.79)   
Both: genderUnknown:region2useNorth America                                                  6.43 ***
                                                                                            (1.31)   
Both: genderMale:region2useSouth Asia                                                        4.98 ***
                                                                                            (0.85)   
Both: genderUnknown:region2useSouth Asia                                                     5.23 ***
                                                                                            (0.80)   
Both: genderMale:region2useUSA                                                               4.79 ***
                                                                                            (0.72)   
Both: genderUnknown:region2useUSA                                                            3.37 ***
                                                                                            (0.96)   
Both: genderMale:region2useZAF                                                               5.69 ***
                                                                                            (1.35)   
Both: genderUnknown:region2useZAF                                                           -8.31 ***
                                                                                            (0.00)   
Both: ctrl_obs_2catTalents:genderMale:region2useBRA                                         -4.26 ** 
                                                                                            (1.40)   
Both: ctrl_obs_2catTalents:genderUnknown:region2useBRA                                      -1.33 ***
                                                                                            (0.00)   
Both: ctrl_obs_2catTalents:genderMale:region2useCHN                                         -5.01 ***
                                                                                            (0.75)   
Both: ctrl_obs_2catTalents:genderUnknown:region2useCHN                                       7.84 ***
                                                                                            (0.84)   
Both: ctrl_obs_2catTalents:genderMale:region2useEast Asia & Pacific                         -4.15 ***
                                                                                            (0.75)   
Both: ctrl_obs_2catTalents:genderUnknown:region2useEast Asia & Pacific                       7.52 ***
                                                                                            (0.71)   
Both: ctrl_obs_2catTalents:genderMale:region2useEurope & Central Asia                       -4.34 ***
                                                                                            (0.73)   
Both: ctrl_obs_2catTalents:genderUnknown:region2useEurope & Central Asia                     7.18 ***
                                                                                            (0.68)   
Both: ctrl_obs_2catTalents:genderMale:region2useLatin America & Caribbean                   -5.41 ***
                                                                                            (1.40)   
Both: ctrl_obs_2catTalents:genderUnknown:region2useLatin America & Caribbean                 0.00    
                                                                                            (0.00)   
Both: ctrl_obs_2catTalents:genderMale:region2useMiddle East & North Africa                  -4.46 ***
                                                                                            (1.07)   
Both: ctrl_obs_2catTalents:genderUnknown:region2useMiddle East & North Africa               -4.48 ***
                                                                                            (0.00)   
Both: ctrl_obs_2catTalents:genderMale:region2useNorth America                               -4.51 ***
                                                                                            (0.88)   
Both: ctrl_obs_2catTalents:genderUnknown:region2useNorth America                           -19.88 ***
                                                                                            (0.00)   
Both: ctrl_obs_2catTalents:genderMale:region2useSouth Asia                                  -4.21 ** 
                                                                                            (1.34)   
Both: ctrl_obs_2catTalents:genderUnknown:region2useSouth Asia                              -12.44 ***
                                                                                            (0.00)   
Both: ctrl_obs_2catTalents:genderMale:region2useUSA                                         -4.67 ***
                                                                                            (0.73)   
Both: ctrl_obs_2catTalents:genderUnknown:region2useUSA                                       8.53 ***
                                                                                            (1.00)   
Both: ctrl_obs_2catTalents:genderMale:region2useZAF                                         -4.10 *  
                                                                                            (1.75)   
Both: ctrl_obs_2catTalents:genderUnknown:region2useZAF                                       0.00    
                                                                                            (0.00)   
Internal: (Intercept)                                                                       -1.42 *  
                                                                                            (0.64)   
Internal: ctrl_obs_2catTalents                                                             -11.23 ***
                                                                                            (0.61)   
Internal: genderMale                                                                        -2.49 ***
                                                                                            (0.41)   
Internal: genderUnknown                                                                     -9.84 ***
                                                                                            (0.27)   
Internal: region2useBRA                                                                     -1.10    
                                                                                            (0.69)   
Internal: region2useCHN                                                                     -1.42 *  
                                                                                            (0.64)   
Internal: region2useEast Asia & Pacific                                                     -1.04    
                                                                                            (0.64)   
Internal: region2useEurope & Central Asia                                                   -1.34 *  
                                                                                            (0.63)   
Internal: region2useLatin America & Caribbean                                               -1.09    
                                                                                            (0.78)   
Internal: region2useMiddle East & North Africa                                              -1.77 *  
                                                                                            (0.78)   
Internal: region2useNorth America                                                           -1.57 *  
                                                                                            (0.68)   
Internal: region2useSouth Asia                                                              -1.23    
                                                                                            (0.73)   
Internal: region2useUSA                                                                     -0.11    
                                                                                            (0.63)   
Internal: region2useZAF                                                                     -1.66    
                                                                                            (1.22)   
Internal: acadmic_age                                                                        0.09 ***
                                                                                            (0.01)   
Internal: ctrl_obs_2catTalents:genderMale                                                   12.52 ***
                                                                                            (0.62)   
Internal: ctrl_obs_2catTalents:genderUnknown                                                -3.88 ***
                                                                                            (0.38)   
Internal: ctrl_obs_2catTalents:region2useBRA                                                10.73 ***
                                                                                            (0.81)   
Internal: ctrl_obs_2catTalents:region2useCHN                                                11.00 ***
                                                                                            (0.63)   
Internal: ctrl_obs_2catTalents:region2useEast Asia & Pacific                                11.14 ***
                                                                                            (0.63)   
Internal: ctrl_obs_2catTalents:region2useEurope & Central Asia                              10.93 ***
                                                                                            (0.62)   
Internal: ctrl_obs_2catTalents:region2useLatin America & Caribbean                          10.90 ***
                                                                                            (1.28)   
Internal: ctrl_obs_2catTalents:region2useMiddle East & North Africa                         11.43 ***
                                                                                            (0.92)   
Internal: ctrl_obs_2catTalents:region2useNorth America                                      11.10 ***
                                                                                            (0.72)   
Internal: ctrl_obs_2catTalents:region2useSouth Asia                                         10.71 ***
                                                                                            (1.00)   
Internal: ctrl_obs_2catTalents:region2useUSA                                                11.26 ***
                                                                                            (0.62)   
Internal: ctrl_obs_2catTalents:region2useZAF                                               -12.90 ***
                                                                                            (0.77)   
Internal: genderMale:region2useBRA                                                           2.94 ***
                                                                                            (0.52)   
Internal: genderUnknown:region2useBRA                                                       11.19 ***
                                                                                            (0.85)   
Internal: genderMale:region2useCHN                                                           2.71 ***
                                                                                            (0.43)   
Internal: genderUnknown:region2useCHN                                                       10.12 ***
                                                                                            (0.49)   
Internal: genderMale:region2useEast Asia & Pacific                                           2.79 ***
                                                                                            (0.43)   
Internal: genderUnknown:region2useEast Asia & Pacific                                       10.50 ***
                                                                                            (0.42)   
Internal: genderMale:region2useEurope & Central Asia                                         2.42 ***
                                                                                            (0.42)   
Internal: genderUnknown:region2useEurope & Central Asia                                      9.19 ***
                                                                                            (0.44)   
Internal: genderMale:region2useLatin America & Caribbean                                     2.52 ***
                                                                                            (0.64)   
Internal: genderUnknown:region2useLatin America & Caribbean                                  9.43 ***
                                                                                            (1.14)   
Internal: genderMale:region2useMiddle East & North Africa                                    2.64 ***
                                                                                            (0.64)   
Internal: genderUnknown:region2useMiddle East & North Africa                               -10.48 ***
                                                                                            (0.00)   
Internal: genderMale:region2useNorth America                                                 2.55 ***
                                                                                            (0.51)   
Internal: genderUnknown:region2useNorth America                                             11.72 ***
                                                                                            (1.14)   
Internal: genderMale:region2useSouth Asia                                                    2.49 ***
                                                                                            (0.57)   
Internal: genderUnknown:region2useSouth Asia                                                 8.79 ***
                                                                                            (1.04)   
Internal: genderMale:region2useUSA                                                           2.41 ***
                                                                                            (0.42)   
Internal: genderUnknown:region2useUSA                                                        9.59 ***
                                                                                            (0.42)   
Internal: genderMale:region2useZAF                                                           2.43    
                                                                                            (1.31)   
Internal: genderUnknown:region2useZAF                                                       -8.86 ***
                                                                                            (0.00)   
Internal: ctrl_obs_2catTalents:genderMale:region2useBRA                                    -12.77 ***
                                                                                            (0.87)   
Internal: ctrl_obs_2catTalents:genderUnknown:region2useBRA                                   3.71 *  
                                                                                            (1.54)   
Internal: ctrl_obs_2catTalents:genderMale:region2useCHN                                    -12.62 ***
                                                                                            (0.64)   
Internal: ctrl_obs_2catTalents:genderUnknown:region2useCHN                                   3.88 ***
                                                                                            (0.71)   
Internal: ctrl_obs_2catTalents:genderMale:region2useEast Asia & Pacific                    -12.42 ***
                                                                                            (0.64)   
Internal: ctrl_obs_2catTalents:genderUnknown:region2useEast Asia & Pacific                   2.82 ***
                                                                                            (0.62)   
Internal: ctrl_obs_2catTalents:genderMale:region2useEurope & Central Asia                  -12.18 ***
                                                                                            (0.63)   
Internal: ctrl_obs_2catTalents:genderUnknown:region2useEurope & Central Asia                 4.55 ***
                                                                                            (0.61)   
Internal: ctrl_obs_2catTalents:genderMale:region2useLatin America & Caribbean              -12.26 ***
                                                                                            (1.36)   
Internal: ctrl_obs_2catTalents:genderUnknown:region2useLatin America & Caribbean             0.00    
                                                                                                     
Internal: ctrl_obs_2catTalents:genderMale:region2useMiddle East & North Africa             -12.58 ***
                                                                                            (0.95)   
Internal: ctrl_obs_2catTalents:genderUnknown:region2useMiddle East & North Africa           -5.20 ***
                                                                                            (0.00)   
Internal: ctrl_obs_2catTalents:genderMale:region2useNorth America                          -11.94 ***
                                                                                            (0.76)   
Internal: ctrl_obs_2catTalents:genderUnknown:region2useNorth America                       -23.73 ***
                                                                                            (0.00)   
Internal: ctrl_obs_2catTalents:genderMale:region2useSouth Asia                             -12.04 ***
                                                                                            (1.04)   
Internal: ctrl_obs_2catTalents:genderUnknown:region2useSouth Asia                            5.66 ***
                                                                                            (1.44)   
Internal: ctrl_obs_2catTalents:genderMale:region2useUSA                                    -12.24 ***
                                                                                            (0.63)   
Internal: ctrl_obs_2catTalents:genderUnknown:region2useUSA                                   4.42 ***
                                                                                            (0.59)   
Internal: ctrl_obs_2catTalents:genderMale:region2useZAF                                     11.65 ***
                                                                                            (0.77)   
Internal: ctrl_obs_2catTalents:genderUnknown:region2useZAF                                   0.00    
                                                                                            (0.00)   
International: (Intercept)                                                                   0.12    
                                                                                            (0.68)   
International: ctrl_obs_2catTalents                                                         -2.73 ***
                                                                                            (0.78)   
International: genderMale                                                                   -3.51 ***
                                                                                            (0.83)   
International: genderUnknown                                                               -11.28 ***
                                                                                            (0.28)   
International: region2useBRA                                                                -3.00 ***
                                                                                            (0.78)   
International: region2useCHN                                                                -2.83 ***
                                                                                            (0.68)   
International: region2useEast Asia & Pacific                                                -2.22 ** 
                                                                                            (0.68)   
International: region2useEurope & Central Asia                                              -2.15 ** 
                                                                                            (0.67)   
International: region2useLatin America & Caribbean                                          -1.03    
                                                                                            (0.75)   
International: region2useMiddle East & North Africa                                         -1.70 *  
                                                                                            (0.74)   
International: region2useNorth America                                                      -2.06 ** 
                                                                                            (0.71)   
International: region2useSouth Asia                                                         -1.91 *  
                                                                                            (0.75)   
International: region2useUSA                                                                -2.30 ***
                                                                                            (0.68)   
International: region2useZAF                                                                -2.00    
                                                                                            (1.06)   
International: acadmic_age                                                                   0.07 ***
                                                                                            (0.01)   
International: ctrl_obs_2catTalents:genderMale                                               5.10 ***
                                                                                            (0.53)   
International: ctrl_obs_2catTalents:genderUnknown                                           -3.58 ***
                                                                                            (0.32)   
International: ctrl_obs_2catTalents:region2useBRA                                            3.45 ***
                                                                                            (0.97)   
International: ctrl_obs_2catTalents:region2useCHN                                            2.67 ***
                                                                                            (0.80)   
International: ctrl_obs_2catTalents:region2useEast Asia & Pacific                            2.41 ** 
                                                                                            (0.80)   
International: ctrl_obs_2catTalents:region2useEurope & Central Asia                          2.93 ***
                                                                                            (0.79)   
International: ctrl_obs_2catTalents:region2useLatin America & Caribbean                      2.01    
                                                                                            (1.21)   
International: ctrl_obs_2catTalents:region2useMiddle East & North Africa                     2.74 ** 
                                                                                            (0.93)   
International: ctrl_obs_2catTalents:region2useNorth America                                  3.05 ***
                                                                                            (0.84)   
International: ctrl_obs_2catTalents:region2useSouth Asia                                     3.09 ** 
                                                                                            (0.97)   
International: ctrl_obs_2catTalents:region2useUSA                                            2.50 ** 
                                                                                            (0.80)   
International: ctrl_obs_2catTalents:region2useZAF                                            2.77 *  
                                                                                            (1.26)   
International: genderMale:region2useBRA                                                      4.30 ***
                                                                                            (0.94)   
International: genderUnknown:region2useBRA                                                  -4.55 ***
                                                                                            (0.67)   
International: genderMale:region2useCHN                                                      3.73 ***
                                                                                            (0.84)   
International: genderUnknown:region2useCHN                                                  11.58 ***
                                                                                            (0.55)   
International: genderMale:region2useEast Asia & Pacific                                      3.57 ***
                                                                                            (0.84)   
International: genderUnknown:region2useEast Asia & Pacific                                  11.89 ***
                                                                                            (0.44)   
International: genderMale:region2useEurope & Central Asia                                    3.57 ***
                                                                                            (0.83)   
International: genderUnknown:region2useEurope & Central Asia                                11.31 ***
                                                                                            (0.38)   
International: genderMale:region2useLatin America & Caribbean                                3.22 ***
                                                                                            (0.91)   
International: genderUnknown:region2useLatin America & Caribbean                             9.79 ***
                                                                                            (1.11)   
International: genderMale:region2useMiddle East & North Africa                               3.82 ***
                                                                                            (0.90)   
International: genderUnknown:region2useMiddle East & North Africa                           11.92 ***
                                                                                            (1.35)   
International: genderMale:region2useNorth America                                            4.07 ***
                                                                                            (0.87)   
International: genderUnknown:region2useNorth America                                        12.63 ***
                                                                                            (1.14)   
International: genderMale:region2useSouth Asia                                               3.75 ***
                                                                                            (0.90)   
International: genderUnknown:region2useSouth Asia                                           10.98 ***
                                                                                            (0.74)   
International: genderMale:region2useUSA                                                      3.43 ***
                                                                                            (0.84)   
International: genderUnknown:region2useUSA                                                  11.53 ***
                                                                                            (0.48)   
International: genderMale:region2useZAF                                                      3.44 ** 
                                                                                            (1.29)   
International: genderUnknown:region2useZAF                                                 -12.37 ***
                                                                                            (0.00)   
International: ctrl_obs_2catTalents:genderMale:region2useBRA                                -5.98 ***
                                                                                            (0.83)   
International: ctrl_obs_2catTalents:genderUnknown:region2useBRA                             20.26 ***
                                                                                            (0.67)   
International: ctrl_obs_2catTalents:genderMale:region2useCHN                                -5.06 ***
                                                                                            (0.57)   
International: ctrl_obs_2catTalents:genderUnknown:region2useCHN                              4.21 ***
                                                                                            (0.66)   
International: ctrl_obs_2catTalents:genderMale:region2useEast Asia & Pacific                -4.76 ***
                                                                                            (0.56)   
International: ctrl_obs_2catTalents:genderUnknown:region2useEast Asia & Pacific              2.98 ***
                                                                                            (0.59)   
International: ctrl_obs_2catTalents:genderMale:region2useEurope & Central Asia              -4.92 ***
                                                                                            (0.54)   
International: ctrl_obs_2catTalents:genderUnknown:region2useEurope & Central Asia            3.81 ***
                                                                                            (0.46)   
International: ctrl_obs_2catTalents:genderMale:region2useLatin America & Caribbean          -4.29 ***
                                                                                            (1.10)   
International: ctrl_obs_2catTalents:genderUnknown:region2useLatin America & Caribbean        0.00    
                                                                                            (0.00)   
International: ctrl_obs_2catTalents:genderMale:region2useMiddle East & North Africa         -5.25 ***
                                                                                            (0.74)   
International: ctrl_obs_2catTalents:genderUnknown:region2useMiddle East & North Africa     -18.71 ***
                                                                                            (0.00)   
International: ctrl_obs_2catTalents:genderMale:region2useNorth America                      -5.03 ***
                                                                                            (0.63)   
International: ctrl_obs_2catTalents:genderUnknown:region2useNorth America                  -22.48 ***
                                                                                            (0.00)   
International: ctrl_obs_2catTalents:genderMale:region2useSouth Asia                         -5.56 ***
                                                                                            (0.81)   
International: ctrl_obs_2catTalents:genderUnknown:region2useSouth Asia                       2.70 *  
                                                                                            (1.25)   
International: ctrl_obs_2catTalents:genderMale:region2useUSA                                -4.80 ***
                                                                                            (0.56)   
International: ctrl_obs_2catTalents:genderUnknown:region2useUSA                              3.66 ***
                                                                                            (0.67)   
International: ctrl_obs_2catTalents:genderMale:region2useZAF                                -4.01 ** 
                                                                                            (1.28)   
International: ctrl_obs_2catTalents:genderUnknown:region2useZAF                              0.00    
                                                                                            (0.00)   
-----------------------------------------------------------------------------------------------------
AIC                                                                                      68719.77    
BIC                                                                                      70304.60    
Log Likelihood                                                                          -34167.88    
Deviance                                                                                 68335.77    
Num. obs.                                                                                28406       
K                                                                                            4       
=====================================================================================================
*** p < 0.001; ** p < 0.01; * p < 0.05
Warning message:
In sqrt(diag(vc)) : NaNs produced
