running
  'C:\PROGRA~1\R\R-45~1.1\bin\x64\Rterm.exe --no-echo --no-restore --no-save --no-restore --file=workflow/scripts/read_data_run_statistical_model_full_gender_regions.R --args --input G:/ali/talents/results/Akbaritabar_Haunschild_Bornmann_replication_data.csv --gender third --region2use continent --output G:/ali/talents/results/md_prd3_third_continent_full.csv G:/ali/talents/results/tables/TABLE_5_third_continent_full.html'

-- Attaching core tidyverse packages ------------------------ tidyverse 2.0.0 --
v dplyr     1.1.4     v readr     2.1.5
v forcats   1.0.0     v stringr   1.5.2
v ggplot2   4.0.0     v tibble    3.3.0
v lubridate 1.9.4     v tidyr     1.3.1
v purrr     1.1.0     
-- Conflicts ------------------------------------------ tidyverse_conflicts() --
x dplyr::filter() masks stats::filter()
x dplyr::lag()    masks stats::lag()
i Use the conflicted package (<http://conflicted.r-lib.org/>) to force all conflicts to become errors

Please cite as: 

 Hlavac, Marek (2022). stargazer: Well-Formatted Regression and Summary Statistics Tables.
 R package version 5.2.3. https://CRAN.R-project.org/package=stargazer 

Version:  1.39.4
Date:     2024-07-23
Author:   Philip Leifeld (University of Manchester)

Consider submitting praise using the praise or praise_interactive functions.
Please cite the JSS article in your publications -- see citation("texreg").

Attaching package: 'texreg'

The following object is masked from 'package:tidyr':

    extract

[1] "R working directory: "
[1] "G:/ali/talents"
[1] "##################################################"
[1] "Received these arguments from command line: "
[[1]]
[1] FALSE

$help
[1] FALSE

$opts
[1] NA

$input
[1] "G:/ali/talents/results/Akbaritabar_Haunschild_Bornmann_replication_data.csv"

$gender
[1] "third"

$region2use
[1] "continent"

$output
[1] "G:/ali/talents/results/md_prd3_third_continent_full.csv"        
[2] "G:/ali/talents/results/tables/TABLE_5_third_continent_full.html"

[1] "Current R session Info: "
R version 4.5.1 (2025-06-13 ucrt)
Platform: x86_64-w64-mingw32/x64
Running under: Windows Server 2019 x64 (build 17763)

Matrix products: default
  LAPACK version 3.12.1

locale:
[1] LC_COLLATE=German_Germany.1252  LC_CTYPE=German_Germany.1252   
[3] LC_MONETARY=German_Germany.1252 LC_NUMERIC=C                   
[5] LC_TIME=German_Germany.1252    

time zone: Europe/Berlin
tzcode source: internal

attached base packages:
[1] stats     graphics  grDevices utils     datasets  methods   base     

other attached packages:
 [1] argparser_0.7.2 ggeffects_2.3.1 GGally_2.4.0    nnet_7.3-20    
 [5] texreg_1.39.4   stargazer_5.2.3 lubridate_1.9.4 forcats_1.0.0  
 [9] stringr_1.5.2   dplyr_1.1.4     purrr_1.1.0     readr_2.1.5    
[13] tidyr_1.3.1     tibble_3.3.0    ggplot2_4.0.0   tidyverse_2.0.0

loaded via a namespace (and not attached):
 [1] gtable_0.3.6       compiler_4.5.1     tidyselect_1.2.1   ggstats_0.10.0    
 [5] scales_1.4.0       R6_2.6.1           generics_0.1.4     insight_1.4.2     
 [9] pillar_1.11.0      RColorBrewer_1.1-3 tzdb_0.5.0         rlang_1.1.6       
[13] stringi_1.8.7      S7_0.2.0           timechange_0.3.0   cli_3.6.5         
[17] withr_3.0.2        magrittr_2.0.4     grid_4.5.1         hms_1.1.3         
[21] lifecycle_1.0.4    vctrs_0.6.5        glue_1.8.0         farver_2.1.2      
[25] httr_1.4.7         tools_4.5.1        pkgconfig_2.0.3   
Rows: 28406 Columns: 14
-- Column specification --------------------------------------------------------
Delimiter: ","
chr (12): ctrl_obs_cat, ctrl_obs_2cat, first_gender, second_gender, third_ge...
dbl  (2): fake_author_ID, acadmic_age

i Use `spec()` to retrieve the full column specification for this data.
i Specify the column types or set `show_col_types = FALSE` to quiet this message.
# weights:  224 (165 variable)
initial  value 39379.077622 
iter  10 value 35117.515286
iter  20 value 34868.401338
iter  30 value 34475.838886
iter  40 value 34297.104227
iter  50 value 34200.850963
iter  60 value 34176.487905
iter  70 value 34166.943256
iter  80 value 34163.282842
iter  90 value 34162.095723
iter 100 value 34160.335110
iter 110 value 34159.265361
iter 120 value 34158.598366
iter 130 value 34157.933730
iter 140 value 34157.448171
iter 150 value 34157.196037
iter 160 value 34157.153037
final  value 34157.149427 
converged
# A tibble: 6 x 5
  x      predicted response.level group  facet   
  <fct>      <dbl> <chr>          <fct>  <fct>   
1 Others     0.257 Non mobile     Female Africa  
2 Others     0.473 Non mobile     Female Americas
3 Others     0.450 Non mobile     Female Asia    
4 Others     0.545 Non mobile     Female BRA     
5 Others     0.595 Non mobile     Female CHN     
6 Others     0.510 Non mobile     Female Europe  

<table style="text-align:center"><tr><td colspan="4" style="border-bottom: 1px solid black"></td></tr><tr><td style="text-align:left"></td><td colspan="3"><em>Dependent variable:</em></td></tr>
<tr><td></td><td colspan="3" style="border-bottom: 1px solid black"></td></tr>
<tr><td style="text-align:left"></td><td>Both</td><td>Internal</td><td>International</td></tr>
<tr><td style="text-align:left"></td><td>(1)</td><td>(2)</td><td>(3)</td></tr>
<tr><td colspan="4" style="border-bottom: 1px solid black"></td></tr><tr><td style="text-align:left">ctrl_obs_2catTalents</td><td>8.118<sup>***</sup></td><td>-24.266<sup>***</sup></td><td>-2.050<sup>***</sup></td></tr>
<tr><td style="text-align:left"></td><td>(0.749)</td><td>(0.408)</td><td>(0.537)</td></tr>
<tr><td style="text-align:left"></td><td></td><td></td><td></td></tr>
<tr><td style="text-align:left">genderMale</td><td>6.651<sup>***</sup></td><td>-1.435<sup>*</sup></td><td>-1.153<sup>**</sup></td></tr>
<tr><td style="text-align:left"></td><td>(0.825)</td><td>(0.781)</td><td>(0.520)</td></tr>
<tr><td style="text-align:left"></td><td></td><td></td><td></td></tr>
<tr><td style="text-align:left">genderUnknown</td><td>8.817<sup>***</sup></td><td>-15.270<sup>***</sup></td><td>-0.228</td></tr>
<tr><td style="text-align:left"></td><td>(1.115)</td><td>(0.589)</td><td>(0.980)</td></tr>
<tr><td style="text-align:left"></td><td></td><td></td><td></td></tr>
<tr><td style="text-align:left">region2useAmericas</td><td>7.641<sup>***</sup></td><td>-1.029</td><td>-1.138<sup>**</sup></td></tr>
<tr><td style="text-align:left"></td><td>(0.781)</td><td>(0.724)</td><td>(0.510)</td></tr>
<tr><td style="text-align:left"></td><td></td><td></td><td></td></tr>
<tr><td style="text-align:left">region2useAsia</td><td>8.085<sup>***</sup></td><td>-0.529</td><td>-1.482<sup>***</sup></td></tr>
<tr><td style="text-align:left"></td><td>(0.742)</td><td>(0.693)</td><td>(0.492)</td></tr>
<tr><td style="text-align:left"></td><td></td><td></td><td></td></tr>
<tr><td style="text-align:left">region2useBRA</td><td>7.576<sup>***</sup></td><td>-0.642</td><td>-2.203<sup>***</sup></td></tr>
<tr><td style="text-align:left"></td><td>(0.851)</td><td>(0.747)</td><td>(0.619)</td></tr>
<tr><td style="text-align:left"></td><td></td><td></td><td></td></tr>
<tr><td style="text-align:left">region2useCHN</td><td>7.591<sup>***</sup></td><td>-1.007</td><td>-2.277<sup>***</sup></td></tr>
<tr><td style="text-align:left"></td><td>(0.746)</td><td>(0.695)</td><td>(0.501)</td></tr>
<tr><td style="text-align:left"></td><td></td><td></td><td></td></tr>
<tr><td style="text-align:left">region2useEurope</td><td>7.505<sup>***</sup></td><td>-0.869</td><td>-1.487<sup>***</sup></td></tr>
<tr><td style="text-align:left"></td><td>(0.732)</td><td>(0.684)</td><td>(0.478)</td></tr>
<tr><td style="text-align:left"></td><td></td><td></td><td></td></tr>
<tr><td style="text-align:left">region2useOceania</td><td>8.333<sup>***</sup></td><td>-0.793</td><td>-1.344<sup>**</sup></td></tr>
<tr><td style="text-align:left"></td><td>(0.773)</td><td>(0.734)</td><td>(0.534)</td></tr>
<tr><td style="text-align:left"></td><td></td><td></td><td></td></tr>
<tr><td style="text-align:left">region2useUSA</td><td>8.173<sup>***</sup></td><td>0.373</td><td>-1.571<sup>***</sup></td></tr>
<tr><td style="text-align:left"></td><td>(0.736)</td><td>(0.686)</td><td>(0.487)</td></tr>
<tr><td style="text-align:left"></td><td></td><td></td><td></td></tr>
<tr><td style="text-align:left">region2useZAF</td><td>8.126<sup>***</sup></td><td>-1.195</td><td>-1.318</td></tr>
<tr><td style="text-align:left"></td><td>(1.272)</td><td>(1.300)</td><td>(0.957)</td></tr>
<tr><td style="text-align:left"></td><td></td><td></td><td></td></tr>
<tr><td style="text-align:left">acadmic_age</td><td>0.144<sup>***</sup></td><td>0.095<sup>***</sup></td><td>0.065<sup>***</sup></td></tr>
<tr><td style="text-align:left"></td><td>(0.009)</td><td>(0.006)</td><td>(0.006)</td></tr>
<tr><td style="text-align:left"></td><td></td><td></td><td></td></tr>
<tr><td style="text-align:left">ctrl_obs_2catTalents:genderMale</td><td>-6.132<sup>***</sup></td><td>24.831<sup>***</sup></td><td>2.866<sup>***</sup></td></tr>
<tr><td style="text-align:left"></td><td>(0.926)</td><td>(0.496)</td><td>(0.554)</td></tr>
<tr><td style="text-align:left"></td><td></td><td></td><td></td></tr>
<tr><td style="text-align:left">ctrl_obs_2catTalents:genderUnknown</td><td>-8.160<sup>***</sup></td><td>38.962<sup>***</sup></td><td>-15.458<sup>***</sup></td></tr>
<tr><td style="text-align:left"></td><td>(1.505)</td><td>(0.605)</td><td>(0.244)</td></tr>
<tr><td style="text-align:left"></td><td></td><td></td><td></td></tr>
<tr><td style="text-align:left">ctrl_obs_2catTalents:region2useAmericas</td><td>-8.231<sup>***</sup></td><td>23.956<sup>***</sup></td><td>2.116<sup>***</sup></td></tr>
<tr><td style="text-align:left"></td><td>(0.887)</td><td>(0.549)</td><td>(0.601)</td></tr>
<tr><td style="text-align:left"></td><td></td><td></td><td></td></tr>
<tr><td style="text-align:left">ctrl_obs_2catTalents:region2useAsia</td><td>-9.081<sup>***</sup></td><td>24.028<sup>***</sup></td><td>1.612<sup>***</sup></td></tr>
<tr><td style="text-align:left"></td><td>(0.801)</td><td>(0.443)</td><td>(0.570)</td></tr>
<tr><td style="text-align:left"></td><td></td><td></td><td></td></tr>
<tr><td style="text-align:left">ctrl_obs_2catTalents:region2useBRA</td><td>-9.098<sup>***</sup></td><td>23.779<sup>***</sup></td><td>2.501<sup>***</sup></td></tr>
<tr><td style="text-align:left"></td><td>(1.314)</td><td>(0.663)</td><td>(0.779)</td></tr>
<tr><td style="text-align:left"></td><td></td><td></td><td></td></tr>
<tr><td style="text-align:left">ctrl_obs_2catTalents:region2useCHN</td><td>-8.661<sup>***</sup></td><td>24.001<sup>***</sup></td><td>2.050<sup>***</sup></td></tr>
<tr><td style="text-align:left"></td><td>(0.799)</td><td>(0.448)</td><td>(0.578)</td></tr>
<tr><td style="text-align:left"></td><td></td><td></td><td></td></tr>
<tr><td style="text-align:left">ctrl_obs_2catTalents:region2useEurope</td><td>-8.137<sup>***</sup></td><td>23.875<sup>***</sup></td><td>2.241<sup>***</sup></td></tr>
<tr><td style="text-align:left"></td><td>(0.765)</td><td>(0.423)</td><td>(0.545)</td></tr>
<tr><td style="text-align:left"></td><td></td><td></td><td></td></tr>
<tr><td style="text-align:left">ctrl_obs_2catTalents:region2useOceania</td><td>-8.032<sup>***</sup></td><td>24.577<sup>***</sup></td><td>2.238<sup>***</sup></td></tr>
<tr><td style="text-align:left"></td><td>(0.840)</td><td>(0.528)</td><td>(0.624)</td></tr>
<tr><td style="text-align:left"></td><td></td><td></td><td></td></tr>
<tr><td style="text-align:left">ctrl_obs_2catTalents:region2useUSA</td><td>-8.028<sup>***</sup></td><td>24.302<sup>***</sup></td><td>1.769<sup>***</sup></td></tr>
<tr><td style="text-align:left"></td><td>(0.768)</td><td>(0.421)</td><td>(0.559)</td></tr>
<tr><td style="text-align:left"></td><td></td><td></td><td></td></tr>
<tr><td style="text-align:left">ctrl_obs_2catTalents:region2useZAF</td><td>-8.686<sup>***</sup></td><td>-23.679<sup>***</sup></td><td>1.942<sup>*</sup></td></tr>
<tr><td style="text-align:left"></td><td>(1.647)</td><td>(0.613)</td><td>(1.130)</td></tr>
<tr><td style="text-align:left"></td><td></td><td></td><td></td></tr>
<tr><td style="text-align:left">genderMale:region2useAmericas</td><td>-5.963<sup>***</sup></td><td>1.581<sup>*</sup></td><td>1.530<sup>***</sup></td></tr>
<tr><td style="text-align:left"></td><td>(0.886)</td><td>(0.833)</td><td>(0.564)</td></tr>
<tr><td style="text-align:left"></td><td></td><td></td><td></td></tr>
<tr><td style="text-align:left">genderUnknown:region2useAmericas</td><td>-8.043<sup>***</sup></td><td>15.555<sup>***</sup></td><td>0.575</td></tr>
<tr><td style="text-align:left"></td><td>(1.255)</td><td>(0.759)</td><td>(1.066)</td></tr>
<tr><td style="text-align:left"></td><td></td><td></td><td></td></tr>
<tr><td style="text-align:left">genderMale:region2useAsia</td><td>-6.916<sup>***</sup></td><td>1.606<sup>**</sup></td><td>1.244<sup>**</sup></td></tr>
<tr><td style="text-align:left"></td><td>(0.843)</td><td>(0.794)</td><td>(0.540)</td></tr>
<tr><td style="text-align:left"></td><td></td><td></td><td></td></tr>
<tr><td style="text-align:left">genderUnknown:region2useAsia</td><td>-9.242<sup>***</sup></td><td>15.184<sup>***</sup></td><td>0.161</td></tr>
<tr><td style="text-align:left"></td><td>(1.142)</td><td>(0.612)</td><td>(0.998)</td></tr>
<tr><td style="text-align:left"></td><td></td><td></td><td></td></tr>
<tr><td style="text-align:left">genderMale:region2useBRA</td><td>-6.958<sup>***</sup></td><td>1.789<sup>**</sup></td><td>1.777<sup>***</sup></td></tr>
<tr><td style="text-align:left"></td><td>(1.003)</td><td>(0.861)</td><td>(0.689)</td></tr>
<tr><td style="text-align:left"></td><td></td><td></td><td></td></tr>
<tr><td style="text-align:left">genderUnknown:region2useBRA</td><td>-34.360<sup>***</sup></td><td>16.589<sup>***</sup></td><td>-0.021</td></tr>
<tr><td style="text-align:left"></td><td>(0.000)</td><td>(0.795)</td><td>(1.505)</td></tr>
<tr><td style="text-align:left"></td><td></td><td></td><td></td></tr>
<tr><td style="text-align:left">genderMale:region2useCHN</td><td>-6.512<sup>***</sup></td><td>1.703<sup>**</sup></td><td>1.625<sup>***</sup></td></tr>
<tr><td style="text-align:left"></td><td>(0.848)</td><td>(0.798)</td><td>(0.552)</td></tr>
<tr><td style="text-align:left"></td><td></td><td></td><td></td></tr>
<tr><td style="text-align:left">genderUnknown:region2useCHN</td><td>-9.268<sup>***</sup></td><td>15.470<sup>***</sup></td><td>0.191</td></tr>
<tr><td style="text-align:left"></td><td>(1.146)</td><td>(0.612)</td><td>(1.005)</td></tr>
<tr><td style="text-align:left"></td><td></td><td></td><td></td></tr>
<tr><td style="text-align:left">genderMale:region2useEurope</td><td>-6.568<sup>***</sup></td><td>1.302<sup>*</sup></td><td>1.210<sup>**</sup></td></tr>
<tr><td style="text-align:left"></td><td>(0.833)</td><td>(0.786)</td><td>(0.526)</td></tr>
<tr><td style="text-align:left"></td><td></td><td></td><td></td></tr>
<tr><td style="text-align:left">genderUnknown:region2useEurope</td><td>-8.483<sup>***</sup></td><td>15.294<sup>***</sup></td><td>0.544</td></tr>
<tr><td style="text-align:left"></td><td>(1.145)</td><td>(0.616)</td><td>(0.995)</td></tr>
<tr><td style="text-align:left"></td><td></td><td></td><td></td></tr>
<tr><td style="text-align:left">genderMale:region2useOceania</td><td>-5.999<sup>***</sup></td><td>1.804<sup>**</sup></td><td>1.865<sup>***</sup></td></tr>
<tr><td style="text-align:left"></td><td>(0.884)</td><td>(0.849)</td><td>(0.595)</td></tr>
<tr><td style="text-align:left"></td><td></td><td></td><td></td></tr>
<tr><td style="text-align:left">genderUnknown:region2useOceania</td><td>-8.597<sup>***</sup></td><td>15.792<sup>***</sup></td><td>0.816</td></tr>
<tr><td style="text-align:left"></td><td>(1.323)</td><td>(0.814)</td><td>(1.134)</td></tr>
<tr><td style="text-align:left"></td><td></td><td></td><td></td></tr>
<tr><td style="text-align:left">genderMale:region2useUSA</td><td>-6.737<sup>***</sup></td><td>1.330<sup>*</sup></td><td>1.039<sup>*</sup></td></tr>
<tr><td style="text-align:left"></td><td>(0.838)</td><td>(0.788)</td><td>(0.537)</td></tr>
<tr><td style="text-align:left"></td><td></td><td></td><td></td></tr>
<tr><td style="text-align:left">genderUnknown:region2useUSA</td><td>-8.562<sup>***</sup></td><td>14.994<sup>***</sup></td><td>0.003</td></tr>
<tr><td style="text-align:left"></td><td>(1.137)</td><td>(0.606)</td><td>(1.005)</td></tr>
<tr><td style="text-align:left"></td><td></td><td></td><td></td></tr>
<tr><td style="text-align:left">genderMale:region2useZAF</td><td>-5.818<sup>***</sup></td><td>1.350</td><td>1.081</td></tr>
<tr><td style="text-align:left"></td><td>(1.441)</td><td>(1.565)</td><td>(1.145)</td></tr>
<tr><td style="text-align:left"></td><td></td><td></td><td></td></tr>
<tr><td style="text-align:left">genderUnknown:region2useZAF</td><td>-35.772<sup>***</sup></td><td>-15.662<sup>***</sup></td><td>-23.897<sup>***</sup></td></tr>
<tr><td style="text-align:left"></td><td>(1.153)</td><td>(0.000)</td><td>(0.820)</td></tr>
<tr><td style="text-align:left"></td><td></td><td></td><td></td></tr>
<tr><td style="text-align:left">ctrl_obs_2catTalents:genderMale:region2useAmericas</td><td>6.692<sup>***</sup></td><td>-24.198<sup>***</sup></td><td>-2.585<sup>***</sup></td></tr>
<tr><td style="text-align:left"></td><td>(1.064)</td><td>(0.653)</td><td>(0.637)</td></tr>
<tr><td style="text-align:left"></td><td></td><td></td><td></td></tr>
<tr><td style="text-align:left">ctrl_obs_2catTalents:genderUnknown:region2useAmericas</td><td>8.605<sup>***</sup></td><td>-39.401<sup>***</sup></td><td>15.135<sup>***</sup></td></tr>
<tr><td style="text-align:left"></td><td>(1.698)</td><td>(0.963)</td><td>(0.578)</td></tr>
<tr><td style="text-align:left"></td><td></td><td></td><td></td></tr>
<tr><td style="text-align:left">ctrl_obs_2catTalents:genderMale:region2useAsia</td><td>7.295<sup>***</sup></td><td>-24.536<sup>***</sup></td><td>-2.512<sup>***</sup></td></tr>
<tr><td style="text-align:left"></td><td>(0.975)</td><td>(0.530)</td><td>(0.592)</td></tr>
<tr><td style="text-align:left"></td><td></td><td></td><td></td></tr>
<tr><td style="text-align:left">ctrl_obs_2catTalents:genderUnknown:region2useAsia</td><td>8.966<sup>***</sup></td><td>-38.943<sup>***</sup></td><td>15.736<sup>***</sup></td></tr>
<tr><td style="text-align:left"></td><td>(1.557)</td><td>(0.651)</td><td>(0.354)</td></tr>
<tr><td style="text-align:left"></td><td></td><td></td><td></td></tr>
<tr><td style="text-align:left">ctrl_obs_2catTalents:genderMale:region2useBRA</td><td>6.944<sup>***</sup></td><td>-24.940<sup>***</sup></td><td>-3.422<sup>***</sup></td></tr>
<tr><td style="text-align:left"></td><td>(1.537)</td><td>(0.784)</td><td>(0.854)</td></tr>
<tr><td style="text-align:left"></td><td></td><td></td><td></td></tr>
<tr><td style="text-align:left">ctrl_obs_2catTalents:genderUnknown:region2useBRA</td><td>-6.417<sup>***</sup></td><td>-40.499<sup>***</sup></td><td>16.423<sup>***</sup></td></tr>
<tr><td style="text-align:left"></td><td>(0.000)</td><td>(1.377)</td><td>(1.306)</td></tr>
<tr><td style="text-align:left"></td><td></td><td></td><td></td></tr>
<tr><td style="text-align:left">ctrl_obs_2catTalents:genderMale:region2useCHN</td><td>6.539<sup>***</sup></td><td>-24.891<sup>***</sup></td><td>-2.960<sup>***</sup></td></tr>
<tr><td style="text-align:left"></td><td>(0.977)</td><td>(0.539)</td><td>(0.603)</td></tr>
<tr><td style="text-align:left"></td><td></td><td></td><td></td></tr>
<tr><td style="text-align:left">ctrl_obs_2catTalents:genderUnknown:region2useCHN</td><td>9.294<sup>***</sup></td><td>-38.977<sup>***</sup></td><td>15.701<sup>***</sup></td></tr>
<tr><td style="text-align:left"></td><td>(1.551)</td><td>(0.650)</td><td>(0.369)</td></tr>
<tr><td style="text-align:left"></td><td></td><td></td><td></td></tr>
<tr><td style="text-align:left">ctrl_obs_2catTalents:genderMale:region2useEurope</td><td>6.614<sup>***</sup></td><td>-24.369<sup>***</sup></td><td>-2.648<sup>***</sup></td></tr>
<tr><td style="text-align:left"></td><td>(0.943)</td><td>(0.512)</td><td>(0.564)</td></tr>
<tr><td style="text-align:left"></td><td></td><td></td><td></td></tr>
<tr><td style="text-align:left">ctrl_obs_2catTalents:genderUnknown:region2useEurope</td><td>8.116<sup>***</sup></td><td>-38.788<sup>***</sup></td><td>15.475<sup>***</sup></td></tr>
<tr><td style="text-align:left"></td><td>(1.544)</td><td>(0.654)</td><td>(0.314)</td></tr>
<tr><td style="text-align:left"></td><td></td><td></td><td></td></tr>
<tr><td style="text-align:left">ctrl_obs_2catTalents:genderMale:region2useOceania</td><td>5.969<sup>***</sup></td><td>-25.272<sup>***</sup></td><td>-3.124<sup>***</sup></td></tr>
<tr><td style="text-align:left"></td><td>(1.028)</td><td>(0.643)</td><td>(0.667)</td></tr>
<tr><td style="text-align:left"></td><td></td><td></td><td></td></tr>
<tr><td style="text-align:left">ctrl_obs_2catTalents:genderUnknown:region2useOceania</td><td>9.086<sup>***</sup></td><td>-38.960<sup>***</sup></td><td>15.640<sup>***</sup></td></tr>
<tr><td style="text-align:left"></td><td>(1.766)</td><td>(0.993)</td><td>(0.749)</td></tr>
<tr><td style="text-align:left"></td><td></td><td></td><td></td></tr>
<tr><td style="text-align:left">ctrl_obs_2catTalents:genderMale:region2useUSA</td><td>6.480<sup>***</sup></td><td>-24.562<sup>***</sup></td><td>-2.548<sup>***</sup></td></tr>
<tr><td style="text-align:left"></td><td>(0.947)</td><td>(0.511)</td><td>(0.583)</td></tr>
<tr><td style="text-align:left"></td><td></td><td></td><td></td></tr>
<tr><td style="text-align:left">ctrl_obs_2catTalents:genderUnknown:region2useUSA</td><td>8.121<sup>***</sup></td><td>-38.746<sup>***</sup></td><td>15.988<sup>***</sup></td></tr>
<tr><td style="text-align:left"></td><td>(1.535)</td><td>(0.635)</td><td>(0.365)</td></tr>
<tr><td style="text-align:left"></td><td></td><td></td><td></td></tr>
<tr><td style="text-align:left">ctrl_obs_2catTalents:genderMale:region2useZAF</td><td>6.770<sup>***</sup></td><td>23.243<sup>***</sup></td><td>-1.541</td></tr>
<tr><td style="text-align:left"></td><td>(1.879)</td><td>(0.613)</td><td>(1.315)</td></tr>
<tr><td style="text-align:left"></td><td></td><td></td><td></td></tr>
<tr><td style="text-align:left">ctrl_obs_2catTalents:genderUnknown:region2useZAF</td><td>36.336<sup>***</sup></td><td>-3.632<sup>***</sup></td><td>39.622<sup>***</sup></td></tr>
<tr><td style="text-align:left"></td><td>(1.153)</td><td>(0.000)</td><td>(0.820)</td></tr>
<tr><td style="text-align:left"></td><td></td><td></td><td></td></tr>
<tr><td style="text-align:left">Constant</td><td>-12.166<sup>***</sup></td><td>-1.901<sup>***</sup></td><td>-0.515</td></tr>
<tr><td style="text-align:left"></td><td>(0.745)</td><td>(0.688)</td><td>(0.483)</td></tr>
<tr><td style="text-align:left"></td><td></td><td></td><td></td></tr>
<tr><td colspan="4" style="border-bottom: 1px solid black"></td></tr><tr><td style="text-align:left">Akaike Inf. Crit.</td><td>68,644.300</td><td>68,644.300</td><td>68,644.300</td></tr>
<tr><td colspan="4" style="border-bottom: 1px solid black"></td></tr><tr><td style="text-align:left"><em>Note:</em></td><td colspan="3" style="text-align:right"><sup>*</sup>p<0.1; <sup>**</sup>p<0.05; <sup>***</sup>p<0.01</td></tr>
</table>
[1] "Stat model results: \n"

===================================================================================
                                                                      Model 1      
-----------------------------------------------------------------------------------
Both: (Intercept)                                                        -12.17 ***
                                                                          (0.74)   
Both: ctrl_obs_2catTalents                                                 8.12 ***
                                                                          (0.75)   
Both: genderMale                                                           6.65 ***
                                                                          (0.82)   
Both: genderUnknown                                                        8.82 ***
                                                                          (1.12)   
Both: region2useAmericas                                                   7.64 ***
                                                                          (0.78)   
Both: region2useAsia                                                       8.09 ***
                                                                          (0.74)   
Both: region2useBRA                                                        7.58 ***
                                                                          (0.85)   
Both: region2useCHN                                                        7.59 ***
                                                                          (0.75)   
Both: region2useEurope                                                     7.50 ***
                                                                          (0.73)   
Both: region2useOceania                                                    8.33 ***
                                                                          (0.77)   
Both: region2useUSA                                                        8.17 ***
                                                                          (0.74)   
Both: region2useZAF                                                        8.13 ***
                                                                          (1.27)   
Both: acadmic_age                                                          0.14 ***
                                                                          (0.01)   
Both: ctrl_obs_2catTalents:genderMale                                     -6.13 ***
                                                                          (0.93)   
Both: ctrl_obs_2catTalents:genderUnknown                                  -8.16 ***
                                                                          (1.50)   
Both: ctrl_obs_2catTalents:region2useAmericas                             -8.23 ***
                                                                          (0.89)   
Both: ctrl_obs_2catTalents:region2useAsia                                 -9.08 ***
                                                                          (0.80)   
Both: ctrl_obs_2catTalents:region2useBRA                                  -9.10 ***
                                                                          (1.31)   
Both: ctrl_obs_2catTalents:region2useCHN                                  -8.66 ***
                                                                          (0.80)   
Both: ctrl_obs_2catTalents:region2useEurope                               -8.14 ***
                                                                          (0.76)   
Both: ctrl_obs_2catTalents:region2useOceania                              -8.03 ***
                                                                          (0.84)   
Both: ctrl_obs_2catTalents:region2useUSA                                  -8.03 ***
                                                                          (0.77)   
Both: ctrl_obs_2catTalents:region2useZAF                                  -8.69 ***
                                                                          (1.65)   
Both: genderMale:region2useAmericas                                       -5.96 ***
                                                                          (0.89)   
Both: genderUnknown:region2useAmericas                                    -8.04 ***
                                                                          (1.26)   
Both: genderMale:region2useAsia                                           -6.92 ***
                                                                          (0.84)   
Both: genderUnknown:region2useAsia                                        -9.24 ***
                                                                          (1.14)   
Both: genderMale:region2useBRA                                            -6.96 ***
                                                                          (1.00)   
Both: genderUnknown:region2useBRA                                        -34.36 ***
                                                                          (0.00)   
Both: genderMale:region2useCHN                                            -6.51 ***
                                                                          (0.85)   
Both: genderUnknown:region2useCHN                                         -9.27 ***
                                                                          (1.15)   
Both: genderMale:region2useEurope                                         -6.57 ***
                                                                          (0.83)   
Both: genderUnknown:region2useEurope                                      -8.48 ***
                                                                          (1.15)   
Both: genderMale:region2useOceania                                        -6.00 ***
                                                                          (0.88)   
Both: genderUnknown:region2useOceania                                     -8.60 ***
                                                                          (1.32)   
Both: genderMale:region2useUSA                                            -6.74 ***
                                                                          (0.84)   
Both: genderUnknown:region2useUSA                                         -8.56 ***
                                                                          (1.14)   
Both: genderMale:region2useZAF                                            -5.82 ***
                                                                          (1.44)   
Both: genderUnknown:region2useZAF                                        -35.77 ***
                                                                          (1.15)   
Both: ctrl_obs_2catTalents:genderMale:region2useAmericas                   6.69 ***
                                                                          (1.06)   
Both: ctrl_obs_2catTalents:genderUnknown:region2useAmericas                8.61 ***
                                                                          (1.70)   
Both: ctrl_obs_2catTalents:genderMale:region2useAsia                       7.29 ***
                                                                          (0.97)   
Both: ctrl_obs_2catTalents:genderUnknown:region2useAsia                    8.97 ***
                                                                          (1.56)   
Both: ctrl_obs_2catTalents:genderMale:region2useBRA                        6.94 ***
                                                                          (1.54)   
Both: ctrl_obs_2catTalents:genderUnknown:region2useBRA                    -6.42 ***
                                                                          (0.00)   
Both: ctrl_obs_2catTalents:genderMale:region2useCHN                        6.54 ***
                                                                          (0.98)   
Both: ctrl_obs_2catTalents:genderUnknown:region2useCHN                     9.29 ***
                                                                          (1.55)   
Both: ctrl_obs_2catTalents:genderMale:region2useEurope                     6.61 ***
                                                                          (0.94)   
Both: ctrl_obs_2catTalents:genderUnknown:region2useEurope                  8.12 ***
                                                                          (1.54)   
Both: ctrl_obs_2catTalents:genderMale:region2useOceania                    5.97 ***
                                                                          (1.03)   
Both: ctrl_obs_2catTalents:genderUnknown:region2useOceania                 9.09 ***
                                                                          (1.77)   
Both: ctrl_obs_2catTalents:genderMale:region2useUSA                        6.48 ***
                                                                          (0.95)   
Both: ctrl_obs_2catTalents:genderUnknown:region2useUSA                     8.12 ***
                                                                          (1.53)   
Both: ctrl_obs_2catTalents:genderMale:region2useZAF                        6.77 ***
                                                                          (1.88)   
Both: ctrl_obs_2catTalents:genderUnknown:region2useZAF                    36.34 ***
                                                                          (1.15)   
Internal: (Intercept)                                                     -1.90 ** 
                                                                          (0.69)   
Internal: ctrl_obs_2catTalents                                           -24.27 ***
                                                                          (0.41)   
Internal: genderMale                                                      -1.43    
                                                                          (0.78)   
Internal: genderUnknown                                                  -15.27 ***
                                                                          (0.59)   
Internal: region2useAmericas                                              -1.03    
                                                                          (0.72)   
Internal: region2useAsia                                                  -0.53    
                                                                          (0.69)   
Internal: region2useBRA                                                   -0.64    
                                                                          (0.75)   
Internal: region2useCHN                                                   -1.01    
                                                                          (0.70)   
Internal: region2useEurope                                                -0.87    
                                                                          (0.68)   
Internal: region2useOceania                                               -0.79    
                                                                          (0.73)   
Internal: region2useUSA                                                    0.37    
                                                                          (0.69)   
Internal: region2useZAF                                                   -1.19    
                                                                          (1.30)   
Internal: acadmic_age                                                      0.09 ***
                                                                          (0.01)   
Internal: ctrl_obs_2catTalents:genderMale                                 24.83 ***
                                                                          (0.50)   
Internal: ctrl_obs_2catTalents:genderUnknown                              38.96 ***
                                                                          (0.60)   
Internal: ctrl_obs_2catTalents:region2useAmericas                         23.96 ***
                                                                          (0.55)   
Internal: ctrl_obs_2catTalents:region2useAsia                             24.03 ***
                                                                          (0.44)   
Internal: ctrl_obs_2catTalents:region2useBRA                              23.78 ***
                                                                          (0.66)   
Internal: ctrl_obs_2catTalents:region2useCHN                              24.00 ***
                                                                          (0.45)   
Internal: ctrl_obs_2catTalents:region2useEurope                           23.87 ***
                                                                          (0.42)   
Internal: ctrl_obs_2catTalents:region2useOceania                          24.58 ***
                                                                          (0.53)   
Internal: ctrl_obs_2catTalents:region2useUSA                              24.30 ***
                                                                          (0.42)   
Internal: ctrl_obs_2catTalents:region2useZAF                             -23.68 ***
                                                                          (0.61)   
Internal: genderMale:region2useAmericas                                    1.58    
                                                                          (0.83)   
Internal: genderUnknown:region2useAmericas                                15.55 ***
                                                                          (0.76)   
Internal: genderMale:region2useAsia                                        1.61 *  
                                                                          (0.79)   
Internal: genderUnknown:region2useAsia                                    15.18 ***
                                                                          (0.61)   
Internal: genderMale:region2useBRA                                         1.79 *  
                                                                          (0.86)   
Internal: genderUnknown:region2useBRA                                     16.59 ***
                                                                          (0.80)   
Internal: genderMale:region2useCHN                                         1.70 *  
                                                                          (0.80)   
Internal: genderUnknown:region2useCHN                                     15.47 ***
                                                                          (0.61)   
Internal: genderMale:region2useEurope                                      1.30    
                                                                          (0.79)   
Internal: genderUnknown:region2useEurope                                  15.29 ***
                                                                          (0.62)   
Internal: genderMale:region2useOceania                                     1.80 *  
                                                                          (0.85)   
Internal: genderUnknown:region2useOceania                                 15.79 ***
                                                                          (0.81)   
Internal: genderMale:region2useUSA                                         1.33    
                                                                          (0.79)   
Internal: genderUnknown:region2useUSA                                     14.99 ***
                                                                          (0.61)   
Internal: genderMale:region2useZAF                                         1.35    
                                                                          (1.56)   
Internal: genderUnknown:region2useZAF                                    -15.66 ***
                                                                          (0.00)   
Internal: ctrl_obs_2catTalents:genderMale:region2useAmericas             -24.20 ***
                                                                          (0.65)   
Internal: ctrl_obs_2catTalents:genderUnknown:region2useAmericas          -39.40 ***
                                                                          (0.96)   
Internal: ctrl_obs_2catTalents:genderMale:region2useAsia                 -24.54 ***
                                                                          (0.53)   
Internal: ctrl_obs_2catTalents:genderUnknown:region2useAsia              -38.94 ***
                                                                          (0.65)   
Internal: ctrl_obs_2catTalents:genderMale:region2useBRA                  -24.94 ***
                                                                          (0.78)   
Internal: ctrl_obs_2catTalents:genderUnknown:region2useBRA               -40.50 ***
                                                                          (1.38)   
Internal: ctrl_obs_2catTalents:genderMale:region2useCHN                  -24.89 ***
                                                                          (0.54)   
Internal: ctrl_obs_2catTalents:genderUnknown:region2useCHN               -38.98 ***
                                                                          (0.65)   
Internal: ctrl_obs_2catTalents:genderMale:region2useEurope               -24.37 ***
                                                                          (0.51)   
Internal: ctrl_obs_2catTalents:genderUnknown:region2useEurope            -38.79 ***
                                                                          (0.65)   
Internal: ctrl_obs_2catTalents:genderMale:region2useOceania              -25.27 ***
                                                                          (0.64)   
Internal: ctrl_obs_2catTalents:genderUnknown:region2useOceania           -38.96 ***
                                                                          (0.99)   
Internal: ctrl_obs_2catTalents:genderMale:region2useUSA                  -24.56 ***
                                                                          (0.51)   
Internal: ctrl_obs_2catTalents:genderUnknown:region2useUSA               -38.75 ***
                                                                          (0.63)   
Internal: ctrl_obs_2catTalents:genderMale:region2useZAF                   23.24 ***
                                                                          (0.61)   
Internal: ctrl_obs_2catTalents:genderUnknown:region2useZAF                -3.63 ***
                                                                          (0.00)   
International: (Intercept)                                                -0.52    
                                                                          (0.48)   
International: ctrl_obs_2catTalents                                       -2.05 ***
                                                                          (0.54)   
International: genderMale                                                 -1.15 *  
                                                                          (0.52)   
International: genderUnknown                                              -0.23    
                                                                          (0.98)   
International: region2useAmericas                                         -1.14 *  
                                                                          (0.51)   
International: region2useAsia                                             -1.48 ** 
                                                                          (0.49)   
International: region2useBRA                                              -2.20 ***
                                                                          (0.62)   
International: region2useCHN                                              -2.28 ***
                                                                          (0.50)   
International: region2useEurope                                           -1.49 ** 
                                                                          (0.48)   
International: region2useOceania                                          -1.34 *  
                                                                          (0.53)   
International: region2useUSA                                              -1.57 ** 
                                                                          (0.49)   
International: region2useZAF                                              -1.32    
                                                                          (0.96)   
International: acadmic_age                                                 0.06 ***
                                                                          (0.01)   
International: ctrl_obs_2catTalents:genderMale                             2.87 ***
                                                                          (0.55)   
International: ctrl_obs_2catTalents:genderUnknown                        -15.46 ***
                                                                          (0.24)   
International: ctrl_obs_2catTalents:region2useAmericas                     2.12 ***
                                                                          (0.60)   
International: ctrl_obs_2catTalents:region2useAsia                         1.61 ** 
                                                                          (0.57)   
International: ctrl_obs_2catTalents:region2useBRA                          2.50 ** 
                                                                          (0.78)   
International: ctrl_obs_2catTalents:region2useCHN                          2.05 ***
                                                                          (0.58)   
International: ctrl_obs_2catTalents:region2useEurope                       2.24 ***
                                                                          (0.54)   
International: ctrl_obs_2catTalents:region2useOceania                      2.24 ***
                                                                          (0.62)   
International: ctrl_obs_2catTalents:region2useUSA                          1.77 ** 
                                                                          (0.56)   
International: ctrl_obs_2catTalents:region2useZAF                          1.94    
                                                                          (1.13)   
International: genderMale:region2useAmericas                               1.53 ** 
                                                                          (0.56)   
International: genderUnknown:region2useAmericas                            0.58    
                                                                          (1.07)   
International: genderMale:region2useAsia                                   1.24 *  
                                                                          (0.54)   
International: genderUnknown:region2useAsia                                0.16    
                                                                          (1.00)   
International: genderMale:region2useBRA                                    1.78 ** 
                                                                          (0.69)   
International: genderUnknown:region2useBRA                                -0.02    
                                                                          (1.51)   
International: genderMale:region2useCHN                                    1.62 ** 
                                                                          (0.55)   
International: genderUnknown:region2useCHN                                 0.19    
                                                                          (1.00)   
International: genderMale:region2useEurope                                 1.21 *  
                                                                          (0.53)   
International: genderUnknown:region2useEurope                              0.54    
                                                                          (0.99)   
International: genderMale:region2useOceania                                1.86 ** 
                                                                          (0.60)   
International: genderUnknown:region2useOceania                             0.82    
                                                                          (1.13)   
International: genderMale:region2useUSA                                    1.04    
                                                                          (0.54)   
International: genderUnknown:region2useUSA                                 0.00    
                                                                          (1.01)   
International: genderMale:region2useZAF                                    1.08    
                                                                          (1.14)   
International: genderUnknown:region2useZAF                               -23.90 ***
                                                                          (0.82)   
International: ctrl_obs_2catTalents:genderMale:region2useAmericas         -2.58 ***
                                                                          (0.64)   
International: ctrl_obs_2catTalents:genderUnknown:region2useAmericas      15.14 ***
                                                                          (0.58)   
International: ctrl_obs_2catTalents:genderMale:region2useAsia             -2.51 ***
                                                                          (0.59)   
International: ctrl_obs_2catTalents:genderUnknown:region2useAsia          15.74 ***
                                                                          (0.35)   
International: ctrl_obs_2catTalents:genderMale:region2useBRA              -3.42 ***
                                                                          (0.85)   
International: ctrl_obs_2catTalents:genderUnknown:region2useBRA           16.42 ***
                                                                          (1.31)   
International: ctrl_obs_2catTalents:genderMale:region2useCHN              -2.96 ***
                                                                          (0.60)   
International: ctrl_obs_2catTalents:genderUnknown:region2useCHN           15.70 ***
                                                                          (0.37)   
International: ctrl_obs_2catTalents:genderMale:region2useEurope           -2.65 ***
                                                                          (0.56)   
International: ctrl_obs_2catTalents:genderUnknown:region2useEurope        15.48 ***
                                                                          (0.31)   
International: ctrl_obs_2catTalents:genderMale:region2useOceania          -3.12 ***
                                                                          (0.67)   
International: ctrl_obs_2catTalents:genderUnknown:region2useOceania       15.64 ***
                                                                          (0.75)   
International: ctrl_obs_2catTalents:genderMale:region2useUSA              -2.55 ***
                                                                          (0.58)   
International: ctrl_obs_2catTalents:genderUnknown:region2useUSA           15.99 ***
                                                                          (0.36)   
International: ctrl_obs_2catTalents:genderMale:region2useZAF              -1.54    
                                                                          (1.31)   
International: ctrl_obs_2catTalents:genderUnknown:region2useZAF           39.62 ***
                                                                          (0.82)   
-----------------------------------------------------------------------------------
AIC                                                                    68644.30    
BIC                                                                    70006.27    
Log Likelihood                                                        -34157.15    
Deviance                                                               68314.30    
Num. obs.                                                              28406       
K                                                                          4       
===================================================================================
*** p < 0.001; ** p < 0.01; * p < 0.05
