running
  'C:\PROGRA~1\R\R-45~1.1\bin\x64\Rterm.exe --no-echo --no-restore --no-save --no-restore --file=workflow/scripts/read_data_run_statistical_model_full_gender_regions_w_controls_model_results.R --args --input G:/ali/talents/results/mdl_obj_first_continent_full_ctrls.RData --gender first --region2use continent --ext2use doc --output G:/ali/talents/results/tables/TABLE_6_first_continent_f_ctrls.doc'

-- Attaching core tidyverse packages ------------------------ tidyverse 2.0.0 --
v dplyr     1.1.4     v readr     2.1.5
v forcats   1.0.0     v stringr   1.5.2
v ggplot2   4.0.0     v tibble    3.3.0
v lubridate 1.9.4     v tidyr     1.3.1
v purrr     1.1.0     
-- Conflicts ------------------------------------------ tidyverse_conflicts() --
x dplyr::filter() masks stats::filter()
x dplyr::lag()    masks stats::lag()
i Use the conflicted package (<http://conflicted.r-lib.org/>) to force all conflicts to become errors

Please cite as: 

 Hlavac, Marek (2022). stargazer: Well-Formatted Regression and Summary Statistics Tables.
 R package version 5.2.3. https://CRAN.R-project.org/package=stargazer 

Version:  1.39.4
Date:     2024-07-23
Author:   Philip Leifeld (University of Manchester)

Consider submitting praise using the praise or praise_interactive functions.
Please cite the JSS article in your publications -- see citation("texreg").

Attaching package: 'texreg'

The following object is masked from 'package:tidyr':

    extract

[1] "Running the script now at time: "
[1] "2025-10-31 15:50:17 CET"
[1] "R working directory: "
[1] "G:/ali/talents"
[1] "##################################################"
[1] "Received these arguments from command line: "
[[1]]
[1] FALSE

$help
[1] FALSE

$opts
[1] NA

$input
[1] "G:/ali/talents/results/mdl_obj_first_continent_full_ctrls.RData"

$gender
[1] "first"

$region2use
[1] "continent"

$ext2use
[1] "doc"

$output
[1] "G:/ali/talents/results/tables/TABLE_6_first_continent_f_ctrls.doc"

[1] "Current R session Info: "
R version 4.5.1 (2025-06-13 ucrt)
Platform: x86_64-w64-mingw32/x64
Running under: Windows Server 2019 x64 (build 17763)

Matrix products: default
  LAPACK version 3.12.1

locale:
[1] LC_COLLATE=German_Germany.1252  LC_CTYPE=German_Germany.1252   
[3] LC_MONETARY=German_Germany.1252 LC_NUMERIC=C                   
[5] LC_TIME=German_Germany.1252    

time zone: Europe/Berlin
tzcode source: internal

attached base packages:
[1] stats     graphics  grDevices utils     datasets  methods   base     

other attached packages:
 [1] argparser_0.7.2 ggeffects_2.3.1 GGally_2.4.0    nnet_7.3-20    
 [5] texreg_1.39.4   stargazer_5.2.3 lubridate_1.9.4 forcats_1.0.0  
 [9] stringr_1.5.2   dplyr_1.1.4     purrr_1.1.0     readr_2.1.5    
[13] tidyr_1.3.1     tibble_3.3.0    ggplot2_4.0.0   tidyverse_2.0.0

loaded via a namespace (and not attached):
 [1] gtable_0.3.6       compiler_4.5.1     tidyselect_1.2.1   ggstats_0.10.0    
 [5] scales_1.4.0       R6_2.6.1           generics_0.1.4     insight_1.4.2     
 [9] pillar_1.11.0      RColorBrewer_1.1-3 tzdb_0.5.0         rlang_1.1.6       
[13] stringi_1.8.7      S7_0.2.0           timechange_0.3.0   cli_3.6.5         
[17] withr_3.0.2        magrittr_2.0.4     grid_4.5.1         hms_1.1.3         
[21] lifecycle_1.0.4    vctrs_0.6.5        glue_1.8.0         farver_2.1.2      
[25] httr_1.4.7         tools_4.5.1        pkgconfig_2.0.3   
[1] "Model objects loaded from: "
[1] "G:/ali/talents/results/mdl_obj_first_continent_full_ctrls.RData"
[1] "Objects in session (ls()): "
[1] "args"     "m0"       "m1"       "m2"       "m3"       "mprobit1" "p"       
[8] "talents" 

<table style="text-align:center"><tr><td colspan="16" style="border-bottom: 1px solid black"></td></tr><tr><td style="text-align:left"></td><td>Both</td><td>Internal</td><td>International</td><td>Both</td><td>Internal</td><td>International</td><td>Both</td><td>Internal</td><td>International</td><td>Both</td><td>Internal</td><td>International</td><td>Both</td><td>Internal</td><td>International</td></tr>
<tr><td style="text-align:left"></td><td colspan="3">NULL <br>Ref: NonMobile</td><td colspan="3">Talents/Oth. <br>Ref: NonMobile, Oth.</td><td colspan="3">Gender <br>Ref: NonMobile, Oth., Female</td><td colspan="3">Region <br>Ref: NonMobile, Oth., Africa</td><td colspan="3">Full Model <br>Ref: NonMobile, Oth., Female, Africa</td></tr>
<tr><td colspan="16" style="border-bottom: 1px solid black"></td></tr><tr><td style="text-align:left">Ref. category</td><td>-1.516</td><td>-0.556</td><td>-0.742</td><td>-4.315</td><td>-2.330</td><td>-2.025</td><td>-4.288</td><td>-2.321</td><td>-2.026</td><td>-5.222</td><td>-3.114</td><td>-1.411</td><td>-4.290</td><td>-2.270</td><td>-1.488</td></tr>
<tr><td style="text-align:left"></td><td>p = 0.000<sup>***</sup></td><td>p = 0.000<sup>***</sup></td><td>p = 0.000<sup>***</sup></td><td>p = 0.000<sup>***</sup></td><td>p = 0.000<sup>***</sup></td><td>p = 0.000<sup>***</sup></td><td>p = 0.000<sup>***</sup></td><td>p = 0.000<sup>***</sup></td><td>p = 0.000<sup>***</sup></td><td>p = 0.000<sup>***</sup></td><td>p = 0.000<sup>***</sup></td><td>p = 0.00000<sup>***</sup></td><td>p = 0.00003<sup>***</sup></td><td>p = 0.0001<sup>***</sup></td><td>p = 0.010<sup>***</sup></td></tr>
<tr><td style="text-align:left"></td><td></td><td></td><td></td><td></td><td></td><td></td><td></td><td></td><td></td><td></td><td></td><td></td><td></td><td></td><td></td></tr>
<tr><td style="text-align:left">Talents</td><td></td><td></td><td></td><td>0.238</td><td>0.096</td><td>0.134</td><td>-0.081</td><td>-0.011</td><td>0.075</td><td>1.642</td><td>0.167</td><td>0.252</td><td>-10.802</td><td>-1.168</td><td>-0.293</td></tr>
<tr><td style="text-align:left"></td><td></td><td></td><td></td><td>p = 0.00000<sup>***</sup></td><td>p = 0.002<sup>***</sup></td><td>p = 0.00003<sup>***</sup></td><td>p = 0.387</td><td>p = 0.865</td><td>p = 0.269</td><td>p = 0.026<sup>**</sup></td><td>p = 0.777</td><td>p = 0.530</td><td>p = 0.000<sup>***</sup></td><td>p = 0.091<sup>*</sup></td><td>p = 0.716</td></tr>
<tr><td style="text-align:left"></td><td></td><td></td><td></td><td></td><td></td><td></td><td></td><td></td><td></td><td></td><td></td><td></td><td></td><td></td><td></td></tr>
<tr><td style="text-align:left">Male</td><td></td><td></td><td></td><td></td><td></td><td></td><td>0.054</td><td>0.013</td><td>0.084</td><td></td><td></td><td></td><td>-1.268</td><td>-1.057</td><td>0.051</td></tr>
<tr><td style="text-align:left"></td><td></td><td></td><td></td><td></td><td></td><td></td><td>p = 0.459</td><td>p = 0.798</td><td>p = 0.118</td><td></td><td></td><td></td><td>p = 0.295</td><td>p = 0.106</td><td>p = 0.934</td></tr>
<tr><td style="text-align:left"></td><td></td><td></td><td></td><td></td><td></td><td></td><td></td><td></td><td></td><td></td><td></td><td></td><td></td><td></td><td></td></tr>
<tr><td style="text-align:left">Unknown</td><td></td><td></td><td></td><td></td><td></td><td></td><td>-1.843</td><td>-0.269</td><td>-1.373</td><td></td><td></td><td></td><td>-9.498</td><td>-8.177</td><td>-13.193</td></tr>
<tr><td style="text-align:left"></td><td></td><td></td><td></td><td></td><td></td><td></td><td>p = 0.000<sup>***</sup></td><td>p = 0.0002<sup>***</sup></td><td>p = 0.000<sup>***</sup></td><td></td><td></td><td></td><td>p = 0.000<sup>***</sup></td><td>p = 0.000<sup>***</sup></td><td>p = 0.000<sup>***</sup></td></tr>
<tr><td style="text-align:left"></td><td></td><td></td><td></td><td></td><td></td><td></td><td></td><td></td><td></td><td></td><td></td><td></td><td></td><td></td><td></td></tr>
<tr><td style="text-align:left">Americas</td><td></td><td></td><td></td><td></td><td></td><td></td><td></td><td></td><td></td><td>1.270</td><td>0.308</td><td>0.057</td><td>0.023</td><td>-0.833</td><td>-0.202</td></tr>
<tr><td style="text-align:left"></td><td></td><td></td><td></td><td></td><td></td><td></td><td></td><td></td><td></td><td>p = 0.040<sup>**</sup></td><td>p = 0.414</td><td>p = 0.828</td><td>p = 0.983</td><td>p = 0.178</td><td>p = 0.736</td></tr>
<tr><td style="text-align:left"></td><td></td><td></td><td></td><td></td><td></td><td></td><td></td><td></td><td></td><td></td><td></td><td></td><td></td><td></td><td></td></tr>
<tr><td style="text-align:left">Asia</td><td></td><td></td><td></td><td></td><td></td><td></td><td></td><td></td><td></td><td>0.918</td><td>0.807</td><td>-0.515</td><td>0.237</td><td>-0.038</td><td>-0.376</td></tr>
<tr><td style="text-align:left"></td><td></td><td></td><td></td><td></td><td></td><td></td><td></td><td></td><td></td><td>p = 0.129</td><td>p = 0.025<sup>**</sup></td><td>p = 0.037<sup>**</sup></td><td>p = 0.817</td><td>p = 0.948</td><td>p = 0.519</td></tr>
<tr><td style="text-align:left"></td><td></td><td></td><td></td><td></td><td></td><td></td><td></td><td></td><td></td><td></td><td></td><td></td><td></td><td></td><td></td></tr>
<tr><td style="text-align:left">Brazil</td><td></td><td></td><td></td><td></td><td></td><td></td><td></td><td></td><td></td><td>0.407</td><td>0.931</td><td>-0.853</td><td>-0.447</td><td>-0.252</td><td>-1.235</td></tr>
<tr><td style="text-align:left"></td><td></td><td></td><td></td><td></td><td></td><td></td><td></td><td></td><td></td><td>p = 0.544</td><td>p = 0.017<sup>**</sup></td><td>p = 0.006<sup>***</sup></td><td>p = 0.688</td><td>p = 0.692</td><td>p = 0.073<sup>*</sup></td></tr>
<tr><td style="text-align:left"></td><td></td><td></td><td></td><td></td><td></td><td></td><td></td><td></td><td></td><td></td><td></td><td></td><td></td><td></td><td></td></tr>
<tr><td style="text-align:left">China</td><td></td><td></td><td></td><td></td><td></td><td></td><td></td><td></td><td></td><td>0.670</td><td>0.421</td><td>-1.075</td><td>0.335</td><td>-0.563</td><td>-0.466</td></tr>
<tr><td style="text-align:left"></td><td></td><td></td><td></td><td></td><td></td><td></td><td></td><td></td><td></td><td>p = 0.269</td><td>p = 0.242</td><td>p = 0.00002<sup>***</sup></td><td>p = 0.743</td><td>p = 0.338</td><td>p = 0.426</td></tr>
<tr><td style="text-align:left"></td><td></td><td></td><td></td><td></td><td></td><td></td><td></td><td></td><td></td><td></td><td></td><td></td><td></td><td></td><td></td></tr>
<tr><td style="text-align:left">Europe</td><td></td><td></td><td></td><td></td><td></td><td></td><td></td><td></td><td></td><td>0.657</td><td>0.262</td><td>-0.524</td><td>-0.413</td><td>-0.507</td><td>-0.485</td></tr>
<tr><td style="text-align:left"></td><td></td><td></td><td></td><td></td><td></td><td></td><td></td><td></td><td></td><td>p = 0.276</td><td>p = 0.463</td><td>p = 0.032<sup>**</sup></td><td>p = 0.683</td><td>p = 0.374</td><td>p = 0.397</td></tr>
<tr><td style="text-align:left"></td><td></td><td></td><td></td><td></td><td></td><td></td><td></td><td></td><td></td><td></td><td></td><td></td><td></td><td></td><td></td></tr>
<tr><td style="text-align:left">Oceania</td><td></td><td></td><td></td><td></td><td></td><td></td><td></td><td></td><td></td><td>1.866</td><td>0.701</td><td>0.086</td><td>0.449</td><td>-0.313</td><td>-0.413</td></tr>
<tr><td style="text-align:left"></td><td></td><td></td><td></td><td></td><td></td><td></td><td></td><td></td><td></td><td>p = 0.003<sup>***</sup></td><td>p = 0.069<sup>*</sup></td><td>p = 0.753</td><td>p = 0.667</td><td>p = 0.613</td><td>p = 0.504</td></tr>
<tr><td style="text-align:left"></td><td></td><td></td><td></td><td></td><td></td><td></td><td></td><td></td><td></td><td></td><td></td><td></td><td></td><td></td><td></td></tr>
<tr><td style="text-align:left">USA</td><td></td><td></td><td></td><td></td><td></td><td></td><td></td><td></td><td></td><td>1.222</td><td>1.496</td><td>-0.762</td><td>0.320</td><td>0.735</td><td>-0.706</td></tr>
<tr><td style="text-align:left"></td><td></td><td></td><td></td><td></td><td></td><td></td><td></td><td></td><td></td><td>p = 0.043<sup>**</sup></td><td>p = 0.00003<sup>***</sup></td><td>p = 0.003<sup>***</sup></td><td>p = 0.753</td><td>p = 0.199</td><td>p = 0.224</td></tr>
<tr><td style="text-align:left"></td><td></td><td></td><td></td><td></td><td></td><td></td><td></td><td></td><td></td><td></td><td></td><td></td><td></td><td></td><td></td></tr>
<tr><td style="text-align:left">South Africa</td><td></td><td></td><td></td><td></td><td></td><td></td><td></td><td></td><td></td><td>1.766</td><td>-0.114</td><td>-0.538</td><td>0.047</td><td>-1.013</td><td>-0.573</td></tr>
<tr><td style="text-align:left"></td><td></td><td></td><td></td><td></td><td></td><td></td><td></td><td></td><td></td><td>p = 0.024<sup>**</sup></td><td>p = 0.877</td><td>p = 0.330</td><td>p = 0.975</td><td>p = 0.410</td><td>p = 0.568</td></tr>
<tr><td style="text-align:left"></td><td></td><td></td><td></td><td></td><td></td><td></td><td></td><td></td><td></td><td></td><td></td><td></td><td></td><td></td><td></td></tr>
<tr><td style="text-align:left">Academic age</td><td></td><td></td><td></td><td>0.142</td><td>0.092</td><td>0.065</td><td>0.146</td><td>0.093</td><td>0.069</td><td>0.142</td><td>0.094</td><td>0.064</td><td>0.147</td><td>0.096</td><td>0.067</td></tr>
<tr><td style="text-align:left"></td><td></td><td></td><td></td><td>p = 0.000<sup>***</sup></td><td>p = 0.000<sup>***</sup></td><td>p = 0.000<sup>***</sup></td><td>p = 0.000<sup>***</sup></td><td>p = 0.000<sup>***</sup></td><td>p = 0.000<sup>***</sup></td><td>p = 0.000<sup>***</sup></td><td>p = 0.000<sup>***</sup></td><td>p = 0.000<sup>***</sup></td><td>p = 0.000<sup>***</sup></td><td>p = 0.000<sup>***</sup></td><td>p = 0.000<sup>***</sup></td></tr>
<tr><td style="text-align:left"></td><td></td><td></td><td></td><td></td><td></td><td></td><td></td><td></td><td></td><td></td><td></td><td></td><td></td><td></td><td></td></tr>
<tr><td style="text-align:left">Tal. x M.</td><td></td><td></td><td></td><td></td><td></td><td></td><td>0.465</td><td>0.181</td><td>0.161</td><td></td><td></td><td></td><td>13.256</td><td>1.673</td><td>0.901</td></tr>
<tr><td style="text-align:left"></td><td></td><td></td><td></td><td></td><td></td><td></td><td>p = 0.00002<sup>***</sup></td><td>p = 0.016<sup>**</sup></td><td>p = 0.038<sup>**</sup></td><td></td><td></td><td></td><td>p = 0.000<sup>***</sup></td><td>p = 0.030<sup>**</sup></td><td>p = 0.308</td></tr>
<tr><td style="text-align:left"></td><td></td><td></td><td></td><td></td><td></td><td></td><td></td><td></td><td></td><td></td><td></td><td></td><td></td><td></td><td></td></tr>
<tr><td style="text-align:left">Tal. x Unk.</td><td></td><td></td><td></td><td></td><td></td><td></td><td>-0.077</td><td>-0.018</td><td>-0.824</td><td></td><td></td><td></td><td>-2.894</td><td>8.623</td><td>-3.275</td></tr>
<tr><td style="text-align:left"></td><td></td><td></td><td></td><td></td><td></td><td></td><td>p = 0.765</td><td>p = 0.861</td><td>p = 0.00001<sup>***</sup></td><td></td><td></td><td></td><td>p = 0.000<sup>***</sup></td><td>p = 0.000<sup>***</sup></td><td>p = 0.000<sup>***</sup></td></tr>
<tr><td style="text-align:left"></td><td></td><td></td><td></td><td></td><td></td><td></td><td></td><td></td><td></td><td></td><td></td><td></td><td></td><td></td><td></td></tr>
<tr><td style="text-align:left">Tal. x Americas</td><td></td><td></td><td></td><td></td><td></td><td></td><td></td><td></td><td></td><td>-1.277</td><td>-0.060</td><td>-0.020</td><td>10.612</td><td>1.215</td><td>0.511</td></tr>
<tr><td style="text-align:left"></td><td></td><td></td><td></td><td></td><td></td><td></td><td></td><td></td><td></td><td>p = 0.093<sup>*</sup></td><td>p = 0.923</td><td>p = 0.963</td><td>p = 0.000<sup>***</sup></td><td>p = 0.118</td><td>p = 0.548</td></tr>
<tr><td style="text-align:left"></td><td></td><td></td><td></td><td></td><td></td><td></td><td></td><td></td><td></td><td></td><td></td><td></td><td></td><td></td><td></td></tr>
<tr><td style="text-align:left">Tal. x Asia</td><td></td><td></td><td></td><td></td><td></td><td></td><td></td><td></td><td></td><td>-1.640</td><td>-0.195</td><td>-0.401</td><td>10.542</td><td>1.133</td><td>0.286</td></tr>
<tr><td style="text-align:left"></td><td></td><td></td><td></td><td></td><td></td><td></td><td></td><td></td><td></td><td>p = 0.027<sup>**</sup></td><td>p = 0.743</td><td>p = 0.326</td><td>p = 0.000<sup>***</sup></td><td>p = 0.111</td><td>p = 0.729</td></tr>
<tr><td style="text-align:left"></td><td></td><td></td><td></td><td></td><td></td><td></td><td></td><td></td><td></td><td></td><td></td><td></td><td></td><td></td><td></td></tr>
<tr><td style="text-align:left">Tal. x Brazil</td><td></td><td></td><td></td><td></td><td></td><td></td><td></td><td></td><td></td><td>-2.034</td><td>-0.838</td><td>-0.138</td><td>-17.766</td><td>1.076</td><td>0.786</td></tr>
<tr><td style="text-align:left"></td><td></td><td></td><td></td><td></td><td></td><td></td><td></td><td></td><td></td><td>p = 0.024<sup>**</sup></td><td>p = 0.198</td><td>p = 0.781</td><td>p = 0.000<sup>***</sup></td><td>p = 0.204</td><td>p = 0.434</td></tr>
<tr><td style="text-align:left"></td><td></td><td></td><td></td><td></td><td></td><td></td><td></td><td></td><td></td><td></td><td></td><td></td><td></td><td></td><td></td></tr>
<tr><td style="text-align:left">Tal. x China</td><td></td><td></td><td></td><td></td><td></td><td></td><td></td><td></td><td></td><td>-1.686</td><td>-0.471</td><td>-0.264</td><td>10.155</td><td>0.844</td><td>0.226</td></tr>
<tr><td style="text-align:left"></td><td></td><td></td><td></td><td></td><td></td><td></td><td></td><td></td><td></td><td>p = 0.024<sup>**</sup></td><td>p = 0.428</td><td>p = 0.521</td><td>p = 0.000<sup>***</sup></td><td>p = 0.243</td><td>p = 0.785</td></tr>
<tr><td style="text-align:left"></td><td></td><td></td><td></td><td></td><td></td><td></td><td></td><td></td><td></td><td></td><td></td><td></td><td></td><td></td><td></td></tr>
<tr><td style="text-align:left">Tal. x Europe</td><td></td><td></td><td></td><td></td><td></td><td></td><td></td><td></td><td></td><td>-1.285</td><td>-0.211</td><td>0.113</td><td>10.744</td><td>0.829</td><td>0.490</td></tr>
<tr><td style="text-align:left"></td><td></td><td></td><td></td><td></td><td></td><td></td><td></td><td></td><td></td><td>p = 0.082<sup>*</sup></td><td>p = 0.722</td><td>p = 0.780</td><td>p = 0.000<sup>***</sup></td><td>p = 0.236</td><td>p = 0.546</td></tr>
<tr><td style="text-align:left"></td><td></td><td></td><td></td><td></td><td></td><td></td><td></td><td></td><td></td><td></td><td></td><td></td><td></td><td></td><td></td></tr>
<tr><td style="text-align:left">Tal. x Oceania</td><td></td><td></td><td></td><td></td><td></td><td></td><td></td><td></td><td></td><td>-1.593</td><td>-0.143</td><td>-0.219</td><td>10.770</td><td>1.260</td><td>0.566</td></tr>
<tr><td style="text-align:left"></td><td></td><td></td><td></td><td></td><td></td><td></td><td></td><td></td><td></td><td>p = 0.037<sup>**</sup></td><td>p = 0.819</td><td>p = 0.616</td><td>p = 0.000<sup>***</sup></td><td>p = 0.098<sup>*</sup></td><td>p = 0.514</td></tr>
<tr><td style="text-align:left"></td><td></td><td></td><td></td><td></td><td></td><td></td><td></td><td></td><td></td><td></td><td></td><td></td><td></td><td></td><td></td></tr>
<tr><td style="text-align:left">Tal. x USA</td><td></td><td></td><td></td><td></td><td></td><td></td><td></td><td></td><td></td><td>-1.315</td><td>0.077</td><td>-0.259</td><td>10.870</td><td>1.205</td><td>0.151</td></tr>
<tr><td style="text-align:left"></td><td></td><td></td><td></td><td></td><td></td><td></td><td></td><td></td><td></td><td>p = 0.076<sup>*</sup></td><td>p = 0.897</td><td>p = 0.527</td><td>p = 0.000<sup>***</sup></td><td>p = 0.084<sup>*</sup></td><td>p = 0.855</td></tr>
<tr><td style="text-align:left"></td><td></td><td></td><td></td><td></td><td></td><td></td><td></td><td></td><td></td><td></td><td></td><td></td><td></td><td></td><td></td></tr>
<tr><td style="text-align:left">Tal. x South Africa</td><td></td><td></td><td></td><td></td><td></td><td></td><td></td><td></td><td></td><td>-1.622</td><td>-0.551</td><td>0.658</td><td>10.102</td><td>-18.444</td><td>-0.324</td></tr>
<tr><td style="text-align:left"></td><td></td><td></td><td></td><td></td><td></td><td></td><td></td><td></td><td></td><td>p = 0.098<sup>*</sup></td><td>p = 0.607</td><td>p = 0.355</td><td>p = 0.000<sup>***</sup></td><td>p = 0.000<sup>***</sup></td><td>p = 0.815</td></tr>
<tr><td style="text-align:left"></td><td></td><td></td><td></td><td></td><td></td><td></td><td></td><td></td><td></td><td></td><td></td><td></td><td></td><td></td><td></td></tr>
<tr><td style="text-align:left">M. x Americas</td><td></td><td></td><td></td><td></td><td></td><td></td><td></td><td></td><td></td><td></td><td></td><td></td><td>1.666</td><td>1.423</td><td>0.399</td></tr>
<tr><td style="text-align:left"></td><td></td><td></td><td></td><td></td><td></td><td></td><td></td><td></td><td></td><td></td><td></td><td></td><td>p = 0.183</td><td>p = 0.047<sup>**</sup></td><td>p = 0.538</td></tr>
<tr><td style="text-align:left"></td><td></td><td></td><td></td><td></td><td></td><td></td><td></td><td></td><td></td><td></td><td></td><td></td><td></td><td></td><td></td></tr>
<tr><td style="text-align:left">Unk. x Americas</td><td></td><td></td><td></td><td></td><td></td><td></td><td></td><td></td><td></td><td></td><td></td><td></td><td>8.126</td><td>8.580</td><td>12.173</td></tr>
<tr><td style="text-align:left"></td><td></td><td></td><td></td><td></td><td></td><td></td><td></td><td></td><td></td><td></td><td></td><td></td><td>p = 0.000<sup>***</sup></td><td>p = 0.000<sup>***</sup></td><td>p = 0.000<sup>***</sup></td></tr>
<tr><td style="text-align:left"></td><td></td><td></td><td></td><td></td><td></td><td></td><td></td><td></td><td></td><td></td><td></td><td></td><td></td><td></td><td></td></tr>
<tr><td style="text-align:left">M. x Asia</td><td></td><td></td><td></td><td></td><td></td><td></td><td></td><td></td><td></td><td></td><td></td><td></td><td>1.206</td><td>1.221</td><td>0.079</td></tr>
<tr><td style="text-align:left"></td><td></td><td></td><td></td><td></td><td></td><td></td><td></td><td></td><td></td><td></td><td></td><td></td><td>p = 0.325</td><td>p = 0.068<sup>*</sup></td><td>p = 0.900</td></tr>
<tr><td style="text-align:left"></td><td></td><td></td><td></td><td></td><td></td><td></td><td></td><td></td><td></td><td></td><td></td><td></td><td></td><td></td><td></td></tr>
<tr><td style="text-align:left">Unk. x Asia</td><td></td><td></td><td></td><td></td><td></td><td></td><td></td><td></td><td></td><td></td><td></td><td></td><td>7.449</td><td>7.601</td><td>12.034</td></tr>
<tr><td style="text-align:left"></td><td></td><td></td><td></td><td></td><td></td><td></td><td></td><td></td><td></td><td></td><td></td><td></td><td>p = 0.000<sup>***</sup></td><td>p = 0.000<sup>***</sup></td><td>p = 0.000<sup>***</sup></td></tr>
<tr><td style="text-align:left"></td><td></td><td></td><td></td><td></td><td></td><td></td><td></td><td></td><td></td><td></td><td></td><td></td><td></td><td></td><td></td></tr>
<tr><td style="text-align:left">M. x Brazil</td><td></td><td></td><td></td><td></td><td></td><td></td><td></td><td></td><td></td><td></td><td></td><td></td><td>1.176</td><td>1.459</td><td>0.659</td></tr>
<tr><td style="text-align:left"></td><td></td><td></td><td></td><td></td><td></td><td></td><td></td><td></td><td></td><td></td><td></td><td></td><td>p = 0.384</td><td>p = 0.048<sup>**</sup></td><td>p = 0.383</td></tr>
<tr><td style="text-align:left"></td><td></td><td></td><td></td><td></td><td></td><td></td><td></td><td></td><td></td><td></td><td></td><td></td><td></td><td></td><td></td></tr>
<tr><td style="text-align:left">Unk. x Brazil</td><td></td><td></td><td></td><td></td><td></td><td></td><td></td><td></td><td></td><td></td><td></td><td></td><td>-15.717</td><td>8.809</td><td>-10.089</td></tr>
<tr><td style="text-align:left"></td><td></td><td></td><td></td><td></td><td></td><td></td><td></td><td></td><td></td><td></td><td></td><td></td><td>p = 0.000<sup>***</sup></td><td>p = 0.000<sup>***</sup></td><td>p = 0.000<sup>***</sup></td></tr>
<tr><td style="text-align:left"></td><td></td><td></td><td></td><td></td><td></td><td></td><td></td><td></td><td></td><td></td><td></td><td></td><td></td><td></td><td></td></tr>
<tr><td style="text-align:left">M. x China</td><td></td><td></td><td></td><td></td><td></td><td></td><td></td><td></td><td></td><td></td><td></td><td></td><td>0.955</td><td>1.146</td><td>-0.292</td></tr>
<tr><td style="text-align:left"></td><td></td><td></td><td></td><td></td><td></td><td></td><td></td><td></td><td></td><td></td><td></td><td></td><td>p = 0.436</td><td>p = 0.090<sup>*</sup></td><td>p = 0.644</td></tr>
<tr><td style="text-align:left"></td><td></td><td></td><td></td><td></td><td></td><td></td><td></td><td></td><td></td><td></td><td></td><td></td><td></td><td></td><td></td></tr>
<tr><td style="text-align:left">Unk. x China</td><td></td><td></td><td></td><td></td><td></td><td></td><td></td><td></td><td></td><td></td><td></td><td></td><td>6.990</td><td>8.362</td><td>11.146</td></tr>
<tr><td style="text-align:left"></td><td></td><td></td><td></td><td></td><td></td><td></td><td></td><td></td><td></td><td></td><td></td><td></td><td>p = 0.000<sup>***</sup></td><td>p = 0.000<sup>***</sup></td><td>p = 0.000<sup>***</sup></td></tr>
<tr><td style="text-align:left"></td><td></td><td></td><td></td><td></td><td></td><td></td><td></td><td></td><td></td><td></td><td></td><td></td><td></td><td></td><td></td></tr>
<tr><td style="text-align:left">M. x Europe</td><td></td><td></td><td></td><td></td><td></td><td></td><td></td><td></td><td></td><td></td><td></td><td></td><td>1.409</td><td>0.932</td><td>-0.026</td></tr>
<tr><td style="text-align:left"></td><td></td><td></td><td></td><td></td><td></td><td></td><td></td><td></td><td></td><td></td><td></td><td></td><td>p = 0.247</td><td>p = 0.158</td><td>p = 0.967</td></tr>
<tr><td style="text-align:left"></td><td></td><td></td><td></td><td></td><td></td><td></td><td></td><td></td><td></td><td></td><td></td><td></td><td></td><td></td><td></td></tr>
<tr><td style="text-align:left">Unk. x Europe</td><td></td><td></td><td></td><td></td><td></td><td></td><td></td><td></td><td></td><td></td><td></td><td></td><td>7.312</td><td>7.878</td><td>11.813</td></tr>
<tr><td style="text-align:left"></td><td></td><td></td><td></td><td></td><td></td><td></td><td></td><td></td><td></td><td></td><td></td><td></td><td>p = 0.000<sup>***</sup></td><td>p = 0.000<sup>***</sup></td><td>p = 0.000<sup>***</sup></td></tr>
<tr><td style="text-align:left"></td><td></td><td></td><td></td><td></td><td></td><td></td><td></td><td></td><td></td><td></td><td></td><td></td><td></td><td></td><td></td></tr>
<tr><td style="text-align:left">M. x Oceania</td><td></td><td></td><td></td><td></td><td></td><td></td><td></td><td></td><td></td><td></td><td></td><td></td><td>1.856</td><td>1.227</td><td>0.665</td></tr>
<tr><td style="text-align:left"></td><td></td><td></td><td></td><td></td><td></td><td></td><td></td><td></td><td></td><td></td><td></td><td></td><td>p = 0.139</td><td>p = 0.089<sup>*</sup></td><td>p = 0.323</td></tr>
<tr><td style="text-align:left"></td><td></td><td></td><td></td><td></td><td></td><td></td><td></td><td></td><td></td><td></td><td></td><td></td><td></td><td></td><td></td></tr>
<tr><td style="text-align:left">Unk. x Oceania</td><td></td><td></td><td></td><td></td><td></td><td></td><td></td><td></td><td></td><td></td><td></td><td></td><td>-11.349</td><td>9.715</td><td>14.111</td></tr>
<tr><td style="text-align:left"></td><td></td><td></td><td></td><td></td><td></td><td></td><td></td><td></td><td></td><td></td><td></td><td></td><td>p = 0.000<sup>***</sup></td><td>p = 0.000<sup>***</sup></td><td>p = 0.000<sup>***</sup></td></tr>
<tr><td style="text-align:left"></td><td></td><td></td><td></td><td></td><td></td><td></td><td></td><td></td><td></td><td></td><td></td><td></td><td></td><td></td><td></td></tr>
<tr><td style="text-align:left">M. x USA</td><td></td><td></td><td></td><td></td><td></td><td></td><td></td><td></td><td></td><td></td><td></td><td></td><td>1.194</td><td>0.938</td><td>-0.035</td></tr>
<tr><td style="text-align:left"></td><td></td><td></td><td></td><td></td><td></td><td></td><td></td><td></td><td></td><td></td><td></td><td></td><td>p = 0.328</td><td>p = 0.155</td><td>p = 0.956</td></tr>
<tr><td style="text-align:left"></td><td></td><td></td><td></td><td></td><td></td><td></td><td></td><td></td><td></td><td></td><td></td><td></td><td></td><td></td><td></td></tr>
<tr><td style="text-align:left">Unk. x USA</td><td></td><td></td><td></td><td></td><td></td><td></td><td></td><td></td><td></td><td></td><td></td><td></td><td>8.360</td><td>7.872</td><td>12.414</td></tr>
<tr><td style="text-align:left"></td><td></td><td></td><td></td><td></td><td></td><td></td><td></td><td></td><td></td><td></td><td></td><td></td><td>p = 0.000<sup>***</sup></td><td>p = 0.000<sup>***</sup></td><td>p = 0.000<sup>***</sup></td></tr>
<tr><td style="text-align:left"></td><td></td><td></td><td></td><td></td><td></td><td></td><td></td><td></td><td></td><td></td><td></td><td></td><td></td><td></td><td></td></tr>
<tr><td style="text-align:left">M. x SouthAfrica</td><td></td><td></td><td></td><td></td><td></td><td></td><td></td><td></td><td></td><td></td><td></td><td></td><td>2.496</td><td>1.404</td><td>0.323</td></tr>
<tr><td style="text-align:left"></td><td></td><td></td><td></td><td></td><td></td><td></td><td></td><td></td><td></td><td></td><td></td><td></td><td>p = 0.150</td><td>p = 0.350</td><td>p = 0.790</td></tr>
<tr><td style="text-align:left"></td><td></td><td></td><td></td><td></td><td></td><td></td><td></td><td></td><td></td><td></td><td></td><td></td><td></td><td></td><td></td></tr>
<tr><td style="text-align:left">Unk. x SouthAfrica</td><td></td><td></td><td></td><td></td><td></td><td></td><td></td><td></td><td></td><td></td><td></td><td></td><td>-7.763</td><td>-17.617</td><td>-12.974</td></tr>
<tr><td style="text-align:left"></td><td></td><td></td><td></td><td></td><td></td><td></td><td></td><td></td><td></td><td></td><td></td><td></td><td>p = 0.000<sup>***</sup></td><td>p = 0.000<sup>***</sup></td><td>p = 0.000<sup>***</sup></td></tr>
<tr><td style="text-align:left"></td><td></td><td></td><td></td><td></td><td></td><td></td><td></td><td></td><td></td><td></td><td></td><td></td><td></td><td></td><td></td></tr>
<tr><td style="text-align:left">Tal. x M. x Americas</td><td></td><td></td><td></td><td></td><td></td><td></td><td></td><td></td><td></td><td></td><td></td><td></td><td>-12.572</td><td>-1.586</td><td>-0.851</td></tr>
<tr><td style="text-align:left"></td><td></td><td></td><td></td><td></td><td></td><td></td><td></td><td></td><td></td><td></td><td></td><td></td><td>p = 0.000<sup>***</sup></td><td>p = 0.070<sup>*</sup></td><td>p = 0.365</td></tr>
<tr><td style="text-align:left"></td><td></td><td></td><td></td><td></td><td></td><td></td><td></td><td></td><td></td><td></td><td></td><td></td><td></td><td></td><td></td></tr>
<tr><td style="text-align:left">Tal. x Unk. x Americas</td><td></td><td></td><td></td><td></td><td></td><td></td><td></td><td></td><td></td><td></td><td></td><td></td><td>4.067</td><td>-8.547</td><td>2.627</td></tr>
<tr><td style="text-align:left"></td><td></td><td></td><td></td><td></td><td></td><td></td><td></td><td></td><td></td><td></td><td></td><td></td><td>p = 0.0005<sup>***</sup></td><td>p = 0.000<sup>***</sup></td><td>p = 0.003<sup>***</sup></td></tr>
<tr><td style="text-align:left"></td><td></td><td></td><td></td><td></td><td></td><td></td><td></td><td></td><td></td><td></td><td></td><td></td><td></td><td></td><td></td></tr>
<tr><td style="text-align:left">Tal. x M. x Asia</td><td></td><td></td><td></td><td></td><td></td><td></td><td></td><td></td><td></td><td></td><td></td><td></td><td>-12.889</td><td>-1.639</td><td>-0.976</td></tr>
<tr><td style="text-align:left"></td><td></td><td></td><td></td><td></td><td></td><td></td><td></td><td></td><td></td><td></td><td></td><td></td><td>p = 0.000<sup>***</sup></td><td>p = 0.039<sup>**</sup></td><td>p = 0.282</td></tr>
<tr><td style="text-align:left"></td><td></td><td></td><td></td><td></td><td></td><td></td><td></td><td></td><td></td><td></td><td></td><td></td><td></td><td></td><td></td></tr>
<tr><td style="text-align:left">Tal. x Unk. x Asia</td><td></td><td></td><td></td><td></td><td></td><td></td><td></td><td></td><td></td><td></td><td></td><td></td><td>3.054</td><td>-8.608</td><td>2.621</td></tr>
<tr><td style="text-align:left"></td><td></td><td></td><td></td><td></td><td></td><td></td><td></td><td></td><td></td><td></td><td></td><td></td><td>p = 0.000<sup>***</sup></td><td>p = 0.000<sup>***</sup></td><td>p = 0.000<sup>***</sup></td></tr>
<tr><td style="text-align:left"></td><td></td><td></td><td></td><td></td><td></td><td></td><td></td><td></td><td></td><td></td><td></td><td></td><td></td><td></td><td></td></tr>
<tr><td style="text-align:left">Tal. x M. x Brazil</td><td></td><td></td><td></td><td></td><td></td><td></td><td></td><td></td><td></td><td></td><td></td><td></td><td>15.311</td><td>-2.255</td><td>-1.407</td></tr>
<tr><td style="text-align:left"></td><td></td><td></td><td></td><td></td><td></td><td></td><td></td><td></td><td></td><td></td><td></td><td></td><td>p = 0.000<sup>***</sup></td><td>p = 0.020<sup>**</sup></td><td>p = 0.209</td></tr>
<tr><td style="text-align:left"></td><td></td><td></td><td></td><td></td><td></td><td></td><td></td><td></td><td></td><td></td><td></td><td></td><td></td><td></td><td></td></tr>
<tr><td style="text-align:left">Tal. x Unk. x Brazil</td><td></td><td></td><td></td><td></td><td></td><td></td><td></td><td></td><td></td><td></td><td></td><td></td><td>-0.930</td><td>-10.905</td><td>25.086</td></tr>
<tr><td style="text-align:left"></td><td></td><td></td><td></td><td></td><td></td><td></td><td></td><td></td><td></td><td></td><td></td><td></td><td></td><td>p = 0.000<sup>***</sup></td><td>p = 0.000<sup>***</sup></td></tr>
<tr><td style="text-align:left"></td><td></td><td></td><td></td><td></td><td></td><td></td><td></td><td></td><td></td><td></td><td></td><td></td><td></td><td></td><td></td></tr>
<tr><td style="text-align:left">Tal. x M. x China</td><td></td><td></td><td></td><td></td><td></td><td></td><td></td><td></td><td></td><td></td><td></td><td></td><td>-12.506</td><td>-1.587</td><td>-0.820</td></tr>
<tr><td style="text-align:left"></td><td></td><td></td><td></td><td></td><td></td><td></td><td></td><td></td><td></td><td></td><td></td><td></td><td>p = 0.000<sup>***</sup></td><td>p = 0.049<sup>**</sup></td><td>p = 0.368</td></tr>
<tr><td style="text-align:left"></td><td></td><td></td><td></td><td></td><td></td><td></td><td></td><td></td><td></td><td></td><td></td><td></td><td></td><td></td><td></td></tr>
<tr><td style="text-align:left">Tal. x Unk. x China</td><td></td><td></td><td></td><td></td><td></td><td></td><td></td><td></td><td></td><td></td><td></td><td></td><td>3.502</td><td>-8.673</td><td>2.987</td></tr>
<tr><td style="text-align:left"></td><td></td><td></td><td></td><td></td><td></td><td></td><td></td><td></td><td></td><td></td><td></td><td></td><td>p = 0.000<sup>***</sup></td><td>p = 0.000<sup>***</sup></td><td>p = 0.000<sup>***</sup></td></tr>
<tr><td style="text-align:left"></td><td></td><td></td><td></td><td></td><td></td><td></td><td></td><td></td><td></td><td></td><td></td><td></td><td></td><td></td><td></td></tr>
<tr><td style="text-align:left">Tal. x M. x Europe</td><td></td><td></td><td></td><td></td><td></td><td></td><td></td><td></td><td></td><td></td><td></td><td></td><td>-12.696</td><td>-1.268</td><td>-0.612</td></tr>
<tr><td style="text-align:left"></td><td></td><td></td><td></td><td></td><td></td><td></td><td></td><td></td><td></td><td></td><td></td><td></td><td>p = 0.000<sup>***</sup></td><td>p = 0.104</td><td>p = 0.492</td></tr>
<tr><td style="text-align:left"></td><td></td><td></td><td></td><td></td><td></td><td></td><td></td><td></td><td></td><td></td><td></td><td></td><td></td><td></td><td></td></tr>
<tr><td style="text-align:left">Tal. x Unk. x Europe</td><td></td><td></td><td></td><td></td><td></td><td></td><td></td><td></td><td></td><td></td><td></td><td></td><td>2.844</td><td>-8.294</td><td>1.813</td></tr>
<tr><td style="text-align:left"></td><td></td><td></td><td></td><td></td><td></td><td></td><td></td><td></td><td></td><td></td><td></td><td></td><td>p = 0.001<sup>***</sup></td><td>p = 0.000<sup>***</sup></td><td>p = 0.0003<sup>***</sup></td></tr>
<tr><td style="text-align:left"></td><td></td><td></td><td></td><td></td><td></td><td></td><td></td><td></td><td></td><td></td><td></td><td></td><td></td><td></td><td></td></tr>
<tr><td style="text-align:left">Tal. x M. x Oceania</td><td></td><td></td><td></td><td></td><td></td><td></td><td></td><td></td><td></td><td></td><td></td><td></td><td>-13.113</td><td>-1.743</td><td>-1.162</td></tr>
<tr><td style="text-align:left"></td><td></td><td></td><td></td><td></td><td></td><td></td><td></td><td></td><td></td><td></td><td></td><td></td><td>p = 0.000<sup>***</sup></td><td>p = 0.044<sup>**</sup></td><td>p = 0.227</td></tr>
<tr><td style="text-align:left"></td><td></td><td></td><td></td><td></td><td></td><td></td><td></td><td></td><td></td><td></td><td></td><td></td><td></td><td></td><td></td></tr>
<tr><td style="text-align:left">Tal. x Unk. x Oceania</td><td></td><td></td><td></td><td></td><td></td><td></td><td></td><td></td><td></td><td></td><td></td><td></td><td>-7.702</td><td>-9.882</td><td>0.702</td></tr>
<tr><td style="text-align:left"></td><td></td><td></td><td></td><td></td><td></td><td></td><td></td><td></td><td></td><td></td><td></td><td></td><td></td><td>p = 0.000<sup>***</sup></td><td>p = 0.594</td></tr>
<tr><td style="text-align:left"></td><td></td><td></td><td></td><td></td><td></td><td></td><td></td><td></td><td></td><td></td><td></td><td></td><td></td><td></td><td></td></tr>
<tr><td style="text-align:left">Tal. x M. x USA</td><td></td><td></td><td></td><td></td><td></td><td></td><td></td><td></td><td></td><td></td><td></td><td></td><td>-12.797</td><td>-1.348</td><td>-0.594</td></tr>
<tr><td style="text-align:left"></td><td></td><td></td><td></td><td></td><td></td><td></td><td></td><td></td><td></td><td></td><td></td><td></td><td>p = 0.000<sup>***</sup></td><td>p = 0.084<sup>*</sup></td><td>p = 0.510</td></tr>
<tr><td style="text-align:left"></td><td></td><td></td><td></td><td></td><td></td><td></td><td></td><td></td><td></td><td></td><td></td><td></td><td></td><td></td><td></td></tr>
<tr><td style="text-align:left">Tal. x Unk. x USA</td><td></td><td></td><td></td><td></td><td></td><td></td><td></td><td></td><td></td><td></td><td></td><td></td><td>2.107</td><td>-8.564</td><td>2.113</td></tr>
<tr><td style="text-align:left"></td><td></td><td></td><td></td><td></td><td></td><td></td><td></td><td></td><td></td><td></td><td></td><td></td><td>p = 0.0001<sup>***</sup></td><td>p = 0.000<sup>***</sup></td><td>p = 0.00002<sup>***</sup></td></tr>
<tr><td style="text-align:left"></td><td></td><td></td><td></td><td></td><td></td><td></td><td></td><td></td><td></td><td></td><td></td><td></td><td></td><td></td><td></td></tr>
<tr><td style="text-align:left">Tal. x M. x SouthAfrica</td><td></td><td></td><td></td><td></td><td></td><td></td><td></td><td></td><td></td><td></td><td></td><td></td><td>-12.604</td><td>17.807</td><td>0.775</td></tr>
<tr><td style="text-align:left"></td><td></td><td></td><td></td><td></td><td></td><td></td><td></td><td></td><td></td><td></td><td></td><td></td><td>p = 0.000<sup>***</sup></td><td>p = 0.000<sup>***</sup></td><td>p = 0.629</td></tr>
<tr><td style="text-align:left"></td><td></td><td></td><td></td><td></td><td></td><td></td><td></td><td></td><td></td><td></td><td></td><td></td><td></td><td></td><td></td></tr>
<tr><td style="text-align:left">Tal. x Unk. x SouthAfrica</td><td></td><td></td><td></td><td></td><td></td><td></td><td></td><td></td><td></td><td></td><td></td><td></td><td>0.000</td><td>0.000</td><td>0.000</td></tr>
<tr><td style="text-align:left"></td><td></td><td></td><td></td><td></td><td></td><td></td><td></td><td></td><td></td><td></td><td></td><td></td><td>p = 1.000</td><td></td><td></td></tr>
<tr><td style="text-align:left"></td><td></td><td></td><td></td><td></td><td></td><td></td><td></td><td></td><td></td><td></td><td></td><td></td><td></td><td></td><td></td></tr>
<tr><td colspan="16" style="border-bottom: 1px solid black"></td></tr><tr><td style="text-align:left">Akaike Inf. Crit.</td><td>71,722.410</td><td>71,722.410</td><td>71,722.410</td><td>71,158.440</td><td>71,158.440</td><td>71,158.440</td><td>69,794.840</td><td>69,794.840</td><td>69,794.840</td><td>68,623.680</td><td>68,623.680</td><td>68,623.680</td><td>67,486.210</td><td>67,486.210</td><td>67,486.210</td></tr>
<tr><td colspan="16" style="border-bottom: 1px solid black"></td></tr><tr><td style="text-align:left"><em>Note:</em></td><td colspan="15" style="text-align:right"><sup>*</sup>p<0.1; <sup>**</sup>p<0.05; <sup>***</sup>p<0.01</td></tr>
</table>
[1] "Stat model results: \n"

===============================================================================================================================================
                                                                      Model 1        Model 2        Model 3        Model 4        Model 5      
-----------------------------------------------------------------------------------------------------------------------------------------------
Both: (Intercept)                                                         -1.52 ***      -4.31 ***      -4.29 ***      -5.22 ***      -4.29 ***
                                                                          (0.02)         (0.17)         (0.18)         (0.62)         (1.02)   
Internal: (Intercept)                                                     -0.56 ***      -2.33 ***      -2.32 ***      -3.11 ***      -2.27 ***
                                                                          (0.01)         (0.11)         (0.11)         (0.37)         (0.57)   
International: (Intercept)                                                -0.74 ***      -2.02 ***      -2.03 ***      -1.41 ***      -1.49 ** 
                                                                          (0.02)         (0.11)         (0.12)         (0.26)         (0.58)   
Both: ctrl_obs_2catTalents                                                                0.24 ***      -0.08           1.64 *       -10.80 ***
                                                                                         (0.04)         (0.09)         (0.73)         (0.48)   
Both: acadmic_age                                                                         0.14 ***       0.15 ***       0.14 ***       0.15 ***
                                                                                         (0.01)         (0.01)         (0.01)         (0.01)   
Internal: ctrl_obs_2catTalents                                                            0.10 **       -0.01           0.17          -1.17    
                                                                                         (0.03)         (0.06)         (0.59)         (0.69)   
Internal: acadmic_age                                                                     0.09 ***       0.09 ***       0.09 ***       0.10 ***
                                                                                         (0.01)         (0.01)         (0.01)         (0.01)   
International: ctrl_obs_2catTalents                                                       0.13 ***       0.07           0.25          -0.29    
                                                                                         (0.03)         (0.07)         (0.40)         (0.80)   
International: acadmic_age                                                                0.07 ***       0.07 ***       0.06 ***       0.07 ***
                                                                                         (0.01)         (0.01)         (0.01)         (0.01)   
Both: genderMale                                                                                         0.05                         -1.27    
                                                                                                        (0.07)                        (1.21)   
Both: genderUnknown                                                                                     -1.84 ***                     -9.50 ***
                                                                                                        (0.18)                        (0.24)   
Both: ctrl_obs_2catTalents:genderMale                                                                    0.46 ***                     13.26 ***
                                                                                                        (0.11)                        (0.48)   
Both: ctrl_obs_2catTalents:genderUnknown                                                                -0.08                         -2.89 ***
                                                                                                        (0.26)                        (0.31)   
Internal: genderMale                                                                                     0.01                         -1.06    
                                                                                                        (0.05)                        (0.65)   
Internal: genderUnknown                                                                                 -0.27 ***                     -8.18 ***
                                                                                                        (0.07)                        (0.72)   
Internal: ctrl_obs_2catTalents:genderMale                                                                0.18 *                        1.67 *  
                                                                                                        (0.07)                        (0.77)   
Internal: ctrl_obs_2catTalents:genderUnknown                                                            -0.02                          8.62 ***
                                                                                                        (0.10)                        (0.73)   
International: genderMale                                                                                0.08                          0.05    
                                                                                                        (0.05)                        (0.61)   
International: genderUnknown                                                                            -1.37 ***                    -13.19 ***
                                                                                                        (0.10)                        (0.20)   
International: ctrl_obs_2catTalents:genderMale                                                           0.16 *                        0.90    
                                                                                                        (0.08)                        (0.88)   
International: ctrl_obs_2catTalents:genderUnknown                                                       -0.82 ***                     -3.27 ***
                                                                                                        (0.17)                        (0.28)   
Both: region2useAmericas                                                                                                1.27 *         0.02    
                                                                                                                       (0.62)         (1.04)   
Both: region2useAsia                                                                                                    0.92           0.24    
                                                                                                                       (0.60)         (1.02)   
Both: region2useBRA                                                                                                     0.41          -0.45    
                                                                                                                       (0.67)         (1.11)   
Both: region2useCHN                                                                                                     0.67           0.33    
                                                                                                                       (0.61)         (1.02)   
Both: region2useEurope                                                                                                  0.66          -0.41    
                                                                                                                       (0.60)         (1.01)   
Both: region2useOceania                                                                                                 1.87 **        0.45    
                                                                                                                       (0.62)         (1.04)   
Both: region2useUSA                                                                                                     1.22 *         0.32    
                                                                                                                       (0.60)         (1.01)   
Both: region2useZAF                                                                                                     1.77 *         0.05    
                                                                                                                       (0.78)         (1.48)   
Both: ctrl_obs_2catTalents:region2useAmericas                                                                          -1.28          10.61 ***
                                                                                                                       (0.76)         (0.62)   
Both: ctrl_obs_2catTalents:region2useAsia                                                                              -1.64 *        10.54 ***
                                                                                                                       (0.74)         (0.53)   
Both: ctrl_obs_2catTalents:region2useBRA                                                                               -2.03 *       -17.77 ***
                                                                                                                       (0.90)         (0.52)   
Both: ctrl_obs_2catTalents:region2useCHN                                                                               -1.69 *        10.15 ***
                                                                                                                       (0.74)         (0.53)   
Both: ctrl_obs_2catTalents:region2useEurope                                                                            -1.28          10.74 ***
                                                                                                                       (0.74)         (0.50)   
Both: ctrl_obs_2catTalents:region2useOceania                                                                           -1.59 *        10.77 ***
                                                                                                                       (0.76)         (0.59)   
Both: ctrl_obs_2catTalents:region2useUSA                                                                               -1.31          10.87 ***
                                                                                                                       (0.74)         (0.51)   
Both: ctrl_obs_2catTalents:region2useZAF                                                                               -1.62          10.10 ***
                                                                                                                       (0.98)         (1.42)   
Internal: region2useAmericas                                                                                            0.31          -0.83    
                                                                                                                       (0.38)         (0.62)   
Internal: region2useAsia                                                                                                0.81 *        -0.04    
                                                                                                                       (0.36)         (0.58)   
Internal: region2useBRA                                                                                                 0.93 *        -0.25    
                                                                                                                       (0.39)         (0.63)   
Internal: region2useCHN                                                                                                 0.42          -0.56    
                                                                                                                       (0.36)         (0.59)   
Internal: region2useEurope                                                                                              0.26          -0.51    
                                                                                                                       (0.36)         (0.57)   
Internal: region2useOceania                                                                                             0.70          -0.31    
                                                                                                                       (0.39)         (0.62)   
Internal: region2useUSA                                                                                                 1.50 ***       0.73    
                                                                                                                       (0.36)         (0.57)   
Internal: region2useZAF                                                                                                -0.11          -1.01    
                                                                                                                       (0.74)         (1.23)   
Internal: ctrl_obs_2catTalents:region2useAmericas                                                                      -0.06           1.21    
                                                                                                                       (0.62)         (0.78)   
Internal: ctrl_obs_2catTalents:region2useAsia                                                                          -0.19           1.13    
                                                                                                                       (0.59)         (0.71)   
Internal: ctrl_obs_2catTalents:region2useBRA                                                                           -0.84           1.08    
                                                                                                                       (0.65)         (0.85)   
Internal: ctrl_obs_2catTalents:region2useCHN                                                                           -0.47           0.84    
                                                                                                                       (0.59)         (0.72)   
Internal: ctrl_obs_2catTalents:region2useEurope                                                                        -0.21           0.83    
                                                                                                                       (0.59)         (0.70)   
Internal: ctrl_obs_2catTalents:region2useOceania                                                                       -0.14           1.26    
                                                                                                                       (0.62)         (0.76)   
Internal: ctrl_obs_2catTalents:region2useUSA                                                                            0.08           1.20    
                                                                                                                       (0.59)         (0.70)   
Internal: ctrl_obs_2catTalents:region2useZAF                                                                           -0.55         -18.44 ***
                                                                                                                       (1.07)         (0.63)   
International: region2useAmericas                                                                                       0.06          -0.20    
                                                                                                                       (0.26)         (0.60)   
International: region2useAsia                                                                                          -0.51 *        -0.38    
                                                                                                                       (0.25)         (0.58)   
International: region2useBRA                                                                                           -0.85 **       -1.23    
                                                                                                                       (0.31)         (0.69)   
International: region2useCHN                                                                                           -1.07 ***      -0.47    
                                                                                                                       (0.25)         (0.59)   
International: region2useEurope                                                                                        -0.52 *        -0.49    
                                                                                                                       (0.24)         (0.57)   
International: region2useOceania                                                                                        0.09          -0.41    
                                                                                                                       (0.27)         (0.62)   
International: region2useUSA                                                                                           -0.76 **       -0.71    
                                                                                                                       (0.25)         (0.58)   
International: region2useZAF                                                                                           -0.54          -0.57    
                                                                                                                       (0.55)         (1.00)   
International: ctrl_obs_2catTalents:region2useAmericas                                                                 -0.02           0.51    
                                                                                                                       (0.43)         (0.85)   
International: ctrl_obs_2catTalents:region2useAsia                                                                     -0.40           0.29    
                                                                                                                       (0.41)         (0.83)   
International: ctrl_obs_2catTalents:region2useBRA                                                                      -0.14           0.79    
                                                                                                                       (0.50)         (1.00)   
International: ctrl_obs_2catTalents:region2useCHN                                                                      -0.26           0.23    
                                                                                                                       (0.41)         (0.83)   
International: ctrl_obs_2catTalents:region2useEurope                                                                    0.11           0.49    
                                                                                                                       (0.40)         (0.81)   
International: ctrl_obs_2catTalents:region2useOceania                                                                  -0.22           0.57    
                                                                                                                       (0.44)         (0.87)   
International: ctrl_obs_2catTalents:region2useUSA                                                                      -0.26           0.15    
                                                                                                                       (0.41)         (0.82)   
International: ctrl_obs_2catTalents:region2useZAF                                                                       0.66          -0.32    
                                                                                                                       (0.71)         (1.38)   
Both: genderMale:region2useAmericas                                                                                                    1.67    
                                                                                                                                      (1.25)   
Both: genderUnknown:region2useAmericas                                                                                                 8.13 ***
                                                                                                                                      (0.90)   
Both: genderMale:region2useAsia                                                                                                        1.21    
                                                                                                                                      (1.22)   
Both: genderUnknown:region2useAsia                                                                                                     7.45 ***
                                                                                                                                      (0.36)   
Both: genderMale:region2useBRA                                                                                                         1.18    
                                                                                                                                      (1.35)   
Both: genderUnknown:region2useBRA                                                                                                    -15.72 ***
                                                                                                                                      (0.00)   
Both: genderMale:region2useCHN                                                                                                         0.95    
                                                                                                                                      (1.23)   
Both: genderUnknown:region2useCHN                                                                                                      6.99 ***
                                                                                                                                      (0.37)   
Both: genderMale:region2useEurope                                                                                                      1.41    
                                                                                                                                      (1.22)   
Both: genderUnknown:region2useEurope                                                                                                   7.31 ***
                                                                                                                                      (0.64)   
Both: genderMale:region2useOceania                                                                                                     1.86    
                                                                                                                                      (1.25)   
Both: genderUnknown:region2useOceania                                                                                                -11.35 ***
                                                                                                                                      (0.00)   
Both: genderMale:region2useUSA                                                                                                         1.19    
                                                                                                                                      (1.22)   
Both: genderUnknown:region2useUSA                                                                                                      8.36 ***
                                                                                                                                      (0.39)   
Both: genderMale:region2useZAF                                                                                                         2.50    
                                                                                                                                      (1.73)   
Both: genderUnknown:region2useZAF                                                                                                     -7.76 ***
                                                                                                                                      (0.00)   
Both: ctrl_obs_2catTalents:genderMale:region2useAmericas                                                                             -12.57 ***
                                                                                                                                      (0.65)   
Both: ctrl_obs_2catTalents:genderUnknown:region2useAmericas                                                                            4.07 ***
                                                                                                                                      (1.15)   
Both: ctrl_obs_2catTalents:genderMale:region2useAsia                                                                                 -12.89 ***
                                                                                                                                      (0.55)   
Both: ctrl_obs_2catTalents:genderUnknown:region2useAsia                                                                                3.05 ***
                                                                                                                                      (0.51)   
Both: ctrl_obs_2catTalents:genderMale:region2useBRA                                                                                   15.31 ***
                                                                                                                                      (0.52)   
Both: ctrl_obs_2catTalents:genderUnknown:region2useBRA                                                                                -0.93    
                                                                                                                                               
Both: ctrl_obs_2catTalents:genderMale:region2useCHN                                                                                  -12.51 ***
                                                                                                                                      (0.55)   
Both: ctrl_obs_2catTalents:genderUnknown:region2useCHN                                                                                 3.50 ***
                                                                                                                                      (0.52)   
Both: ctrl_obs_2catTalents:genderMale:region2useEurope                                                                               -12.70 ***
                                                                                                                                      (0.51)   
Both: ctrl_obs_2catTalents:genderUnknown:region2useEurope                                                                              2.84 ***
                                                                                                                                      (0.83)   
Both: ctrl_obs_2catTalents:genderMale:region2useOceania                                                                              -13.11 ***
                                                                                                                                      (0.64)   
Both: ctrl_obs_2catTalents:genderUnknown:region2useOceania                                                                            -7.70    
                                                                                                                                               
Both: ctrl_obs_2catTalents:genderMale:region2useUSA                                                                                  -12.80 ***
                                                                                                                                      (0.52)   
Both: ctrl_obs_2catTalents:genderUnknown:region2useUSA                                                                                 2.11 ***
                                                                                                                                      (0.53)   
Both: ctrl_obs_2catTalents:genderMale:region2useZAF                                                                                  -12.60 ***
                                                                                                                                      (1.59)   
Both: ctrl_obs_2catTalents:genderUnknown:region2useZAF                                                                                 0.00    
                                                                                                                                      (0.00)   
Internal: genderMale:region2useAmericas                                                                                                1.42 *  
                                                                                                                                      (0.71)   
Internal: genderUnknown:region2useAmericas                                                                                             8.58 ***
                                                                                                                                      (0.85)   
Internal: genderMale:region2useAsia                                                                                                    1.22    
                                                                                                                                      (0.67)   
Internal: genderUnknown:region2useAsia                                                                                                 7.60 ***
                                                                                                                                      (0.73)   
Internal: genderMale:region2useBRA                                                                                                     1.46 *  
                                                                                                                                      (0.74)   
Internal: genderUnknown:region2useBRA                                                                                                  8.81 ***
                                                                                                                                      (0.86)   
Internal: genderMale:region2useCHN                                                                                                     1.15    
                                                                                                                                      (0.68)   
Internal: genderUnknown:region2useCHN                                                                                                  8.36 ***
                                                                                                                                      (0.74)   
Internal: genderMale:region2useEurope                                                                                                  0.93    
                                                                                                                                      (0.66)   
Internal: genderUnknown:region2useEurope                                                                                               7.88 ***
                                                                                                                                      (0.74)   
Internal: genderMale:region2useOceania                                                                                                 1.23    
                                                                                                                                      (0.72)   
Internal: genderUnknown:region2useOceania                                                                                              9.72 ***
                                                                                                                                      (1.11)   
Internal: genderMale:region2useUSA                                                                                                     0.94    
                                                                                                                                      (0.66)   
Internal: genderUnknown:region2useUSA                                                                                                  7.87 ***
                                                                                                                                      (0.73)   
Internal: genderMale:region2useZAF                                                                                                     1.40    
                                                                                                                                      (1.50)   
Internal: genderUnknown:region2useZAF                                                                                                -17.62 ***
                                                                                                                                      (0.00)   
Internal: ctrl_obs_2catTalents:genderMale:region2useAmericas                                                                          -1.59    
                                                                                                                                      (0.87)   
Internal: ctrl_obs_2catTalents:genderUnknown:region2useAmericas                                                                       -8.55 ***
                                                                                                                                      (1.00)   
Internal: ctrl_obs_2catTalents:genderMale:region2useAsia                                                                              -1.64 *  
                                                                                                                                      (0.79)   
Internal: ctrl_obs_2catTalents:genderUnknown:region2useAsia                                                                           -8.61 ***
                                                                                                                                      (0.76)   
Internal: ctrl_obs_2catTalents:genderMale:region2useBRA                                                                               -2.25 *  
                                                                                                                                      (0.96)   
Internal: ctrl_obs_2catTalents:genderUnknown:region2useBRA                                                                           -10.91 ***
                                                                                                                                      (1.36)   
Internal: ctrl_obs_2catTalents:genderMale:region2useCHN                                                                               -1.59 *  
                                                                                                                                      (0.81)   
Internal: ctrl_obs_2catTalents:genderUnknown:region2useCHN                                                                            -8.67 ***
                                                                                                                                      (0.76)   
Internal: ctrl_obs_2catTalents:genderMale:region2useEurope                                                                            -1.27    
                                                                                                                                      (0.78)   
Internal: ctrl_obs_2catTalents:genderUnknown:region2useEurope                                                                         -8.29 ***
                                                                                                                                      (0.77)   
Internal: ctrl_obs_2catTalents:genderMale:region2useOceania                                                                           -1.74 *  
                                                                                                                                      (0.87)   
Internal: ctrl_obs_2catTalents:genderUnknown:region2useOceania                                                                        -9.88 ***
                                                                                                                                      (1.26)   
Internal: ctrl_obs_2catTalents:genderMale:region2useUSA                                                                               -1.35    
                                                                                                                                      (0.78)   
Internal: ctrl_obs_2catTalents:genderUnknown:region2useUSA                                                                            -8.56 ***
                                                                                                                                      (0.75)   
Internal: ctrl_obs_2catTalents:genderMale:region2useZAF                                                                               17.81 ***
                                                                                                                                      (0.63)   
Internal: ctrl_obs_2catTalents:genderUnknown:region2useZAF                                                                             0.00    
                                                                                                                                               
International: genderMale:region2useAmericas                                                                                           0.40    
                                                                                                                                      (0.65)   
International: genderUnknown:region2useAmericas                                                                                       12.17 ***
                                                                                                                                      (0.54)   
International: genderMale:region2useAsia                                                                                               0.08    
                                                                                                                                      (0.63)   
International: genderUnknown:region2useAsia                                                                                           12.03 ***
                                                                                                                                      (0.26)   
International: genderMale:region2useBRA                                                                                                0.66    
                                                                                                                                      (0.75)   
International: genderUnknown:region2useBRA                                                                                           -10.09 ***
                                                                                                                                      (0.51)   
International: genderMale:region2useCHN                                                                                               -0.29    
                                                                                                                                      (0.63)   
International: genderUnknown:region2useCHN                                                                                            11.15 ***
                                                                                                                                      (0.29)   
International: genderMale:region2useEurope                                                                                            -0.03    
                                                                                                                                      (0.61)   
International: genderUnknown:region2useEurope                                                                                         11.81 ***
                                                                                                                                      (0.31)   
International: genderMale:region2useOceania                                                                                            0.67    
                                                                                                                                      (0.67)   
International: genderUnknown:region2useOceania                                                                                        14.11 ***
                                                                                                                                      (0.91)   
International: genderMale:region2useUSA                                                                                               -0.03    
                                                                                                                                      (0.62)   
International: genderUnknown:region2useUSA                                                                                            12.41 ***
                                                                                                                                      (0.32)   
International: genderMale:region2useZAF                                                                                                0.32    
                                                                                                                                      (1.21)   
International: genderUnknown:region2useZAF                                                                                           -12.97 ***
                                                                                                                                      (0.00)   
International: ctrl_obs_2catTalents:genderMale:region2useAmericas                                                                     -0.85    
                                                                                                                                      (0.94)   
International: ctrl_obs_2catTalents:genderUnknown:region2useAmericas                                                                   2.63 ** 
                                                                                                                                      (0.88)   
International: ctrl_obs_2catTalents:genderMale:region2useAsia                                                                         -0.98    
                                                                                                                                      (0.91)   
International: ctrl_obs_2catTalents:genderUnknown:region2useAsia                                                                       2.62 ***
                                                                                                                                      (0.39)   
International: ctrl_obs_2catTalents:genderMale:region2useBRA                                                                          -1.41    
                                                                                                                                      (1.12)   
International: ctrl_obs_2catTalents:genderUnknown:region2useBRA                                                                       25.09 ***
                                                                                                                                      (0.51)   
International: ctrl_obs_2catTalents:genderMale:region2useCHN                                                                          -0.82    
                                                                                                                                      (0.91)   
International: ctrl_obs_2catTalents:genderUnknown:region2useCHN                                                                        2.99 ***
                                                                                                                                      (0.42)   
International: ctrl_obs_2catTalents:genderMale:region2useEurope                                                                       -0.61    
                                                                                                                                      (0.89)   
International: ctrl_obs_2catTalents:genderUnknown:region2useEurope                                                                     1.81 ***
                                                                                                                                      (0.50)   
International: ctrl_obs_2catTalents:genderMale:region2useOceania                                                                      -1.16    
                                                                                                                                      (0.96)   
International: ctrl_obs_2catTalents:genderUnknown:region2useOceania                                                                    0.70    
                                                                                                                                      (1.31)   
International: ctrl_obs_2catTalents:genderMale:region2useUSA                                                                          -0.59    
                                                                                                                                      (0.90)   
International: ctrl_obs_2catTalents:genderUnknown:region2useUSA                                                                        2.11 ***
                                                                                                                                      (0.48)   
International: ctrl_obs_2catTalents:genderMale:region2useZAF                                                                           0.78    
                                                                                                                                      (1.60)   
International: ctrl_obs_2catTalents:genderUnknown:region2useZAF                                                                        0.00    
                                                                                                                                      (0.00)   
-----------------------------------------------------------------------------------------------------------------------------------------------
AIC                                                                    71722.41       71158.44       69794.84       68623.68       67486.21    
BIC                                                                    71747.18       71232.73       69968.18       69094.18       68823.42    
Log Likelihood                                                        -35858.21      -35570.22      -34876.42      -34254.84      -33581.11    
Deviance                                                               71716.41       71140.44       69752.84       68509.68       67162.21    
Num. obs.                                                              28406          28406          28406          28406          28406       
K                                                                          4              4              4              4              4       
===============================================================================================================================================
*** p < 0.001; ** p < 0.01; * p < 0.05
Warning message:
In sqrt(diag(vc)) : NaNs produced
