running
  'C:\PROGRA~1\R\R-45~1.1\bin\x64\Rterm.exe --no-echo --no-restore --no-save --no-restore --file=workflow/scripts/read_data_run_statistical_model_full_gender_regions_w_controls_model_results.R --args --input G:/ali/talents/results/mdl_obj_third_continent_full_ctrls.RData --gender third --region2use continent --ext2use doc --output G:/ali/talents/results/tables/TABLE_6_third_continent_f_ctrls.doc'

-- Attaching core tidyverse packages ------------------------ tidyverse 2.0.0 --
v dplyr     1.1.4     v readr     2.1.5
v forcats   1.0.0     v stringr   1.5.2
v ggplot2   4.0.0     v tibble    3.3.0
v lubridate 1.9.4     v tidyr     1.3.1
v purrr     1.1.0     
-- Conflicts ------------------------------------------ tidyverse_conflicts() --
x dplyr::filter() masks stats::filter()
x dplyr::lag()    masks stats::lag()
i Use the conflicted package (<http://conflicted.r-lib.org/>) to force all conflicts to become errors

Please cite as: 

 Hlavac, Marek (2022). stargazer: Well-Formatted Regression and Summary Statistics Tables.
 R package version 5.2.3. https://CRAN.R-project.org/package=stargazer 

Version:  1.39.4
Date:     2024-07-23
Author:   Philip Leifeld (University of Manchester)

Consider submitting praise using the praise or praise_interactive functions.
Please cite the JSS article in your publications -- see citation("texreg").

Attaching package: 'texreg'

The following object is masked from 'package:tidyr':

    extract

[1] "Running the script now at time: "
[1] "2025-10-31 15:50:18 CET"
[1] "R working directory: "
[1] "G:/ali/talents"
[1] "##################################################"
[1] "Received these arguments from command line: "
[[1]]
[1] FALSE

$help
[1] FALSE

$opts
[1] NA

$input
[1] "G:/ali/talents/results/mdl_obj_third_continent_full_ctrls.RData"

$gender
[1] "third"

$region2use
[1] "continent"

$ext2use
[1] "doc"

$output
[1] "G:/ali/talents/results/tables/TABLE_6_third_continent_f_ctrls.doc"

[1] "Current R session Info: "
R version 4.5.1 (2025-06-13 ucrt)
Platform: x86_64-w64-mingw32/x64
Running under: Windows Server 2019 x64 (build 17763)

Matrix products: default
  LAPACK version 3.12.1

locale:
[1] LC_COLLATE=German_Germany.1252  LC_CTYPE=German_Germany.1252   
[3] LC_MONETARY=German_Germany.1252 LC_NUMERIC=C                   
[5] LC_TIME=German_Germany.1252    

time zone: Europe/Berlin
tzcode source: internal

attached base packages:
[1] stats     graphics  grDevices utils     datasets  methods   base     

other attached packages:
 [1] argparser_0.7.2 ggeffects_2.3.1 GGally_2.4.0    nnet_7.3-20    
 [5] texreg_1.39.4   stargazer_5.2.3 lubridate_1.9.4 forcats_1.0.0  
 [9] stringr_1.5.2   dplyr_1.1.4     purrr_1.1.0     readr_2.1.5    
[13] tidyr_1.3.1     tibble_3.3.0    ggplot2_4.0.0   tidyverse_2.0.0

loaded via a namespace (and not attached):
 [1] gtable_0.3.6       compiler_4.5.1     tidyselect_1.2.1   ggstats_0.10.0    
 [5] scales_1.4.0       R6_2.6.1           generics_0.1.4     insight_1.4.2     
 [9] pillar_1.11.0      RColorBrewer_1.1-3 tzdb_0.5.0         rlang_1.1.6       
[13] stringi_1.8.7      S7_0.2.0           timechange_0.3.0   cli_3.6.5         
[17] withr_3.0.2        magrittr_2.0.4     grid_4.5.1         hms_1.1.3         
[21] lifecycle_1.0.4    vctrs_0.6.5        glue_1.8.0         farver_2.1.2      
[25] httr_1.4.7         tools_4.5.1        pkgconfig_2.0.3   
[1] "Model objects loaded from: "
[1] "G:/ali/talents/results/mdl_obj_third_continent_full_ctrls.RData"
[1] "Objects in session (ls()): "
[1] "args"     "m0"       "m1"       "m2"       "m3"       "mprobit1" "p"       
[8] "talents" 

<table style="text-align:center"><tr><td colspan="16" style="border-bottom: 1px solid black"></td></tr><tr><td style="text-align:left"></td><td>Both</td><td>Internal</td><td>International</td><td>Both</td><td>Internal</td><td>International</td><td>Both</td><td>Internal</td><td>International</td><td>Both</td><td>Internal</td><td>International</td><td>Both</td><td>Internal</td><td>International</td></tr>
<tr><td style="text-align:left"></td><td colspan="3">NULL <br>Ref: NonMobile</td><td colspan="3">Talents/Oth. <br>Ref: NonMobile, Oth.</td><td colspan="3">Gender <br>Ref: NonMobile, Oth., Female</td><td colspan="3">Region <br>Ref: NonMobile, Oth., Africa</td><td colspan="3">Full Model <br>Ref: NonMobile, Oth., Female, Africa</td></tr>
<tr><td colspan="16" style="border-bottom: 1px solid black"></td></tr><tr><td style="text-align:left">Ref. category</td><td>-1.516</td><td>-0.556</td><td>-0.742</td><td>-4.315</td><td>-2.330</td><td>-2.025</td><td>-4.361</td><td>-2.357</td><td>-2.087</td><td>-5.222</td><td>-3.114</td><td>-1.411</td><td>-12.166</td><td>-1.901</td><td>-0.515</td></tr>
<tr><td style="text-align:left"></td><td>p = 0.000<sup>***</sup></td><td>p = 0.000<sup>***</sup></td><td>p = 0.000<sup>***</sup></td><td>p = 0.000<sup>***</sup></td><td>p = 0.000<sup>***</sup></td><td>p = 0.000<sup>***</sup></td><td>p = 0.000<sup>***</sup></td><td>p = 0.000<sup>***</sup></td><td>p = 0.000<sup>***</sup></td><td>p = 0.000<sup>***</sup></td><td>p = 0.000<sup>***</sup></td><td>p = 0.00000<sup>***</sup></td><td>p = 0.000<sup>***</sup></td><td>p = 0.006<sup>***</sup></td><td>p = 0.286</td></tr>
<tr><td style="text-align:left"></td><td></td><td></td><td></td><td></td><td></td><td></td><td></td><td></td><td></td><td></td><td></td><td></td><td></td><td></td><td></td></tr>
<tr><td style="text-align:left">Talents</td><td></td><td></td><td></td><td>0.238</td><td>0.096</td><td>0.134</td><td>-0.107</td><td>-0.039</td><td>-0.038</td><td>1.642</td><td>0.167</td><td>0.252</td><td>8.118</td><td>-24.266</td><td>-2.050</td></tr>
<tr><td style="text-align:left"></td><td></td><td></td><td></td><td>p = 0.00000<sup>***</sup></td><td>p = 0.002<sup>***</sup></td><td>p = 0.00003<sup>***</sup></td><td>p = 0.290</td><td>p = 0.563</td><td>p = 0.602</td><td>p = 0.026<sup>**</sup></td><td>p = 0.777</td><td>p = 0.530</td><td>p = 0.000<sup>***</sup></td><td>p = 0.000<sup>***</sup></td><td>p = 0.0002<sup>***</sup></td></tr>
<tr><td style="text-align:left"></td><td></td><td></td><td></td><td></td><td></td><td></td><td></td><td></td><td></td><td></td><td></td><td></td><td></td><td></td><td></td></tr>
<tr><td style="text-align:left">Male</td><td></td><td></td><td></td><td></td><td></td><td></td><td>0.064</td><td>0.044</td><td>0.108</td><td></td><td></td><td></td><td>6.651</td><td>-1.435</td><td>-1.153</td></tr>
<tr><td style="text-align:left"></td><td></td><td></td><td></td><td></td><td></td><td></td><td>p = 0.410</td><td>p = 0.400</td><td>p = 0.053<sup>*</sup></td><td></td><td></td><td></td><td>p = 0.000<sup>***</sup></td><td>p = 0.067<sup>*</sup></td><td>p = 0.027<sup>**</sup></td></tr>
<tr><td style="text-align:left"></td><td></td><td></td><td></td><td></td><td></td><td></td><td></td><td></td><td></td><td></td><td></td><td></td><td></td><td></td><td></td></tr>
<tr><td style="text-align:left">Unknown</td><td></td><td></td><td></td><td></td><td></td><td></td><td>-0.032</td><td>-0.027</td><td>-0.139</td><td></td><td></td><td></td><td>8.817</td><td>-15.270</td><td>-0.228</td></tr>
<tr><td style="text-align:left"></td><td></td><td></td><td></td><td></td><td></td><td></td><td>p = 0.790</td><td>p = 0.733</td><td>p = 0.119</td><td></td><td></td><td></td><td>p = 0.000<sup>***</sup></td><td>p = 0.000<sup>***</sup></td><td>p = 0.816</td></tr>
<tr><td style="text-align:left"></td><td></td><td></td><td></td><td></td><td></td><td></td><td></td><td></td><td></td><td></td><td></td><td></td><td></td><td></td><td></td></tr>
<tr><td style="text-align:left">Americas</td><td></td><td></td><td></td><td></td><td></td><td></td><td></td><td></td><td></td><td>1.270</td><td>0.308</td><td>0.057</td><td>7.641</td><td>-1.029</td><td>-1.138</td></tr>
<tr><td style="text-align:left"></td><td></td><td></td><td></td><td></td><td></td><td></td><td></td><td></td><td></td><td>p = 0.040<sup>**</sup></td><td>p = 0.414</td><td>p = 0.828</td><td>p = 0.000<sup>***</sup></td><td>p = 0.156</td><td>p = 0.026<sup>**</sup></td></tr>
<tr><td style="text-align:left"></td><td></td><td></td><td></td><td></td><td></td><td></td><td></td><td></td><td></td><td></td><td></td><td></td><td></td><td></td><td></td></tr>
<tr><td style="text-align:left">Asia</td><td></td><td></td><td></td><td></td><td></td><td></td><td></td><td></td><td></td><td>0.918</td><td>0.807</td><td>-0.515</td><td>8.085</td><td>-0.529</td><td>-1.482</td></tr>
<tr><td style="text-align:left"></td><td></td><td></td><td></td><td></td><td></td><td></td><td></td><td></td><td></td><td>p = 0.129</td><td>p = 0.025<sup>**</sup></td><td>p = 0.037<sup>**</sup></td><td>p = 0.000<sup>***</sup></td><td>p = 0.445</td><td>p = 0.003<sup>***</sup></td></tr>
<tr><td style="text-align:left"></td><td></td><td></td><td></td><td></td><td></td><td></td><td></td><td></td><td></td><td></td><td></td><td></td><td></td><td></td><td></td></tr>
<tr><td style="text-align:left">Brazil</td><td></td><td></td><td></td><td></td><td></td><td></td><td></td><td></td><td></td><td>0.407</td><td>0.931</td><td>-0.853</td><td>7.576</td><td>-0.642</td><td>-2.203</td></tr>
<tr><td style="text-align:left"></td><td></td><td></td><td></td><td></td><td></td><td></td><td></td><td></td><td></td><td>p = 0.544</td><td>p = 0.017<sup>**</sup></td><td>p = 0.006<sup>***</sup></td><td>p = 0.000<sup>***</sup></td><td>p = 0.391</td><td>p = 0.0004<sup>***</sup></td></tr>
<tr><td style="text-align:left"></td><td></td><td></td><td></td><td></td><td></td><td></td><td></td><td></td><td></td><td></td><td></td><td></td><td></td><td></td><td></td></tr>
<tr><td style="text-align:left">China</td><td></td><td></td><td></td><td></td><td></td><td></td><td></td><td></td><td></td><td>0.670</td><td>0.421</td><td>-1.075</td><td>7.591</td><td>-1.007</td><td>-2.277</td></tr>
<tr><td style="text-align:left"></td><td></td><td></td><td></td><td></td><td></td><td></td><td></td><td></td><td></td><td>p = 0.269</td><td>p = 0.242</td><td>p = 0.00002<sup>***</sup></td><td>p = 0.000<sup>***</sup></td><td>p = 0.148</td><td>p = 0.00001<sup>***</sup></td></tr>
<tr><td style="text-align:left"></td><td></td><td></td><td></td><td></td><td></td><td></td><td></td><td></td><td></td><td></td><td></td><td></td><td></td><td></td><td></td></tr>
<tr><td style="text-align:left">Europe</td><td></td><td></td><td></td><td></td><td></td><td></td><td></td><td></td><td></td><td>0.657</td><td>0.262</td><td>-0.524</td><td>7.505</td><td>-0.869</td><td>-1.487</td></tr>
<tr><td style="text-align:left"></td><td></td><td></td><td></td><td></td><td></td><td></td><td></td><td></td><td></td><td>p = 0.276</td><td>p = 0.463</td><td>p = 0.032<sup>**</sup></td><td>p = 0.000<sup>***</sup></td><td>p = 0.204</td><td>p = 0.002<sup>***</sup></td></tr>
<tr><td style="text-align:left"></td><td></td><td></td><td></td><td></td><td></td><td></td><td></td><td></td><td></td><td></td><td></td><td></td><td></td><td></td><td></td></tr>
<tr><td style="text-align:left">Oceania</td><td></td><td></td><td></td><td></td><td></td><td></td><td></td><td></td><td></td><td>1.866</td><td>0.701</td><td>0.086</td><td>8.333</td><td>-0.793</td><td>-1.344</td></tr>
<tr><td style="text-align:left"></td><td></td><td></td><td></td><td></td><td></td><td></td><td></td><td></td><td></td><td>p = 0.003<sup>***</sup></td><td>p = 0.069<sup>*</sup></td><td>p = 0.753</td><td>p = 0.000<sup>***</sup></td><td>p = 0.281</td><td>p = 0.012<sup>**</sup></td></tr>
<tr><td style="text-align:left"></td><td></td><td></td><td></td><td></td><td></td><td></td><td></td><td></td><td></td><td></td><td></td><td></td><td></td><td></td><td></td></tr>
<tr><td style="text-align:left">USA</td><td></td><td></td><td></td><td></td><td></td><td></td><td></td><td></td><td></td><td>1.222</td><td>1.496</td><td>-0.762</td><td>8.173</td><td>0.373</td><td>-1.571</td></tr>
<tr><td style="text-align:left"></td><td></td><td></td><td></td><td></td><td></td><td></td><td></td><td></td><td></td><td>p = 0.043<sup>**</sup></td><td>p = 0.00003<sup>***</sup></td><td>p = 0.003<sup>***</sup></td><td>p = 0.000<sup>***</sup></td><td>p = 0.587</td><td>p = 0.002<sup>***</sup></td></tr>
<tr><td style="text-align:left"></td><td></td><td></td><td></td><td></td><td></td><td></td><td></td><td></td><td></td><td></td><td></td><td></td><td></td><td></td><td></td></tr>
<tr><td style="text-align:left">South Africa</td><td></td><td></td><td></td><td></td><td></td><td></td><td></td><td></td><td></td><td>1.766</td><td>-0.114</td><td>-0.538</td><td>8.126</td><td>-1.195</td><td>-1.318</td></tr>
<tr><td style="text-align:left"></td><td></td><td></td><td></td><td></td><td></td><td></td><td></td><td></td><td></td><td>p = 0.024<sup>**</sup></td><td>p = 0.877</td><td>p = 0.330</td><td>p = 0.000<sup>***</sup></td><td>p = 0.358</td><td>p = 0.169</td></tr>
<tr><td style="text-align:left"></td><td></td><td></td><td></td><td></td><td></td><td></td><td></td><td></td><td></td><td></td><td></td><td></td><td></td><td></td><td></td></tr>
<tr><td style="text-align:left">Academic age</td><td></td><td></td><td></td><td>0.142</td><td>0.092</td><td>0.065</td><td>0.142</td><td>0.092</td><td>0.065</td><td>0.142</td><td>0.094</td><td>0.064</td><td>0.144</td><td>0.095</td><td>0.065</td></tr>
<tr><td style="text-align:left"></td><td></td><td></td><td></td><td>p = 0.000<sup>***</sup></td><td>p = 0.000<sup>***</sup></td><td>p = 0.000<sup>***</sup></td><td>p = 0.000<sup>***</sup></td><td>p = 0.000<sup>***</sup></td><td>p = 0.000<sup>***</sup></td><td>p = 0.000<sup>***</sup></td><td>p = 0.000<sup>***</sup></td><td>p = 0.000<sup>***</sup></td><td>p = 0.000<sup>***</sup></td><td>p = 0.000<sup>***</sup></td><td>p = 0.000<sup>***</sup></td></tr>
<tr><td style="text-align:left"></td><td></td><td></td><td></td><td></td><td></td><td></td><td></td><td></td><td></td><td></td><td></td><td></td><td></td><td></td><td></td></tr>
<tr><td style="text-align:left">Tal. x M.</td><td></td><td></td><td></td><td></td><td></td><td></td><td>0.431</td><td>0.198</td><td>0.210</td><td></td><td></td><td></td><td>-6.132</td><td>24.831</td><td>2.866</td></tr>
<tr><td style="text-align:left"></td><td></td><td></td><td></td><td></td><td></td><td></td><td>p = 0.0002<sup>***</sup></td><td>p = 0.010<sup>***</sup></td><td>p = 0.011<sup>**</sup></td><td></td><td></td><td></td><td>p = 0.000<sup>***</sup></td><td>p = 0.000<sup>***</sup></td><td>p = 0.00000<sup>***</sup></td></tr>
<tr><td style="text-align:left"></td><td></td><td></td><td></td><td></td><td></td><td></td><td></td><td></td><td></td><td></td><td></td><td></td><td></td><td></td><td></td></tr>
<tr><td style="text-align:left">Tal. x Unk.</td><td></td><td></td><td></td><td></td><td></td><td></td><td>0.311</td><td>-0.040</td><td>0.228</td><td></td><td></td><td></td><td>-8.160</td><td>38.962</td><td>-15.458</td></tr>
<tr><td style="text-align:left"></td><td></td><td></td><td></td><td></td><td></td><td></td><td>p = 0.060<sup>*</sup></td><td>p = 0.728</td><td>p = 0.064<sup>*</sup></td><td></td><td></td><td></td><td>p = 0.00000<sup>***</sup></td><td>p = 0.000<sup>***</sup></td><td>p = 0.000<sup>***</sup></td></tr>
<tr><td style="text-align:left"></td><td></td><td></td><td></td><td></td><td></td><td></td><td></td><td></td><td></td><td></td><td></td><td></td><td></td><td></td><td></td></tr>
<tr><td style="text-align:left">Tal. x Americas</td><td></td><td></td><td></td><td></td><td></td><td></td><td></td><td></td><td></td><td>-1.277</td><td>-0.060</td><td>-0.020</td><td>-8.231</td><td>23.956</td><td>2.116</td></tr>
<tr><td style="text-align:left"></td><td></td><td></td><td></td><td></td><td></td><td></td><td></td><td></td><td></td><td>p = 0.093<sup>*</sup></td><td>p = 0.923</td><td>p = 0.963</td><td>p = 0.000<sup>***</sup></td><td>p = 0.000<sup>***</sup></td><td>p = 0.0005<sup>***</sup></td></tr>
<tr><td style="text-align:left"></td><td></td><td></td><td></td><td></td><td></td><td></td><td></td><td></td><td></td><td></td><td></td><td></td><td></td><td></td><td></td></tr>
<tr><td style="text-align:left">Tal. x Asia</td><td></td><td></td><td></td><td></td><td></td><td></td><td></td><td></td><td></td><td>-1.640</td><td>-0.195</td><td>-0.401</td><td>-9.081</td><td>24.028</td><td>1.612</td></tr>
<tr><td style="text-align:left"></td><td></td><td></td><td></td><td></td><td></td><td></td><td></td><td></td><td></td><td>p = 0.027<sup>**</sup></td><td>p = 0.743</td><td>p = 0.326</td><td>p = 0.000<sup>***</sup></td><td>p = 0.000<sup>***</sup></td><td>p = 0.005<sup>***</sup></td></tr>
<tr><td style="text-align:left"></td><td></td><td></td><td></td><td></td><td></td><td></td><td></td><td></td><td></td><td></td><td></td><td></td><td></td><td></td><td></td></tr>
<tr><td style="text-align:left">Tal. x Brazil</td><td></td><td></td><td></td><td></td><td></td><td></td><td></td><td></td><td></td><td>-2.034</td><td>-0.838</td><td>-0.138</td><td>-9.098</td><td>23.779</td><td>2.501</td></tr>
<tr><td style="text-align:left"></td><td></td><td></td><td></td><td></td><td></td><td></td><td></td><td></td><td></td><td>p = 0.024<sup>**</sup></td><td>p = 0.198</td><td>p = 0.781</td><td>p = 0.000<sup>***</sup></td><td>p = 0.000<sup>***</sup></td><td>p = 0.002<sup>***</sup></td></tr>
<tr><td style="text-align:left"></td><td></td><td></td><td></td><td></td><td></td><td></td><td></td><td></td><td></td><td></td><td></td><td></td><td></td><td></td><td></td></tr>
<tr><td style="text-align:left">Tal. x China</td><td></td><td></td><td></td><td></td><td></td><td></td><td></td><td></td><td></td><td>-1.686</td><td>-0.471</td><td>-0.264</td><td>-8.661</td><td>24.001</td><td>2.050</td></tr>
<tr><td style="text-align:left"></td><td></td><td></td><td></td><td></td><td></td><td></td><td></td><td></td><td></td><td>p = 0.024<sup>**</sup></td><td>p = 0.428</td><td>p = 0.521</td><td>p = 0.000<sup>***</sup></td><td>p = 0.000<sup>***</sup></td><td>p = 0.0004<sup>***</sup></td></tr>
<tr><td style="text-align:left"></td><td></td><td></td><td></td><td></td><td></td><td></td><td></td><td></td><td></td><td></td><td></td><td></td><td></td><td></td><td></td></tr>
<tr><td style="text-align:left">Tal. x Europe</td><td></td><td></td><td></td><td></td><td></td><td></td><td></td><td></td><td></td><td>-1.285</td><td>-0.211</td><td>0.113</td><td>-8.137</td><td>23.875</td><td>2.241</td></tr>
<tr><td style="text-align:left"></td><td></td><td></td><td></td><td></td><td></td><td></td><td></td><td></td><td></td><td>p = 0.082<sup>*</sup></td><td>p = 0.722</td><td>p = 0.780</td><td>p = 0.000<sup>***</sup></td><td>p = 0.000<sup>***</sup></td><td>p = 0.00004<sup>***</sup></td></tr>
<tr><td style="text-align:left"></td><td></td><td></td><td></td><td></td><td></td><td></td><td></td><td></td><td></td><td></td><td></td><td></td><td></td><td></td><td></td></tr>
<tr><td style="text-align:left">Tal. x Oceania</td><td></td><td></td><td></td><td></td><td></td><td></td><td></td><td></td><td></td><td>-1.593</td><td>-0.143</td><td>-0.219</td><td>-8.032</td><td>24.577</td><td>2.238</td></tr>
<tr><td style="text-align:left"></td><td></td><td></td><td></td><td></td><td></td><td></td><td></td><td></td><td></td><td>p = 0.037<sup>**</sup></td><td>p = 0.819</td><td>p = 0.616</td><td>p = 0.000<sup>***</sup></td><td>p = 0.000<sup>***</sup></td><td>p = 0.0004<sup>***</sup></td></tr>
<tr><td style="text-align:left"></td><td></td><td></td><td></td><td></td><td></td><td></td><td></td><td></td><td></td><td></td><td></td><td></td><td></td><td></td><td></td></tr>
<tr><td style="text-align:left">Tal. x USA</td><td></td><td></td><td></td><td></td><td></td><td></td><td></td><td></td><td></td><td>-1.315</td><td>0.077</td><td>-0.259</td><td>-8.028</td><td>24.302</td><td>1.769</td></tr>
<tr><td style="text-align:left"></td><td></td><td></td><td></td><td></td><td></td><td></td><td></td><td></td><td></td><td>p = 0.076<sup>*</sup></td><td>p = 0.897</td><td>p = 0.527</td><td>p = 0.000<sup>***</sup></td><td>p = 0.000<sup>***</sup></td><td>p = 0.002<sup>***</sup></td></tr>
<tr><td style="text-align:left"></td><td></td><td></td><td></td><td></td><td></td><td></td><td></td><td></td><td></td><td></td><td></td><td></td><td></td><td></td><td></td></tr>
<tr><td style="text-align:left">Tal. x South Africa</td><td></td><td></td><td></td><td></td><td></td><td></td><td></td><td></td><td></td><td>-1.622</td><td>-0.551</td><td>0.658</td><td>-8.686</td><td>-23.679</td><td>1.942</td></tr>
<tr><td style="text-align:left"></td><td></td><td></td><td></td><td></td><td></td><td></td><td></td><td></td><td></td><td>p = 0.098<sup>*</sup></td><td>p = 0.607</td><td>p = 0.355</td><td>p = 0.00000<sup>***</sup></td><td>p = 0.000<sup>***</sup></td><td>p = 0.086<sup>*</sup></td></tr>
<tr><td style="text-align:left"></td><td></td><td></td><td></td><td></td><td></td><td></td><td></td><td></td><td></td><td></td><td></td><td></td><td></td><td></td><td></td></tr>
<tr><td style="text-align:left">M. x Americas</td><td></td><td></td><td></td><td></td><td></td><td></td><td></td><td></td><td></td><td></td><td></td><td></td><td>-5.963</td><td>1.581</td><td>1.530</td></tr>
<tr><td style="text-align:left"></td><td></td><td></td><td></td><td></td><td></td><td></td><td></td><td></td><td></td><td></td><td></td><td></td><td>p = 0.000<sup>***</sup></td><td>p = 0.058<sup>*</sup></td><td>p = 0.007<sup>***</sup></td></tr>
<tr><td style="text-align:left"></td><td></td><td></td><td></td><td></td><td></td><td></td><td></td><td></td><td></td><td></td><td></td><td></td><td></td><td></td><td></td></tr>
<tr><td style="text-align:left">Unk. x Americas</td><td></td><td></td><td></td><td></td><td></td><td></td><td></td><td></td><td></td><td></td><td></td><td></td><td>-8.043</td><td>15.555</td><td>0.575</td></tr>
<tr><td style="text-align:left"></td><td></td><td></td><td></td><td></td><td></td><td></td><td></td><td></td><td></td><td></td><td></td><td></td><td>p = 0.000<sup>***</sup></td><td>p = 0.000<sup>***</sup></td><td>p = 0.590</td></tr>
<tr><td style="text-align:left"></td><td></td><td></td><td></td><td></td><td></td><td></td><td></td><td></td><td></td><td></td><td></td><td></td><td></td><td></td><td></td></tr>
<tr><td style="text-align:left">M. x Asia</td><td></td><td></td><td></td><td></td><td></td><td></td><td></td><td></td><td></td><td></td><td></td><td></td><td>-6.916</td><td>1.606</td><td>1.244</td></tr>
<tr><td style="text-align:left"></td><td></td><td></td><td></td><td></td><td></td><td></td><td></td><td></td><td></td><td></td><td></td><td></td><td>p = 0.000<sup>***</sup></td><td>p = 0.044<sup>**</sup></td><td>p = 0.022<sup>**</sup></td></tr>
<tr><td style="text-align:left"></td><td></td><td></td><td></td><td></td><td></td><td></td><td></td><td></td><td></td><td></td><td></td><td></td><td></td><td></td><td></td></tr>
<tr><td style="text-align:left">Unk. x Asia</td><td></td><td></td><td></td><td></td><td></td><td></td><td></td><td></td><td></td><td></td><td></td><td></td><td>-9.242</td><td>15.184</td><td>0.161</td></tr>
<tr><td style="text-align:left"></td><td></td><td></td><td></td><td></td><td></td><td></td><td></td><td></td><td></td><td></td><td></td><td></td><td>p = 0.000<sup>***</sup></td><td>p = 0.000<sup>***</sup></td><td>p = 0.872</td></tr>
<tr><td style="text-align:left"></td><td></td><td></td><td></td><td></td><td></td><td></td><td></td><td></td><td></td><td></td><td></td><td></td><td></td><td></td><td></td></tr>
<tr><td style="text-align:left">M. x Brazil</td><td></td><td></td><td></td><td></td><td></td><td></td><td></td><td></td><td></td><td></td><td></td><td></td><td>-6.958</td><td>1.789</td><td>1.777</td></tr>
<tr><td style="text-align:left"></td><td></td><td></td><td></td><td></td><td></td><td></td><td></td><td></td><td></td><td></td><td></td><td></td><td>p = 0.000<sup>***</sup></td><td>p = 0.038<sup>**</sup></td><td>p = 0.010<sup>***</sup></td></tr>
<tr><td style="text-align:left"></td><td></td><td></td><td></td><td></td><td></td><td></td><td></td><td></td><td></td><td></td><td></td><td></td><td></td><td></td><td></td></tr>
<tr><td style="text-align:left">Unk. x Brazil</td><td></td><td></td><td></td><td></td><td></td><td></td><td></td><td></td><td></td><td></td><td></td><td></td><td>-34.360</td><td>16.589</td><td>-0.021</td></tr>
<tr><td style="text-align:left"></td><td></td><td></td><td></td><td></td><td></td><td></td><td></td><td></td><td></td><td></td><td></td><td></td><td>p = 0.000<sup>***</sup></td><td>p = 0.000<sup>***</sup></td><td>p = 0.990</td></tr>
<tr><td style="text-align:left"></td><td></td><td></td><td></td><td></td><td></td><td></td><td></td><td></td><td></td><td></td><td></td><td></td><td></td><td></td><td></td></tr>
<tr><td style="text-align:left">M. x China</td><td></td><td></td><td></td><td></td><td></td><td></td><td></td><td></td><td></td><td></td><td></td><td></td><td>-6.512</td><td>1.703</td><td>1.625</td></tr>
<tr><td style="text-align:left"></td><td></td><td></td><td></td><td></td><td></td><td></td><td></td><td></td><td></td><td></td><td></td><td></td><td>p = 0.000<sup>***</sup></td><td>p = 0.033<sup>**</sup></td><td>p = 0.004<sup>***</sup></td></tr>
<tr><td style="text-align:left"></td><td></td><td></td><td></td><td></td><td></td><td></td><td></td><td></td><td></td><td></td><td></td><td></td><td></td><td></td><td></td></tr>
<tr><td style="text-align:left">Unk. x China</td><td></td><td></td><td></td><td></td><td></td><td></td><td></td><td></td><td></td><td></td><td></td><td></td><td>-9.268</td><td>15.470</td><td>0.191</td></tr>
<tr><td style="text-align:left"></td><td></td><td></td><td></td><td></td><td></td><td></td><td></td><td></td><td></td><td></td><td></td><td></td><td>p = 0.000<sup>***</sup></td><td>p = 0.000<sup>***</sup></td><td>p = 0.850</td></tr>
<tr><td style="text-align:left"></td><td></td><td></td><td></td><td></td><td></td><td></td><td></td><td></td><td></td><td></td><td></td><td></td><td></td><td></td><td></td></tr>
<tr><td style="text-align:left">M. x Europe</td><td></td><td></td><td></td><td></td><td></td><td></td><td></td><td></td><td></td><td></td><td></td><td></td><td>-6.568</td><td>1.302</td><td>1.210</td></tr>
<tr><td style="text-align:left"></td><td></td><td></td><td></td><td></td><td></td><td></td><td></td><td></td><td></td><td></td><td></td><td></td><td>p = 0.000<sup>***</sup></td><td>p = 0.098<sup>*</sup></td><td>p = 0.022<sup>**</sup></td></tr>
<tr><td style="text-align:left"></td><td></td><td></td><td></td><td></td><td></td><td></td><td></td><td></td><td></td><td></td><td></td><td></td><td></td><td></td><td></td></tr>
<tr><td style="text-align:left">Unk. x Europe</td><td></td><td></td><td></td><td></td><td></td><td></td><td></td><td></td><td></td><td></td><td></td><td></td><td>-8.483</td><td>15.294</td><td>0.544</td></tr>
<tr><td style="text-align:left"></td><td></td><td></td><td></td><td></td><td></td><td></td><td></td><td></td><td></td><td></td><td></td><td></td><td>p = 0.000<sup>***</sup></td><td>p = 0.000<sup>***</sup></td><td>p = 0.585</td></tr>
<tr><td style="text-align:left"></td><td></td><td></td><td></td><td></td><td></td><td></td><td></td><td></td><td></td><td></td><td></td><td></td><td></td><td></td><td></td></tr>
<tr><td style="text-align:left">M. x Oceania</td><td></td><td></td><td></td><td></td><td></td><td></td><td></td><td></td><td></td><td></td><td></td><td></td><td>-5.999</td><td>1.804</td><td>1.865</td></tr>
<tr><td style="text-align:left"></td><td></td><td></td><td></td><td></td><td></td><td></td><td></td><td></td><td></td><td></td><td></td><td></td><td>p = 0.000<sup>***</sup></td><td>p = 0.034<sup>**</sup></td><td>p = 0.002<sup>***</sup></td></tr>
<tr><td style="text-align:left"></td><td></td><td></td><td></td><td></td><td></td><td></td><td></td><td></td><td></td><td></td><td></td><td></td><td></td><td></td><td></td></tr>
<tr><td style="text-align:left">Unk. x Oceania</td><td></td><td></td><td></td><td></td><td></td><td></td><td></td><td></td><td></td><td></td><td></td><td></td><td>-8.597</td><td>15.792</td><td>0.816</td></tr>
<tr><td style="text-align:left"></td><td></td><td></td><td></td><td></td><td></td><td></td><td></td><td></td><td></td><td></td><td></td><td></td><td>p = 0.000<sup>***</sup></td><td>p = 0.000<sup>***</sup></td><td>p = 0.472</td></tr>
<tr><td style="text-align:left"></td><td></td><td></td><td></td><td></td><td></td><td></td><td></td><td></td><td></td><td></td><td></td><td></td><td></td><td></td><td></td></tr>
<tr><td style="text-align:left">M. x USA</td><td></td><td></td><td></td><td></td><td></td><td></td><td></td><td></td><td></td><td></td><td></td><td></td><td>-6.737</td><td>1.330</td><td>1.039</td></tr>
<tr><td style="text-align:left"></td><td></td><td></td><td></td><td></td><td></td><td></td><td></td><td></td><td></td><td></td><td></td><td></td><td>p = 0.000<sup>***</sup></td><td>p = 0.092<sup>*</sup></td><td>p = 0.054<sup>*</sup></td></tr>
<tr><td style="text-align:left"></td><td></td><td></td><td></td><td></td><td></td><td></td><td></td><td></td><td></td><td></td><td></td><td></td><td></td><td></td><td></td></tr>
<tr><td style="text-align:left">Unk. x USA</td><td></td><td></td><td></td><td></td><td></td><td></td><td></td><td></td><td></td><td></td><td></td><td></td><td>-8.562</td><td>14.994</td><td>0.003</td></tr>
<tr><td style="text-align:left"></td><td></td><td></td><td></td><td></td><td></td><td></td><td></td><td></td><td></td><td></td><td></td><td></td><td>p = 0.000<sup>***</sup></td><td>p = 0.000<sup>***</sup></td><td>p = 0.998</td></tr>
<tr><td style="text-align:left"></td><td></td><td></td><td></td><td></td><td></td><td></td><td></td><td></td><td></td><td></td><td></td><td></td><td></td><td></td><td></td></tr>
<tr><td style="text-align:left">M. x SouthAfrica</td><td></td><td></td><td></td><td></td><td></td><td></td><td></td><td></td><td></td><td></td><td></td><td></td><td>-5.818</td><td>1.350</td><td>1.081</td></tr>
<tr><td style="text-align:left"></td><td></td><td></td><td></td><td></td><td></td><td></td><td></td><td></td><td></td><td></td><td></td><td></td><td>p = 0.0001<sup>***</sup></td><td>p = 0.389</td><td>p = 0.346</td></tr>
<tr><td style="text-align:left"></td><td></td><td></td><td></td><td></td><td></td><td></td><td></td><td></td><td></td><td></td><td></td><td></td><td></td><td></td><td></td></tr>
<tr><td style="text-align:left">Unk. x SouthAfrica</td><td></td><td></td><td></td><td></td><td></td><td></td><td></td><td></td><td></td><td></td><td></td><td></td><td>-35.772</td><td>-15.662</td><td>-23.897</td></tr>
<tr><td style="text-align:left"></td><td></td><td></td><td></td><td></td><td></td><td></td><td></td><td></td><td></td><td></td><td></td><td></td><td>p = 0.000<sup>***</sup></td><td>p = 0.000<sup>***</sup></td><td>p = 0.000<sup>***</sup></td></tr>
<tr><td style="text-align:left"></td><td></td><td></td><td></td><td></td><td></td><td></td><td></td><td></td><td></td><td></td><td></td><td></td><td></td><td></td><td></td></tr>
<tr><td style="text-align:left">Tal. x M. x Americas</td><td></td><td></td><td></td><td></td><td></td><td></td><td></td><td></td><td></td><td></td><td></td><td></td><td>6.692</td><td>-24.198</td><td>-2.585</td></tr>
<tr><td style="text-align:left"></td><td></td><td></td><td></td><td></td><td></td><td></td><td></td><td></td><td></td><td></td><td></td><td></td><td>p = 0.000<sup>***</sup></td><td>p = 0.000<sup>***</sup></td><td>p = 0.0001<sup>***</sup></td></tr>
<tr><td style="text-align:left"></td><td></td><td></td><td></td><td></td><td></td><td></td><td></td><td></td><td></td><td></td><td></td><td></td><td></td><td></td><td></td></tr>
<tr><td style="text-align:left">Tal. x Unk. x Americas</td><td></td><td></td><td></td><td></td><td></td><td></td><td></td><td></td><td></td><td></td><td></td><td></td><td>8.605</td><td>-39.401</td><td>15.135</td></tr>
<tr><td style="text-align:left"></td><td></td><td></td><td></td><td></td><td></td><td></td><td></td><td></td><td></td><td></td><td></td><td></td><td>p = 0.00000<sup>***</sup></td><td>p = 0.000<sup>***</sup></td><td>p = 0.000<sup>***</sup></td></tr>
<tr><td style="text-align:left"></td><td></td><td></td><td></td><td></td><td></td><td></td><td></td><td></td><td></td><td></td><td></td><td></td><td></td><td></td><td></td></tr>
<tr><td style="text-align:left">Tal. x M. x Asia</td><td></td><td></td><td></td><td></td><td></td><td></td><td></td><td></td><td></td><td></td><td></td><td></td><td>7.295</td><td>-24.536</td><td>-2.512</td></tr>
<tr><td style="text-align:left"></td><td></td><td></td><td></td><td></td><td></td><td></td><td></td><td></td><td></td><td></td><td></td><td></td><td>p = 0.000<sup>***</sup></td><td>p = 0.000<sup>***</sup></td><td>p = 0.00003<sup>***</sup></td></tr>
<tr><td style="text-align:left"></td><td></td><td></td><td></td><td></td><td></td><td></td><td></td><td></td><td></td><td></td><td></td><td></td><td></td><td></td><td></td></tr>
<tr><td style="text-align:left">Tal. x Unk. x Asia</td><td></td><td></td><td></td><td></td><td></td><td></td><td></td><td></td><td></td><td></td><td></td><td></td><td>8.966</td><td>-38.943</td><td>15.736</td></tr>
<tr><td style="text-align:left"></td><td></td><td></td><td></td><td></td><td></td><td></td><td></td><td></td><td></td><td></td><td></td><td></td><td>p = 0.000<sup>***</sup></td><td>p = 0.000<sup>***</sup></td><td>p = 0.000<sup>***</sup></td></tr>
<tr><td style="text-align:left"></td><td></td><td></td><td></td><td></td><td></td><td></td><td></td><td></td><td></td><td></td><td></td><td></td><td></td><td></td><td></td></tr>
<tr><td style="text-align:left">Tal. x M. x Brazil</td><td></td><td></td><td></td><td></td><td></td><td></td><td></td><td></td><td></td><td></td><td></td><td></td><td>6.944</td><td>-24.940</td><td>-3.422</td></tr>
<tr><td style="text-align:left"></td><td></td><td></td><td></td><td></td><td></td><td></td><td></td><td></td><td></td><td></td><td></td><td></td><td>p = 0.00001<sup>***</sup></td><td>p = 0.000<sup>***</sup></td><td>p = 0.0001<sup>***</sup></td></tr>
<tr><td style="text-align:left"></td><td></td><td></td><td></td><td></td><td></td><td></td><td></td><td></td><td></td><td></td><td></td><td></td><td></td><td></td><td></td></tr>
<tr><td style="text-align:left">Tal. x Unk. x Brazil</td><td></td><td></td><td></td><td></td><td></td><td></td><td></td><td></td><td></td><td></td><td></td><td></td><td>-6.417</td><td>-40.499</td><td>16.423</td></tr>
<tr><td style="text-align:left"></td><td></td><td></td><td></td><td></td><td></td><td></td><td></td><td></td><td></td><td></td><td></td><td></td><td>p = 0.000<sup>***</sup></td><td>p = 0.000<sup>***</sup></td><td>p = 0.000<sup>***</sup></td></tr>
<tr><td style="text-align:left"></td><td></td><td></td><td></td><td></td><td></td><td></td><td></td><td></td><td></td><td></td><td></td><td></td><td></td><td></td><td></td></tr>
<tr><td style="text-align:left">Tal. x M. x China</td><td></td><td></td><td></td><td></td><td></td><td></td><td></td><td></td><td></td><td></td><td></td><td></td><td>6.539</td><td>-24.891</td><td>-2.960</td></tr>
<tr><td style="text-align:left"></td><td></td><td></td><td></td><td></td><td></td><td></td><td></td><td></td><td></td><td></td><td></td><td></td><td>p = 0.000<sup>***</sup></td><td>p = 0.000<sup>***</sup></td><td>p = 0.00000<sup>***</sup></td></tr>
<tr><td style="text-align:left"></td><td></td><td></td><td></td><td></td><td></td><td></td><td></td><td></td><td></td><td></td><td></td><td></td><td></td><td></td><td></td></tr>
<tr><td style="text-align:left">Tal. x Unk. x China</td><td></td><td></td><td></td><td></td><td></td><td></td><td></td><td></td><td></td><td></td><td></td><td></td><td>9.294</td><td>-38.977</td><td>15.701</td></tr>
<tr><td style="text-align:left"></td><td></td><td></td><td></td><td></td><td></td><td></td><td></td><td></td><td></td><td></td><td></td><td></td><td>p = 0.000<sup>***</sup></td><td>p = 0.000<sup>***</sup></td><td>p = 0.000<sup>***</sup></td></tr>
<tr><td style="text-align:left"></td><td></td><td></td><td></td><td></td><td></td><td></td><td></td><td></td><td></td><td></td><td></td><td></td><td></td><td></td><td></td></tr>
<tr><td style="text-align:left">Tal. x M. x Europe</td><td></td><td></td><td></td><td></td><td></td><td></td><td></td><td></td><td></td><td></td><td></td><td></td><td>6.614</td><td>-24.369</td><td>-2.648</td></tr>
<tr><td style="text-align:left"></td><td></td><td></td><td></td><td></td><td></td><td></td><td></td><td></td><td></td><td></td><td></td><td></td><td>p = 0.000<sup>***</sup></td><td>p = 0.000<sup>***</sup></td><td>p = 0.00001<sup>***</sup></td></tr>
<tr><td style="text-align:left"></td><td></td><td></td><td></td><td></td><td></td><td></td><td></td><td></td><td></td><td></td><td></td><td></td><td></td><td></td><td></td></tr>
<tr><td style="text-align:left">Tal. x Unk. x Europe</td><td></td><td></td><td></td><td></td><td></td><td></td><td></td><td></td><td></td><td></td><td></td><td></td><td>8.116</td><td>-38.788</td><td>15.475</td></tr>
<tr><td style="text-align:left"></td><td></td><td></td><td></td><td></td><td></td><td></td><td></td><td></td><td></td><td></td><td></td><td></td><td>p = 0.00000<sup>***</sup></td><td>p = 0.000<sup>***</sup></td><td>p = 0.000<sup>***</sup></td></tr>
<tr><td style="text-align:left"></td><td></td><td></td><td></td><td></td><td></td><td></td><td></td><td></td><td></td><td></td><td></td><td></td><td></td><td></td><td></td></tr>
<tr><td style="text-align:left">Tal. x M. x Oceania</td><td></td><td></td><td></td><td></td><td></td><td></td><td></td><td></td><td></td><td></td><td></td><td></td><td>5.969</td><td>-25.272</td><td>-3.124</td></tr>
<tr><td style="text-align:left"></td><td></td><td></td><td></td><td></td><td></td><td></td><td></td><td></td><td></td><td></td><td></td><td></td><td>p = 0.000<sup>***</sup></td><td>p = 0.000<sup>***</sup></td><td>p = 0.00001<sup>***</sup></td></tr>
<tr><td style="text-align:left"></td><td></td><td></td><td></td><td></td><td></td><td></td><td></td><td></td><td></td><td></td><td></td><td></td><td></td><td></td><td></td></tr>
<tr><td style="text-align:left">Tal. x Unk. x Oceania</td><td></td><td></td><td></td><td></td><td></td><td></td><td></td><td></td><td></td><td></td><td></td><td></td><td>9.086</td><td>-38.960</td><td>15.640</td></tr>
<tr><td style="text-align:left"></td><td></td><td></td><td></td><td></td><td></td><td></td><td></td><td></td><td></td><td></td><td></td><td></td><td>p = 0.00000<sup>***</sup></td><td>p = 0.000<sup>***</sup></td><td>p = 0.000<sup>***</sup></td></tr>
<tr><td style="text-align:left"></td><td></td><td></td><td></td><td></td><td></td><td></td><td></td><td></td><td></td><td></td><td></td><td></td><td></td><td></td><td></td></tr>
<tr><td style="text-align:left">Tal. x M. x USA</td><td></td><td></td><td></td><td></td><td></td><td></td><td></td><td></td><td></td><td></td><td></td><td></td><td>6.480</td><td>-24.562</td><td>-2.548</td></tr>
<tr><td style="text-align:left"></td><td></td><td></td><td></td><td></td><td></td><td></td><td></td><td></td><td></td><td></td><td></td><td></td><td>p = 0.000<sup>***</sup></td><td>p = 0.000<sup>***</sup></td><td>p = 0.00002<sup>***</sup></td></tr>
<tr><td style="text-align:left"></td><td></td><td></td><td></td><td></td><td></td><td></td><td></td><td></td><td></td><td></td><td></td><td></td><td></td><td></td><td></td></tr>
<tr><td style="text-align:left">Tal. x Unk. x USA</td><td></td><td></td><td></td><td></td><td></td><td></td><td></td><td></td><td></td><td></td><td></td><td></td><td>8.121</td><td>-38.746</td><td>15.988</td></tr>
<tr><td style="text-align:left"></td><td></td><td></td><td></td><td></td><td></td><td></td><td></td><td></td><td></td><td></td><td></td><td></td><td>p = 0.00000<sup>***</sup></td><td>p = 0.000<sup>***</sup></td><td>p = 0.000<sup>***</sup></td></tr>
<tr><td style="text-align:left"></td><td></td><td></td><td></td><td></td><td></td><td></td><td></td><td></td><td></td><td></td><td></td><td></td><td></td><td></td><td></td></tr>
<tr><td style="text-align:left">Tal. x M. x SouthAfrica</td><td></td><td></td><td></td><td></td><td></td><td></td><td></td><td></td><td></td><td></td><td></td><td></td><td>6.770</td><td>23.243</td><td>-1.541</td></tr>
<tr><td style="text-align:left"></td><td></td><td></td><td></td><td></td><td></td><td></td><td></td><td></td><td></td><td></td><td></td><td></td><td>p = 0.0004<sup>***</sup></td><td>p = 0.000<sup>***</sup></td><td>p = 0.242</td></tr>
<tr><td style="text-align:left"></td><td></td><td></td><td></td><td></td><td></td><td></td><td></td><td></td><td></td><td></td><td></td><td></td><td></td><td></td><td></td></tr>
<tr><td style="text-align:left">Tal. x Unk. x SouthAfrica</td><td></td><td></td><td></td><td></td><td></td><td></td><td></td><td></td><td></td><td></td><td></td><td></td><td>36.336</td><td>-3.632</td><td>39.622</td></tr>
<tr><td style="text-align:left"></td><td></td><td></td><td></td><td></td><td></td><td></td><td></td><td></td><td></td><td></td><td></td><td></td><td>p = 0.000<sup>***</sup></td><td>p = 0.000<sup>***</sup></td><td>p = 0.000<sup>***</sup></td></tr>
<tr><td style="text-align:left"></td><td></td><td></td><td></td><td></td><td></td><td></td><td></td><td></td><td></td><td></td><td></td><td></td><td></td><td></td><td></td></tr>
<tr><td colspan="16" style="border-bottom: 1px solid black"></td></tr><tr><td style="text-align:left">Akaike Inf. Crit.</td><td>71,722.410</td><td>71,722.410</td><td>71,722.410</td><td>71,158.440</td><td>71,158.440</td><td>71,158.440</td><td>71,097.470</td><td>71,097.470</td><td>71,097.470</td><td>68,623.680</td><td>68,623.680</td><td>68,623.680</td><td>68,644.300</td><td>68,644.300</td><td>68,644.300</td></tr>
<tr><td colspan="16" style="border-bottom: 1px solid black"></td></tr><tr><td style="text-align:left"><em>Note:</em></td><td colspan="15" style="text-align:right"><sup>*</sup>p<0.1; <sup>**</sup>p<0.05; <sup>***</sup>p<0.01</td></tr>
</table>
[1] "Stat model results: \n"

===============================================================================================================================================
                                                                      Model 1        Model 2        Model 3        Model 4        Model 5      
-----------------------------------------------------------------------------------------------------------------------------------------------
Both: (Intercept)                                                         -1.52 ***      -4.31 ***      -4.36 ***      -5.22 ***     -12.17 ***
                                                                          (0.02)         (0.17)         (0.18)         (0.62)         (0.74)   
Internal: (Intercept)                                                     -0.56 ***      -2.33 ***      -2.36 ***      -3.11 ***      -1.90 ** 
                                                                          (0.01)         (0.11)         (0.11)         (0.37)         (0.69)   
International: (Intercept)                                                -0.74 ***      -2.02 ***      -2.09 ***      -1.41 ***      -0.52    
                                                                          (0.02)         (0.11)         (0.12)         (0.26)         (0.48)   
Both: ctrl_obs_2catTalents                                                                0.24 ***      -0.11           1.64 *         8.12 ***
                                                                                         (0.04)         (0.10)         (0.73)         (0.75)   
Both: acadmic_age                                                                         0.14 ***       0.14 ***       0.14 ***       0.14 ***
                                                                                         (0.01)         (0.01)         (0.01)         (0.01)   
Internal: ctrl_obs_2catTalents                                                            0.10 **       -0.04           0.17         -24.27 ***
                                                                                         (0.03)         (0.07)         (0.59)         (0.41)   
Internal: acadmic_age                                                                     0.09 ***       0.09 ***       0.09 ***       0.09 ***
                                                                                         (0.01)         (0.01)         (0.01)         (0.01)   
International: ctrl_obs_2catTalents                                                       0.13 ***      -0.04           0.25          -2.05 ***
                                                                                         (0.03)         (0.07)         (0.40)         (0.54)   
International: acadmic_age                                                                0.07 ***       0.07 ***       0.06 ***       0.06 ***
                                                                                         (0.01)         (0.01)         (0.01)         (0.01)   
Both: genderMale                                                                                         0.06                          6.65 ***
                                                                                                        (0.08)                        (0.82)   
Both: genderUnknown                                                                                     -0.03                          8.82 ***
                                                                                                        (0.12)                        (1.12)   
Both: ctrl_obs_2catTalents:genderMale                                                                    0.43 ***                     -6.13 ***
                                                                                                        (0.11)                        (0.93)   
Both: ctrl_obs_2catTalents:genderUnknown                                                                 0.31                         -8.16 ***
                                                                                                        (0.17)                        (1.50)   
Internal: genderMale                                                                                     0.04                         -1.43    
                                                                                                        (0.05)                        (0.78)   
Internal: genderUnknown                                                                                 -0.03                        -15.27 ***
                                                                                                        (0.08)                        (0.59)   
Internal: ctrl_obs_2catTalents:genderMale                                                                0.20 **                      24.83 ***
                                                                                                        (0.08)                        (0.50)   
Internal: ctrl_obs_2catTalents:genderUnknown                                                            -0.04                         38.96 ***
                                                                                                        (0.11)                        (0.60)   
International: genderMale                                                                                0.11                         -1.15 *  
                                                                                                        (0.06)                        (0.52)   
International: genderUnknown                                                                            -0.14                         -0.23    
                                                                                                        (0.09)                        (0.98)   
International: ctrl_obs_2catTalents:genderMale                                                           0.21 *                        2.87 ***
                                                                                                        (0.08)                        (0.55)   
International: ctrl_obs_2catTalents:genderUnknown                                                        0.23                        -15.46 ***
                                                                                                        (0.12)                        (0.24)   
Both: region2useAmericas                                                                                                1.27 *         7.64 ***
                                                                                                                       (0.62)         (0.78)   
Both: region2useAsia                                                                                                    0.92           8.09 ***
                                                                                                                       (0.60)         (0.74)   
Both: region2useBRA                                                                                                     0.41           7.58 ***
                                                                                                                       (0.67)         (0.85)   
Both: region2useCHN                                                                                                     0.67           7.59 ***
                                                                                                                       (0.61)         (0.75)   
Both: region2useEurope                                                                                                  0.66           7.50 ***
                                                                                                                       (0.60)         (0.73)   
Both: region2useOceania                                                                                                 1.87 **        8.33 ***
                                                                                                                       (0.62)         (0.77)   
Both: region2useUSA                                                                                                     1.22 *         8.17 ***
                                                                                                                       (0.60)         (0.74)   
Both: region2useZAF                                                                                                     1.77 *         8.13 ***
                                                                                                                       (0.78)         (1.27)   
Both: ctrl_obs_2catTalents:region2useAmericas                                                                          -1.28          -8.23 ***
                                                                                                                       (0.76)         (0.89)   
Both: ctrl_obs_2catTalents:region2useAsia                                                                              -1.64 *        -9.08 ***
                                                                                                                       (0.74)         (0.80)   
Both: ctrl_obs_2catTalents:region2useBRA                                                                               -2.03 *        -9.10 ***
                                                                                                                       (0.90)         (1.31)   
Both: ctrl_obs_2catTalents:region2useCHN                                                                               -1.69 *        -8.66 ***
                                                                                                                       (0.74)         (0.80)   
Both: ctrl_obs_2catTalents:region2useEurope                                                                            -1.28          -8.14 ***
                                                                                                                       (0.74)         (0.76)   
Both: ctrl_obs_2catTalents:region2useOceania                                                                           -1.59 *        -8.03 ***
                                                                                                                       (0.76)         (0.84)   
Both: ctrl_obs_2catTalents:region2useUSA                                                                               -1.31          -8.03 ***
                                                                                                                       (0.74)         (0.77)   
Both: ctrl_obs_2catTalents:region2useZAF                                                                               -1.62          -8.69 ***
                                                                                                                       (0.98)         (1.65)   
Internal: region2useAmericas                                                                                            0.31          -1.03    
                                                                                                                       (0.38)         (0.72)   
Internal: region2useAsia                                                                                                0.81 *        -0.53    
                                                                                                                       (0.36)         (0.69)   
Internal: region2useBRA                                                                                                 0.93 *        -0.64    
                                                                                                                       (0.39)         (0.75)   
Internal: region2useCHN                                                                                                 0.42          -1.01    
                                                                                                                       (0.36)         (0.70)   
Internal: region2useEurope                                                                                              0.26          -0.87    
                                                                                                                       (0.36)         (0.68)   
Internal: region2useOceania                                                                                             0.70          -0.79    
                                                                                                                       (0.39)         (0.73)   
Internal: region2useUSA                                                                                                 1.50 ***       0.37    
                                                                                                                       (0.36)         (0.69)   
Internal: region2useZAF                                                                                                -0.11          -1.19    
                                                                                                                       (0.74)         (1.30)   
Internal: ctrl_obs_2catTalents:region2useAmericas                                                                      -0.06          23.96 ***
                                                                                                                       (0.62)         (0.55)   
Internal: ctrl_obs_2catTalents:region2useAsia                                                                          -0.19          24.03 ***
                                                                                                                       (0.59)         (0.44)   
Internal: ctrl_obs_2catTalents:region2useBRA                                                                           -0.84          23.78 ***
                                                                                                                       (0.65)         (0.66)   
Internal: ctrl_obs_2catTalents:region2useCHN                                                                           -0.47          24.00 ***
                                                                                                                       (0.59)         (0.45)   
Internal: ctrl_obs_2catTalents:region2useEurope                                                                        -0.21          23.87 ***
                                                                                                                       (0.59)         (0.42)   
Internal: ctrl_obs_2catTalents:region2useOceania                                                                       -0.14          24.58 ***
                                                                                                                       (0.62)         (0.53)   
Internal: ctrl_obs_2catTalents:region2useUSA                                                                            0.08          24.30 ***
                                                                                                                       (0.59)         (0.42)   
Internal: ctrl_obs_2catTalents:region2useZAF                                                                           -0.55         -23.68 ***
                                                                                                                       (1.07)         (0.61)   
International: region2useAmericas                                                                                       0.06          -1.14 *  
                                                                                                                       (0.26)         (0.51)   
International: region2useAsia                                                                                          -0.51 *        -1.48 ** 
                                                                                                                       (0.25)         (0.49)   
International: region2useBRA                                                                                           -0.85 **       -2.20 ***
                                                                                                                       (0.31)         (0.62)   
International: region2useCHN                                                                                           -1.07 ***      -2.28 ***
                                                                                                                       (0.25)         (0.50)   
International: region2useEurope                                                                                        -0.52 *        -1.49 ** 
                                                                                                                       (0.24)         (0.48)   
International: region2useOceania                                                                                        0.09          -1.34 *  
                                                                                                                       (0.27)         (0.53)   
International: region2useUSA                                                                                           -0.76 **       -1.57 ** 
                                                                                                                       (0.25)         (0.49)   
International: region2useZAF                                                                                           -0.54          -1.32    
                                                                                                                       (0.55)         (0.96)   
International: ctrl_obs_2catTalents:region2useAmericas                                                                 -0.02           2.12 ***
                                                                                                                       (0.43)         (0.60)   
International: ctrl_obs_2catTalents:region2useAsia                                                                     -0.40           1.61 ** 
                                                                                                                       (0.41)         (0.57)   
International: ctrl_obs_2catTalents:region2useBRA                                                                      -0.14           2.50 ** 
                                                                                                                       (0.50)         (0.78)   
International: ctrl_obs_2catTalents:region2useCHN                                                                      -0.26           2.05 ***
                                                                                                                       (0.41)         (0.58)   
International: ctrl_obs_2catTalents:region2useEurope                                                                    0.11           2.24 ***
                                                                                                                       (0.40)         (0.54)   
International: ctrl_obs_2catTalents:region2useOceania                                                                  -0.22           2.24 ***
                                                                                                                       (0.44)         (0.62)   
International: ctrl_obs_2catTalents:region2useUSA                                                                      -0.26           1.77 ** 
                                                                                                                       (0.41)         (0.56)   
International: ctrl_obs_2catTalents:region2useZAF                                                                       0.66           1.94    
                                                                                                                       (0.71)         (1.13)   
Both: genderMale:region2useAmericas                                                                                                   -5.96 ***
                                                                                                                                      (0.89)   
Both: genderUnknown:region2useAmericas                                                                                                -8.04 ***
                                                                                                                                      (1.26)   
Both: genderMale:region2useAsia                                                                                                       -6.92 ***
                                                                                                                                      (0.84)   
Both: genderUnknown:region2useAsia                                                                                                    -9.24 ***
                                                                                                                                      (1.14)   
Both: genderMale:region2useBRA                                                                                                        -6.96 ***
                                                                                                                                      (1.00)   
Both: genderUnknown:region2useBRA                                                                                                    -34.36 ***
                                                                                                                                      (0.00)   
Both: genderMale:region2useCHN                                                                                                        -6.51 ***
                                                                                                                                      (0.85)   
Both: genderUnknown:region2useCHN                                                                                                     -9.27 ***
                                                                                                                                      (1.15)   
Both: genderMale:region2useEurope                                                                                                     -6.57 ***
                                                                                                                                      (0.83)   
Both: genderUnknown:region2useEurope                                                                                                  -8.48 ***
                                                                                                                                      (1.15)   
Both: genderMale:region2useOceania                                                                                                    -6.00 ***
                                                                                                                                      (0.88)   
Both: genderUnknown:region2useOceania                                                                                                 -8.60 ***
                                                                                                                                      (1.32)   
Both: genderMale:region2useUSA                                                                                                        -6.74 ***
                                                                                                                                      (0.84)   
Both: genderUnknown:region2useUSA                                                                                                     -8.56 ***
                                                                                                                                      (1.14)   
Both: genderMale:region2useZAF                                                                                                        -5.82 ***
                                                                                                                                      (1.44)   
Both: genderUnknown:region2useZAF                                                                                                    -35.77 ***
                                                                                                                                      (1.15)   
Both: ctrl_obs_2catTalents:genderMale:region2useAmericas                                                                               6.69 ***
                                                                                                                                      (1.06)   
Both: ctrl_obs_2catTalents:genderUnknown:region2useAmericas                                                                            8.61 ***
                                                                                                                                      (1.70)   
Both: ctrl_obs_2catTalents:genderMale:region2useAsia                                                                                   7.29 ***
                                                                                                                                      (0.97)   
Both: ctrl_obs_2catTalents:genderUnknown:region2useAsia                                                                                8.97 ***
                                                                                                                                      (1.56)   
Both: ctrl_obs_2catTalents:genderMale:region2useBRA                                                                                    6.94 ***
                                                                                                                                      (1.54)   
Both: ctrl_obs_2catTalents:genderUnknown:region2useBRA                                                                                -6.42 ***
                                                                                                                                      (0.00)   
Both: ctrl_obs_2catTalents:genderMale:region2useCHN                                                                                    6.54 ***
                                                                                                                                      (0.98)   
Both: ctrl_obs_2catTalents:genderUnknown:region2useCHN                                                                                 9.29 ***
                                                                                                                                      (1.55)   
Both: ctrl_obs_2catTalents:genderMale:region2useEurope                                                                                 6.61 ***
                                                                                                                                      (0.94)   
Both: ctrl_obs_2catTalents:genderUnknown:region2useEurope                                                                              8.12 ***
                                                                                                                                      (1.54)   
Both: ctrl_obs_2catTalents:genderMale:region2useOceania                                                                                5.97 ***
                                                                                                                                      (1.03)   
Both: ctrl_obs_2catTalents:genderUnknown:region2useOceania                                                                             9.09 ***
                                                                                                                                      (1.77)   
Both: ctrl_obs_2catTalents:genderMale:region2useUSA                                                                                    6.48 ***
                                                                                                                                      (0.95)   
Both: ctrl_obs_2catTalents:genderUnknown:region2useUSA                                                                                 8.12 ***
                                                                                                                                      (1.53)   
Both: ctrl_obs_2catTalents:genderMale:region2useZAF                                                                                    6.77 ***
                                                                                                                                      (1.88)   
Both: ctrl_obs_2catTalents:genderUnknown:region2useZAF                                                                                36.34 ***
                                                                                                                                      (1.15)   
Internal: genderMale:region2useAmericas                                                                                                1.58    
                                                                                                                                      (0.83)   
Internal: genderUnknown:region2useAmericas                                                                                            15.55 ***
                                                                                                                                      (0.76)   
Internal: genderMale:region2useAsia                                                                                                    1.61 *  
                                                                                                                                      (0.79)   
Internal: genderUnknown:region2useAsia                                                                                                15.18 ***
                                                                                                                                      (0.61)   
Internal: genderMale:region2useBRA                                                                                                     1.79 *  
                                                                                                                                      (0.86)   
Internal: genderUnknown:region2useBRA                                                                                                 16.59 ***
                                                                                                                                      (0.80)   
Internal: genderMale:region2useCHN                                                                                                     1.70 *  
                                                                                                                                      (0.80)   
Internal: genderUnknown:region2useCHN                                                                                                 15.47 ***
                                                                                                                                      (0.61)   
Internal: genderMale:region2useEurope                                                                                                  1.30    
                                                                                                                                      (0.79)   
Internal: genderUnknown:region2useEurope                                                                                              15.29 ***
                                                                                                                                      (0.62)   
Internal: genderMale:region2useOceania                                                                                                 1.80 *  
                                                                                                                                      (0.85)   
Internal: genderUnknown:region2useOceania                                                                                             15.79 ***
                                                                                                                                      (0.81)   
Internal: genderMale:region2useUSA                                                                                                     1.33    
                                                                                                                                      (0.79)   
Internal: genderUnknown:region2useUSA                                                                                                 14.99 ***
                                                                                                                                      (0.61)   
Internal: genderMale:region2useZAF                                                                                                     1.35    
                                                                                                                                      (1.56)   
Internal: genderUnknown:region2useZAF                                                                                                -15.66 ***
                                                                                                                                      (0.00)   
Internal: ctrl_obs_2catTalents:genderMale:region2useAmericas                                                                         -24.20 ***
                                                                                                                                      (0.65)   
Internal: ctrl_obs_2catTalents:genderUnknown:region2useAmericas                                                                      -39.40 ***
                                                                                                                                      (0.96)   
Internal: ctrl_obs_2catTalents:genderMale:region2useAsia                                                                             -24.54 ***
                                                                                                                                      (0.53)   
Internal: ctrl_obs_2catTalents:genderUnknown:region2useAsia                                                                          -38.94 ***
                                                                                                                                      (0.65)   
Internal: ctrl_obs_2catTalents:genderMale:region2useBRA                                                                              -24.94 ***
                                                                                                                                      (0.78)   
Internal: ctrl_obs_2catTalents:genderUnknown:region2useBRA                                                                           -40.50 ***
                                                                                                                                      (1.38)   
Internal: ctrl_obs_2catTalents:genderMale:region2useCHN                                                                              -24.89 ***
                                                                                                                                      (0.54)   
Internal: ctrl_obs_2catTalents:genderUnknown:region2useCHN                                                                           -38.98 ***
                                                                                                                                      (0.65)   
Internal: ctrl_obs_2catTalents:genderMale:region2useEurope                                                                           -24.37 ***
                                                                                                                                      (0.51)   
Internal: ctrl_obs_2catTalents:genderUnknown:region2useEurope                                                                        -38.79 ***
                                                                                                                                      (0.65)   
Internal: ctrl_obs_2catTalents:genderMale:region2useOceania                                                                          -25.27 ***
                                                                                                                                      (0.64)   
Internal: ctrl_obs_2catTalents:genderUnknown:region2useOceania                                                                       -38.96 ***
                                                                                                                                      (0.99)   
Internal: ctrl_obs_2catTalents:genderMale:region2useUSA                                                                              -24.56 ***
                                                                                                                                      (0.51)   
Internal: ctrl_obs_2catTalents:genderUnknown:region2useUSA                                                                           -38.75 ***
                                                                                                                                      (0.63)   
Internal: ctrl_obs_2catTalents:genderMale:region2useZAF                                                                               23.24 ***
                                                                                                                                      (0.61)   
Internal: ctrl_obs_2catTalents:genderUnknown:region2useZAF                                                                            -3.63 ***
                                                                                                                                      (0.00)   
International: genderMale:region2useAmericas                                                                                           1.53 ** 
                                                                                                                                      (0.56)   
International: genderUnknown:region2useAmericas                                                                                        0.58    
                                                                                                                                      (1.07)   
International: genderMale:region2useAsia                                                                                               1.24 *  
                                                                                                                                      (0.54)   
International: genderUnknown:region2useAsia                                                                                            0.16    
                                                                                                                                      (1.00)   
International: genderMale:region2useBRA                                                                                                1.78 ** 
                                                                                                                                      (0.69)   
International: genderUnknown:region2useBRA                                                                                            -0.02    
                                                                                                                                      (1.51)   
International: genderMale:region2useCHN                                                                                                1.62 ** 
                                                                                                                                      (0.55)   
International: genderUnknown:region2useCHN                                                                                             0.19    
                                                                                                                                      (1.00)   
International: genderMale:region2useEurope                                                                                             1.21 *  
                                                                                                                                      (0.53)   
International: genderUnknown:region2useEurope                                                                                          0.54    
                                                                                                                                      (0.99)   
International: genderMale:region2useOceania                                                                                            1.86 ** 
                                                                                                                                      (0.60)   
International: genderUnknown:region2useOceania                                                                                         0.82    
                                                                                                                                      (1.13)   
International: genderMale:region2useUSA                                                                                                1.04    
                                                                                                                                      (0.54)   
International: genderUnknown:region2useUSA                                                                                             0.00    
                                                                                                                                      (1.01)   
International: genderMale:region2useZAF                                                                                                1.08    
                                                                                                                                      (1.14)   
International: genderUnknown:region2useZAF                                                                                           -23.90 ***
                                                                                                                                      (0.82)   
International: ctrl_obs_2catTalents:genderMale:region2useAmericas                                                                     -2.58 ***
                                                                                                                                      (0.64)   
International: ctrl_obs_2catTalents:genderUnknown:region2useAmericas                                                                  15.14 ***
                                                                                                                                      (0.58)   
International: ctrl_obs_2catTalents:genderMale:region2useAsia                                                                         -2.51 ***
                                                                                                                                      (0.59)   
International: ctrl_obs_2catTalents:genderUnknown:region2useAsia                                                                      15.74 ***
                                                                                                                                      (0.35)   
International: ctrl_obs_2catTalents:genderMale:region2useBRA                                                                          -3.42 ***
                                                                                                                                      (0.85)   
International: ctrl_obs_2catTalents:genderUnknown:region2useBRA                                                                       16.42 ***
                                                                                                                                      (1.31)   
International: ctrl_obs_2catTalents:genderMale:region2useCHN                                                                          -2.96 ***
                                                                                                                                      (0.60)   
International: ctrl_obs_2catTalents:genderUnknown:region2useCHN                                                                       15.70 ***
                                                                                                                                      (0.37)   
International: ctrl_obs_2catTalents:genderMale:region2useEurope                                                                       -2.65 ***
                                                                                                                                      (0.56)   
International: ctrl_obs_2catTalents:genderUnknown:region2useEurope                                                                    15.48 ***
                                                                                                                                      (0.31)   
International: ctrl_obs_2catTalents:genderMale:region2useOceania                                                                      -3.12 ***
                                                                                                                                      (0.67)   
International: ctrl_obs_2catTalents:genderUnknown:region2useOceania                                                                   15.64 ***
                                                                                                                                      (0.75)   
International: ctrl_obs_2catTalents:genderMale:region2useUSA                                                                          -2.55 ***
                                                                                                                                      (0.58)   
International: ctrl_obs_2catTalents:genderUnknown:region2useUSA                                                                       15.99 ***
                                                                                                                                      (0.36)   
International: ctrl_obs_2catTalents:genderMale:region2useZAF                                                                          -1.54    
                                                                                                                                      (1.31)   
International: ctrl_obs_2catTalents:genderUnknown:region2useZAF                                                                       39.62 ***
                                                                                                                                      (0.82)   
-----------------------------------------------------------------------------------------------------------------------------------------------
AIC                                                                    71722.41       71158.44       71097.47       68623.68       68644.30    
BIC                                                                    71747.18       71232.73       71270.82       69094.18       70006.27    
Log Likelihood                                                        -35858.21      -35570.22      -35527.74      -34254.84      -34157.15    
Deviance                                                               71716.41       71140.44       71055.47       68509.68       68314.30    
Num. obs.                                                              28406          28406          28406          28406          28406       
K                                                                          4              4              4              4              4       
===============================================================================================================================================
*** p < 0.001; ** p < 0.01; * p < 0.05
